[0.158s] DEBUG:colcon:Command line arguments: ['/usr/bin/colcon', 'build']
[0.158s] DEBUG:colcon:Parsed command line arguments: Namespace(log_base=None, log_level=None, verb_name='build', build_base='build', install_base='install', merge_install=False, symlink_install=False, test_result_base=None, continue_on_error=False, executor='parallel', parallel_workers=12, event_handlers=None, ignore_user_meta=False, metas=['./colcon.meta'], base_paths=['.'], packages_ignore=None, packages_ignore_regex=None, paths=None, packages_up_to=None, packages_up_to_regex=None, packages_above=None, packages_above_and_dependencies=None, packages_above_depth=None, packages_select_by_dep=None, packages_skip_by_dep=None, packages_skip_up_to=None, packages_select_build_failed=False, packages_skip_build_finished=False, packages_select_test_failures=False, packages_skip_test_passed=False, packages_select=None, packages_skip=None, packages_select_regex=None, packages_skip_regex=None, packages_start=None, packages_end=None, allow_overriding=[], cmake_args=None, cmake_target=None, cmake_target_skip_unavailable=False, cmake_clean_cache=False, cmake_clean_first=False, cmake_force_configure=False, ament_cmake_args=None, catkin_cmake_args=None, catkin_skip_building_tests=False, mixin_files=None, mixin=None, verb_parser=<colcon_mixin.mixin.mixin_argument.MixinArgumentDecorator object at 0x729f32b4f310>, verb_extension=<colcon_core.verb.build.BuildVerb object at 0x729f32cf81c0>, main=<bound method BuildVerb.main of <colcon_core.verb.build.BuildVerb object at 0x729f32cf81c0>>, mixin_verb=('build',))
[0.213s] Level 1:colcon.colcon_core.package_discovery:discover_packages(colcon_meta) check parameters
[0.214s] Level 1:colcon.colcon_core.package_discovery:discover_packages(recursive) check parameters
[0.214s] Level 1:colcon.colcon_core.package_discovery:discover_packages(ignore) check parameters
[0.214s] Level 1:colcon.colcon_core.package_discovery:discover_packages(path) check parameters
[0.214s] Level 1:colcon.colcon_core.package_discovery:discover_packages(colcon_meta) discover
[0.214s] Level 1:colcon.colcon_core.package_discovery:discover_packages(recursive) discover
[0.214s] INFO:colcon.colcon_core.package_discovery:Crawling recursively for packages in '/home/lucifer/ros2_ws'
[0.214s] Level 1:colcon.colcon_core.package_identification:_identify(.) by extensions ['ignore', 'ignore_ament_install']
[0.214s] Level 1:colcon.colcon_core.package_identification:_identify(.) by extension 'ignore'
[0.214s] Level 1:colcon.colcon_core.package_identification:_identify(.) by extension 'ignore_ament_install'
[0.214s] Level 1:colcon.colcon_core.package_identification:_identify(.) by extensions ['colcon_pkg']
[0.214s] Level 1:colcon.colcon_core.package_identification:_identify(.) by extension 'colcon_pkg'
[0.215s] Level 1:colcon.colcon_core.package_identification:_identify(.) by extensions ['colcon_meta']
[0.215s] Level 1:colcon.colcon_core.package_identification:_identify(.) by extension 'colcon_meta'
[0.215s] Level 1:colcon.colcon_core.package_identification:_identify(.) by extensions ['ros']
[0.215s] Level 1:colcon.colcon_core.package_identification:_identify(.) by extension 'ros'
[0.236s] Level 1:colcon.colcon_core.package_identification:_identify(.) by extensions ['cmake', 'python']
[0.236s] Level 1:colcon.colcon_core.package_identification:_identify(.) by extension 'cmake'
[0.236s] Level 1:colcon.colcon_core.package_identification:_identify(.) by extension 'python'
[0.236s] Level 1:colcon.colcon_core.package_identification:_identify(.) by extensions ['python_setup_py']
[0.236s] Level 1:colcon.colcon_core.package_identification:_identify(.) by extension 'python_setup_py'
[0.237s] Level 1:colcon.colcon_core.package_identification:_identify(build) by extensions ['ignore', 'ignore_ament_install']
[0.237s] Level 1:colcon.colcon_core.package_identification:_identify(build) by extension 'ignore'
[0.237s] Level 1:colcon.colcon_core.package_identification:_identify(build) ignored
[0.237s] Level 1:colcon.colcon_core.package_identification:_identify(install) by extensions ['ignore', 'ignore_ament_install']
[0.237s] Level 1:colcon.colcon_core.package_identification:_identify(install) by extension 'ignore'
[0.237s] Level 1:colcon.colcon_core.package_identification:_identify(install) ignored
[0.238s] Level 1:colcon.colcon_core.package_identification:_identify(log) by extensions ['ignore', 'ignore_ament_install']
[0.238s] Level 1:colcon.colcon_core.package_identification:_identify(log) by extension 'ignore'
[0.238s] Level 1:colcon.colcon_core.package_identification:_identify(log) ignored
[0.238s] Level 1:colcon.colcon_core.package_identification:_identify(rosbag) by extensions ['ignore', 'ignore_ament_install']
[0.238s] Level 1:colcon.colcon_core.package_identification:_identify(rosbag) by extension 'ignore'
[0.238s] Level 1:colcon.colcon_core.package_identification:_identify(rosbag) by extension 'ignore_ament_install'
[0.238s] Level 1:colcon.colcon_core.package_identification:_identify(rosbag) by extensions ['colcon_pkg']
[0.238s] Level 1:colcon.colcon_core.package_identification:_identify(rosbag) by extension 'colcon_pkg'
[0.238s] Level 1:colcon.colcon_core.package_identification:_identify(rosbag) by extensions ['colcon_meta']
[0.238s] Level 1:colcon.colcon_core.package_identification:_identify(rosbag) by extension 'colcon_meta'
[0.238s] Level 1:colcon.colcon_core.package_identification:_identify(rosbag) by extensions ['ros']
[0.238s] Level 1:colcon.colcon_core.package_identification:_identify(rosbag) by extension 'ros'
[0.238s] Level 1:colcon.colcon_core.package_identification:_identify(rosbag) by extensions ['cmake', 'python']
[0.239s] Level 1:colcon.colcon_core.package_identification:_identify(rosbag) by extension 'cmake'
[0.239s] Level 1:colcon.colcon_core.package_identification:_identify(rosbag) by extension 'python'
[0.239s] Level 1:colcon.colcon_core.package_identification:_identify(rosbag) by extensions ['python_setup_py']
[0.239s] Level 1:colcon.colcon_core.package_identification:_identify(rosbag) by extension 'python_setup_py'
[0.239s] Level 1:colcon.colcon_core.package_identification:_identify(rosbag/rosbag2_Task1) by extensions ['ignore', 'ignore_ament_install']
[0.239s] Level 1:colcon.colcon_core.package_identification:_identify(rosbag/rosbag2_Task1) by extension 'ignore'
[0.239s] Level 1:colcon.colcon_core.package_identification:_identify(rosbag/rosbag2_Task1) by extension 'ignore_ament_install'
[0.239s] Level 1:colcon.colcon_core.package_identification:_identify(rosbag/rosbag2_Task1) by extensions ['colcon_pkg']
[0.239s] Level 1:colcon.colcon_core.package_identification:_identify(rosbag/rosbag2_Task1) by extension 'colcon_pkg'
[0.239s] Level 1:colcon.colcon_core.package_identification:_identify(rosbag/rosbag2_Task1) by extensions ['colcon_meta']
[0.239s] Level 1:colcon.colcon_core.package_identification:_identify(rosbag/rosbag2_Task1) by extension 'colcon_meta'
[0.239s] Level 1:colcon.colcon_core.package_identification:_identify(rosbag/rosbag2_Task1) by extensions ['ros']
[0.239s] Level 1:colcon.colcon_core.package_identification:_identify(rosbag/rosbag2_Task1) by extension 'ros'
[0.239s] Level 1:colcon.colcon_core.package_identification:_identify(rosbag/rosbag2_Task1) by extensions ['cmake', 'python']
[0.239s] Level 1:colcon.colcon_core.package_identification:_identify(rosbag/rosbag2_Task1) by extension 'cmake'
[0.240s] Level 1:colcon.colcon_core.package_identification:_identify(rosbag/rosbag2_Task1) by extension 'python'
[0.240s] Level 1:colcon.colcon_core.package_identification:_identify(rosbag/rosbag2_Task1) by extensions ['python_setup_py']
[0.240s] Level 1:colcon.colcon_core.package_identification:_identify(rosbag/rosbag2_Task1) by extension 'python_setup_py'
[0.240s] Level 1:colcon.colcon_core.package_identification:_identify(src) by extensions ['ignore', 'ignore_ament_install']
[0.240s] Level 1:colcon.colcon_core.package_identification:_identify(src) by extension 'ignore'
[0.240s] Level 1:colcon.colcon_core.package_identification:_identify(src) by extension 'ignore_ament_install'
[0.240s] Level 1:colcon.colcon_core.package_identification:_identify(src) by extensions ['colcon_pkg']
[0.240s] Level 1:colcon.colcon_core.package_identification:_identify(src) by extension 'colcon_pkg'
[0.240s] Level 1:colcon.colcon_core.package_identification:_identify(src) by extensions ['colcon_meta']
[0.240s] Level 1:colcon.colcon_core.package_identification:_identify(src) by extension 'colcon_meta'
[0.240s] Level 1:colcon.colcon_core.package_identification:_identify(src) by extensions ['ros']
[0.240s] Level 1:colcon.colcon_core.package_identification:_identify(src) by extension 'ros'
[0.240s] Level 1:colcon.colcon_core.package_identification:_identify(src) by extensions ['cmake', 'python']
[0.240s] Level 1:colcon.colcon_core.package_identification:_identify(src) by extension 'cmake'
[0.240s] Level 1:colcon.colcon_core.package_identification:_identify(src) by extension 'python'
[0.241s] Level 1:colcon.colcon_core.package_identification:_identify(src) by extensions ['python_setup_py']
[0.241s] Level 1:colcon.colcon_core.package_identification:_identify(src) by extension 'python_setup_py'
[0.241s] Level 1:colcon.colcon_core.package_identification:_identify(src/task_1) by extensions ['ignore', 'ignore_ament_install']
[0.241s] Level 1:colcon.colcon_core.package_identification:_identify(src/task_1) by extension 'ignore'
[0.241s] Level 1:colcon.colcon_core.package_identification:_identify(src/task_1) by extension 'ignore_ament_install'
[0.241s] Level 1:colcon.colcon_core.package_identification:_identify(src/task_1) by extensions ['colcon_pkg']
[0.241s] Level 1:colcon.colcon_core.package_identification:_identify(src/task_1) by extension 'colcon_pkg'
[0.241s] Level 1:colcon.colcon_core.package_identification:_identify(src/task_1) by extensions ['colcon_meta']
[0.241s] Level 1:colcon.colcon_core.package_identification:_identify(src/task_1) by extension 'colcon_meta'
[0.241s] Level 1:colcon.colcon_core.package_identification:_identify(src/task_1) by extensions ['ros']
[0.241s] Level 1:colcon.colcon_core.package_identification:_identify(src/task_1) by extension 'ros'
[0.244s] DEBUG:colcon.colcon_core.package_identification:Package 'src/task_1' with type 'ros.ament_python' and name 'task_1'
[0.245s] Level 1:colcon.colcon_core.package_identification:_identify(src/task_2) by extensions ['ignore', 'ignore_ament_install']
[0.245s] Level 1:colcon.colcon_core.package_identification:_identify(src/task_2) by extension 'ignore'
[0.245s] Level 1:colcon.colcon_core.package_identification:_identify(src/task_2) by extension 'ignore_ament_install'
[0.245s] Level 1:colcon.colcon_core.package_identification:_identify(src/task_2) by extensions ['colcon_pkg']
[0.245s] Level 1:colcon.colcon_core.package_identification:_identify(src/task_2) by extension 'colcon_pkg'
[0.245s] Level 1:colcon.colcon_core.package_identification:_identify(src/task_2) by extensions ['colcon_meta']
[0.245s] Level 1:colcon.colcon_core.package_identification:_identify(src/task_2) by extension 'colcon_meta'
[0.245s] Level 1:colcon.colcon_core.package_identification:_identify(src/task_2) by extensions ['ros']
[0.245s] Level 1:colcon.colcon_core.package_identification:_identify(src/task_2) by extension 'ros'
[0.246s] DEBUG:colcon.colcon_core.package_identification:Package 'src/task_2' with type 'ros.ament_python' and name 'task_2'
[0.247s] Level 1:colcon.colcon_core.package_identification:_identify(src/task_2_interface) by extensions ['ignore', 'ignore_ament_install']
[0.247s] Level 1:colcon.colcon_core.package_identification:_identify(src/task_2_interface) by extension 'ignore'
[0.247s] Level 1:colcon.colcon_core.package_identification:_identify(src/task_2_interface) by extension 'ignore_ament_install'
[0.247s] Level 1:colcon.colcon_core.package_identification:_identify(src/task_2_interface) by extensions ['colcon_pkg']
[0.247s] Level 1:colcon.colcon_core.package_identification:_identify(src/task_2_interface) by extension 'colcon_pkg'
[0.247s] Level 1:colcon.colcon_core.package_identification:_identify(src/task_2_interface) by extensions ['colcon_meta']
[0.247s] Level 1:colcon.colcon_core.package_identification:_identify(src/task_2_interface) by extension 'colcon_meta'
[0.247s] Level 1:colcon.colcon_core.package_identification:_identify(src/task_2_interface) by extensions ['ros']
[0.247s] Level 1:colcon.colcon_core.package_identification:_identify(src/task_2_interface) by extension 'ros'
[0.248s] DEBUG:colcon.colcon_core.package_identification:Package 'src/task_2_interface' with type 'ros.ament_cmake' and name 'task_2_interface'
[0.249s] Level 1:colcon.colcon_core.package_discovery:discover_packages(recursive) using defaults
[0.249s] Level 1:colcon.colcon_core.package_discovery:discover_packages(ignore) discover
[0.249s] Level 1:colcon.colcon_core.package_discovery:discover_packages(ignore) using defaults
[0.249s] Level 1:colcon.colcon_core.package_discovery:discover_packages(path) discover
[0.249s] Level 1:colcon.colcon_core.package_discovery:discover_packages(path) using defaults
[0.278s] Level 1:colcon.colcon_core.package_discovery:discover_packages(prefix_path) check parameters
[0.278s] Level 1:colcon.colcon_core.package_discovery:discover_packages(prefix_path) discover
[0.282s] DEBUG:colcon.colcon_installed_package_information.package_discovery:Found 3 installed packages in /home/lucifer/ros2_ws/install
[0.285s] DEBUG:colcon.colcon_installed_package_information.package_discovery:Found 348 installed packages in /opt/ros/humble
[0.287s] Level 1:colcon.colcon_core.package_discovery:discover_packages(prefix_path) using defaults
[0.351s] Level 5:colcon.colcon_core.verb:set package 'task_1' build argument 'cmake_args' from command line to 'None'
[0.351s] Level 5:colcon.colcon_core.verb:set package 'task_1' build argument 'cmake_target' from command line to 'None'
[0.351s] Level 5:colcon.colcon_core.verb:set package 'task_1' build argument 'cmake_target_skip_unavailable' from command line to 'False'
[0.351s] Level 5:colcon.colcon_core.verb:set package 'task_1' build argument 'cmake_clean_cache' from command line to 'False'
[0.351s] Level 5:colcon.colcon_core.verb:set package 'task_1' build argument 'cmake_clean_first' from command line to 'False'
[0.351s] Level 5:colcon.colcon_core.verb:set package 'task_1' build argument 'cmake_force_configure' from command line to 'False'
[0.351s] Level 5:colcon.colcon_core.verb:set package 'task_1' build argument 'ament_cmake_args' from command line to 'None'
[0.351s] Level 5:colcon.colcon_core.verb:set package 'task_1' build argument 'catkin_cmake_args' from command line to 'None'
[0.351s] Level 5:colcon.colcon_core.verb:set package 'task_1' build argument 'catkin_skip_building_tests' from command line to 'False'
[0.351s] DEBUG:colcon.colcon_core.verb:Building package 'task_1' with the following arguments: {'ament_cmake_args': None, 'build_base': '/home/lucifer/ros2_ws/build/task_1', 'catkin_cmake_args': None, 'catkin_skip_building_tests': False, 'cmake_args': None, 'cmake_clean_cache': False, 'cmake_clean_first': False, 'cmake_force_configure': False, 'cmake_target': None, 'cmake_target_skip_unavailable': False, 'install_base': '/home/lucifer/ros2_ws/install/task_1', 'merge_install': False, 'path': '/home/lucifer/ros2_ws/src/task_1', 'symlink_install': False, 'test_result_base': None}
[0.352s] Level 5:colcon.colcon_core.verb:set package 'task_2_interface' build argument 'cmake_args' from command line to 'None'
[0.352s] Level 5:colcon.colcon_core.verb:set package 'task_2_interface' build argument 'cmake_target' from command line to 'None'
[0.352s] Level 5:colcon.colcon_core.verb:set package 'task_2_interface' build argument 'cmake_target_skip_unavailable' from command line to 'False'
[0.352s] Level 5:colcon.colcon_core.verb:set package 'task_2_interface' build argument 'cmake_clean_cache' from command line to 'False'
[0.352s] Level 5:colcon.colcon_core.verb:set package 'task_2_interface' build argument 'cmake_clean_first' from command line to 'False'
[0.352s] Level 5:colcon.colcon_core.verb:set package 'task_2_interface' build argument 'cmake_force_configure' from command line to 'False'
[0.352s] Level 5:colcon.colcon_core.verb:set package 'task_2_interface' build argument 'ament_cmake_args' from command line to 'None'
[0.352s] Level 5:colcon.colcon_core.verb:set package 'task_2_interface' build argument 'catkin_cmake_args' from command line to 'None'
[0.352s] Level 5:colcon.colcon_core.verb:set package 'task_2_interface' build argument 'catkin_skip_building_tests' from command line to 'False'
[0.352s] DEBUG:colcon.colcon_core.verb:Building package 'task_2_interface' with the following arguments: {'ament_cmake_args': None, 'build_base': '/home/lucifer/ros2_ws/build/task_2_interface', 'catkin_cmake_args': None, 'catkin_skip_building_tests': False, 'cmake_args': None, 'cmake_clean_cache': False, 'cmake_clean_first': False, 'cmake_force_configure': False, 'cmake_target': None, 'cmake_target_skip_unavailable': False, 'install_base': '/home/lucifer/ros2_ws/install/task_2_interface', 'merge_install': False, 'path': '/home/lucifer/ros2_ws/src/task_2_interface', 'symlink_install': False, 'test_result_base': None}
[0.353s] Level 5:colcon.colcon_core.verb:set package 'task_2' build argument 'cmake_args' from command line to 'None'
[0.353s] Level 5:colcon.colcon_core.verb:set package 'task_2' build argument 'cmake_target' from command line to 'None'
[0.353s] Level 5:colcon.colcon_core.verb:set package 'task_2' build argument 'cmake_target_skip_unavailable' from command line to 'False'
[0.353s] Level 5:colcon.colcon_core.verb:set package 'task_2' build argument 'cmake_clean_cache' from command line to 'False'
[0.353s] Level 5:colcon.colcon_core.verb:set package 'task_2' build argument 'cmake_clean_first' from command line to 'False'
[0.353s] Level 5:colcon.colcon_core.verb:set package 'task_2' build argument 'cmake_force_configure' from command line to 'False'
[0.353s] Level 5:colcon.colcon_core.verb:set package 'task_2' build argument 'ament_cmake_args' from command line to 'None'
[0.353s] Level 5:colcon.colcon_core.verb:set package 'task_2' build argument 'catkin_cmake_args' from command line to 'None'
[0.353s] Level 5:colcon.colcon_core.verb:set package 'task_2' build argument 'catkin_skip_building_tests' from command line to 'False'
[0.353s] DEBUG:colcon.colcon_core.verb:Building package 'task_2' with the following arguments: {'ament_cmake_args': None, 'build_base': '/home/lucifer/ros2_ws/build/task_2', 'catkin_cmake_args': None, 'catkin_skip_building_tests': False, 'cmake_args': None, 'cmake_clean_cache': False, 'cmake_clean_first': False, 'cmake_force_configure': False, 'cmake_target': None, 'cmake_target_skip_unavailable': False, 'install_base': '/home/lucifer/ros2_ws/install/task_2', 'merge_install': False, 'path': '/home/lucifer/ros2_ws/src/task_2', 'symlink_install': False, 'test_result_base': None}
[0.353s] INFO:colcon.colcon_core.executor:Executing jobs using 'parallel' executor
[0.355s] DEBUG:colcon.colcon_parallel_executor.executor.parallel:run_until_complete
[0.355s] INFO:colcon.colcon_ros.task.ament_cmake.build:Building ROS package in '/home/lucifer/ros2_ws/src/task_2_interface' with build type 'ament_cmake'
[0.355s] INFO:colcon.colcon_cmake.task.cmake.build:Building CMake package in '/home/lucifer/ros2_ws/src/task_2_interface'
[0.358s] INFO:colcon.colcon_core.plugin_system:Skipping extension 'colcon_core.shell.bat': Not used on non-Windows systems
[0.359s] INFO:colcon.colcon_core.shell:Skip shell extension 'powershell' for command environment: Not usable outside of PowerShell
[0.359s] DEBUG:colcon.colcon_core.shell:Skip shell extension 'dsv' for command environment
[0.364s] INFO:colcon.colcon_ros.task.ament_python.build:Building ROS package in '/home/lucifer/ros2_ws/src/task_1' with build type 'ament_python'
[0.365s] Level 1:colcon.colcon_core.shell:create_environment_hook('task_1', 'ament_prefix_path')
[0.365s] INFO:colcon.colcon_core.shell:Creating environment hook '/home/lucifer/ros2_ws/install/task_1/share/task_1/hook/ament_prefix_path.ps1'
[0.366s] INFO:colcon.colcon_core.shell:Creating environment descriptor '/home/lucifer/ros2_ws/install/task_1/share/task_1/hook/ament_prefix_path.dsv'
[0.367s] INFO:colcon.colcon_core.shell:Creating environment hook '/home/lucifer/ros2_ws/install/task_1/share/task_1/hook/ament_prefix_path.sh'
[0.368s] INFO:colcon.colcon_core.shell:Skip shell extension 'powershell' for command environment: Not usable outside of PowerShell
[0.368s] DEBUG:colcon.colcon_core.shell:Skip shell extension 'dsv' for command environment
[0.381s] DEBUG:colcon.colcon_core.event_handler.log_command:Invoking command in '/home/lucifer/ros2_ws/build/task_2_interface': CMAKE_PREFIX_PATH=/home/lucifer/ros2_ws/install/task_1:/opt/ros/humble /usr/bin/cmake --build /home/lucifer/ros2_ws/build/task_2_interface -- -j12 -l12
[0.784s] INFO:colcon.colcon_core.task.python.build:Building Python package in '/home/lucifer/ros2_ws/src/task_1'
[0.784s] INFO:colcon.colcon_core.shell:Skip shell extension 'powershell' for command environment: Not usable outside of PowerShell
[0.784s] DEBUG:colcon.colcon_core.shell:Skip shell extension 'dsv' for command environment
[1.073s] DEBUG:colcon.colcon_core.event_handler.log_command:Invoked command in '/home/lucifer/ros2_ws/build/task_2_interface' returned '0': CMAKE_PREFIX_PATH=/home/lucifer/ros2_ws/install/task_1:/opt/ros/humble /usr/bin/cmake --build /home/lucifer/ros2_ws/build/task_2_interface -- -j12 -l12
[1.289s] DEBUG:colcon.colcon_core.event_handler.log_command:Invoking command in '/home/lucifer/ros2_ws/build/task_2_interface': CMAKE_PREFIX_PATH=/home/lucifer/ros2_ws/install/task_1:/opt/ros/humble /usr/bin/cmake --install /home/lucifer/ros2_ws/build/task_2_interface
[1.420s] Level 1:colcon.colcon_core.environment:create_environment_scripts_only(task_2_interface)
[1.421s] DEBUG:colcon.colcon_core.event_handler.log_command:Invoked command in '/home/lucifer/ros2_ws/build/task_2_interface' returned '0': CMAKE_PREFIX_PATH=/home/lucifer/ros2_ws/install/task_1:/opt/ros/humble /usr/bin/cmake --install /home/lucifer/ros2_ws/build/task_2_interface
[1.424s] Level 1:colcon.colcon_core.environment:checking '/home/lucifer/ros2_ws/install/task_2_interface' for CMake module files
[1.425s] Level 1:colcon.colcon_core.environment:checking '/home/lucifer/ros2_ws/install/task_2_interface' for CMake config files
[1.426s] Level 1:colcon.colcon_core.shell:create_environment_hook('task_2_interface', 'cmake_prefix_path')
[1.426s] INFO:colcon.colcon_core.shell:Creating environment hook '/home/lucifer/ros2_ws/install/task_2_interface/share/task_2_interface/hook/cmake_prefix_path.ps1'
[1.427s] INFO:colcon.colcon_core.shell:Creating environment descriptor '/home/lucifer/ros2_ws/install/task_2_interface/share/task_2_interface/hook/cmake_prefix_path.dsv'
[1.427s] INFO:colcon.colcon_core.shell:Creating environment hook '/home/lucifer/ros2_ws/install/task_2_interface/share/task_2_interface/hook/cmake_prefix_path.sh'
[1.428s] Level 1:colcon.colcon_core.environment:checking '/home/lucifer/ros2_ws/install/task_2_interface/lib'
[1.428s] Level 1:colcon.colcon_core.shell:create_environment_hook('task_2_interface', 'ld_library_path_lib')
[1.429s] INFO:colcon.colcon_core.shell:Creating environment hook '/home/lucifer/ros2_ws/install/task_2_interface/share/task_2_interface/hook/ld_library_path_lib.ps1'
[1.429s] INFO:colcon.colcon_core.shell:Creating environment descriptor '/home/lucifer/ros2_ws/install/task_2_interface/share/task_2_interface/hook/ld_library_path_lib.dsv'
[1.430s] INFO:colcon.colcon_core.shell:Creating environment hook '/home/lucifer/ros2_ws/install/task_2_interface/share/task_2_interface/hook/ld_library_path_lib.sh'
[1.430s] Level 1:colcon.colcon_core.environment:checking '/home/lucifer/ros2_ws/install/task_2_interface/bin'
[1.430s] Level 1:colcon.colcon_core.environment:checking '/home/lucifer/ros2_ws/install/task_2_interface/lib/pkgconfig/task_2_interface.pc'
[1.430s] Level 1:colcon.colcon_core.environment:checking '/home/lucifer/ros2_ws/install/task_2_interface/lib/python3.10/site-packages'
[1.431s] Level 1:colcon.colcon_core.environment:checking '/home/lucifer/ros2_ws/install/task_2_interface/bin'
[1.431s] INFO:colcon.colcon_core.shell:Creating package script '/home/lucifer/ros2_ws/install/task_2_interface/share/task_2_interface/package.ps1'
[1.432s] INFO:colcon.colcon_core.shell:Creating package descriptor '/home/lucifer/ros2_ws/install/task_2_interface/share/task_2_interface/package.dsv'
[1.433s] INFO:colcon.colcon_core.shell:Creating package script '/home/lucifer/ros2_ws/install/task_2_interface/share/task_2_interface/package.sh'
[1.434s] INFO:colcon.colcon_core.shell:Creating package script '/home/lucifer/ros2_ws/install/task_2_interface/share/task_2_interface/package.bash'
[1.435s] INFO:colcon.colcon_core.shell:Creating package script '/home/lucifer/ros2_ws/install/task_2_interface/share/task_2_interface/package.zsh'
[1.436s] Level 1:colcon.colcon_core.environment:create_file_with_runtime_dependencies(/home/lucifer/ros2_ws/install/task_2_interface/share/colcon-core/packages/task_2_interface)
[1.587s] Level 1:colcon.colcon_core.environment:create_environment_scripts_only(task_2_interface)
[1.587s] Level 1:colcon.colcon_core.environment:checking '/home/lucifer/ros2_ws/install/task_2_interface' for CMake module files
[1.588s] Level 1:colcon.colcon_core.environment:checking '/home/lucifer/ros2_ws/install/task_2_interface' for CMake config files
[1.590s] Level 1:colcon.colcon_core.shell:create_environment_hook('task_2_interface', 'cmake_prefix_path')
[1.591s] INFO:colcon.colcon_core.shell:Creating environment hook '/home/lucifer/ros2_ws/install/task_2_interface/share/task_2_interface/hook/cmake_prefix_path.ps1'
[1.591s] INFO:colcon.colcon_core.shell:Creating environment descriptor '/home/lucifer/ros2_ws/install/task_2_interface/share/task_2_interface/hook/cmake_prefix_path.dsv'
[1.592s] INFO:colcon.colcon_core.shell:Creating environment hook '/home/lucifer/ros2_ws/install/task_2_interface/share/task_2_interface/hook/cmake_prefix_path.sh'
[1.593s] Level 1:colcon.colcon_core.environment:checking '/home/lucifer/ros2_ws/install/task_2_interface/lib'
[1.593s] Level 1:colcon.colcon_core.shell:create_environment_hook('task_2_interface', 'ld_library_path_lib')
[1.594s] INFO:colcon.colcon_core.shell:Creating environment hook '/home/lucifer/ros2_ws/install/task_2_interface/share/task_2_interface/hook/ld_library_path_lib.ps1'
[1.594s] INFO:colcon.colcon_core.shell:Creating environment descriptor '/home/lucifer/ros2_ws/install/task_2_interface/share/task_2_interface/hook/ld_library_path_lib.dsv'
[1.595s] INFO:colcon.colcon_core.shell:Creating environment hook '/home/lucifer/ros2_ws/install/task_2_interface/share/task_2_interface/hook/ld_library_path_lib.sh'
[1.596s] Level 1:colcon.colcon_core.environment:checking '/home/lucifer/ros2_ws/install/task_2_interface/bin'
[1.596s] Level 1:colcon.colcon_core.environment:checking '/home/lucifer/ros2_ws/install/task_2_interface/lib/pkgconfig/task_2_interface.pc'
[1.596s] Level 1:colcon.colcon_core.environment:checking '/home/lucifer/ros2_ws/install/task_2_interface/lib/python3.10/site-packages'
[1.597s] Level 1:colcon.colcon_core.environment:checking '/home/lucifer/ros2_ws/install/task_2_interface/bin'
[1.597s] INFO:colcon.colcon_core.shell:Creating package script '/home/lucifer/ros2_ws/install/task_2_interface/share/task_2_interface/package.ps1'
[1.598s] INFO:colcon.colcon_core.shell:Creating package descriptor '/home/lucifer/ros2_ws/install/task_2_interface/share/task_2_interface/package.dsv'
[1.599s] INFO:colcon.colcon_core.shell:Creating package script '/home/lucifer/ros2_ws/install/task_2_interface/share/task_2_interface/package.sh'
[1.600s] INFO:colcon.colcon_core.shell:Creating package script '/home/lucifer/ros2_ws/install/task_2_interface/share/task_2_interface/package.bash'
[1.601s] INFO:colcon.colcon_core.shell:Creating package script '/home/lucifer/ros2_ws/install/task_2_interface/share/task_2_interface/package.zsh'
[1.602s] Level 1:colcon.colcon_core.environment:create_file_with_runtime_dependencies(/home/lucifer/ros2_ws/install/task_2_interface/share/colcon-core/packages/task_2_interface)
[1.602s] INFO:colcon.colcon_ros.task.ament_python.build:Building ROS package in '/home/lucifer/ros2_ws/src/task_2' with build type 'ament_python'
[1.602s] Level 1:colcon.colcon_core.shell:create_environment_hook('task_2', 'ament_prefix_path')
[1.603s] INFO:colcon.colcon_core.shell:Creating environment hook '/home/lucifer/ros2_ws/install/task_2/share/task_2/hook/ament_prefix_path.ps1'
[1.604s] INFO:colcon.colcon_core.shell:Creating environment descriptor '/home/lucifer/ros2_ws/install/task_2/share/task_2/hook/ament_prefix_path.dsv'
[1.605s] INFO:colcon.colcon_core.shell:Creating environment hook '/home/lucifer/ros2_ws/install/task_2/share/task_2/hook/ament_prefix_path.sh'
[1.605s] INFO:colcon.colcon_core.shell:Skip shell extension 'powershell' for command environment: Not usable outside of PowerShell
[1.605s] DEBUG:colcon.colcon_core.shell:Skip shell extension 'dsv' for command environment
[1.927s] INFO:colcon.colcon_core.task.python.build:Building Python package in '/home/lucifer/ros2_ws/src/task_2'
[1.928s] INFO:colcon.colcon_core.shell:Skip shell extension 'powershell' for command environment: Not usable outside of PowerShell
[1.928s] DEBUG:colcon.colcon_core.shell:Skip shell extension 'dsv' for command environment
[1.941s] DEBUG:colcon.colcon_core.event_handler.log_command:Invoking command in '/home/lucifer/ros2_ws/src/task_1': PYTHONPATH=/home/lucifer/ros2_ws/build/task_1/prefix_override:/usr/lib/python3/dist-packages/colcon_core/task/python/colcon_distutils_commands:/home/lucifer/ros2_ws/install/task_1/lib/python3.10/site-packages:${PYTHONPATH} /usr/bin/python3 -W ignore:setup.py install is deprecated setup.py egg_info --egg-base ../../build/task_1 build --build-base /home/lucifer/ros2_ws/build/task_1/build install --record /home/lucifer/ros2_ws/build/task_1/install.log --single-version-externally-managed install_data
[2.725s] Level 1:colcon.colcon_core.environment:checking '/home/lucifer/ros2_ws/install/task_1' for CMake module files
[2.726s] DEBUG:colcon.colcon_core.event_handler.log_command:Invoked command in '/home/lucifer/ros2_ws/src/task_1' returned '0': PYTHONPATH=/home/lucifer/ros2_ws/build/task_1/prefix_override:/usr/lib/python3/dist-packages/colcon_core/task/python/colcon_distutils_commands:/home/lucifer/ros2_ws/install/task_1/lib/python3.10/site-packages:${PYTHONPATH} /usr/bin/python3 -W ignore:setup.py install is deprecated setup.py egg_info --egg-base ../../build/task_1 build --build-base /home/lucifer/ros2_ws/build/task_1/build install --record /home/lucifer/ros2_ws/build/task_1/install.log --single-version-externally-managed install_data
[2.726s] Level 1:colcon.colcon_core.environment:checking '/home/lucifer/ros2_ws/install/task_1' for CMake config files
[2.728s] Level 1:colcon.colcon_core.environment:checking '/home/lucifer/ros2_ws/install/task_1/lib'
[2.728s] Level 1:colcon.colcon_core.environment:checking '/home/lucifer/ros2_ws/install/task_1/bin'
[2.728s] Level 1:colcon.colcon_core.environment:checking '/home/lucifer/ros2_ws/install/task_1/lib/pkgconfig/task_1.pc'
[2.728s] Level 1:colcon.colcon_core.environment:checking '/home/lucifer/ros2_ws/install/task_1/lib/python3.10/site-packages'
[2.728s] Level 1:colcon.colcon_core.shell:create_environment_hook('task_1', 'pythonpath')
[2.729s] INFO:colcon.colcon_core.shell:Creating environment hook '/home/lucifer/ros2_ws/install/task_1/share/task_1/hook/pythonpath.ps1'
[2.730s] INFO:colcon.colcon_core.shell:Creating environment descriptor '/home/lucifer/ros2_ws/install/task_1/share/task_1/hook/pythonpath.dsv'
[2.731s] INFO:colcon.colcon_core.shell:Creating environment hook '/home/lucifer/ros2_ws/install/task_1/share/task_1/hook/pythonpath.sh'
[2.732s] Level 1:colcon.colcon_core.environment:checking '/home/lucifer/ros2_ws/install/task_1/bin'
[2.732s] Level 1:colcon.colcon_core.environment:create_environment_scripts_only(task_1)
[2.732s] INFO:colcon.colcon_core.shell:Creating package script '/home/lucifer/ros2_ws/install/task_1/share/task_1/package.ps1'
[2.733s] INFO:colcon.colcon_core.shell:Creating package descriptor '/home/lucifer/ros2_ws/install/task_1/share/task_1/package.dsv'
[2.734s] INFO:colcon.colcon_core.shell:Creating package script '/home/lucifer/ros2_ws/install/task_1/share/task_1/package.sh'
[2.735s] INFO:colcon.colcon_core.shell:Creating package script '/home/lucifer/ros2_ws/install/task_1/share/task_1/package.bash'
[2.736s] INFO:colcon.colcon_core.shell:Creating package script '/home/lucifer/ros2_ws/install/task_1/share/task_1/package.zsh'
[2.737s] Level 1:colcon.colcon_core.environment:create_file_with_runtime_dependencies(/home/lucifer/ros2_ws/install/task_1/share/colcon-core/packages/task_1)
[2.854s] DEBUG:colcon.colcon_core.event_handler.log_command:Invoking command in '/home/lucifer/ros2_ws/src/task_2': AMENT_PREFIX_PATH=/home/lucifer/ros2_ws/install/task_2_interface:${AMENT_PREFIX_PATH} CMAKE_PREFIX_PATH=/home/lucifer/ros2_ws/install/task_2_interface LD_LIBRARY_PATH=/home/lucifer/ros2_ws/install/task_2_interface/lib:${LD_LIBRARY_PATH} PYTHONPATH=/home/lucifer/ros2_ws/build/task_2/prefix_override:/usr/lib/python3/dist-packages/colcon_core/task/python/colcon_distutils_commands:/home/lucifer/ros2_ws/install/task_2/lib/python3.10/site-packages:/home/lucifer/ros2_ws/install/task_2_interface/local/lib/python3.10/dist-packages:${PYTHONPATH} /usr/bin/python3 -W ignore:setup.py install is deprecated setup.py egg_info --egg-base ../../build/task_2 build --build-base /home/lucifer/ros2_ws/build/task_2/build install --record /home/lucifer/ros2_ws/build/task_2/install.log --single-version-externally-managed install_data
[3.621s] Level 1:colcon.colcon_core.environment:checking '/home/lucifer/ros2_ws/install/task_2' for CMake module files
[3.622s] DEBUG:colcon.colcon_core.event_handler.log_command:Invoked command in '/home/lucifer/ros2_ws/src/task_2' returned '0': AMENT_PREFIX_PATH=/home/lucifer/ros2_ws/install/task_2_interface:${AMENT_PREFIX_PATH} CMAKE_PREFIX_PATH=/home/lucifer/ros2_ws/install/task_2_interface LD_LIBRARY_PATH=/home/lucifer/ros2_ws/install/task_2_interface/lib:${LD_LIBRARY_PATH} PYTHONPATH=/home/lucifer/ros2_ws/build/task_2/prefix_override:/usr/lib/python3/dist-packages/colcon_core/task/python/colcon_distutils_commands:/home/lucifer/ros2_ws/install/task_2/lib/python3.10/site-packages:/home/lucifer/ros2_ws/install/task_2_interface/local/lib/python3.10/dist-packages:${PYTHONPATH} /usr/bin/python3 -W ignore:setup.py install is deprecated setup.py egg_info --egg-base ../../build/task_2 build --build-base /home/lucifer/ros2_ws/build/task_2/build install --record /home/lucifer/ros2_ws/build/task_2/install.log --single-version-externally-managed install_data
[3.622s] Level 1:colcon.colcon_core.environment:checking '/home/lucifer/ros2_ws/install/task_2' for CMake config files
[3.624s] Level 1:colcon.colcon_core.environment:checking '/home/lucifer/ros2_ws/install/task_2/lib'
[3.624s] Level 1:colcon.colcon_core.environment:checking '/home/lucifer/ros2_ws/install/task_2/bin'
[3.624s] Level 1:colcon.colcon_core.environment:checking '/home/lucifer/ros2_ws/install/task_2/lib/pkgconfig/task_2.pc'
[3.625s] Level 1:colcon.colcon_core.environment:checking '/home/lucifer/ros2_ws/install/task_2/lib/python3.10/site-packages'
[3.625s] Level 1:colcon.colcon_core.shell:create_environment_hook('task_2', 'pythonpath')
[3.625s] INFO:colcon.colcon_core.shell:Creating environment hook '/home/lucifer/ros2_ws/install/task_2/share/task_2/hook/pythonpath.ps1'
[3.626s] INFO:colcon.colcon_core.shell:Creating environment descriptor '/home/lucifer/ros2_ws/install/task_2/share/task_2/hook/pythonpath.dsv'
[3.627s] INFO:colcon.colcon_core.shell:Creating environment hook '/home/lucifer/ros2_ws/install/task_2/share/task_2/hook/pythonpath.sh'
[3.628s] Level 1:colcon.colcon_core.environment:checking '/home/lucifer/ros2_ws/install/task_2/bin'
[3.628s] Level 1:colcon.colcon_core.environment:create_environment_scripts_only(task_2)
[3.629s] INFO:colcon.colcon_core.shell:Creating package script '/home/lucifer/ros2_ws/install/task_2/share/task_2/package.ps1'
[3.630s] INFO:colcon.colcon_core.shell:Creating package descriptor '/home/lucifer/ros2_ws/install/task_2/share/task_2/package.dsv'
[3.630s] INFO:colcon.colcon_core.shell:Creating package script '/home/lucifer/ros2_ws/install/task_2/share/task_2/package.sh'
[3.631s] INFO:colcon.colcon_core.shell:Creating package script '/home/lucifer/ros2_ws/install/task_2/share/task_2/package.bash'
[3.632s] INFO:colcon.colcon_core.shell:Creating package script '/home/lucifer/ros2_ws/install/task_2/share/task_2/package.zsh'
[3.633s] Level 1:colcon.colcon_core.environment:create_file_with_runtime_dependencies(/home/lucifer/ros2_ws/install/task_2/share/colcon-core/packages/task_2)
[3.633s] DEBUG:colcon.colcon_parallel_executor.executor.parallel:closing loop
[3.634s] DEBUG:colcon.colcon_parallel_executor.executor.parallel:loop closed
[3.635s] DEBUG:colcon.colcon_parallel_executor.executor.parallel:run_until_complete finished with '0'
[3.635s] DEBUG:colcon.colcon_core.event_reactor:joining thread
[3.642s] INFO:colcon.colcon_core.plugin_system:Skipping extension 'colcon_notification.desktop_notification.terminal_notifier': Not used on non-Darwin systems
[3.642s] INFO:colcon.colcon_core.plugin_system:Skipping extension 'colcon_notification.desktop_notification.win32': Not used on non-Windows systems
[3.642s] INFO:colcon.colcon_notification.desktop_notification:Sending desktop notification using 'notify2'
[3.666s] DEBUG:colcon.colcon_core.event_reactor:joined thread
[3.667s] INFO:colcon.colcon_core.shell:Creating prefix script '/home/lucifer/ros2_ws/install/local_setup.ps1'
[3.669s] INFO:colcon.colcon_core.shell:Creating prefix util module '/home/lucifer/ros2_ws/install/_local_setup_util_ps1.py'
[3.672s] INFO:colcon.colcon_core.shell:Creating prefix chain script '/home/lucifer/ros2_ws/install/setup.ps1'
[3.674s] INFO:colcon.colcon_core.shell:Creating prefix script '/home/lucifer/ros2_ws/install/local_setup.sh'
[3.675s] INFO:colcon.colcon_core.shell:Creating prefix util module '/home/lucifer/ros2_ws/install/_local_setup_util_sh.py'
[3.675s] INFO:colcon.colcon_core.shell:Creating prefix chain script '/home/lucifer/ros2_ws/install/setup.sh'
[3.677s] INFO:colcon.colcon_core.shell:Creating prefix script '/home/lucifer/ros2_ws/install/local_setup.bash'
[3.678s] INFO:colcon.colcon_core.shell:Creating prefix chain script '/home/lucifer/ros2_ws/install/setup.bash'
[3.679s] INFO:colcon.colcon_core.shell:Creating prefix script '/home/lucifer/ros2_ws/install/local_setup.zsh'
[3.680s] INFO:colcon.colcon_core.shell:Creating prefix chain script '/home/lucifer/ros2_ws/install/setup.zsh'
