[0.841s] Invoking command in '/home/lucifer/ros2_ws/src/task_1': PYTHONPATH=/home/lucifer/ros2_ws/build/task_1/prefix_override:/usr/lib/python3/dist-packages/colcon_core/task/python/colcon_distutils_commands:/home/lucifer/ros2_ws/install/task_1/lib/python3.10/site-packages:${PYTHONPATH} /usr/bin/python3 -W ignore:setup.py install is deprecated setup.py egg_info --egg-base ../../build/task_1 build --build-base /home/lucifer/ros2_ws/build/task_1/build install --record /home/lucifer/ros2_ws/build/task_1/install.log --single-version-externally-managed install_data
[1.092s] running egg_info
[1.092s] creating ../../build/task_1/task_1.egg-info
[1.107s] writing ../../build/task_1/task_1.egg-info/PKG-INFO
[1.107s] writing dependency_links to ../../build/task_1/task_1.egg-info/dependency_links.txt
[1.108s] writing entry points to ../../build/task_1/task_1.egg-info/entry_points.txt
[1.108s] writing requirements to ../../build/task_1/task_1.egg-info/requires.txt
[1.108s] writing top-level names to ../../build/task_1/task_1.egg-info/top_level.txt
[1.108s] writing manifest file '../../build/task_1/task_1.egg-info/SOURCES.txt'
[1.139s] reading manifest file '../../build/task_1/task_1.egg-info/SOURCES.txt'
[1.139s] adding license file 'LICENSE'
[1.139s] writing manifest file '../../build/task_1/task_1.egg-info/SOURCES.txt'
[1.139s] running build
[1.140s] running build_py
[1.140s] creating /home/lucifer/ros2_ws/build/task_1/build
[1.140s] creating /home/lucifer/ros2_ws/build/task_1/build/lib
[1.140s] creating /home/lucifer/ros2_ws/build/task_1/build/lib/task_1
[1.140s] copying task_1/publisher_member_function.py -> /home/lucifer/ros2_ws/build/task_1/build/lib/task_1
[1.140s] copying task_1/subscriber_member_function.py -> /home/lucifer/ros2_ws/build/task_1/build/lib/task_1
[1.141s] copying task_1/__init__.py -> /home/lucifer/ros2_ws/build/task_1/build/lib/task_1
[1.141s] running install
[1.144s] running install_lib
[1.160s] creating /home/lucifer/ros2_ws/install/task_1/lib/python3.10/site-packages/task_1
[1.160s] copying /home/lucifer/ros2_ws/build/task_1/build/lib/task_1/publisher_member_function.py -> /home/lucifer/ros2_ws/install/task_1/lib/python3.10/site-packages/task_1
[1.160s] copying /home/lucifer/ros2_ws/build/task_1/build/lib/task_1/subscriber_member_function.py -> /home/lucifer/ros2_ws/install/task_1/lib/python3.10/site-packages/task_1
[1.160s] copying /home/lucifer/ros2_ws/build/task_1/build/lib/task_1/__init__.py -> /home/lucifer/ros2_ws/install/task_1/lib/python3.10/site-packages/task_1
[1.161s] byte-compiling /home/lucifer/ros2_ws/install/task_1/lib/python3.10/site-packages/task_1/publisher_member_function.py to publisher_member_function.cpython-310.pyc
[1.161s] byte-compiling /home/lucifer/ros2_ws/install/task_1/lib/python3.10/site-packages/task_1/subscriber_member_function.py to subscriber_member_function.cpython-310.pyc
[1.161s] byte-compiling /home/lucifer/ros2_ws/install/task_1/lib/python3.10/site-packages/task_1/__init__.py to __init__.cpython-310.pyc
[1.161s] running install_data
[1.162s] creating /home/lucifer/ros2_ws/install/task_1/share/ament_index
[1.162s] creating /home/lucifer/ros2_ws/install/task_1/share/ament_index/resource_index
[1.162s] creating /home/lucifer/ros2_ws/install/task_1/share/ament_index/resource_index/packages
[1.162s] copying resource/task_1 -> /home/lucifer/ros2_ws/install/task_1/share/ament_index/resource_index/packages
[1.162s] copying package.xml -> /home/lucifer/ros2_ws/install/task_1/share/task_1
[1.162s] running install_egg_info
[1.178s] Copying ../../build/task_1/task_1.egg-info to /home/lucifer/ros2_ws/install/task_1/lib/python3.10/site-packages/task_1-0.0.0-py3.10.egg-info
[1.179s] running install_scripts
[1.310s] Installing listener script to /home/lucifer/ros2_ws/install/task_1/lib/task_1
[1.310s] Installing talker script to /home/lucifer/ros2_ws/install/task_1/lib/task_1
[1.310s] writing list of installed files to '/home/lucifer/ros2_ws/build/task_1/install.log'
[1.345s] Invoked command in '/home/lucifer/ros2_ws/src/task_1' returned '0': PYTHONPATH=/home/lucifer/ros2_ws/build/task_1/prefix_override:/usr/lib/python3/dist-packages/colcon_core/task/python/colcon_distutils_commands:/home/lucifer/ros2_ws/install/task_1/lib/python3.10/site-packages:${PYTHONPATH} /usr/bin/python3 -W ignore:setup.py install is deprecated setup.py egg_info --egg-base ../../build/task_1 build --build-base /home/lucifer/ros2_ws/build/task_1/build install --record /home/lucifer/ros2_ws/build/task_1/install.log --single-version-externally-managed install_data
