[0.165s] DEBUG:colcon:Command line arguments: ['/usr/bin/colcon', 'build']
[0.165s] DEBUG:colcon:Parsed command line arguments: Namespace(log_base=None, log_level=None, verb_name='build', build_base='build', install_base='install', merge_install=False, symlink_install=False, test_result_base=None, continue_on_error=False, executor='parallel', parallel_workers=12, event_handlers=None, ignore_user_meta=False, metas=['./colcon.meta'], base_paths=['.'], packages_ignore=None, packages_ignore_regex=None, paths=None, packages_up_to=None, packages_up_to_regex=None, packages_above=None, packages_above_and_dependencies=None, packages_above_depth=None, packages_select_by_dep=None, packages_skip_by_dep=None, packages_skip_up_to=None, packages_select_build_failed=False, packages_skip_build_finished=False, packages_select_test_failures=False, packages_skip_test_passed=False, packages_select=None, packages_skip=None, packages_select_regex=None, packages_skip_regex=None, packages_start=None, packages_end=None, allow_overriding=[], cmake_args=None, cmake_target=None, cmake_target_skip_unavailable=False, cmake_clean_cache=False, cmake_clean_first=False, cmake_force_configure=False, ament_cmake_args=None, catkin_cmake_args=None, catkin_skip_building_tests=False, mixin_files=None, mixin=None, verb_parser=<colcon_mixin.mixin.mixin_argument.MixinArgumentDecorator object at 0x7a6f227e7730>, verb_extension=<colcon_core.verb.build.BuildVerb object at 0x7a6f229d45e0>, main=<bound method BuildVerb.main of <colcon_core.verb.build.BuildVerb object at 0x7a6f229d45e0>>, mixin_verb=('build',))
[0.224s] Level 1:colcon.colcon_core.package_discovery:discover_packages(colcon_meta) check parameters
[0.224s] Level 1:colcon.colcon_core.package_discovery:discover_packages(recursive) check parameters
[0.224s] Level 1:colcon.colcon_core.package_discovery:discover_packages(ignore) check parameters
[0.224s] Level 1:colcon.colcon_core.package_discovery:discover_packages(path) check parameters
[0.224s] Level 1:colcon.colcon_core.package_discovery:discover_packages(colcon_meta) discover
[0.224s] Level 1:colcon.colcon_core.package_discovery:discover_packages(recursive) discover
[0.225s] INFO:colcon.colcon_core.package_discovery:Crawling recursively for packages in '/home/lucifer/ros2_ws'
[0.225s] Level 1:colcon.colcon_core.package_identification:_identify(.) by extensions ['ignore', 'ignore_ament_install']
[0.225s] Level 1:colcon.colcon_core.package_identification:_identify(.) by extension 'ignore'
[0.225s] Level 1:colcon.colcon_core.package_identification:_identify(.) by extension 'ignore_ament_install'
[0.225s] Level 1:colcon.colcon_core.package_identification:_identify(.) by extensions ['colcon_pkg']
[0.225s] Level 1:colcon.colcon_core.package_identification:_identify(.) by extension 'colcon_pkg'
[0.225s] Level 1:colcon.colcon_core.package_identification:_identify(.) by extensions ['colcon_meta']
[0.225s] Level 1:colcon.colcon_core.package_identification:_identify(.) by extension 'colcon_meta'
[0.225s] Level 1:colcon.colcon_core.package_identification:_identify(.) by extensions ['ros']
[0.225s] Level 1:colcon.colcon_core.package_identification:_identify(.) by extension 'ros'
[0.247s] Level 1:colcon.colcon_core.package_identification:_identify(.) by extensions ['cmake', 'python']
[0.247s] Level 1:colcon.colcon_core.package_identification:_identify(.) by extension 'cmake'
[0.248s] Level 1:colcon.colcon_core.package_identification:_identify(.) by extension 'python'
[0.248s] Level 1:colcon.colcon_core.package_identification:_identify(.) by extensions ['python_setup_py']
[0.248s] Level 1:colcon.colcon_core.package_identification:_identify(.) by extension 'python_setup_py'
[0.248s] Level 1:colcon.colcon_core.package_identification:_identify(build) by extensions ['ignore', 'ignore_ament_install']
[0.248s] Level 1:colcon.colcon_core.package_identification:_identify(build) by extension 'ignore'
[0.248s] Level 1:colcon.colcon_core.package_identification:_identify(build) ignored
[0.248s] Level 1:colcon.colcon_core.package_identification:_identify(install) by extensions ['ignore', 'ignore_ament_install']
[0.248s] Level 1:colcon.colcon_core.package_identification:_identify(install) by extension 'ignore'
[0.249s] Level 1:colcon.colcon_core.package_identification:_identify(install) ignored
[0.249s] Level 1:colcon.colcon_core.package_identification:_identify(log) by extensions ['ignore', 'ignore_ament_install']
[0.249s] Level 1:colcon.colcon_core.package_identification:_identify(log) by extension 'ignore'
[0.249s] Level 1:colcon.colcon_core.package_identification:_identify(log) ignored
[0.249s] Level 1:colcon.colcon_core.package_identification:_identify(rosbag) by extensions ['ignore', 'ignore_ament_install']
[0.249s] Level 1:colcon.colcon_core.package_identification:_identify(rosbag) by extension 'ignore'
[0.249s] Level 1:colcon.colcon_core.package_identification:_identify(rosbag) by extension 'ignore_ament_install'
[0.249s] Level 1:colcon.colcon_core.package_identification:_identify(rosbag) by extensions ['colcon_pkg']
[0.249s] Level 1:colcon.colcon_core.package_identification:_identify(rosbag) by extension 'colcon_pkg'
[0.249s] Level 1:colcon.colcon_core.package_identification:_identify(rosbag) by extensions ['colcon_meta']
[0.249s] Level 1:colcon.colcon_core.package_identification:_identify(rosbag) by extension 'colcon_meta'
[0.250s] Level 1:colcon.colcon_core.package_identification:_identify(rosbag) by extensions ['ros']
[0.250s] Level 1:colcon.colcon_core.package_identification:_identify(rosbag) by extension 'ros'
[0.250s] Level 1:colcon.colcon_core.package_identification:_identify(rosbag) by extensions ['cmake', 'python']
[0.250s] Level 1:colcon.colcon_core.package_identification:_identify(rosbag) by extension 'cmake'
[0.250s] Level 1:colcon.colcon_core.package_identification:_identify(rosbag) by extension 'python'
[0.250s] Level 1:colcon.colcon_core.package_identification:_identify(rosbag) by extensions ['python_setup_py']
[0.250s] Level 1:colcon.colcon_core.package_identification:_identify(rosbag) by extension 'python_setup_py'
[0.250s] Level 1:colcon.colcon_core.package_identification:_identify(rosbag/rosbag2_Task1) by extensions ['ignore', 'ignore_ament_install']
[0.250s] Level 1:colcon.colcon_core.package_identification:_identify(rosbag/rosbag2_Task1) by extension 'ignore'
[0.250s] Level 1:colcon.colcon_core.package_identification:_identify(rosbag/rosbag2_Task1) by extension 'ignore_ament_install'
[0.250s] Level 1:colcon.colcon_core.package_identification:_identify(rosbag/rosbag2_Task1) by extensions ['colcon_pkg']
[0.250s] Level 1:colcon.colcon_core.package_identification:_identify(rosbag/rosbag2_Task1) by extension 'colcon_pkg'
[0.250s] Level 1:colcon.colcon_core.package_identification:_identify(rosbag/rosbag2_Task1) by extensions ['colcon_meta']
[0.250s] Level 1:colcon.colcon_core.package_identification:_identify(rosbag/rosbag2_Task1) by extension 'colcon_meta'
[0.251s] Level 1:colcon.colcon_core.package_identification:_identify(rosbag/rosbag2_Task1) by extensions ['ros']
[0.251s] Level 1:colcon.colcon_core.package_identification:_identify(rosbag/rosbag2_Task1) by extension 'ros'
[0.251s] Level 1:colcon.colcon_core.package_identification:_identify(rosbag/rosbag2_Task1) by extensions ['cmake', 'python']
[0.251s] Level 1:colcon.colcon_core.package_identification:_identify(rosbag/rosbag2_Task1) by extension 'cmake'
[0.251s] Level 1:colcon.colcon_core.package_identification:_identify(rosbag/rosbag2_Task1) by extension 'python'
[0.251s] Level 1:colcon.colcon_core.package_identification:_identify(rosbag/rosbag2_Task1) by extensions ['python_setup_py']
[0.251s] Level 1:colcon.colcon_core.package_identification:_identify(rosbag/rosbag2_Task1) by extension 'python_setup_py'
[0.251s] Level 1:colcon.colcon_core.package_identification:_identify(src) by extensions ['ignore', 'ignore_ament_install']
[0.251s] Level 1:colcon.colcon_core.package_identification:_identify(src) by extension 'ignore'
[0.251s] Level 1:colcon.colcon_core.package_identification:_identify(src) by extension 'ignore_ament_install'
[0.251s] Level 1:colcon.colcon_core.package_identification:_identify(src) by extensions ['colcon_pkg']
[0.251s] Level 1:colcon.colcon_core.package_identification:_identify(src) by extension 'colcon_pkg'
[0.251s] Level 1:colcon.colcon_core.package_identification:_identify(src) by extensions ['colcon_meta']
[0.251s] Level 1:colcon.colcon_core.package_identification:_identify(src) by extension 'colcon_meta'
[0.252s] Level 1:colcon.colcon_core.package_identification:_identify(src) by extensions ['ros']
[0.252s] Level 1:colcon.colcon_core.package_identification:_identify(src) by extension 'ros'
[0.252s] Level 1:colcon.colcon_core.package_identification:_identify(src) by extensions ['cmake', 'python']
[0.252s] Level 1:colcon.colcon_core.package_identification:_identify(src) by extension 'cmake'
[0.252s] Level 1:colcon.colcon_core.package_identification:_identify(src) by extension 'python'
[0.252s] Level 1:colcon.colcon_core.package_identification:_identify(src) by extensions ['python_setup_py']
[0.252s] Level 1:colcon.colcon_core.package_identification:_identify(src) by extension 'python_setup_py'
[0.252s] Level 1:colcon.colcon_core.package_identification:_identify(src/task_1) by extensions ['ignore', 'ignore_ament_install']
[0.252s] Level 1:colcon.colcon_core.package_identification:_identify(src/task_1) by extension 'ignore'
[0.252s] Level 1:colcon.colcon_core.package_identification:_identify(src/task_1) by extension 'ignore_ament_install'
[0.252s] Level 1:colcon.colcon_core.package_identification:_identify(src/task_1) by extensions ['colcon_pkg']
[0.253s] Level 1:colcon.colcon_core.package_identification:_identify(src/task_1) by extension 'colcon_pkg'
[0.253s] Level 1:colcon.colcon_core.package_identification:_identify(src/task_1) by extensions ['colcon_meta']
[0.253s] Level 1:colcon.colcon_core.package_identification:_identify(src/task_1) by extension 'colcon_meta'
[0.253s] Level 1:colcon.colcon_core.package_identification:_identify(src/task_1) by extensions ['ros']
[0.253s] Level 1:colcon.colcon_core.package_identification:_identify(src/task_1) by extension 'ros'
[0.257s] DEBUG:colcon.colcon_core.package_identification:Package 'src/task_1' with type 'ros.ament_python' and name 'task_1'
[0.257s] Level 1:colcon.colcon_core.package_identification:_identify(src/task_2) by extensions ['ignore', 'ignore_ament_install']
[0.257s] Level 1:colcon.colcon_core.package_identification:_identify(src/task_2) by extension 'ignore'
[0.257s] Level 1:colcon.colcon_core.package_identification:_identify(src/task_2) by extension 'ignore_ament_install'
[0.257s] Level 1:colcon.colcon_core.package_identification:_identify(src/task_2) by extensions ['colcon_pkg']
[0.257s] Level 1:colcon.colcon_core.package_identification:_identify(src/task_2) by extension 'colcon_pkg'
[0.257s] Level 1:colcon.colcon_core.package_identification:_identify(src/task_2) by extensions ['colcon_meta']
[0.257s] Level 1:colcon.colcon_core.package_identification:_identify(src/task_2) by extension 'colcon_meta'
[0.257s] Level 1:colcon.colcon_core.package_identification:_identify(src/task_2) by extensions ['ros']
[0.258s] Level 1:colcon.colcon_core.package_identification:_identify(src/task_2) by extension 'ros'
[0.259s] DEBUG:colcon.colcon_core.package_identification:Package 'src/task_2' with type 'ros.ament_python' and name 'task_2'
[0.259s] Level 1:colcon.colcon_core.package_identification:_identify(src/task_2_interface) by extensions ['ignore', 'ignore_ament_install']
[0.259s] Level 1:colcon.colcon_core.package_identification:_identify(src/task_2_interface) by extension 'ignore'
[0.259s] Level 1:colcon.colcon_core.package_identification:_identify(src/task_2_interface) by extension 'ignore_ament_install'
[0.259s] Level 1:colcon.colcon_core.package_identification:_identify(src/task_2_interface) by extensions ['colcon_pkg']
[0.259s] Level 1:colcon.colcon_core.package_identification:_identify(src/task_2_interface) by extension 'colcon_pkg'
[0.259s] Level 1:colcon.colcon_core.package_identification:_identify(src/task_2_interface) by extensions ['colcon_meta']
[0.259s] Level 1:colcon.colcon_core.package_identification:_identify(src/task_2_interface) by extension 'colcon_meta'
[0.259s] Level 1:colcon.colcon_core.package_identification:_identify(src/task_2_interface) by extensions ['ros']
[0.260s] Level 1:colcon.colcon_core.package_identification:_identify(src/task_2_interface) by extension 'ros'
[0.261s] DEBUG:colcon.colcon_core.package_identification:Package 'src/task_2_interface' with type 'ros.ament_cmake' and name 'task_2_interface'
[0.261s] Level 1:colcon.colcon_core.package_discovery:discover_packages(recursive) using defaults
[0.261s] Level 1:colcon.colcon_core.package_discovery:discover_packages(ignore) discover
[0.261s] Level 1:colcon.colcon_core.package_discovery:discover_packages(ignore) using defaults
[0.261s] Level 1:colcon.colcon_core.package_discovery:discover_packages(path) discover
[0.261s] Level 1:colcon.colcon_core.package_discovery:discover_packages(path) using defaults
[0.293s] Level 1:colcon.colcon_core.package_discovery:discover_packages(prefix_path) check parameters
[0.293s] Level 1:colcon.colcon_core.package_discovery:discover_packages(prefix_path) discover
[0.296s] DEBUG:colcon.colcon_installed_package_information.package_discovery:Found 3 installed packages in /home/lucifer/ros2_ws/install
[0.298s] DEBUG:colcon.colcon_installed_package_information.package_discovery:Found 348 installed packages in /opt/ros/humble
[0.301s] Level 1:colcon.colcon_core.package_discovery:discover_packages(prefix_path) using defaults
[0.370s] Level 5:colcon.colcon_core.verb:set package 'task_1' build argument 'cmake_args' from command line to 'None'
[0.370s] Level 5:colcon.colcon_core.verb:set package 'task_1' build argument 'cmake_target' from command line to 'None'
[0.370s] Level 5:colcon.colcon_core.verb:set package 'task_1' build argument 'cmake_target_skip_unavailable' from command line to 'False'
[0.370s] Level 5:colcon.colcon_core.verb:set package 'task_1' build argument 'cmake_clean_cache' from command line to 'False'
[0.370s] Level 5:colcon.colcon_core.verb:set package 'task_1' build argument 'cmake_clean_first' from command line to 'False'
[0.370s] Level 5:colcon.colcon_core.verb:set package 'task_1' build argument 'cmake_force_configure' from command line to 'False'
[0.370s] Level 5:colcon.colcon_core.verb:set package 'task_1' build argument 'ament_cmake_args' from command line to 'None'
[0.370s] Level 5:colcon.colcon_core.verb:set package 'task_1' build argument 'catkin_cmake_args' from command line to 'None'
[0.370s] Level 5:colcon.colcon_core.verb:set package 'task_1' build argument 'catkin_skip_building_tests' from command line to 'False'
[0.370s] DEBUG:colcon.colcon_core.verb:Building package 'task_1' with the following arguments: {'ament_cmake_args': None, 'build_base': '/home/lucifer/ros2_ws/build/task_1', 'catkin_cmake_args': None, 'catkin_skip_building_tests': False, 'cmake_args': None, 'cmake_clean_cache': False, 'cmake_clean_first': False, 'cmake_force_configure': False, 'cmake_target': None, 'cmake_target_skip_unavailable': False, 'install_base': '/home/lucifer/ros2_ws/install/task_1', 'merge_install': False, 'path': '/home/lucifer/ros2_ws/src/task_1', 'symlink_install': False, 'test_result_base': None}
[0.371s] Level 5:colcon.colcon_core.verb:set package 'task_2_interface' build argument 'cmake_args' from command line to 'None'
[0.371s] Level 5:colcon.colcon_core.verb:set package 'task_2_interface' build argument 'cmake_target' from command line to 'None'
[0.371s] Level 5:colcon.colcon_core.verb:set package 'task_2_interface' build argument 'cmake_target_skip_unavailable' from command line to 'False'
[0.371s] Level 5:colcon.colcon_core.verb:set package 'task_2_interface' build argument 'cmake_clean_cache' from command line to 'False'
[0.371s] Level 5:colcon.colcon_core.verb:set package 'task_2_interface' build argument 'cmake_clean_first' from command line to 'False'
[0.371s] Level 5:colcon.colcon_core.verb:set package 'task_2_interface' build argument 'cmake_force_configure' from command line to 'False'
[0.371s] Level 5:colcon.colcon_core.verb:set package 'task_2_interface' build argument 'ament_cmake_args' from command line to 'None'
[0.371s] Level 5:colcon.colcon_core.verb:set package 'task_2_interface' build argument 'catkin_cmake_args' from command line to 'None'
[0.371s] Level 5:colcon.colcon_core.verb:set package 'task_2_interface' build argument 'catkin_skip_building_tests' from command line to 'False'
[0.371s] DEBUG:colcon.colcon_core.verb:Building package 'task_2_interface' with the following arguments: {'ament_cmake_args': None, 'build_base': '/home/lucifer/ros2_ws/build/task_2_interface', 'catkin_cmake_args': None, 'catkin_skip_building_tests': False, 'cmake_args': None, 'cmake_clean_cache': False, 'cmake_clean_first': False, 'cmake_force_configure': False, 'cmake_target': None, 'cmake_target_skip_unavailable': False, 'install_base': '/home/lucifer/ros2_ws/install/task_2_interface', 'merge_install': False, 'path': '/home/lucifer/ros2_ws/src/task_2_interface', 'symlink_install': False, 'test_result_base': None}
[0.371s] Level 5:colcon.colcon_core.verb:set package 'task_2' build argument 'cmake_args' from command line to 'None'
[0.371s] Level 5:colcon.colcon_core.verb:set package 'task_2' build argument 'cmake_target' from command line to 'None'
[0.372s] Level 5:colcon.colcon_core.verb:set package 'task_2' build argument 'cmake_target_skip_unavailable' from command line to 'False'
[0.372s] Level 5:colcon.colcon_core.verb:set package 'task_2' build argument 'cmake_clean_cache' from command line to 'False'
[0.372s] Level 5:colcon.colcon_core.verb:set package 'task_2' build argument 'cmake_clean_first' from command line to 'False'
[0.372s] Level 5:colcon.colcon_core.verb:set package 'task_2' build argument 'cmake_force_configure' from command line to 'False'
[0.372s] Level 5:colcon.colcon_core.verb:set package 'task_2' build argument 'ament_cmake_args' from command line to 'None'
[0.372s] Level 5:colcon.colcon_core.verb:set package 'task_2' build argument 'catkin_cmake_args' from command line to 'None'
[0.372s] Level 5:colcon.colcon_core.verb:set package 'task_2' build argument 'catkin_skip_building_tests' from command line to 'False'
[0.372s] DEBUG:colcon.colcon_core.verb:Building package 'task_2' with the following arguments: {'ament_cmake_args': None, 'build_base': '/home/lucifer/ros2_ws/build/task_2', 'catkin_cmake_args': None, 'catkin_skip_building_tests': False, 'cmake_args': None, 'cmake_clean_cache': False, 'cmake_clean_first': False, 'cmake_force_configure': False, 'cmake_target': None, 'cmake_target_skip_unavailable': False, 'install_base': '/home/lucifer/ros2_ws/install/task_2', 'merge_install': False, 'path': '/home/lucifer/ros2_ws/src/task_2', 'symlink_install': False, 'test_result_base': None}
[0.372s] INFO:colcon.colcon_core.executor:Executing jobs using 'parallel' executor
[0.374s] DEBUG:colcon.colcon_parallel_executor.executor.parallel:run_until_complete
[0.375s] INFO:colcon.colcon_ros.task.ament_cmake.build:Building ROS package in '/home/lucifer/ros2_ws/src/task_2_interface' with build type 'ament_cmake'
[0.375s] INFO:colcon.colcon_cmake.task.cmake.build:Building CMake package in '/home/lucifer/ros2_ws/src/task_2_interface'
[0.378s] INFO:colcon.colcon_core.plugin_system:Skipping extension 'colcon_core.shell.bat': Not used on non-Windows systems
[0.378s] INFO:colcon.colcon_core.shell:Skip shell extension 'powershell' for command environment: Not usable outside of PowerShell
[0.378s] DEBUG:colcon.colcon_core.shell:Skip shell extension 'dsv' for command environment
[0.385s] INFO:colcon.colcon_ros.task.ament_python.build:Building ROS package in '/home/lucifer/ros2_ws/src/task_1' with build type 'ament_python'
[0.385s] Level 1:colcon.colcon_core.shell:create_environment_hook('task_1', 'ament_prefix_path')
[0.385s] INFO:colcon.colcon_core.shell:Creating environment hook '/home/lucifer/ros2_ws/install/task_1/share/task_1/hook/ament_prefix_path.ps1'
[0.387s] INFO:colcon.colcon_core.shell:Creating environment descriptor '/home/lucifer/ros2_ws/install/task_1/share/task_1/hook/ament_prefix_path.dsv'
[0.387s] INFO:colcon.colcon_core.shell:Creating environment hook '/home/lucifer/ros2_ws/install/task_1/share/task_1/hook/ament_prefix_path.sh'
[0.388s] INFO:colcon.colcon_core.shell:Skip shell extension 'powershell' for command environment: Not usable outside of PowerShell
[0.389s] DEBUG:colcon.colcon_core.shell:Skip shell extension 'dsv' for command environment
[0.405s] DEBUG:colcon.colcon_core.event_handler.log_command:Invoking command in '/home/lucifer/ros2_ws/build/task_2_interface': CMAKE_PREFIX_PATH=${CMAKE_PREFIX_PATH}:/home/lucifer/ros2_ws/install/task_2:/home/lucifer/ros2_ws/install/task_1:/opt/ros/humble /usr/bin/cmake --build /home/lucifer/ros2_ws/build/task_2_interface -- -j12 -l12
[0.735s] INFO:colcon.colcon_core.task.python.build:Building Python package in '/home/lucifer/ros2_ws/src/task_1'
[0.736s] INFO:colcon.colcon_core.shell:Skip shell extension 'powershell' for command environment: Not usable outside of PowerShell
[0.736s] DEBUG:colcon.colcon_core.shell:Skip shell extension 'dsv' for command environment
[1.063s] DEBUG:colcon.colcon_core.event_handler.log_command:Invoked command in '/home/lucifer/ros2_ws/build/task_2_interface' returned '0': CMAKE_PREFIX_PATH=${CMAKE_PREFIX_PATH}:/home/lucifer/ros2_ws/install/task_2:/home/lucifer/ros2_ws/install/task_1:/opt/ros/humble /usr/bin/cmake --build /home/lucifer/ros2_ws/build/task_2_interface -- -j12 -l12
[1.225s] DEBUG:colcon.colcon_core.event_handler.log_command:Invoking command in '/home/lucifer/ros2_ws/build/task_2_interface': CMAKE_PREFIX_PATH=${CMAKE_PREFIX_PATH}:/home/lucifer/ros2_ws/install/task_2:/home/lucifer/ros2_ws/install/task_1:/opt/ros/humble /usr/bin/cmake --install /home/lucifer/ros2_ws/build/task_2_interface
[1.346s] Level 1:colcon.colcon_core.environment:create_environment_scripts_only(task_2_interface)
[1.347s] DEBUG:colcon.colcon_core.event_handler.log_command:Invoked command in '/home/lucifer/ros2_ws/build/task_2_interface' returned '0': CMAKE_PREFIX_PATH=${CMAKE_PREFIX_PATH}:/home/lucifer/ros2_ws/install/task_2:/home/lucifer/ros2_ws/install/task_1:/opt/ros/humble /usr/bin/cmake --install /home/lucifer/ros2_ws/build/task_2_interface
[1.351s] Level 1:colcon.colcon_core.environment:checking '/home/lucifer/ros2_ws/install/task_2_interface' for CMake module files
[1.353s] Level 1:colcon.colcon_core.environment:checking '/home/lucifer/ros2_ws/install/task_2_interface' for CMake config files
[1.355s] Level 1:colcon.colcon_core.shell:create_environment_hook('task_2_interface', 'cmake_prefix_path')
[1.355s] INFO:colcon.colcon_core.shell:Creating environment hook '/home/lucifer/ros2_ws/install/task_2_interface/share/task_2_interface/hook/cmake_prefix_path.ps1'
[1.356s] INFO:colcon.colcon_core.shell:Creating environment descriptor '/home/lucifer/ros2_ws/install/task_2_interface/share/task_2_interface/hook/cmake_prefix_path.dsv'
[1.357s] INFO:colcon.colcon_core.shell:Creating environment hook '/home/lucifer/ros2_ws/install/task_2_interface/share/task_2_interface/hook/cmake_prefix_path.sh'
[1.358s] Level 1:colcon.colcon_core.environment:checking '/home/lucifer/ros2_ws/install/task_2_interface/lib'
[1.358s] Level 1:colcon.colcon_core.shell:create_environment_hook('task_2_interface', 'ld_library_path_lib')
[1.359s] INFO:colcon.colcon_core.shell:Creating environment hook '/home/lucifer/ros2_ws/install/task_2_interface/share/task_2_interface/hook/ld_library_path_lib.ps1'
[1.360s] INFO:colcon.colcon_core.shell:Creating environment descriptor '/home/lucifer/ros2_ws/install/task_2_interface/share/task_2_interface/hook/ld_library_path_lib.dsv'
[1.361s] INFO:colcon.colcon_core.shell:Creating environment hook '/home/lucifer/ros2_ws/install/task_2_interface/share/task_2_interface/hook/ld_library_path_lib.sh'
[1.361s] Level 1:colcon.colcon_core.environment:checking '/home/lucifer/ros2_ws/install/task_2_interface/bin'
[1.362s] Level 1:colcon.colcon_core.environment:checking '/home/lucifer/ros2_ws/install/task_2_interface/lib/pkgconfig/task_2_interface.pc'
[1.362s] Level 1:colcon.colcon_core.environment:checking '/home/lucifer/ros2_ws/install/task_2_interface/lib/python3.10/site-packages'
[1.363s] Level 1:colcon.colcon_core.environment:checking '/home/lucifer/ros2_ws/install/task_2_interface/bin'
[1.363s] INFO:colcon.colcon_core.shell:Creating package script '/home/lucifer/ros2_ws/install/task_2_interface/share/task_2_interface/package.ps1'
[1.365s] INFO:colcon.colcon_core.shell:Creating package descriptor '/home/lucifer/ros2_ws/install/task_2_interface/share/task_2_interface/package.dsv'
[1.367s] INFO:colcon.colcon_core.shell:Creating package script '/home/lucifer/ros2_ws/install/task_2_interface/share/task_2_interface/package.sh'
[1.369s] INFO:colcon.colcon_core.shell:Creating package script '/home/lucifer/ros2_ws/install/task_2_interface/share/task_2_interface/package.bash'
[1.370s] INFO:colcon.colcon_core.shell:Creating package script '/home/lucifer/ros2_ws/install/task_2_interface/share/task_2_interface/package.zsh'
[1.372s] Level 1:colcon.colcon_core.environment:create_file_with_runtime_dependencies(/home/lucifer/ros2_ws/install/task_2_interface/share/colcon-core/packages/task_2_interface)
[1.577s] Level 1:colcon.colcon_core.environment:create_environment_scripts_only(task_2_interface)
[1.578s] Level 1:colcon.colcon_core.environment:checking '/home/lucifer/ros2_ws/install/task_2_interface' for CMake module files
[1.579s] Level 1:colcon.colcon_core.environment:checking '/home/lucifer/ros2_ws/install/task_2_interface' for CMake config files
[1.581s] Level 1:colcon.colcon_core.shell:create_environment_hook('task_2_interface', 'cmake_prefix_path')
[1.581s] INFO:colcon.colcon_core.shell:Creating environment hook '/home/lucifer/ros2_ws/install/task_2_interface/share/task_2_interface/hook/cmake_prefix_path.ps1'
[2.101s] INFO:colcon.colcon_core.shell:Creating environment descriptor '/home/lucifer/ros2_ws/install/task_2_interface/share/task_2_interface/hook/cmake_prefix_path.dsv'
[2.102s] INFO:colcon.colcon_core.shell:Creating environment hook '/home/lucifer/ros2_ws/install/task_2_interface/share/task_2_interface/hook/cmake_prefix_path.sh'
[2.103s] Level 1:colcon.colcon_core.environment:checking '/home/lucifer/ros2_ws/install/task_2_interface/lib'
[2.104s] Level 1:colcon.colcon_core.shell:create_environment_hook('task_2_interface', 'ld_library_path_lib')
[2.104s] INFO:colcon.colcon_core.shell:Creating environment hook '/home/lucifer/ros2_ws/install/task_2_interface/share/task_2_interface/hook/ld_library_path_lib.ps1'
[2.105s] INFO:colcon.colcon_core.shell:Creating environment descriptor '/home/lucifer/ros2_ws/install/task_2_interface/share/task_2_interface/hook/ld_library_path_lib.dsv'
[2.105s] INFO:colcon.colcon_core.shell:Creating environment hook '/home/lucifer/ros2_ws/install/task_2_interface/share/task_2_interface/hook/ld_library_path_lib.sh'
[2.106s] Level 1:colcon.colcon_core.environment:checking '/home/lucifer/ros2_ws/install/task_2_interface/bin'
[2.106s] Level 1:colcon.colcon_core.environment:checking '/home/lucifer/ros2_ws/install/task_2_interface/lib/pkgconfig/task_2_interface.pc'
[2.107s] Level 1:colcon.colcon_core.environment:checking '/home/lucifer/ros2_ws/install/task_2_interface/lib/python3.10/site-packages'
[2.107s] Level 1:colcon.colcon_core.environment:checking '/home/lucifer/ros2_ws/install/task_2_interface/bin'
[2.108s] INFO:colcon.colcon_core.shell:Creating package script '/home/lucifer/ros2_ws/install/task_2_interface/share/task_2_interface/package.ps1'
[2.109s] INFO:colcon.colcon_core.shell:Creating package descriptor '/home/lucifer/ros2_ws/install/task_2_interface/share/task_2_interface/package.dsv'
[2.110s] INFO:colcon.colcon_core.shell:Creating package script '/home/lucifer/ros2_ws/install/task_2_interface/share/task_2_interface/package.sh'
[2.111s] INFO:colcon.colcon_core.shell:Creating package script '/home/lucifer/ros2_ws/install/task_2_interface/share/task_2_interface/package.bash'
[2.112s] INFO:colcon.colcon_core.shell:Creating package script '/home/lucifer/ros2_ws/install/task_2_interface/share/task_2_interface/package.zsh'
[2.113s] Level 1:colcon.colcon_core.environment:create_file_with_runtime_dependencies(/home/lucifer/ros2_ws/install/task_2_interface/share/colcon-core/packages/task_2_interface)
[2.114s] INFO:colcon.colcon_ros.task.ament_python.build:Building ROS package in '/home/lucifer/ros2_ws/src/task_2' with build type 'ament_python'
[2.115s] Level 1:colcon.colcon_core.shell:create_environment_hook('task_2', 'ament_prefix_path')
[2.116s] INFO:colcon.colcon_core.shell:Creating environment hook '/home/lucifer/ros2_ws/install/task_2/share/task_2/hook/ament_prefix_path.ps1'
[2.117s] INFO:colcon.colcon_core.shell:Creating environment descriptor '/home/lucifer/ros2_ws/install/task_2/share/task_2/hook/ament_prefix_path.dsv'
[2.118s] INFO:colcon.colcon_core.shell:Creating environment hook '/home/lucifer/ros2_ws/install/task_2/share/task_2/hook/ament_prefix_path.sh'
[2.119s] INFO:colcon.colcon_core.shell:Skip shell extension 'powershell' for command environment: Not usable outside of PowerShell
[2.119s] DEBUG:colcon.colcon_core.shell:Skip shell extension 'dsv' for command environment
[2.131s] DEBUG:colcon.colcon_core.event_handler.log_command:Invoking command in '/home/lucifer/ros2_ws/src/task_1': PYTHONPATH=/home/lucifer/ros2_ws/build/task_1/prefix_override:/usr/lib/python3/dist-packages/colcon_core/task/python/colcon_distutils_commands:/home/lucifer/ros2_ws/install/task_1/lib/python3.10/site-packages:${PYTHONPATH} /usr/bin/python3 -W ignore:setup.py install is deprecated setup.py egg_info --egg-base ../../build/task_1 build --build-base /home/lucifer/ros2_ws/build/task_1/build install --record /home/lucifer/ros2_ws/build/task_1/install.log --single-version-externally-managed install_data
[2.447s] INFO:colcon.colcon_core.task.python.build:Building Python package in '/home/lucifer/ros2_ws/src/task_2'
[2.448s] INFO:colcon.colcon_core.shell:Skip shell extension 'powershell' for command environment: Not usable outside of PowerShell
[2.448s] DEBUG:colcon.colcon_core.shell:Skip shell extension 'dsv' for command environment
[2.968s] Level 1:colcon.colcon_core.environment:checking '/home/lucifer/ros2_ws/install/task_1' for CMake module files
[2.969s] DEBUG:colcon.colcon_core.event_handler.log_command:Invoked command in '/home/lucifer/ros2_ws/src/task_1' returned '0': PYTHONPATH=/home/lucifer/ros2_ws/build/task_1/prefix_override:/usr/lib/python3/dist-packages/colcon_core/task/python/colcon_distutils_commands:/home/lucifer/ros2_ws/install/task_1/lib/python3.10/site-packages:${PYTHONPATH} /usr/bin/python3 -W ignore:setup.py install is deprecated setup.py egg_info --egg-base ../../build/task_1 build --build-base /home/lucifer/ros2_ws/build/task_1/build install --record /home/lucifer/ros2_ws/build/task_1/install.log --single-version-externally-managed install_data
[2.969s] Level 1:colcon.colcon_core.environment:checking '/home/lucifer/ros2_ws/install/task_1' for CMake config files
[2.971s] Level 1:colcon.colcon_core.environment:checking '/home/lucifer/ros2_ws/install/task_1/lib'
[2.971s] Level 1:colcon.colcon_core.environment:checking '/home/lucifer/ros2_ws/install/task_1/bin'
[2.971s] Level 1:colcon.colcon_core.environment:checking '/home/lucifer/ros2_ws/install/task_1/lib/pkgconfig/task_1.pc'
[2.971s] Level 1:colcon.colcon_core.environment:checking '/home/lucifer/ros2_ws/install/task_1/lib/python3.10/site-packages'
[2.971s] Level 1:colcon.colcon_core.shell:create_environment_hook('task_1', 'pythonpath')
[2.972s] INFO:colcon.colcon_core.shell:Creating environment hook '/home/lucifer/ros2_ws/install/task_1/share/task_1/hook/pythonpath.ps1'
[2.973s] INFO:colcon.colcon_core.shell:Creating environment descriptor '/home/lucifer/ros2_ws/install/task_1/share/task_1/hook/pythonpath.dsv'
[2.973s] INFO:colcon.colcon_core.shell:Creating environment hook '/home/lucifer/ros2_ws/install/task_1/share/task_1/hook/pythonpath.sh'
[2.974s] Level 1:colcon.colcon_core.environment:checking '/home/lucifer/ros2_ws/install/task_1/bin'
[2.974s] Level 1:colcon.colcon_core.environment:create_environment_scripts_only(task_1)
[2.975s] INFO:colcon.colcon_core.shell:Creating package script '/home/lucifer/ros2_ws/install/task_1/share/task_1/package.ps1'
[2.976s] INFO:colcon.colcon_core.shell:Creating package descriptor '/home/lucifer/ros2_ws/install/task_1/share/task_1/package.dsv'
[2.977s] INFO:colcon.colcon_core.shell:Creating package script '/home/lucifer/ros2_ws/install/task_1/share/task_1/package.sh'
[2.978s] INFO:colcon.colcon_core.shell:Creating package script '/home/lucifer/ros2_ws/install/task_1/share/task_1/package.bash'
[2.978s] INFO:colcon.colcon_core.shell:Creating package script '/home/lucifer/ros2_ws/install/task_1/share/task_1/package.zsh'
[2.979s] Level 1:colcon.colcon_core.environment:create_file_with_runtime_dependencies(/home/lucifer/ros2_ws/install/task_1/share/colcon-core/packages/task_1)
[3.402s] DEBUG:colcon.colcon_core.event_handler.log_command:Invoking command in '/home/lucifer/ros2_ws/src/task_2': PYTHONPATH=/home/lucifer/ros2_ws/build/task_2/prefix_override:/usr/lib/python3/dist-packages/colcon_core/task/python/colcon_distutils_commands:/home/lucifer/ros2_ws/install/task_2/lib/python3.10/site-packages:${PYTHONPATH} /usr/bin/python3 -W ignore:setup.py install is deprecated setup.py egg_info --egg-base ../../build/task_2 build --build-base /home/lucifer/ros2_ws/build/task_2/build install --record /home/lucifer/ros2_ws/build/task_2/install.log --single-version-externally-managed install_data
[4.236s] Level 1:colcon.colcon_core.environment:checking '/home/lucifer/ros2_ws/install/task_2' for CMake module files
[4.238s] DEBUG:colcon.colcon_core.event_handler.log_command:Invoked command in '/home/lucifer/ros2_ws/src/task_2' returned '0': PYTHONPATH=/home/lucifer/ros2_ws/build/task_2/prefix_override:/usr/lib/python3/dist-packages/colcon_core/task/python/colcon_distutils_commands:/home/lucifer/ros2_ws/install/task_2/lib/python3.10/site-packages:${PYTHONPATH} /usr/bin/python3 -W ignore:setup.py install is deprecated setup.py egg_info --egg-base ../../build/task_2 build --build-base /home/lucifer/ros2_ws/build/task_2/build install --record /home/lucifer/ros2_ws/build/task_2/install.log --single-version-externally-managed install_data
[4.238s] Level 1:colcon.colcon_core.environment:checking '/home/lucifer/ros2_ws/install/task_2' for CMake config files
[4.239s] Level 1:colcon.colcon_core.environment:checking '/home/lucifer/ros2_ws/install/task_2/lib'
[4.240s] Level 1:colcon.colcon_core.environment:checking '/home/lucifer/ros2_ws/install/task_2/bin'
[4.240s] Level 1:colcon.colcon_core.environment:checking '/home/lucifer/ros2_ws/install/task_2/lib/pkgconfig/task_2.pc'
[4.240s] Level 1:colcon.colcon_core.environment:checking '/home/lucifer/ros2_ws/install/task_2/lib/python3.10/site-packages'
[4.240s] Level 1:colcon.colcon_core.shell:create_environment_hook('task_2', 'pythonpath')
[4.241s] INFO:colcon.colcon_core.shell:Creating environment hook '/home/lucifer/ros2_ws/install/task_2/share/task_2/hook/pythonpath.ps1'
[4.241s] INFO:colcon.colcon_core.shell:Creating environment descriptor '/home/lucifer/ros2_ws/install/task_2/share/task_2/hook/pythonpath.dsv'
[4.242s] INFO:colcon.colcon_core.shell:Creating environment hook '/home/lucifer/ros2_ws/install/task_2/share/task_2/hook/pythonpath.sh'
[4.243s] Level 1:colcon.colcon_core.environment:checking '/home/lucifer/ros2_ws/install/task_2/bin'
[4.243s] Level 1:colcon.colcon_core.environment:create_environment_scripts_only(task_2)
[4.243s] INFO:colcon.colcon_core.shell:Creating package script '/home/lucifer/ros2_ws/install/task_2/share/task_2/package.ps1'
[4.244s] INFO:colcon.colcon_core.shell:Creating package descriptor '/home/lucifer/ros2_ws/install/task_2/share/task_2/package.dsv'
[4.245s] INFO:colcon.colcon_core.shell:Creating package script '/home/lucifer/ros2_ws/install/task_2/share/task_2/package.sh'
[4.246s] INFO:colcon.colcon_core.shell:Creating package script '/home/lucifer/ros2_ws/install/task_2/share/task_2/package.bash'
[4.246s] INFO:colcon.colcon_core.shell:Creating package script '/home/lucifer/ros2_ws/install/task_2/share/task_2/package.zsh'
[4.247s] Level 1:colcon.colcon_core.environment:create_file_with_runtime_dependencies(/home/lucifer/ros2_ws/install/task_2/share/colcon-core/packages/task_2)
[4.247s] DEBUG:colcon.colcon_parallel_executor.executor.parallel:closing loop
[4.248s] DEBUG:colcon.colcon_parallel_executor.executor.parallel:loop closed
[4.248s] DEBUG:colcon.colcon_parallel_executor.executor.parallel:run_until_complete finished with '0'
[4.248s] DEBUG:colcon.colcon_core.event_reactor:joining thread
[4.256s] INFO:colcon.colcon_core.plugin_system:Skipping extension 'colcon_notification.desktop_notification.terminal_notifier': Not used on non-Darwin systems
[4.256s] INFO:colcon.colcon_core.plugin_system:Skipping extension 'colcon_notification.desktop_notification.win32': Not used on non-Windows systems
[4.256s] INFO:colcon.colcon_notification.desktop_notification:Sending desktop notification using 'notify2'
[4.277s] DEBUG:colcon.colcon_core.event_reactor:joined thread
[4.278s] INFO:colcon.colcon_core.shell:Creating prefix script '/home/lucifer/ros2_ws/install/local_setup.ps1'
[4.280s] INFO:colcon.colcon_core.shell:Creating prefix util module '/home/lucifer/ros2_ws/install/_local_setup_util_ps1.py'
[4.281s] INFO:colcon.colcon_core.shell:Creating prefix chain script '/home/lucifer/ros2_ws/install/setup.ps1'
[4.283s] INFO:colcon.colcon_core.shell:Creating prefix script '/home/lucifer/ros2_ws/install/local_setup.sh'
[4.284s] INFO:colcon.colcon_core.shell:Creating prefix util module '/home/lucifer/ros2_ws/install/_local_setup_util_sh.py'
[4.285s] INFO:colcon.colcon_core.shell:Creating prefix chain script '/home/lucifer/ros2_ws/install/setup.sh'
[4.287s] INFO:colcon.colcon_core.shell:Creating prefix script '/home/lucifer/ros2_ws/install/local_setup.bash'
[4.288s] INFO:colcon.colcon_core.shell:Creating prefix chain script '/home/lucifer/ros2_ws/install/setup.bash'
[4.289s] INFO:colcon.colcon_core.shell:Creating prefix script '/home/lucifer/ros2_ws/install/local_setup.zsh'
[4.290s] INFO:colcon.colcon_core.shell:Creating prefix chain script '/home/lucifer/ros2_ws/install/setup.zsh'
