[1.320s] Invoking command in '/home/lucifer/ros2_ws/src/task_1': PYTHONPATH=/home/lucifer/ros2_ws/build/task_1/prefix_override:/usr/lib/python3/dist-packages/colcon_core/task/python/colcon_distutils_commands:/home/lucifer/ros2_ws/install/task_1/lib/python3.10/site-packages:${PYTHONPATH} /usr/bin/python3 -W ignore:setup.py install is deprecated setup.py egg_info --egg-base ../../build/task_1 build --build-base /home/lucifer/ros2_ws/build/task_1/build install --record /home/lucifer/ros2_ws/build/task_1/install.log --single-version-externally-managed install_data
[1.677s] running egg_info
[1.702s] writing ../../build/task_1/task_1.egg-info/PKG-INFO
[1.702s] writing dependency_links to ../../build/task_1/task_1.egg-info/dependency_links.txt
[1.703s] writing entry points to ../../build/task_1/task_1.egg-info/entry_points.txt
[1.703s] writing requirements to ../../build/task_1/task_1.egg-info/requires.txt
[1.703s] writing top-level names to ../../build/task_1/task_1.egg-info/top_level.txt
[1.753s] reading manifest file '../../build/task_1/task_1.egg-info/SOURCES.txt'
[1.754s] adding license file 'LICENSE'
[1.754s] writing manifest file '../../build/task_1/task_1.egg-info/SOURCES.txt'
[1.755s] running build
[1.755s] running build_py
[1.755s] copying task_1/publisher_member_function.py -> /home/lucifer/ros2_ws/build/task_1/build/lib/task_1
[1.755s] copying task_1/subscriber_member_function.py -> /home/lucifer/ros2_ws/build/task_1/build/lib/task_1
[1.756s] copying task_1/__init__.py -> /home/lucifer/ros2_ws/build/task_1/build/lib/task_1
[1.756s] running install
[1.763s] running install_lib
[1.788s] running install_data
[1.789s] copying resource/task_1 -> /home/lucifer/ros2_ws/install/task_1/share/ament_index/resource_index/packages
[1.789s] copying package.xml -> /home/lucifer/ros2_ws/install/task_1/share/task_1
[1.789s] copying launch/pub_sub_launch.py -> /home/lucifer/ros2_ws/install/task_1/share/task_1
[1.790s] running install_egg_info
[1.815s] removing '/home/lucifer/ros2_ws/install/task_1/lib/python3.10/site-packages/task_1-0.0.0-py3.10.egg-info' (and everything under it)
[1.815s] Copying ../../build/task_1/task_1.egg-info to /home/lucifer/ros2_ws/install/task_1/lib/python3.10/site-packages/task_1-0.0.0-py3.10.egg-info
[1.817s] running install_scripts
[2.031s] Installing listener script to /home/lucifer/ros2_ws/install/task_1/lib/task_1
[2.031s] Installing talker script to /home/lucifer/ros2_ws/install/task_1/lib/task_1
[2.032s] writing list of installed files to '/home/lucifer/ros2_ws/build/task_1/install.log'
[2.075s] Invoked command in '/home/lucifer/ros2_ws/src/task_1' returned '0': PYTHONPATH=/home/lucifer/ros2_ws/build/task_1/prefix_override:/usr/lib/python3/dist-packages/colcon_core/task/python/colcon_distutils_commands:/home/lucifer/ros2_ws/install/task_1/lib/python3.10/site-packages:${PYTHONPATH} /usr/bin/python3 -W ignore:setup.py install is deprecated setup.py egg_info --egg-base ../../build/task_1 build --build-base /home/lucifer/ros2_ws/build/task_1/build install --record /home/lucifer/ros2_ws/build/task_1/install.log --single-version-externally-managed install_data
