[0.160s] DEBUG:colcon:Command line arguments: ['/usr/bin/colcon', 'build']
[0.160s] DEBUG:colcon:Parsed command line arguments: Namespace(log_base=None, log_level=None, verb_name='build', build_base='build', install_base='install', merge_install=False, symlink_install=False, test_result_base=None, continue_on_error=False, executor='parallel', parallel_workers=12, event_handlers=None, ignore_user_meta=False, metas=['./colcon.meta'], base_paths=['.'], packages_ignore=None, packages_ignore_regex=None, paths=None, packages_up_to=None, packages_up_to_regex=None, packages_above=None, packages_above_and_dependencies=None, packages_above_depth=None, packages_select_by_dep=None, packages_skip_by_dep=None, packages_skip_up_to=None, packages_select_build_failed=False, packages_skip_build_finished=False, packages_select_test_failures=False, packages_skip_test_passed=False, packages_select=None, packages_skip=None, packages_select_regex=None, packages_skip_regex=None, packages_start=None, packages_end=None, allow_overriding=[], cmake_args=None, cmake_target=None, cmake_target_skip_unavailable=False, cmake_clean_cache=False, cmake_clean_first=False, cmake_force_configure=False, ament_cmake_args=None, catkin_cmake_args=None, catkin_skip_building_tests=False, mixin_files=None, mixin=None, verb_parser=<colcon_mixin.mixin.mixin_argument.MixinArgumentDecorator object at 0x76541383f310>, verb_extension=<colcon_core.verb.build.BuildVerb object at 0x7654139e81c0>, main=<bound method BuildVerb.main of <colcon_core.verb.build.BuildVerb object at 0x7654139e81c0>>, mixin_verb=('build',))
[0.218s] Level 1:colcon.colcon_core.package_discovery:discover_packages(colcon_meta) check parameters
[0.218s] Level 1:colcon.colcon_core.package_discovery:discover_packages(recursive) check parameters
[0.218s] Level 1:colcon.colcon_core.package_discovery:discover_packages(ignore) check parameters
[0.218s] Level 1:colcon.colcon_core.package_discovery:discover_packages(path) check parameters
[0.219s] Level 1:colcon.colcon_core.package_discovery:discover_packages(colcon_meta) discover
[0.219s] Level 1:colcon.colcon_core.package_discovery:discover_packages(recursive) discover
[0.219s] INFO:colcon.colcon_core.package_discovery:Crawling recursively for packages in '/home/lucifer/ros2_ws'
[0.219s] Level 1:colcon.colcon_core.package_identification:_identify(.) by extensions ['ignore', 'ignore_ament_install']
[0.219s] Level 1:colcon.colcon_core.package_identification:_identify(.) by extension 'ignore'
[0.219s] Level 1:colcon.colcon_core.package_identification:_identify(.) by extension 'ignore_ament_install'
[0.219s] Level 1:colcon.colcon_core.package_identification:_identify(.) by extensions ['colcon_pkg']
[0.219s] Level 1:colcon.colcon_core.package_identification:_identify(.) by extension 'colcon_pkg'
[0.219s] Level 1:colcon.colcon_core.package_identification:_identify(.) by extensions ['colcon_meta']
[0.219s] Level 1:colcon.colcon_core.package_identification:_identify(.) by extension 'colcon_meta'
[0.219s] Level 1:colcon.colcon_core.package_identification:_identify(.) by extensions ['ros']
[0.219s] Level 1:colcon.colcon_core.package_identification:_identify(.) by extension 'ros'
[0.242s] Level 1:colcon.colcon_core.package_identification:_identify(.) by extensions ['cmake', 'python']
[0.242s] Level 1:colcon.colcon_core.package_identification:_identify(.) by extension 'cmake'
[0.243s] Level 1:colcon.colcon_core.package_identification:_identify(.) by extension 'python'
[0.243s] Level 1:colcon.colcon_core.package_identification:_identify(.) by extensions ['python_setup_py']
[0.243s] Level 1:colcon.colcon_core.package_identification:_identify(.) by extension 'python_setup_py'
[0.243s] Level 1:colcon.colcon_core.package_identification:_identify(build) by extensions ['ignore', 'ignore_ament_install']
[0.243s] Level 1:colcon.colcon_core.package_identification:_identify(build) by extension 'ignore'
[0.243s] Level 1:colcon.colcon_core.package_identification:_identify(build) ignored
[0.243s] Level 1:colcon.colcon_core.package_identification:_identify(install) by extensions ['ignore', 'ignore_ament_install']
[0.243s] Level 1:colcon.colcon_core.package_identification:_identify(install) by extension 'ignore'
[0.243s] Level 1:colcon.colcon_core.package_identification:_identify(install) ignored
[0.244s] Level 1:colcon.colcon_core.package_identification:_identify(log) by extensions ['ignore', 'ignore_ament_install']
[0.244s] Level 1:colcon.colcon_core.package_identification:_identify(log) by extension 'ignore'
[0.244s] Level 1:colcon.colcon_core.package_identification:_identify(log) ignored
[0.244s] Level 1:colcon.colcon_core.package_identification:_identify(src) by extensions ['ignore', 'ignore_ament_install']
[0.244s] Level 1:colcon.colcon_core.package_identification:_identify(src) by extension 'ignore'
[0.244s] Level 1:colcon.colcon_core.package_identification:_identify(src) by extension 'ignore_ament_install'
[0.244s] Level 1:colcon.colcon_core.package_identification:_identify(src) by extensions ['colcon_pkg']
[0.244s] Level 1:colcon.colcon_core.package_identification:_identify(src) by extension 'colcon_pkg'
[0.244s] Level 1:colcon.colcon_core.package_identification:_identify(src) by extensions ['colcon_meta']
[0.244s] Level 1:colcon.colcon_core.package_identification:_identify(src) by extension 'colcon_meta'
[0.244s] Level 1:colcon.colcon_core.package_identification:_identify(src) by extensions ['ros']
[0.244s] Level 1:colcon.colcon_core.package_identification:_identify(src) by extension 'ros'
[0.245s] Level 1:colcon.colcon_core.package_identification:_identify(src) by extensions ['cmake', 'python']
[0.245s] Level 1:colcon.colcon_core.package_identification:_identify(src) by extension 'cmake'
[0.245s] Level 1:colcon.colcon_core.package_identification:_identify(src) by extension 'python'
[0.245s] Level 1:colcon.colcon_core.package_identification:_identify(src) by extensions ['python_setup_py']
[0.245s] Level 1:colcon.colcon_core.package_identification:_identify(src) by extension 'python_setup_py'
[0.245s] Level 1:colcon.colcon_core.package_identification:_identify(src/task_1) by extensions ['ignore', 'ignore_ament_install']
[0.245s] Level 1:colcon.colcon_core.package_identification:_identify(src/task_1) by extension 'ignore'
[0.245s] Level 1:colcon.colcon_core.package_identification:_identify(src/task_1) by extension 'ignore_ament_install'
[0.245s] Level 1:colcon.colcon_core.package_identification:_identify(src/task_1) by extensions ['colcon_pkg']
[0.245s] Level 1:colcon.colcon_core.package_identification:_identify(src/task_1) by extension 'colcon_pkg'
[0.245s] Level 1:colcon.colcon_core.package_identification:_identify(src/task_1) by extensions ['colcon_meta']
[0.245s] Level 1:colcon.colcon_core.package_identification:_identify(src/task_1) by extension 'colcon_meta'
[0.245s] Level 1:colcon.colcon_core.package_identification:_identify(src/task_1) by extensions ['ros']
[0.245s] Level 1:colcon.colcon_core.package_identification:_identify(src/task_1) by extension 'ros'
[0.249s] DEBUG:colcon.colcon_core.package_identification:Package 'src/task_1' with type 'ros.ament_python' and name 'task_1'
[0.249s] Level 1:colcon.colcon_core.package_discovery:discover_packages(recursive) using defaults
[0.249s] Level 1:colcon.colcon_core.package_discovery:discover_packages(ignore) discover
[0.249s] Level 1:colcon.colcon_core.package_discovery:discover_packages(ignore) using defaults
[0.249s] Level 1:colcon.colcon_core.package_discovery:discover_packages(path) discover
[0.249s] Level 1:colcon.colcon_core.package_discovery:discover_packages(path) using defaults
[0.279s] Level 1:colcon.colcon_core.package_discovery:discover_packages(prefix_path) check parameters
[0.279s] Level 1:colcon.colcon_core.package_discovery:discover_packages(prefix_path) discover
[0.281s] DEBUG:colcon.colcon_installed_package_information.package_discovery:Found 1 installed packages in /home/lucifer/ros2_ws/install
[0.284s] DEBUG:colcon.colcon_installed_package_information.package_discovery:Found 347 installed packages in /opt/ros/humble
[0.286s] Level 1:colcon.colcon_core.package_discovery:discover_packages(prefix_path) using defaults
[0.350s] Level 5:colcon.colcon_core.verb:set package 'task_1' build argument 'cmake_args' from command line to 'None'
[0.350s] Level 5:colcon.colcon_core.verb:set package 'task_1' build argument 'cmake_target' from command line to 'None'
[0.350s] Level 5:colcon.colcon_core.verb:set package 'task_1' build argument 'cmake_target_skip_unavailable' from command line to 'False'
[0.350s] Level 5:colcon.colcon_core.verb:set package 'task_1' build argument 'cmake_clean_cache' from command line to 'False'
[0.350s] Level 5:colcon.colcon_core.verb:set package 'task_1' build argument 'cmake_clean_first' from command line to 'False'
[0.350s] Level 5:colcon.colcon_core.verb:set package 'task_1' build argument 'cmake_force_configure' from command line to 'False'
[0.350s] Level 5:colcon.colcon_core.verb:set package 'task_1' build argument 'ament_cmake_args' from command line to 'None'
[0.350s] Level 5:colcon.colcon_core.verb:set package 'task_1' build argument 'catkin_cmake_args' from command line to 'None'
[0.350s] Level 5:colcon.colcon_core.verb:set package 'task_1' build argument 'catkin_skip_building_tests' from command line to 'False'
[0.350s] DEBUG:colcon.colcon_core.verb:Building package 'task_1' with the following arguments: {'ament_cmake_args': None, 'build_base': '/home/lucifer/ros2_ws/build/task_1', 'catkin_cmake_args': None, 'catkin_skip_building_tests': False, 'cmake_args': None, 'cmake_clean_cache': False, 'cmake_clean_first': False, 'cmake_force_configure': False, 'cmake_target': None, 'cmake_target_skip_unavailable': False, 'install_base': '/home/lucifer/ros2_ws/install/task_1', 'merge_install': False, 'path': '/home/lucifer/ros2_ws/src/task_1', 'symlink_install': False, 'test_result_base': None}
[0.350s] INFO:colcon.colcon_core.executor:Executing jobs using 'parallel' executor
[0.352s] DEBUG:colcon.colcon_parallel_executor.executor.parallel:run_until_complete
[0.352s] INFO:colcon.colcon_ros.task.ament_python.build:Building ROS package in '/home/lucifer/ros2_ws/src/task_1' with build type 'ament_python'
[0.352s] Level 1:colcon.colcon_core.shell:create_environment_hook('task_1', 'ament_prefix_path')
[0.356s] INFO:colcon.colcon_core.plugin_system:Skipping extension 'colcon_core.shell.bat': Not used on non-Windows systems
[0.356s] INFO:colcon.colcon_core.shell:Creating environment hook '/home/lucifer/ros2_ws/install/task_1/share/task_1/hook/ament_prefix_path.ps1'
[0.357s] INFO:colcon.colcon_core.shell:Creating environment descriptor '/home/lucifer/ros2_ws/install/task_1/share/task_1/hook/ament_prefix_path.dsv'
[0.357s] INFO:colcon.colcon_core.shell:Creating environment hook '/home/lucifer/ros2_ws/install/task_1/share/task_1/hook/ament_prefix_path.sh'
[0.359s] INFO:colcon.colcon_core.shell:Skip shell extension 'powershell' for command environment: Not usable outside of PowerShell
[0.359s] DEBUG:colcon.colcon_core.shell:Skip shell extension 'dsv' for command environment
[0.736s] INFO:colcon.colcon_core.task.python.build:Building Python package in '/home/lucifer/ros2_ws/src/task_1'
[0.737s] INFO:colcon.colcon_core.shell:Skip shell extension 'powershell' for command environment: Not usable outside of PowerShell
[0.737s] DEBUG:colcon.colcon_core.shell:Skip shell extension 'dsv' for command environment
[1.752s] DEBUG:colcon.colcon_core.event_handler.log_command:Invoking command in '/home/lucifer/ros2_ws/src/task_1': PYTHONPATH=/home/lucifer/ros2_ws/build/task_1/prefix_override:/usr/lib/python3/dist-packages/colcon_core/task/python/colcon_distutils_commands:/home/lucifer/ros2_ws/install/task_1/lib/python3.10/site-packages:${PYTHONPATH} /usr/bin/python3 -W ignore:setup.py install is deprecated setup.py egg_info --egg-base ../../build/task_1 build --build-base /home/lucifer/ros2_ws/build/task_1/build install --record /home/lucifer/ros2_ws/build/task_1/install.log --single-version-externally-managed install_data
[2.536s] DEBUG:colcon.colcon_core.event_handler.log_command:Invoked command in '/home/lucifer/ros2_ws/src/task_1' returned '0': PYTHONPATH=/home/lucifer/ros2_ws/build/task_1/prefix_override:/usr/lib/python3/dist-packages/colcon_core/task/python/colcon_distutils_commands:/home/lucifer/ros2_ws/install/task_1/lib/python3.10/site-packages:${PYTHONPATH} /usr/bin/python3 -W ignore:setup.py install is deprecated setup.py egg_info --egg-base ../../build/task_1 build --build-base /home/lucifer/ros2_ws/build/task_1/build install --record /home/lucifer/ros2_ws/build/task_1/install.log --single-version-externally-managed install_data
[2.539s] Level 1:colcon.colcon_core.environment:checking '/home/lucifer/ros2_ws/install/task_1' for CMake module files
[2.539s] Level 1:colcon.colcon_core.environment:checking '/home/lucifer/ros2_ws/install/task_1' for CMake config files
[2.540s] Level 1:colcon.colcon_core.environment:checking '/home/lucifer/ros2_ws/install/task_1/lib'
[2.540s] Level 1:colcon.colcon_core.environment:checking '/home/lucifer/ros2_ws/install/task_1/bin'
[2.540s] Level 1:colcon.colcon_core.environment:checking '/home/lucifer/ros2_ws/install/task_1/lib/pkgconfig/task_1.pc'
[2.541s] Level 1:colcon.colcon_core.environment:checking '/home/lucifer/ros2_ws/install/task_1/lib/python3.10/site-packages'
[2.541s] Level 1:colcon.colcon_core.shell:create_environment_hook('task_1', 'pythonpath')
[2.541s] INFO:colcon.colcon_core.shell:Creating environment hook '/home/lucifer/ros2_ws/install/task_1/share/task_1/hook/pythonpath.ps1'
[2.542s] INFO:colcon.colcon_core.shell:Creating environment descriptor '/home/lucifer/ros2_ws/install/task_1/share/task_1/hook/pythonpath.dsv'
[2.542s] INFO:colcon.colcon_core.shell:Creating environment hook '/home/lucifer/ros2_ws/install/task_1/share/task_1/hook/pythonpath.sh'
[2.543s] Level 1:colcon.colcon_core.environment:checking '/home/lucifer/ros2_ws/install/task_1/bin'
[2.543s] Level 1:colcon.colcon_core.environment:create_environment_scripts_only(task_1)
[2.543s] INFO:colcon.colcon_core.shell:Creating package script '/home/lucifer/ros2_ws/install/task_1/share/task_1/package.ps1'
[2.544s] INFO:colcon.colcon_core.shell:Creating package descriptor '/home/lucifer/ros2_ws/install/task_1/share/task_1/package.dsv'
[2.545s] INFO:colcon.colcon_core.shell:Creating package script '/home/lucifer/ros2_ws/install/task_1/share/task_1/package.sh'
[2.546s] INFO:colcon.colcon_core.shell:Creating package script '/home/lucifer/ros2_ws/install/task_1/share/task_1/package.bash'
[2.546s] INFO:colcon.colcon_core.shell:Creating package script '/home/lucifer/ros2_ws/install/task_1/share/task_1/package.zsh'
[2.547s] Level 1:colcon.colcon_core.environment:create_file_with_runtime_dependencies(/home/lucifer/ros2_ws/install/task_1/share/colcon-core/packages/task_1)
[2.548s] DEBUG:colcon.colcon_parallel_executor.executor.parallel:closing loop
[2.548s] DEBUG:colcon.colcon_parallel_executor.executor.parallel:loop closed
[2.548s] DEBUG:colcon.colcon_parallel_executor.executor.parallel:run_until_complete finished with '0'
[2.548s] DEBUG:colcon.colcon_core.event_reactor:joining thread
[2.570s] INFO:colcon.colcon_core.plugin_system:Skipping extension 'colcon_notification.desktop_notification.terminal_notifier': Not used on non-Darwin systems
[2.570s] INFO:colcon.colcon_core.plugin_system:Skipping extension 'colcon_notification.desktop_notification.win32': Not used on non-Windows systems
[2.570s] INFO:colcon.colcon_notification.desktop_notification:Sending desktop notification using 'notify2'
[2.589s] DEBUG:colcon.colcon_core.event_reactor:joined thread
[2.589s] INFO:colcon.colcon_core.shell:Creating prefix script '/home/lucifer/ros2_ws/install/local_setup.ps1'
[2.591s] INFO:colcon.colcon_core.shell:Creating prefix util module '/home/lucifer/ros2_ws/install/_local_setup_util_ps1.py'
[2.594s] INFO:colcon.colcon_core.shell:Creating prefix chain script '/home/lucifer/ros2_ws/install/setup.ps1'
[2.596s] INFO:colcon.colcon_core.shell:Creating prefix script '/home/lucifer/ros2_ws/install/local_setup.sh'
[2.598s] INFO:colcon.colcon_core.shell:Creating prefix util module '/home/lucifer/ros2_ws/install/_local_setup_util_sh.py'
[2.599s] INFO:colcon.colcon_core.shell:Creating prefix chain script '/home/lucifer/ros2_ws/install/setup.sh'
[2.601s] INFO:colcon.colcon_core.shell:Creating prefix script '/home/lucifer/ros2_ws/install/local_setup.bash'
[2.602s] INFO:colcon.colcon_core.shell:Creating prefix chain script '/home/lucifer/ros2_ws/install/setup.bash'
[2.604s] INFO:colcon.colcon_core.shell:Creating prefix script '/home/lucifer/ros2_ws/install/local_setup.zsh'
[2.605s] INFO:colcon.colcon_core.shell:Creating prefix chain script '/home/lucifer/ros2_ws/install/setup.zsh'
