[1.557s] Invoking command in '/home/lucifer/ros2_ws/src/task_1': PYTHONPATH=/home/lucifer/ros2_ws/build/task_1/prefix_override:/usr/lib/python3/dist-packages/colcon_core/task/python/colcon_distutils_commands:/home/lucifer/ros2_ws/install/task_1/lib/python3.10/site-packages:${PYTHONPATH} /usr/bin/python3 -W ignore:setup.py install is deprecated setup.py egg_info --egg-base ../../build/task_1 build --build-base /home/lucifer/ros2_ws/build/task_1/build install --record /home/lucifer/ros2_ws/build/task_1/install.log --single-version-externally-managed install_data
[1.948s] running egg_info
[1.972s] writing ../../build/task_1/task_1.egg-info/PKG-INFO
[1.973s] writing dependency_links to ../../build/task_1/task_1.egg-info/dependency_links.txt
[1.973s] writing entry points to ../../build/task_1/task_1.egg-info/entry_points.txt
[1.973s] writing requirements to ../../build/task_1/task_1.egg-info/requires.txt
[1.974s] writing top-level names to ../../build/task_1/task_1.egg-info/top_level.txt
[2.024s] reading manifest file '../../build/task_1/task_1.egg-info/SOURCES.txt'
[2.024s] adding license file 'LICENSE'
[2.025s] writing manifest file '../../build/task_1/task_1.egg-info/SOURCES.txt'
[2.025s] running build
[2.025s] running build_py
[2.026s] copying task_1/publisher_member_function.py -> /home/lucifer/ros2_ws/build/task_1/build/lib/task_1
[2.026s] copying task_1/subscriber_member_function.py -> /home/lucifer/ros2_ws/build/task_1/build/lib/task_1
[2.026s] copying task_1/__init__.py -> /home/lucifer/ros2_ws/build/task_1/build/lib/task_1
[2.027s] running install
[2.034s] running install_lib
[2.060s] running install_data
[2.060s] copying resource/task_1 -> /home/lucifer/ros2_ws/install/task_1/share/ament_index/resource_index/packages
[2.060s] copying package.xml -> /home/lucifer/ros2_ws/install/task_1/share/task_1
[2.061s] copying launch/pub_sub_launch.py -> /home/lucifer/ros2_ws/install/task_1/share/task_1
[2.061s] running install_egg_info
[2.087s] removing '/home/lucifer/ros2_ws/install/task_1/lib/python3.10/site-packages/task_1-0.0.0-py3.10.egg-info' (and everything under it)
[2.088s] Copying ../../build/task_1/task_1.egg-info to /home/lucifer/ros2_ws/install/task_1/lib/python3.10/site-packages/task_1-0.0.0-py3.10.egg-info
[2.089s] running install_scripts
[2.307s] Installing listener script to /home/lucifer/ros2_ws/install/task_1/lib/task_1
[2.307s] Installing talker script to /home/lucifer/ros2_ws/install/task_1/lib/task_1
[2.307s] writing list of installed files to '/home/lucifer/ros2_ws/build/task_1/install.log'
[2.354s] Invoked command in '/home/lucifer/ros2_ws/src/task_1' returned '0': PYTHONPATH=/home/lucifer/ros2_ws/build/task_1/prefix_override:/usr/lib/python3/dist-packages/colcon_core/task/python/colcon_distutils_commands:/home/lucifer/ros2_ws/install/task_1/lib/python3.10/site-packages:${PYTHONPATH} /usr/bin/python3 -W ignore:setup.py install is deprecated setup.py egg_info --egg-base ../../build/task_1 build --build-base /home/lucifer/ros2_ws/build/task_1/build install --record /home/lucifer/ros2_ws/build/task_1/install.log --single-version-externally-managed install_data
