[1.575s] Invoking command in '/home/lucifer/ros2_ws/src/task_1': PYTHONPATH=/home/lucifer/ros2_ws/build/task_1/prefix_override:/usr/lib/python3/dist-packages/colcon_core/task/python/colcon_distutils_commands:/home/lucifer/ros2_ws/install/task_1/lib/python3.10/site-packages:${PYTHONPATH} /usr/bin/python3 -W ignore:setup.py install is deprecated setup.py egg_info --egg-base ../../build/task_1 build --build-base /home/lucifer/ros2_ws/build/task_1/build install --record /home/lucifer/ros2_ws/build/task_1/install.log --single-version-externally-managed install_data
[1.963s] running egg_info
[1.988s] writing ../../build/task_1/task_1.egg-info/PKG-INFO
[1.988s] writing dependency_links to ../../build/task_1/task_1.egg-info/dependency_links.txt
[1.989s] writing entry points to ../../build/task_1/task_1.egg-info/entry_points.txt
[1.989s] writing requirements to ../../build/task_1/task_1.egg-info/requires.txt
[1.989s] writing top-level names to ../../build/task_1/task_1.egg-info/top_level.txt
[2.040s] reading manifest file '../../build/task_1/task_1.egg-info/SOURCES.txt'
[2.040s] adding license file 'LICENSE'
[2.041s] writing manifest file '../../build/task_1/task_1.egg-info/SOURCES.txt'
[2.041s] running build
[2.041s] running build_py
[2.042s] copying task_1/publisher_member_function.py -> /home/lucifer/ros2_ws/build/task_1/build/lib/task_1
[2.042s] copying task_1/subscriber_member_function.py -> /home/lucifer/ros2_ws/build/task_1/build/lib/task_1
[2.042s] copying task_1/__init__.py -> /home/lucifer/ros2_ws/build/task_1/build/lib/task_1
[2.043s] running install
[2.050s] running install_lib
[2.075s] running install_data
[2.076s] copying resource/task_1 -> /home/lucifer/ros2_ws/install/task_1/share/ament_index/resource_index/packages
[2.076s] copying package.xml -> /home/lucifer/ros2_ws/install/task_1/share/task_1
[2.076s] copying launch/pub_sub_launch.py -> /home/lucifer/ros2_ws/install/task_1/share/task_1
[2.076s] running install_egg_info
[2.102s] removing '/home/lucifer/ros2_ws/install/task_1/lib/python3.10/site-packages/task_1-0.0.0-py3.10.egg-info' (and everything under it)
[2.103s] Copying ../../build/task_1/task_1.egg-info to /home/lucifer/ros2_ws/install/task_1/lib/python3.10/site-packages/task_1-0.0.0-py3.10.egg-info
[2.104s] running install_scripts
[2.316s] Installing listener script to /home/lucifer/ros2_ws/install/task_1/lib/task_1
[2.316s] Installing talker script to /home/lucifer/ros2_ws/install/task_1/lib/task_1
[2.317s] writing list of installed files to '/home/lucifer/ros2_ws/build/task_1/install.log'
[2.360s] Invoked command in '/home/lucifer/ros2_ws/src/task_1' returned '0': PYTHONPATH=/home/lucifer/ros2_ws/build/task_1/prefix_override:/usr/lib/python3/dist-packages/colcon_core/task/python/colcon_distutils_commands:/home/lucifer/ros2_ws/install/task_1/lib/python3.10/site-packages:${PYTHONPATH} /usr/bin/python3 -W ignore:setup.py install is deprecated setup.py egg_info --egg-base ../../build/task_1 build --build-base /home/lucifer/ros2_ws/build/task_1/build install --record /home/lucifer/ros2_ws/build/task_1/install.log --single-version-externally-managed install_data
