[0.083s] Invoking command in '/home/lucifer/ros2_ws/build/task_2_interface': CMAKE_PREFIX_PATH=${CMAKE_PREFIX_PATH}:/home/lucifer/ros2_ws/install/task_2:/home/lucifer/ros2_ws/install/task_1:/opt/ros/humble /usr/bin/cmake --build /home/lucifer/ros2_ws/build/task_2_interface -- -j12 -l12
[0.293s] [  2%] Built target task_2_interface__cpp
[0.306s] [ 12%] Built target task_2_interface__rosidl_generator_c
[0.334s] [ 12%] Built target ament_cmake_python_symlink_task_2_interface
[0.350s] [ 33%] Built target task_2_interface__rosidl_typesupport_introspection_cpp
[0.351s] [ 33%] Built target task_2_interface__rosidl_typesupport_cpp
[0.354s] [ 43%] Built target task_2_interface__rosidl_typesupport_fastrtps_cpp
[0.364s] [ 53%] Built target task_2_interface__rosidl_typesupport_fastrtps_c
[0.365s] [ 64%] Built target task_2_interface__rosidl_typesupport_c
[0.365s] [ 74%] Built target task_2_interface__rosidl_typesupport_introspection_c
[0.411s] [ 74%] Built target task_2_interface
[0.453s] [ 76%] Built target task_2_interface__py
[0.504s] [ 84%] Built target task_2_interface__rosidl_generator_py
[0.552s] [ 94%] Built target task_2_interface__rosidl_typesupport_fastrtps_c__pyext
[0.553s] [ 94%] Built target task_2_interface__rosidl_typesupport_c__pyext
[0.553s] [100%] Built target task_2_interface__rosidl_typesupport_introspection_c__pyext
[0.753s] running egg_info
[0.781s] writing task_2_interface.egg-info/PKG-INFO
[0.784s] writing dependency_links to task_2_interface.egg-info/dependency_links.txt
[0.785s] writing top-level names to task_2_interface.egg-info/top_level.txt
[0.867s] reading manifest file 'task_2_interface.egg-info/SOURCES.txt'
[0.879s] writing manifest file 'task_2_interface.egg-info/SOURCES.txt'
[0.944s] [100%] Built target ament_cmake_python_build_task_2_interface_egg
[0.969s] Invoked command in '/home/lucifer/ros2_ws/build/task_2_interface' returned '0': CMAKE_PREFIX_PATH=${CMAKE_PREFIX_PATH}:/home/lucifer/ros2_ws/install/task_2:/home/lucifer/ros2_ws/install/task_1:/opt/ros/humble /usr/bin/cmake --build /home/lucifer/ros2_ws/build/task_2_interface -- -j12 -l12
[1.155s] Invoking command in '/home/lucifer/ros2_ws/build/task_2_interface': CMAKE_PREFIX_PATH=${CMAKE_PREFIX_PATH}:/home/lucifer/ros2_ws/install/task_2:/home/lucifer/ros2_ws/install/task_1:/opt/ros/humble /usr/bin/cmake --install /home/lucifer/ros2_ws/build/task_2_interface
[1.171s] -- Install configuration: ""
[1.198s] -- Execute custom install script
[1.198s] -- Up-to-date symlink: /home/lucifer/ros2_ws/install/task_2_interface/share/ament_index/resource_index/rosidl_interfaces/task_2_interface
[1.200s] -- Up-to-date symlink: /home/lucifer/ros2_ws/install/task_2_interface/include/task_2_interface/task_2_interface/msg/detail/joint_data__functions.h
[1.200s] -- Up-to-date symlink: /home/lucifer/ros2_ws/install/task_2_interface/include/task_2_interface/task_2_interface/msg/detail/joint_data__struct.h
[1.201s] -- Up-to-date symlink: /home/lucifer/ros2_ws/install/task_2_interface/include/task_2_interface/task_2_interface/msg/detail/joint_data__type_support.h
[1.201s] -- Up-to-date symlink: /home/lucifer/ros2_ws/install/task_2_interface/include/task_2_interface/task_2_interface/msg/joint_data.h
[1.201s] -- Up-to-date symlink: /home/lucifer/ros2_ws/install/task_2_interface/include/task_2_interface/task_2_interface/msg/rosidl_generator_c__visibility_control.h
[1.202s] -- Up-to-date symlink: /home/lucifer/ros2_ws/install/task_2_interface/include/task_2_interface/task_2_interface/srv/detail/joint_data__functions.h
[1.202s] -- Up-to-date symlink: /home/lucifer/ros2_ws/install/task_2_interface/include/task_2_interface/task_2_interface/srv/detail/joint_data__struct.h
[1.202s] -- Up-to-date symlink: /home/lucifer/ros2_ws/install/task_2_interface/include/task_2_interface/task_2_interface/srv/detail/joint_data__type_support.h
[1.202s] -- Up-to-date symlink: /home/lucifer/ros2_ws/install/task_2_interface/include/task_2_interface/task_2_interface/srv/joint_data.h
[1.203s] -- Up-to-date symlink: /home/lucifer/ros2_ws/install/task_2_interface/share/task_2_interface/environment/library_path.sh
[1.203s] -- Up-to-date symlink: /home/lucifer/ros2_ws/install/task_2_interface/share/task_2_interface/environment/library_path.dsv
[1.205s] -- Up-to-date symlink: /home/lucifer/ros2_ws/install/task_2_interface/include/task_2_interface/task_2_interface/msg/detail/joint_data__rosidl_typesupport_fastrtps_c.h
[1.233s] -- Up-to-date symlink: /home/lucifer/ros2_ws/install/task_2_interface/include/task_2_interface/task_2_interface/msg/rosidl_typesupport_fastrtps_c__visibility_control.h
[1.234s] -- Up-to-date symlink: /home/lucifer/ros2_ws/install/task_2_interface/include/task_2_interface/task_2_interface/srv/detail/joint_data__rosidl_typesupport_fastrtps_c.h
[1.239s] -- Up-to-date symlink: /home/lucifer/ros2_ws/install/task_2_interface/include/task_2_interface/task_2_interface/msg/detail/joint_data__builder.hpp
[1.239s] -- Up-to-date symlink: /home/lucifer/ros2_ws/install/task_2_interface/include/task_2_interface/task_2_interface/msg/detail/joint_data__struct.hpp
[1.239s] -- Up-to-date symlink: /home/lucifer/ros2_ws/install/task_2_interface/include/task_2_interface/task_2_interface/msg/detail/joint_data__traits.hpp
[1.240s] -- Up-to-date symlink: /home/lucifer/ros2_ws/install/task_2_interface/include/task_2_interface/task_2_interface/msg/joint_data.hpp
[1.240s] -- Up-to-date symlink: /home/lucifer/ros2_ws/install/task_2_interface/include/task_2_interface/task_2_interface/srv/detail/joint_data__builder.hpp
[1.240s] -- Up-to-date symlink: /home/lucifer/ros2_ws/install/task_2_interface/include/task_2_interface/task_2_interface/srv/detail/joint_data__struct.hpp
[1.240s] -- Up-to-date symlink: /home/lucifer/ros2_ws/install/task_2_interface/include/task_2_interface/task_2_interface/srv/detail/joint_data__traits.hpp
[1.240s] -- Up-to-date symlink: /home/lucifer/ros2_ws/install/task_2_interface/include/task_2_interface/task_2_interface/srv/joint_data.hpp
[1.270s] -- Up-to-date symlink: /home/lucifer/ros2_ws/install/task_2_interface/include/task_2_interface/task_2_interface/msg/detail/joint_data__rosidl_typesupport_fastrtps_cpp.hpp
[1.270s] -- Up-to-date symlink: /home/lucifer/ros2_ws/install/task_2_interface/include/task_2_interface/task_2_interface/msg/rosidl_typesupport_fastrtps_cpp__visibility_control.h
[1.270s] -- Up-to-date symlink: /home/lucifer/ros2_ws/install/task_2_interface/include/task_2_interface/task_2_interface/srv/detail/joint_data__rosidl_typesupport_fastrtps_cpp.hpp
[1.302s] -- Up-to-date symlink: /home/lucifer/ros2_ws/install/task_2_interface/include/task_2_interface/task_2_interface/msg/detail/joint_data__rosidl_typesupport_introspection_c.h
[1.302s] -- Up-to-date symlink: /home/lucifer/ros2_ws/install/task_2_interface/include/task_2_interface/task_2_interface/msg/rosidl_typesupport_introspection_c__visibility_control.h
[1.302s] -- Up-to-date symlink: /home/lucifer/ros2_ws/install/task_2_interface/include/task_2_interface/task_2_interface/srv/detail/joint_data__rosidl_typesupport_introspection_c.h
[1.304s] -- Up-to-date symlink: /home/lucifer/ros2_ws/install/task_2_interface/include/task_2_interface/task_2_interface/msg/detail/joint_data__rosidl_typesupport_introspection_cpp.hpp
[1.326s] -- Up-to-date symlink: /home/lucifer/ros2_ws/install/task_2_interface/include/task_2_interface/task_2_interface/srv/detail/joint_data__rosidl_typesupport_introspection_cpp.hpp
[1.327s] -- Up-to-date symlink: /home/lucifer/ros2_ws/install/task_2_interface/share/task_2_interface/environment/pythonpath.sh
[1.330s] -- Up-to-date symlink: /home/lucifer/ros2_ws/install/task_2_interface/share/task_2_interface/environment/pythonpath.dsv
[1.331s] -- Up-to-date symlink: /home/lucifer/ros2_ws/install/task_2_interface/local/lib/python3.10/dist-packages/task_2_interface-0.0.0-py3.10.egg-info/PKG-INFO
[1.331s] -- Up-to-date symlink: /home/lucifer/ros2_ws/install/task_2_interface/local/lib/python3.10/dist-packages/task_2_interface-0.0.0-py3.10.egg-info/SOURCES.txt
[1.332s] -- Up-to-date symlink: /home/lucifer/ros2_ws/install/task_2_interface/local/lib/python3.10/dist-packages/task_2_interface-0.0.0-py3.10.egg-info/dependency_links.txt
[1.333s] -- Up-to-date symlink: /home/lucifer/ros2_ws/install/task_2_interface/local/lib/python3.10/dist-packages/task_2_interface-0.0.0-py3.10.egg-info/top_level.txt
[1.335s] -- Up-to-date symlink: /home/lucifer/ros2_ws/install/task_2_interface/local/lib/python3.10/dist-packages/task_2_interface/__init__.py
[1.336s] -- Up-to-date symlink: /home/lucifer/ros2_ws/install/task_2_interface/local/lib/python3.10/dist-packages/task_2_interface/_task_2_interface_s.ep.rosidl_typesupport_c.c
[1.337s] -- Up-to-date symlink: /home/lucifer/ros2_ws/install/task_2_interface/local/lib/python3.10/dist-packages/task_2_interface/_task_2_interface_s.ep.rosidl_typesupport_fastrtps_c.c
[1.352s] -- Up-to-date symlink: /home/lucifer/ros2_ws/install/task_2_interface/local/lib/python3.10/dist-packages/task_2_interface/_task_2_interface_s.ep.rosidl_typesupport_introspection_c.c
[1.356s] -- Up-to-date symlink: /home/lucifer/ros2_ws/install/task_2_interface/local/lib/python3.10/dist-packages/task_2_interface/libtask_2_interface__rosidl_generator_py.so
[1.356s] -- Up-to-date symlink: /home/lucifer/ros2_ws/install/task_2_interface/local/lib/python3.10/dist-packages/task_2_interface/msg/__init__.py
[1.357s] -- Up-to-date symlink: /home/lucifer/ros2_ws/install/task_2_interface/local/lib/python3.10/dist-packages/task_2_interface/msg/_joint_data.py
[1.357s] -- Up-to-date symlink: /home/lucifer/ros2_ws/install/task_2_interface/local/lib/python3.10/dist-packages/task_2_interface/msg/_joint_data_s.c
[1.357s] -- Up-to-date symlink: /home/lucifer/ros2_ws/install/task_2_interface/local/lib/python3.10/dist-packages/task_2_interface/srv/__init__.py
[1.358s] -- Up-to-date symlink: /home/lucifer/ros2_ws/install/task_2_interface/local/lib/python3.10/dist-packages/task_2_interface/srv/_joint_data.py
[1.358s] -- Up-to-date symlink: /home/lucifer/ros2_ws/install/task_2_interface/local/lib/python3.10/dist-packages/task_2_interface/srv/_joint_data_s.c
[1.358s] -- Up-to-date symlink: /home/lucifer/ros2_ws/install/task_2_interface/local/lib/python3.10/dist-packages/task_2_interface/task_2_interface_s__rosidl_typesupport_c.cpython-310-x86_64-linux-gnu.so
[1.358s] -- Up-to-date symlink: /home/lucifer/ros2_ws/install/task_2_interface/local/lib/python3.10/dist-packages/task_2_interface/task_2_interface_s__rosidl_typesupport_fastrtps_c.cpython-310-x86_64-linux-gnu.so
[1.359s] -- Up-to-date symlink: /home/lucifer/ros2_ws/install/task_2_interface/local/lib/python3.10/dist-packages/task_2_interface/task_2_interface_s__rosidl_typesupport_introspection_c.cpython-310-x86_64-linux-gnu.so
[1.359s] -- Up-to-date symlink: /home/lucifer/ros2_ws/install/task_2_interface/local/lib/python3.10/dist-packages/task_2_interface/task_2_interface_s__rosidl_typesupport_fastrtps_c.cpython-310-x86_64-linux-gnu.so
[1.360s] -- Up-to-date symlink: /home/lucifer/ros2_ws/install/task_2_interface/local/lib/python3.10/dist-packages/task_2_interface/task_2_interface_s__rosidl_typesupport_introspection_c.cpython-310-x86_64-linux-gnu.so
[1.361s] -- Up-to-date symlink: /home/lucifer/ros2_ws/install/task_2_interface/local/lib/python3.10/dist-packages/task_2_interface/task_2_interface_s__rosidl_typesupport_c.cpython-310-x86_64-linux-gnu.so
[1.361s] -- Up-to-date symlink: /home/lucifer/ros2_ws/install/task_2_interface/share/task_2_interface/msg/JointData.idl
[1.361s] -- Up-to-date symlink: /home/lucifer/ros2_ws/install/task_2_interface/share/task_2_interface/srv/JointData.idl
[1.362s] -- Up-to-date symlink: /home/lucifer/ros2_ws/install/task_2_interface/share/task_2_interface/msg/JointData.msg
[1.362s] -- Up-to-date symlink: /home/lucifer/ros2_ws/install/task_2_interface/share/task_2_interface/srv/JointData.srv
[1.362s] -- Up-to-date symlink: /home/lucifer/ros2_ws/install/task_2_interface/share/task_2_interface/srv/JointData_Request.msg
[1.363s] -- Up-to-date symlink: /home/lucifer/ros2_ws/install/task_2_interface/share/task_2_interface/srv/JointData_Response.msg
[1.363s] -- Up-to-date symlink: /home/lucifer/ros2_ws/install/task_2_interface/share/ament_index/resource_index/package_run_dependencies/task_2_interface
[1.376s] -- Up-to-date symlink: /home/lucifer/ros2_ws/install/task_2_interface/share/ament_index/resource_index/parent_prefix_path/task_2_interface
[1.378s] -- Up-to-date symlink: /home/lucifer/ros2_ws/install/task_2_interface/share/task_2_interface/environment/ament_prefix_path.sh
[1.379s] -- Up-to-date symlink: /home/lucifer/ros2_ws/install/task_2_interface/share/task_2_interface/environment/ament_prefix_path.dsv
[1.379s] -- Up-to-date symlink: /home/lucifer/ros2_ws/install/task_2_interface/share/task_2_interface/environment/path.sh
[1.380s] -- Up-to-date symlink: /home/lucifer/ros2_ws/install/task_2_interface/share/task_2_interface/environment/path.dsv
[1.380s] -- Up-to-date symlink: /home/lucifer/ros2_ws/install/task_2_interface/share/task_2_interface/local_setup.bash
[1.381s] -- Up-to-date symlink: /home/lucifer/ros2_ws/install/task_2_interface/share/task_2_interface/local_setup.sh
[1.381s] -- Up-to-date symlink: /home/lucifer/ros2_ws/install/task_2_interface/share/task_2_interface/local_setup.zsh
[1.382s] -- Up-to-date symlink: /home/lucifer/ros2_ws/install/task_2_interface/share/task_2_interface/local_setup.dsv
[1.382s] -- Symlinking: /home/lucifer/ros2_ws/install/task_2_interface/share/task_2_interface/package.dsv
[1.419s] -- Up-to-date symlink: /home/lucifer/ros2_ws/install/task_2_interface/share/ament_index/resource_index/packages/task_2_interface
[1.420s] -- Up-to-date symlink: /home/lucifer/ros2_ws/install/task_2_interface/share/task_2_interface/cmake/rosidl_cmake-extras.cmake
[1.422s] -- Up-to-date symlink: /home/lucifer/ros2_ws/install/task_2_interface/share/task_2_interface/cmake/ament_cmake_export_dependencies-extras.cmake
[1.423s] -- Up-to-date symlink: /home/lucifer/ros2_ws/install/task_2_interface/share/task_2_interface/cmake/ament_cmake_export_include_directories-extras.cmake
[1.423s] -- Up-to-date symlink: /home/lucifer/ros2_ws/install/task_2_interface/share/task_2_interface/cmake/ament_cmake_export_libraries-extras.cmake
[1.423s] -- Up-to-date symlink: /home/lucifer/ros2_ws/install/task_2_interface/share/task_2_interface/cmake/ament_cmake_export_targets-extras.cmake
[1.424s] -- Up-to-date symlink: /home/lucifer/ros2_ws/install/task_2_interface/share/task_2_interface/cmake/rosidl_cmake_export_typesupport_targets-extras.cmake
[1.425s] -- Up-to-date symlink: /home/lucifer/ros2_ws/install/task_2_interface/share/task_2_interface/cmake/rosidl_cmake_export_typesupport_libraries-extras.cmake
[1.425s] -- Up-to-date symlink: /home/lucifer/ros2_ws/install/task_2_interface/share/task_2_interface/cmake/task_2_interfaceConfig.cmake
[1.425s] -- Up-to-date symlink: /home/lucifer/ros2_ws/install/task_2_interface/share/task_2_interface/cmake/task_2_interfaceConfig-version.cmake
[1.426s] -- Up-to-date symlink: /home/lucifer/ros2_ws/install/task_2_interface/share/task_2_interface/package.xml
[1.445s] -- Up-to-date: /home/lucifer/ros2_ws/install/task_2_interface/lib/libtask_2_interface__rosidl_generator_c.so
[1.599s] -- Up-to-date: /home/lucifer/ros2_ws/install/task_2_interface/lib/libtask_2_interface__rosidl_typesupport_fastrtps_c.so
[1.602s] -- Up-to-date: /home/lucifer/ros2_ws/install/task_2_interface/lib/libtask_2_interface__rosidl_typesupport_fastrtps_cpp.so
[1.603s] -- Up-to-date: /home/lucifer/ros2_ws/install/task_2_interface/lib/libtask_2_interface__rosidl_typesupport_introspection_c.so
[1.604s] -- Up-to-date: /home/lucifer/ros2_ws/install/task_2_interface/lib/libtask_2_interface__rosidl_typesupport_c.so
[1.605s] -- Up-to-date: /home/lucifer/ros2_ws/install/task_2_interface/lib/libtask_2_interface__rosidl_typesupport_introspection_cpp.so
[1.606s] -- Up-to-date: /home/lucifer/ros2_ws/install/task_2_interface/lib/libtask_2_interface__rosidl_typesupport_cpp.so
[1.680s] Listing '/home/lucifer/ros2_ws/install/task_2_interface/local/lib/python3.10/dist-packages/task_2_interface'...
[1.680s] Listing '/home/lucifer/ros2_ws/install/task_2_interface/local/lib/python3.10/dist-packages/task_2_interface/msg'...
[1.680s] Listing '/home/lucifer/ros2_ws/install/task_2_interface/local/lib/python3.10/dist-packages/task_2_interface/srv'...
[1.723s] -- Up-to-date: /home/lucifer/ros2_ws/install/task_2_interface/lib/libtask_2_interface__rosidl_generator_py.so
[1.726s] -- Up-to-date: /home/lucifer/ros2_ws/install/task_2_interface/share/task_2_interface/cmake/export_task_2_interface__rosidl_generator_cExport.cmake
[1.727s] -- Up-to-date: /home/lucifer/ros2_ws/install/task_2_interface/share/task_2_interface/cmake/export_task_2_interface__rosidl_generator_cExport-noconfig.cmake
[1.727s] -- Up-to-date: /home/lucifer/ros2_ws/install/task_2_interface/share/task_2_interface/cmake/export_task_2_interface__rosidl_typesupport_fastrtps_cExport.cmake
[1.727s] -- Up-to-date: /home/lucifer/ros2_ws/install/task_2_interface/share/task_2_interface/cmake/export_task_2_interface__rosidl_typesupport_fastrtps_cExport-noconfig.cmake
[1.728s] -- Up-to-date: /home/lucifer/ros2_ws/install/task_2_interface/share/task_2_interface/cmake/export_task_2_interface__rosidl_generator_cppExport.cmake
[1.728s] -- Up-to-date: /home/lucifer/ros2_ws/install/task_2_interface/share/task_2_interface/cmake/export_task_2_interface__rosidl_typesupport_fastrtps_cppExport.cmake
[1.729s] -- Up-to-date: /home/lucifer/ros2_ws/install/task_2_interface/share/task_2_interface/cmake/export_task_2_interface__rosidl_typesupport_fastrtps_cppExport-noconfig.cmake
[1.729s] -- Up-to-date: /home/lucifer/ros2_ws/install/task_2_interface/share/task_2_interface/cmake/task_2_interface__rosidl_typesupport_introspection_cExport.cmake
[1.729s] -- Up-to-date: /home/lucifer/ros2_ws/install/task_2_interface/share/task_2_interface/cmake/task_2_interface__rosidl_typesupport_introspection_cExport-noconfig.cmake
[1.731s] -- Up-to-date: /home/lucifer/ros2_ws/install/task_2_interface/share/task_2_interface/cmake/task_2_interface__rosidl_typesupport_cExport.cmake
[1.731s] -- Up-to-date: /home/lucifer/ros2_ws/install/task_2_interface/share/task_2_interface/cmake/task_2_interface__rosidl_typesupport_cExport-noconfig.cmake
[1.731s] -- Up-to-date: /home/lucifer/ros2_ws/install/task_2_interface/share/task_2_interface/cmake/task_2_interface__rosidl_typesupport_introspection_cppExport.cmake
[1.731s] -- Up-to-date: /home/lucifer/ros2_ws/install/task_2_interface/share/task_2_interface/cmake/task_2_interface__rosidl_typesupport_introspection_cppExport-noconfig.cmake
[1.732s] -- Up-to-date: /home/lucifer/ros2_ws/install/task_2_interface/share/task_2_interface/cmake/task_2_interface__rosidl_typesupport_cppExport.cmake
[1.732s] -- Up-to-date: /home/lucifer/ros2_ws/install/task_2_interface/share/task_2_interface/cmake/task_2_interface__rosidl_typesupport_cppExport-noconfig.cmake
[1.732s] -- Up-to-date: /home/lucifer/ros2_ws/install/task_2_interface/share/task_2_interface/cmake/export_task_2_interface__rosidl_generator_pyExport.cmake
[1.732s] -- Up-to-date: /home/lucifer/ros2_ws/install/task_2_interface/share/task_2_interface/cmake/export_task_2_interface__rosidl_generator_pyExport-noconfig.cmake
[1.738s] Invoked command in '/home/lucifer/ros2_ws/build/task_2_interface' returned '0': CMAKE_PREFIX_PATH=${CMAKE_PREFIX_PATH}:/home/lucifer/ros2_ws/install/task_2:/home/lucifer/ros2_ws/install/task_1:/opt/ros/humble /usr/bin/cmake --install /home/lucifer/ros2_ws/build/task_2_interface
