[1.808s] Invoking command in '/home/lucifer/ros2_ws/src/task_1': PYTHONPATH=/home/lucifer/ros2_ws/build/task_1/prefix_override:/usr/lib/python3/dist-packages/colcon_core/task/python/colcon_distutils_commands:/home/lucifer/ros2_ws/install/task_1/lib/python3.10/site-packages:${PYTHONPATH} /usr/bin/python3 -W ignore:setup.py install is deprecated setup.py egg_info --egg-base ../../build/task_1 build --build-base /home/lucifer/ros2_ws/build/task_1/build install --record /home/lucifer/ros2_ws/build/task_1/install.log --single-version-externally-managed install_data
[2.199s] running egg_info
[2.224s] writing ../../build/task_1/task_1.egg-info/PKG-INFO
[2.225s] writing dependency_links to ../../build/task_1/task_1.egg-info/dependency_links.txt
[2.225s] writing entry points to ../../build/task_1/task_1.egg-info/entry_points.txt
[2.225s] writing requirements to ../../build/task_1/task_1.egg-info/requires.txt
[2.226s] writing top-level names to ../../build/task_1/task_1.egg-info/top_level.txt
[2.277s] reading manifest file '../../build/task_1/task_1.egg-info/SOURCES.txt'
[2.277s] adding license file 'LICENSE'
[2.278s] writing manifest file '../../build/task_1/task_1.egg-info/SOURCES.txt'
[2.279s] running build
[2.279s] running build_py
[2.279s] copying task_1/publisher_member_function.py -> /home/lucifer/ros2_ws/build/task_1/build/lib/task_1
[2.279s] copying task_1/subscriber_member_function.py -> /home/lucifer/ros2_ws/build/task_1/build/lib/task_1
[2.280s] copying task_1/__init__.py -> /home/lucifer/ros2_ws/build/task_1/build/lib/task_1
[2.280s] running install
[2.289s] running install_lib
[2.315s] running install_data
[2.315s] copying resource/task_1 -> /home/lucifer/ros2_ws/install/task_1/share/ament_index/resource_index/packages
[2.315s] copying package.xml -> /home/lucifer/ros2_ws/install/task_1/share/task_1
[2.315s] copying launch/pub_sub_launch.py -> /home/lucifer/ros2_ws/install/task_1/share/task_1
[2.316s] running install_egg_info
[2.343s] removing '/home/lucifer/ros2_ws/install/task_1/lib/python3.10/site-packages/task_1-0.0.0-py3.10.egg-info' (and everything under it)
[2.344s] Copying ../../build/task_1/task_1.egg-info to /home/lucifer/ros2_ws/install/task_1/lib/python3.10/site-packages/task_1-0.0.0-py3.10.egg-info
[2.345s] running install_scripts
[2.567s] Installing listener script to /home/lucifer/ros2_ws/install/task_1/lib/task_1
[2.567s] Installing talker script to /home/lucifer/ros2_ws/install/task_1/lib/task_1
[2.568s] writing list of installed files to '/home/lucifer/ros2_ws/build/task_1/install.log'
[2.616s] Invoked command in '/home/lucifer/ros2_ws/src/task_1' returned '0': PYTHONPATH=/home/lucifer/ros2_ws/build/task_1/prefix_override:/usr/lib/python3/dist-packages/colcon_core/task/python/colcon_distutils_commands:/home/lucifer/ros2_ws/install/task_1/lib/python3.10/site-packages:${PYTHONPATH} /usr/bin/python3 -W ignore:setup.py install is deprecated setup.py egg_info --egg-base ../../build/task_1 build --build-base /home/lucifer/ros2_ws/build/task_1/build install --record /home/lucifer/ros2_ws/build/task_1/install.log --single-version-externally-managed install_data
