running egg_info
writing ../../build/task_1/task_1.egg-info/PKG-INFO
writing dependency_links to ../../build/task_1/task_1.egg-info/dependency_links.txt
writing entry points to ../../build/task_1/task_1.egg-info/entry_points.txt
writing requirements to ../../build/task_1/task_1.egg-info/requires.txt
writing top-level names to ../../build/task_1/task_1.egg-info/top_level.txt
reading manifest file '../../build/task_1/task_1.egg-info/SOURCES.txt'
adding license file 'LICENSE'
writing manifest file '../../build/task_1/task_1.egg-info/SOURCES.txt'
running build
running build_py
copying task_1/publisher_member_function.py -> /home/lucifer/ros2_ws/build/task_1/build/lib/task_1
copying task_1/subscriber_member_function.py -> /home/lucifer/ros2_ws/build/task_1/build/lib/task_1
copying task_1/__init__.py -> /home/lucifer/ros2_ws/build/task_1/build/lib/task_1
running install
running install_lib
copying /home/lucifer/ros2_ws/build/task_1/build/lib/task_1/publisher_member_function.py -> /home/lucifer/ros2_ws/install/task_1/lib/python3.10/site-packages/task_1
byte-compiling /home/lucifer/ros2_ws/install/task_1/lib/python3.10/site-packages/task_1/publisher_member_function.py to publisher_member_function.cpython-310.pyc
running install_data
copying resource/task_1 -> /home/lucifer/ros2_ws/install/task_1/share/ament_index/resource_index/packages
copying package.xml -> /home/lucifer/ros2_ws/install/task_1/share/task_1
running install_egg_info
removing '/home/lucifer/ros2_ws/install/task_1/lib/python3.10/site-packages/task_1-0.0.0-py3.10.egg-info' (and everything under it)
Copying ../../build/task_1/task_1.egg-info to /home/lucifer/ros2_ws/install/task_1/lib/python3.10/site-packages/task_1-0.0.0-py3.10.egg-info
running install_scripts
Installing listener script to /home/lucifer/ros2_ws/install/task_1/lib/task_1
Installing talker script to /home/lucifer/ros2_ws/install/task_1/lib/task_1
writing list of installed files to '/home/lucifer/ros2_ws/build/task_1/install.log'
