[1.735s] Invoking command in '/home/lucifer/ros2_ws/src/task_1': PYTHONPATH=/home/lucifer/ros2_ws/build/task_1/prefix_override:/usr/lib/python3/dist-packages/colcon_core/task/python/colcon_distutils_commands:/home/lucifer/ros2_ws/install/task_1/lib/python3.10/site-packages:${PYTHONPATH} /usr/bin/python3 -W ignore:setup.py install is deprecated setup.py egg_info --egg-base ../../build/task_1 build --build-base /home/lucifer/ros2_ws/build/task_1/build install --record /home/lucifer/ros2_ws/build/task_1/install.log --single-version-externally-managed install_data
[2.096s] running egg_info
[2.121s] writing ../../build/task_1/task_1.egg-info/PKG-INFO
[2.121s] writing dependency_links to ../../build/task_1/task_1.egg-info/dependency_links.txt
[2.121s] writing entry points to ../../build/task_1/task_1.egg-info/entry_points.txt
[2.122s] writing requirements to ../../build/task_1/task_1.egg-info/requires.txt
[2.122s] writing top-level names to ../../build/task_1/task_1.egg-info/top_level.txt
[2.172s] reading manifest file '../../build/task_1/task_1.egg-info/SOURCES.txt'
[2.172s] adding license file 'LICENSE'
[2.173s] writing manifest file '../../build/task_1/task_1.egg-info/SOURCES.txt'
[2.173s] running build
[2.173s] running build_py
[2.174s] copying task_1/publisher_member_function.py -> /home/lucifer/ros2_ws/build/task_1/build/lib/task_1
[2.174s] copying task_1/subscriber_member_function.py -> /home/lucifer/ros2_ws/build/task_1/build/lib/task_1
[2.174s] copying task_1/__init__.py -> /home/lucifer/ros2_ws/build/task_1/build/lib/task_1
[2.174s] running install
[2.182s] running install_lib
[2.208s] running install_data
[2.208s] copying resource/task_1 -> /home/lucifer/ros2_ws/install/task_1/share/ament_index/resource_index/packages
[2.209s] copying package.xml -> /home/lucifer/ros2_ws/install/task_1/share/task_1
[2.209s] copying launch/pub_sub_launch.py -> /home/lucifer/ros2_ws/install/task_1/share/task_1
[2.209s] running install_egg_info
[2.237s] removing '/home/lucifer/ros2_ws/install/task_1/lib/python3.10/site-packages/task_1-0.0.0-py3.10.egg-info' (and everything under it)
[2.237s] Copying ../../build/task_1/task_1.egg-info to /home/lucifer/ros2_ws/install/task_1/lib/python3.10/site-packages/task_1-0.0.0-py3.10.egg-info
[2.239s] running install_scripts
[2.465s] Installing listener script to /home/lucifer/ros2_ws/install/task_1/lib/task_1
[2.466s] Installing talker script to /home/lucifer/ros2_ws/install/task_1/lib/task_1
[2.466s] writing list of installed files to '/home/lucifer/ros2_ws/build/task_1/install.log'
[2.509s] Invoked command in '/home/lucifer/ros2_ws/src/task_1' returned '0': PYTHONPATH=/home/lucifer/ros2_ws/build/task_1/prefix_override:/usr/lib/python3/dist-packages/colcon_core/task/python/colcon_distutils_commands:/home/lucifer/ros2_ws/install/task_1/lib/python3.10/site-packages:${PYTHONPATH} /usr/bin/python3 -W ignore:setup.py install is deprecated setup.py egg_info --egg-base ../../build/task_1 build --build-base /home/lucifer/ros2_ws/build/task_1/build install --record /home/lucifer/ros2_ws/build/task_1/install.log --single-version-externally-managed install_data
