[0.156s] DEBUG:colcon:Command line arguments: ['/usr/bin/colcon', 'build']
[0.156s] DEBUG:colcon:Parsed command line arguments: Namespace(log_base=None, log_level=None, verb_name='build', build_base='build', install_base='install', merge_install=False, symlink_install=False, test_result_base=None, continue_on_error=False, executor='parallel', parallel_workers=12, event_handlers=None, ignore_user_meta=False, metas=['./colcon.meta'], base_paths=['.'], packages_ignore=None, packages_ignore_regex=None, paths=None, packages_up_to=None, packages_up_to_regex=None, packages_above=None, packages_above_and_dependencies=None, packages_above_depth=None, packages_select_by_dep=None, packages_skip_by_dep=None, packages_skip_up_to=None, packages_select_build_failed=False, packages_skip_build_finished=False, packages_select_test_failures=False, packages_skip_test_passed=False, packages_select=None, packages_skip=None, packages_select_regex=None, packages_skip_regex=None, packages_start=None, packages_end=None, allow_overriding=[], cmake_args=None, cmake_target=None, cmake_target_skip_unavailable=False, cmake_clean_cache=False, cmake_clean_first=False, cmake_force_configure=False, ament_cmake_args=None, catkin_cmake_args=None, catkin_skip_building_tests=False, mixin_files=None, mixin=None, verb_parser=<colcon_mixin.mixin.mixin_argument.MixinArgumentDecorator object at 0x7fc052fef550>, verb_extension=<colcon_core.verb.build.BuildVerb object at 0x7fc0531dc400>, main=<bound method BuildVerb.main of <colcon_core.verb.build.BuildVerb object at 0x7fc0531dc400>>, mixin_verb=('build',))
[0.212s] Level 1:colcon.colcon_core.package_discovery:discover_packages(colcon_meta) check parameters
[0.212s] Level 1:colcon.colcon_core.package_discovery:discover_packages(recursive) check parameters
[0.212s] Level 1:colcon.colcon_core.package_discovery:discover_packages(ignore) check parameters
[0.212s] Level 1:colcon.colcon_core.package_discovery:discover_packages(path) check parameters
[0.212s] Level 1:colcon.colcon_core.package_discovery:discover_packages(colcon_meta) discover
[0.213s] Level 1:colcon.colcon_core.package_discovery:discover_packages(recursive) discover
[0.213s] INFO:colcon.colcon_core.package_discovery:Crawling recursively for packages in '/home/lucifer/ros2_ws'
[0.213s] Level 1:colcon.colcon_core.package_identification:_identify(.) by extensions ['ignore', 'ignore_ament_install']
[0.213s] Level 1:colcon.colcon_core.package_identification:_identify(.) by extension 'ignore'
[0.213s] Level 1:colcon.colcon_core.package_identification:_identify(.) by extension 'ignore_ament_install'
[0.213s] Level 1:colcon.colcon_core.package_identification:_identify(.) by extensions ['colcon_pkg']
[0.213s] Level 1:colcon.colcon_core.package_identification:_identify(.) by extension 'colcon_pkg'
[0.213s] Level 1:colcon.colcon_core.package_identification:_identify(.) by extensions ['colcon_meta']
[0.213s] Level 1:colcon.colcon_core.package_identification:_identify(.) by extension 'colcon_meta'
[0.213s] Level 1:colcon.colcon_core.package_identification:_identify(.) by extensions ['ros']
[0.213s] Level 1:colcon.colcon_core.package_identification:_identify(.) by extension 'ros'
[0.234s] Level 1:colcon.colcon_core.package_identification:_identify(.) by extensions ['cmake', 'python']
[0.235s] Level 1:colcon.colcon_core.package_identification:_identify(.) by extension 'cmake'
[0.235s] Level 1:colcon.colcon_core.package_identification:_identify(.) by extension 'python'
[0.235s] Level 1:colcon.colcon_core.package_identification:_identify(.) by extensions ['python_setup_py']
[0.235s] Level 1:colcon.colcon_core.package_identification:_identify(.) by extension 'python_setup_py'
[0.235s] Level 1:colcon.colcon_core.package_identification:_identify(build) by extensions ['ignore', 'ignore_ament_install']
[0.235s] Level 1:colcon.colcon_core.package_identification:_identify(build) by extension 'ignore'
[0.235s] Level 1:colcon.colcon_core.package_identification:_identify(build) ignored
[0.235s] Level 1:colcon.colcon_core.package_identification:_identify(install) by extensions ['ignore', 'ignore_ament_install']
[0.236s] Level 1:colcon.colcon_core.package_identification:_identify(install) by extension 'ignore'
[0.236s] Level 1:colcon.colcon_core.package_identification:_identify(install) ignored
[0.236s] Level 1:colcon.colcon_core.package_identification:_identify(log) by extensions ['ignore', 'ignore_ament_install']
[0.236s] Level 1:colcon.colcon_core.package_identification:_identify(log) by extension 'ignore'
[0.236s] Level 1:colcon.colcon_core.package_identification:_identify(log) ignored
[0.236s] Level 1:colcon.colcon_core.package_identification:_identify(rosbag) by extensions ['ignore', 'ignore_ament_install']
[0.236s] Level 1:colcon.colcon_core.package_identification:_identify(rosbag) by extension 'ignore'
[0.236s] Level 1:colcon.colcon_core.package_identification:_identify(rosbag) by extension 'ignore_ament_install'
[0.236s] Level 1:colcon.colcon_core.package_identification:_identify(rosbag) by extensions ['colcon_pkg']
[0.236s] Level 1:colcon.colcon_core.package_identification:_identify(rosbag) by extension 'colcon_pkg'
[0.236s] Level 1:colcon.colcon_core.package_identification:_identify(rosbag) by extensions ['colcon_meta']
[0.237s] Level 1:colcon.colcon_core.package_identification:_identify(rosbag) by extension 'colcon_meta'
[0.237s] Level 1:colcon.colcon_core.package_identification:_identify(rosbag) by extensions ['ros']
[0.237s] Level 1:colcon.colcon_core.package_identification:_identify(rosbag) by extension 'ros'
[0.237s] Level 1:colcon.colcon_core.package_identification:_identify(rosbag) by extensions ['cmake', 'python']
[0.237s] Level 1:colcon.colcon_core.package_identification:_identify(rosbag) by extension 'cmake'
[0.237s] Level 1:colcon.colcon_core.package_identification:_identify(rosbag) by extension 'python'
[0.237s] Level 1:colcon.colcon_core.package_identification:_identify(rosbag) by extensions ['python_setup_py']
[0.237s] Level 1:colcon.colcon_core.package_identification:_identify(rosbag) by extension 'python_setup_py'
[0.237s] Level 1:colcon.colcon_core.package_identification:_identify(rosbag/rosbag2_Task1) by extensions ['ignore', 'ignore_ament_install']
[0.237s] Level 1:colcon.colcon_core.package_identification:_identify(rosbag/rosbag2_Task1) by extension 'ignore'
[0.237s] Level 1:colcon.colcon_core.package_identification:_identify(rosbag/rosbag2_Task1) by extension 'ignore_ament_install'
[0.237s] Level 1:colcon.colcon_core.package_identification:_identify(rosbag/rosbag2_Task1) by extensions ['colcon_pkg']
[0.237s] Level 1:colcon.colcon_core.package_identification:_identify(rosbag/rosbag2_Task1) by extension 'colcon_pkg'
[0.237s] Level 1:colcon.colcon_core.package_identification:_identify(rosbag/rosbag2_Task1) by extensions ['colcon_meta']
[0.237s] Level 1:colcon.colcon_core.package_identification:_identify(rosbag/rosbag2_Task1) by extension 'colcon_meta'
[0.238s] Level 1:colcon.colcon_core.package_identification:_identify(rosbag/rosbag2_Task1) by extensions ['ros']
[0.238s] Level 1:colcon.colcon_core.package_identification:_identify(rosbag/rosbag2_Task1) by extension 'ros'
[0.238s] Level 1:colcon.colcon_core.package_identification:_identify(rosbag/rosbag2_Task1) by extensions ['cmake', 'python']
[0.238s] Level 1:colcon.colcon_core.package_identification:_identify(rosbag/rosbag2_Task1) by extension 'cmake'
[0.238s] Level 1:colcon.colcon_core.package_identification:_identify(rosbag/rosbag2_Task1) by extension 'python'
[0.238s] Level 1:colcon.colcon_core.package_identification:_identify(rosbag/rosbag2_Task1) by extensions ['python_setup_py']
[0.238s] Level 1:colcon.colcon_core.package_identification:_identify(rosbag/rosbag2_Task1) by extension 'python_setup_py'
[0.238s] Level 1:colcon.colcon_core.package_identification:_identify(src) by extensions ['ignore', 'ignore_ament_install']
[0.238s] Level 1:colcon.colcon_core.package_identification:_identify(src) by extension 'ignore'
[0.238s] Level 1:colcon.colcon_core.package_identification:_identify(src) by extension 'ignore_ament_install'
[0.238s] Level 1:colcon.colcon_core.package_identification:_identify(src) by extensions ['colcon_pkg']
[0.238s] Level 1:colcon.colcon_core.package_identification:_identify(src) by extension 'colcon_pkg'
[0.238s] Level 1:colcon.colcon_core.package_identification:_identify(src) by extensions ['colcon_meta']
[0.238s] Level 1:colcon.colcon_core.package_identification:_identify(src) by extension 'colcon_meta'
[0.238s] Level 1:colcon.colcon_core.package_identification:_identify(src) by extensions ['ros']
[0.239s] Level 1:colcon.colcon_core.package_identification:_identify(src) by extension 'ros'
[0.239s] Level 1:colcon.colcon_core.package_identification:_identify(src) by extensions ['cmake', 'python']
[0.239s] Level 1:colcon.colcon_core.package_identification:_identify(src) by extension 'cmake'
[0.239s] Level 1:colcon.colcon_core.package_identification:_identify(src) by extension 'python'
[0.239s] Level 1:colcon.colcon_core.package_identification:_identify(src) by extensions ['python_setup_py']
[0.239s] Level 1:colcon.colcon_core.package_identification:_identify(src) by extension 'python_setup_py'
[0.239s] Level 1:colcon.colcon_core.package_identification:_identify(src/task_1) by extensions ['ignore', 'ignore_ament_install']
[0.239s] Level 1:colcon.colcon_core.package_identification:_identify(src/task_1) by extension 'ignore'
[0.239s] Level 1:colcon.colcon_core.package_identification:_identify(src/task_1) by extension 'ignore_ament_install'
[0.239s] Level 1:colcon.colcon_core.package_identification:_identify(src/task_1) by extensions ['colcon_pkg']
[0.239s] Level 1:colcon.colcon_core.package_identification:_identify(src/task_1) by extension 'colcon_pkg'
[0.239s] Level 1:colcon.colcon_core.package_identification:_identify(src/task_1) by extensions ['colcon_meta']
[0.239s] Level 1:colcon.colcon_core.package_identification:_identify(src/task_1) by extension 'colcon_meta'
[0.239s] Level 1:colcon.colcon_core.package_identification:_identify(src/task_1) by extensions ['ros']
[0.239s] Level 1:colcon.colcon_core.package_identification:_identify(src/task_1) by extension 'ros'
[0.243s] DEBUG:colcon.colcon_core.package_identification:Package 'src/task_1' with type 'ros.ament_python' and name 'task_1'
[0.243s] Level 1:colcon.colcon_core.package_identification:_identify(src/task_2) by extensions ['ignore', 'ignore_ament_install']
[0.243s] Level 1:colcon.colcon_core.package_identification:_identify(src/task_2) by extension 'ignore'
[0.243s] Level 1:colcon.colcon_core.package_identification:_identify(src/task_2) by extension 'ignore_ament_install'
[0.243s] Level 1:colcon.colcon_core.package_identification:_identify(src/task_2) by extensions ['colcon_pkg']
[0.243s] Level 1:colcon.colcon_core.package_identification:_identify(src/task_2) by extension 'colcon_pkg'
[0.243s] Level 1:colcon.colcon_core.package_identification:_identify(src/task_2) by extensions ['colcon_meta']
[0.243s] Level 1:colcon.colcon_core.package_identification:_identify(src/task_2) by extension 'colcon_meta'
[0.243s] Level 1:colcon.colcon_core.package_identification:_identify(src/task_2) by extensions ['ros']
[0.243s] Level 1:colcon.colcon_core.package_identification:_identify(src/task_2) by extension 'ros'
[0.244s] DEBUG:colcon.colcon_core.package_identification:Package 'src/task_2' with type 'ros.ament_python' and name 'task_2'
[0.245s] Level 1:colcon.colcon_core.package_identification:_identify(src/task_2_interface) by extensions ['ignore', 'ignore_ament_install']
[0.245s] Level 1:colcon.colcon_core.package_identification:_identify(src/task_2_interface) by extension 'ignore'
[0.245s] Level 1:colcon.colcon_core.package_identification:_identify(src/task_2_interface) by extension 'ignore_ament_install'
[0.245s] Level 1:colcon.colcon_core.package_identification:_identify(src/task_2_interface) by extensions ['colcon_pkg']
[0.245s] Level 1:colcon.colcon_core.package_identification:_identify(src/task_2_interface) by extension 'colcon_pkg'
[0.245s] Level 1:colcon.colcon_core.package_identification:_identify(src/task_2_interface) by extensions ['colcon_meta']
[0.245s] Level 1:colcon.colcon_core.package_identification:_identify(src/task_2_interface) by extension 'colcon_meta'
[0.245s] Level 1:colcon.colcon_core.package_identification:_identify(src/task_2_interface) by extensions ['ros']
[0.245s] Level 1:colcon.colcon_core.package_identification:_identify(src/task_2_interface) by extension 'ros'
[0.246s] DEBUG:colcon.colcon_core.package_identification:Package 'src/task_2_interface' with type 'ros.ament_cmake' and name 'task_2_interface'
[0.246s] Level 1:colcon.colcon_core.package_discovery:discover_packages(recursive) using defaults
[0.246s] Level 1:colcon.colcon_core.package_discovery:discover_packages(ignore) discover
[0.246s] Level 1:colcon.colcon_core.package_discovery:discover_packages(ignore) using defaults
[0.246s] Level 1:colcon.colcon_core.package_discovery:discover_packages(path) discover
[0.246s] Level 1:colcon.colcon_core.package_discovery:discover_packages(path) using defaults
[0.274s] Level 1:colcon.colcon_core.package_discovery:discover_packages(prefix_path) check parameters
[0.274s] Level 1:colcon.colcon_core.package_discovery:discover_packages(prefix_path) discover
[0.277s] DEBUG:colcon.colcon_installed_package_information.package_discovery:Found 3 installed packages in /home/lucifer/ros2_ws/install
[0.279s] DEBUG:colcon.colcon_installed_package_information.package_discovery:Found 348 installed packages in /opt/ros/humble
[0.281s] Level 1:colcon.colcon_core.package_discovery:discover_packages(prefix_path) using defaults
[0.344s] Level 5:colcon.colcon_core.verb:set package 'task_1' build argument 'cmake_args' from command line to 'None'
[0.345s] Level 5:colcon.colcon_core.verb:set package 'task_1' build argument 'cmake_target' from command line to 'None'
[0.345s] Level 5:colcon.colcon_core.verb:set package 'task_1' build argument 'cmake_target_skip_unavailable' from command line to 'False'
[0.345s] Level 5:colcon.colcon_core.verb:set package 'task_1' build argument 'cmake_clean_cache' from command line to 'False'
[0.345s] Level 5:colcon.colcon_core.verb:set package 'task_1' build argument 'cmake_clean_first' from command line to 'False'
[0.345s] Level 5:colcon.colcon_core.verb:set package 'task_1' build argument 'cmake_force_configure' from command line to 'False'
[0.345s] Level 5:colcon.colcon_core.verb:set package 'task_1' build argument 'ament_cmake_args' from command line to 'None'
[0.345s] Level 5:colcon.colcon_core.verb:set package 'task_1' build argument 'catkin_cmake_args' from command line to 'None'
[0.345s] Level 5:colcon.colcon_core.verb:set package 'task_1' build argument 'catkin_skip_building_tests' from command line to 'False'
[0.345s] DEBUG:colcon.colcon_core.verb:Building package 'task_1' with the following arguments: {'ament_cmake_args': None, 'build_base': '/home/lucifer/ros2_ws/build/task_1', 'catkin_cmake_args': None, 'catkin_skip_building_tests': False, 'cmake_args': None, 'cmake_clean_cache': False, 'cmake_clean_first': False, 'cmake_force_configure': False, 'cmake_target': None, 'cmake_target_skip_unavailable': False, 'install_base': '/home/lucifer/ros2_ws/install/task_1', 'merge_install': False, 'path': '/home/lucifer/ros2_ws/src/task_1', 'symlink_install': False, 'test_result_base': None}
[0.345s] Level 5:colcon.colcon_core.verb:set package 'task_2' build argument 'cmake_args' from command line to 'None'
[0.345s] Level 5:colcon.colcon_core.verb:set package 'task_2' build argument 'cmake_target' from command line to 'None'
[0.345s] Level 5:colcon.colcon_core.verb:set package 'task_2' build argument 'cmake_target_skip_unavailable' from command line to 'False'
[0.346s] Level 5:colcon.colcon_core.verb:set package 'task_2' build argument 'cmake_clean_cache' from command line to 'False'
[0.346s] Level 5:colcon.colcon_core.verb:set package 'task_2' build argument 'cmake_clean_first' from command line to 'False'
[0.346s] Level 5:colcon.colcon_core.verb:set package 'task_2' build argument 'cmake_force_configure' from command line to 'False'
[0.346s] Level 5:colcon.colcon_core.verb:set package 'task_2' build argument 'ament_cmake_args' from command line to 'None'
[0.346s] Level 5:colcon.colcon_core.verb:set package 'task_2' build argument 'catkin_cmake_args' from command line to 'None'
[0.346s] Level 5:colcon.colcon_core.verb:set package 'task_2' build argument 'catkin_skip_building_tests' from command line to 'False'
[0.346s] DEBUG:colcon.colcon_core.verb:Building package 'task_2' with the following arguments: {'ament_cmake_args': None, 'build_base': '/home/lucifer/ros2_ws/build/task_2', 'catkin_cmake_args': None, 'catkin_skip_building_tests': False, 'cmake_args': None, 'cmake_clean_cache': False, 'cmake_clean_first': False, 'cmake_force_configure': False, 'cmake_target': None, 'cmake_target_skip_unavailable': False, 'install_base': '/home/lucifer/ros2_ws/install/task_2', 'merge_install': False, 'path': '/home/lucifer/ros2_ws/src/task_2', 'symlink_install': False, 'test_result_base': None}
[0.346s] Level 5:colcon.colcon_core.verb:set package 'task_2_interface' build argument 'cmake_args' from command line to 'None'
[0.346s] Level 5:colcon.colcon_core.verb:set package 'task_2_interface' build argument 'cmake_target' from command line to 'None'
[0.346s] Level 5:colcon.colcon_core.verb:set package 'task_2_interface' build argument 'cmake_target_skip_unavailable' from command line to 'False'
[0.346s] Level 5:colcon.colcon_core.verb:set package 'task_2_interface' build argument 'cmake_clean_cache' from command line to 'False'
[0.346s] Level 5:colcon.colcon_core.verb:set package 'task_2_interface' build argument 'cmake_clean_first' from command line to 'False'
[0.346s] Level 5:colcon.colcon_core.verb:set package 'task_2_interface' build argument 'cmake_force_configure' from command line to 'False'
[0.346s] Level 5:colcon.colcon_core.verb:set package 'task_2_interface' build argument 'ament_cmake_args' from command line to 'None'
[0.346s] Level 5:colcon.colcon_core.verb:set package 'task_2_interface' build argument 'catkin_cmake_args' from command line to 'None'
[0.346s] Level 5:colcon.colcon_core.verb:set package 'task_2_interface' build argument 'catkin_skip_building_tests' from command line to 'False'
[0.347s] DEBUG:colcon.colcon_core.verb:Building package 'task_2_interface' with the following arguments: {'ament_cmake_args': None, 'build_base': '/home/lucifer/ros2_ws/build/task_2_interface', 'catkin_cmake_args': None, 'catkin_skip_building_tests': False, 'cmake_args': None, 'cmake_clean_cache': False, 'cmake_clean_first': False, 'cmake_force_configure': False, 'cmake_target': None, 'cmake_target_skip_unavailable': False, 'install_base': '/home/lucifer/ros2_ws/install/task_2_interface', 'merge_install': False, 'path': '/home/lucifer/ros2_ws/src/task_2_interface', 'symlink_install': False, 'test_result_base': None}
[0.347s] INFO:colcon.colcon_core.executor:Executing jobs using 'parallel' executor
[0.348s] DEBUG:colcon.colcon_parallel_executor.executor.parallel:run_until_complete
[0.349s] INFO:colcon.colcon_ros.task.ament_python.build:Building ROS package in '/home/lucifer/ros2_ws/src/task_1' with build type 'ament_python'
[0.349s] Level 1:colcon.colcon_core.shell:create_environment_hook('task_1', 'ament_prefix_path')
[0.352s] INFO:colcon.colcon_core.plugin_system:Skipping extension 'colcon_core.shell.bat': Not used on non-Windows systems
[0.353s] INFO:colcon.colcon_core.shell:Creating environment hook '/home/lucifer/ros2_ws/install/task_1/share/task_1/hook/ament_prefix_path.ps1'
[0.353s] INFO:colcon.colcon_core.shell:Creating environment descriptor '/home/lucifer/ros2_ws/install/task_1/share/task_1/hook/ament_prefix_path.dsv'
[0.354s] INFO:colcon.colcon_core.shell:Creating environment hook '/home/lucifer/ros2_ws/install/task_1/share/task_1/hook/ament_prefix_path.sh'
[0.355s] INFO:colcon.colcon_core.shell:Skip shell extension 'powershell' for command environment: Not usable outside of PowerShell
[0.355s] DEBUG:colcon.colcon_core.shell:Skip shell extension 'dsv' for command environment
[0.361s] INFO:colcon.colcon_ros.task.ament_python.build:Building ROS package in '/home/lucifer/ros2_ws/src/task_2' with build type 'ament_python'
[0.361s] Level 1:colcon.colcon_core.shell:create_environment_hook('task_2', 'ament_prefix_path')
[0.361s] INFO:colcon.colcon_core.shell:Creating environment hook '/home/lucifer/ros2_ws/install/task_2/share/task_2/hook/ament_prefix_path.ps1'
[0.362s] INFO:colcon.colcon_core.shell:Creating environment descriptor '/home/lucifer/ros2_ws/install/task_2/share/task_2/hook/ament_prefix_path.dsv'
[0.363s] INFO:colcon.colcon_core.shell:Creating environment hook '/home/lucifer/ros2_ws/install/task_2/share/task_2/hook/ament_prefix_path.sh'
[0.364s] INFO:colcon.colcon_core.shell:Skip shell extension 'powershell' for command environment: Not usable outside of PowerShell
[0.364s] DEBUG:colcon.colcon_core.shell:Skip shell extension 'dsv' for command environment
[0.369s] INFO:colcon.colcon_ros.task.ament_cmake.build:Building ROS package in '/home/lucifer/ros2_ws/src/task_2_interface' with build type 'ament_cmake'
[0.370s] INFO:colcon.colcon_cmake.task.cmake.build:Building CMake package in '/home/lucifer/ros2_ws/src/task_2_interface'
[0.370s] INFO:colcon.colcon_core.shell:Skip shell extension 'powershell' for command environment: Not usable outside of PowerShell
[0.370s] DEBUG:colcon.colcon_core.shell:Skip shell extension 'dsv' for command environment
[0.704s] INFO:colcon.colcon_core.task.python.build:Building Python package in '/home/lucifer/ros2_ws/src/task_1'
[0.705s] INFO:colcon.colcon_core.shell:Skip shell extension 'powershell' for command environment: Not usable outside of PowerShell
[0.705s] DEBUG:colcon.colcon_core.shell:Skip shell extension 'dsv' for command environment
[1.092s] INFO:colcon.colcon_core.task.python.build:Building Python package in '/home/lucifer/ros2_ws/src/task_2'
[1.093s] INFO:colcon.colcon_core.shell:Skip shell extension 'powershell' for command environment: Not usable outside of PowerShell
[1.093s] DEBUG:colcon.colcon_core.shell:Skip shell extension 'dsv' for command environment
[1.112s] DEBUG:colcon.colcon_core.event_handler.log_command:Invoking command in '/home/lucifer/ros2_ws/build/task_2_interface': CMAKE_PREFIX_PATH=${CMAKE_PREFIX_PATH}:/home/lucifer/ros2_ws/install/task_2:/home/lucifer/ros2_ws/install/task_1:/opt/ros/humble /usr/bin/cmake --build /home/lucifer/ros2_ws/build/task_2_interface -- -j12 -l12
[1.196s] DEBUG:colcon.colcon_core.event_handler.log_command:Invoked command in '/home/lucifer/ros2_ws/build/task_2_interface' returned '0': CMAKE_PREFIX_PATH=${CMAKE_PREFIX_PATH}:/home/lucifer/ros2_ws/install/task_2:/home/lucifer/ros2_ws/install/task_1:/opt/ros/humble /usr/bin/cmake --build /home/lucifer/ros2_ws/build/task_2_interface -- -j12 -l12
[1.272s] DEBUG:colcon.colcon_core.event_handler.log_command:Invoking command in '/home/lucifer/ros2_ws/build/task_2_interface': CMAKE_PREFIX_PATH=${CMAKE_PREFIX_PATH}:/home/lucifer/ros2_ws/install/task_2:/home/lucifer/ros2_ws/install/task_1:/opt/ros/humble /usr/bin/cmake --install /home/lucifer/ros2_ws/build/task_2_interface
[1.313s] Level 1:colcon.colcon_core.environment:create_environment_scripts_only(task_2_interface)
[1.315s] DEBUG:colcon.colcon_core.event_handler.log_command:Invoked command in '/home/lucifer/ros2_ws/build/task_2_interface' returned '0': CMAKE_PREFIX_PATH=${CMAKE_PREFIX_PATH}:/home/lucifer/ros2_ws/install/task_2:/home/lucifer/ros2_ws/install/task_1:/opt/ros/humble /usr/bin/cmake --install /home/lucifer/ros2_ws/build/task_2_interface
[1.318s] Level 1:colcon.colcon_core.environment:checking '/home/lucifer/ros2_ws/install/task_2_interface' for CMake module files
[1.319s] Level 1:colcon.colcon_core.environment:checking '/home/lucifer/ros2_ws/install/task_2_interface' for CMake config files
[1.320s] Level 1:colcon.colcon_core.shell:create_environment_hook('task_2_interface', 'cmake_prefix_path')
[1.321s] INFO:colcon.colcon_core.shell:Creating environment hook '/home/lucifer/ros2_ws/install/task_2_interface/share/task_2_interface/hook/cmake_prefix_path.ps1'
[1.321s] INFO:colcon.colcon_core.shell:Creating environment descriptor '/home/lucifer/ros2_ws/install/task_2_interface/share/task_2_interface/hook/cmake_prefix_path.dsv'
[1.322s] INFO:colcon.colcon_core.shell:Creating environment hook '/home/lucifer/ros2_ws/install/task_2_interface/share/task_2_interface/hook/cmake_prefix_path.sh'
[1.323s] Level 1:colcon.colcon_core.environment:checking '/home/lucifer/ros2_ws/install/task_2_interface/bin'
[1.323s] Level 1:colcon.colcon_core.environment:checking '/home/lucifer/ros2_ws/install/task_2_interface/lib/pkgconfig/task_2_interface.pc'
[1.324s] Level 1:colcon.colcon_core.environment:checking '/home/lucifer/ros2_ws/install/task_2_interface/lib/python3.10/site-packages'
[1.324s] Level 1:colcon.colcon_core.environment:checking '/home/lucifer/ros2_ws/install/task_2_interface/bin'
[1.325s] INFO:colcon.colcon_core.shell:Creating package script '/home/lucifer/ros2_ws/install/task_2_interface/share/task_2_interface/package.ps1'
[1.327s] INFO:colcon.colcon_core.shell:Creating package descriptor '/home/lucifer/ros2_ws/install/task_2_interface/share/task_2_interface/package.dsv'
[1.328s] INFO:colcon.colcon_core.shell:Creating package script '/home/lucifer/ros2_ws/install/task_2_interface/share/task_2_interface/package.sh'
[1.330s] INFO:colcon.colcon_core.shell:Creating package script '/home/lucifer/ros2_ws/install/task_2_interface/share/task_2_interface/package.bash'
[1.332s] INFO:colcon.colcon_core.shell:Creating package script '/home/lucifer/ros2_ws/install/task_2_interface/share/task_2_interface/package.zsh'
[1.334s] Level 1:colcon.colcon_core.environment:create_file_with_runtime_dependencies(/home/lucifer/ros2_ws/install/task_2_interface/share/colcon-core/packages/task_2_interface)
[1.383s] Level 1:colcon.colcon_core.environment:create_environment_scripts_only(task_2_interface)
[1.383s] Level 1:colcon.colcon_core.environment:checking '/home/lucifer/ros2_ws/install/task_2_interface' for CMake module files
[1.384s] Level 1:colcon.colcon_core.environment:checking '/home/lucifer/ros2_ws/install/task_2_interface' for CMake config files
[1.385s] Level 1:colcon.colcon_core.shell:create_environment_hook('task_2_interface', 'cmake_prefix_path')
[1.385s] INFO:colcon.colcon_core.shell:Creating environment hook '/home/lucifer/ros2_ws/install/task_2_interface/share/task_2_interface/hook/cmake_prefix_path.ps1'
[1.386s] INFO:colcon.colcon_core.shell:Creating environment descriptor '/home/lucifer/ros2_ws/install/task_2_interface/share/task_2_interface/hook/cmake_prefix_path.dsv'
[1.387s] INFO:colcon.colcon_core.shell:Creating environment hook '/home/lucifer/ros2_ws/install/task_2_interface/share/task_2_interface/hook/cmake_prefix_path.sh'
[1.388s] Level 1:colcon.colcon_core.environment:checking '/home/lucifer/ros2_ws/install/task_2_interface/bin'
[1.388s] Level 1:colcon.colcon_core.environment:checking '/home/lucifer/ros2_ws/install/task_2_interface/lib/pkgconfig/task_2_interface.pc'
[1.388s] Level 1:colcon.colcon_core.environment:checking '/home/lucifer/ros2_ws/install/task_2_interface/lib/python3.10/site-packages'
[1.389s] Level 1:colcon.colcon_core.environment:checking '/home/lucifer/ros2_ws/install/task_2_interface/bin'
[1.389s] INFO:colcon.colcon_core.shell:Creating package script '/home/lucifer/ros2_ws/install/task_2_interface/share/task_2_interface/package.ps1'
[1.390s] INFO:colcon.colcon_core.shell:Creating package descriptor '/home/lucifer/ros2_ws/install/task_2_interface/share/task_2_interface/package.dsv'
[1.391s] INFO:colcon.colcon_core.shell:Creating package script '/home/lucifer/ros2_ws/install/task_2_interface/share/task_2_interface/package.sh'
[1.392s] INFO:colcon.colcon_core.shell:Creating package script '/home/lucifer/ros2_ws/install/task_2_interface/share/task_2_interface/package.bash'
[1.393s] INFO:colcon.colcon_core.shell:Creating package script '/home/lucifer/ros2_ws/install/task_2_interface/share/task_2_interface/package.zsh'
[1.393s] Level 1:colcon.colcon_core.environment:create_file_with_runtime_dependencies(/home/lucifer/ros2_ws/install/task_2_interface/share/colcon-core/packages/task_2_interface)
[2.086s] DEBUG:colcon.colcon_core.event_handler.log_command:Invoking command in '/home/lucifer/ros2_ws/src/task_1': PYTHONPATH=/home/lucifer/ros2_ws/build/task_1/prefix_override:/usr/lib/python3/dist-packages/colcon_core/task/python/colcon_distutils_commands:/home/lucifer/ros2_ws/install/task_1/lib/python3.10/site-packages:${PYTHONPATH} /usr/bin/python3 -W ignore:setup.py install is deprecated setup.py egg_info --egg-base ../../build/task_1 build --build-base /home/lucifer/ros2_ws/build/task_1/build install --record /home/lucifer/ros2_ws/build/task_1/install.log --single-version-externally-managed install_data
[2.120s] DEBUG:colcon.colcon_core.event_handler.log_command:Invoking command in '/home/lucifer/ros2_ws/src/task_2': PYTHONPATH=/home/lucifer/ros2_ws/build/task_2/prefix_override:/usr/lib/python3/dist-packages/colcon_core/task/python/colcon_distutils_commands:/home/lucifer/ros2_ws/install/task_2/lib/python3.10/site-packages:${PYTHONPATH} /usr/bin/python3 -W ignore:setup.py install is deprecated setup.py egg_info --egg-base ../../build/task_2 build --build-base /home/lucifer/ros2_ws/build/task_2/build install --record /home/lucifer/ros2_ws/build/task_2/install.log --single-version-externally-managed install_data
[2.858s] Level 1:colcon.colcon_core.environment:checking '/home/lucifer/ros2_ws/install/task_1' for CMake module files
[2.860s] DEBUG:colcon.colcon_core.event_handler.log_command:Invoked command in '/home/lucifer/ros2_ws/src/task_1' returned '0': PYTHONPATH=/home/lucifer/ros2_ws/build/task_1/prefix_override:/usr/lib/python3/dist-packages/colcon_core/task/python/colcon_distutils_commands:/home/lucifer/ros2_ws/install/task_1/lib/python3.10/site-packages:${PYTHONPATH} /usr/bin/python3 -W ignore:setup.py install is deprecated setup.py egg_info --egg-base ../../build/task_1 build --build-base /home/lucifer/ros2_ws/build/task_1/build install --record /home/lucifer/ros2_ws/build/task_1/install.log --single-version-externally-managed install_data
[2.861s] Level 1:colcon.colcon_core.environment:checking '/home/lucifer/ros2_ws/install/task_1' for CMake config files
[2.862s] Level 1:colcon.colcon_core.environment:checking '/home/lucifer/ros2_ws/install/task_1/lib'
[2.863s] Level 1:colcon.colcon_core.environment:checking '/home/lucifer/ros2_ws/install/task_1/bin'
[2.863s] Level 1:colcon.colcon_core.environment:checking '/home/lucifer/ros2_ws/install/task_1/lib/pkgconfig/task_1.pc'
[2.863s] Level 1:colcon.colcon_core.environment:checking '/home/lucifer/ros2_ws/install/task_1/lib/python3.10/site-packages'
[2.863s] Level 1:colcon.colcon_core.shell:create_environment_hook('task_1', 'pythonpath')
[2.864s] INFO:colcon.colcon_core.shell:Creating environment hook '/home/lucifer/ros2_ws/install/task_1/share/task_1/hook/pythonpath.ps1'
[2.865s] INFO:colcon.colcon_core.shell:Creating environment descriptor '/home/lucifer/ros2_ws/install/task_1/share/task_1/hook/pythonpath.dsv'
[2.866s] INFO:colcon.colcon_core.shell:Creating environment hook '/home/lucifer/ros2_ws/install/task_1/share/task_1/hook/pythonpath.sh'
[2.867s] Level 1:colcon.colcon_core.environment:checking '/home/lucifer/ros2_ws/install/task_1/bin'
[2.867s] Level 1:colcon.colcon_core.environment:create_environment_scripts_only(task_1)
[2.868s] INFO:colcon.colcon_core.shell:Creating package script '/home/lucifer/ros2_ws/install/task_1/share/task_1/package.ps1'
[2.869s] INFO:colcon.colcon_core.shell:Creating package descriptor '/home/lucifer/ros2_ws/install/task_1/share/task_1/package.dsv'
[2.870s] INFO:colcon.colcon_core.shell:Creating package script '/home/lucifer/ros2_ws/install/task_1/share/task_1/package.sh'
[2.871s] INFO:colcon.colcon_core.shell:Creating package script '/home/lucifer/ros2_ws/install/task_1/share/task_1/package.bash'
[2.872s] INFO:colcon.colcon_core.shell:Creating package script '/home/lucifer/ros2_ws/install/task_1/share/task_1/package.zsh'
[2.872s] Level 1:colcon.colcon_core.environment:create_file_with_runtime_dependencies(/home/lucifer/ros2_ws/install/task_1/share/colcon-core/packages/task_1)
[2.895s] Level 1:colcon.colcon_core.environment:checking '/home/lucifer/ros2_ws/install/task_2' for CMake module files
[2.896s] DEBUG:colcon.colcon_core.event_handler.log_command:Invoked command in '/home/lucifer/ros2_ws/src/task_2' returned '0': PYTHONPATH=/home/lucifer/ros2_ws/build/task_2/prefix_override:/usr/lib/python3/dist-packages/colcon_core/task/python/colcon_distutils_commands:/home/lucifer/ros2_ws/install/task_2/lib/python3.10/site-packages:${PYTHONPATH} /usr/bin/python3 -W ignore:setup.py install is deprecated setup.py egg_info --egg-base ../../build/task_2 build --build-base /home/lucifer/ros2_ws/build/task_2/build install --record /home/lucifer/ros2_ws/build/task_2/install.log --single-version-externally-managed install_data
[2.897s] Level 1:colcon.colcon_core.environment:checking '/home/lucifer/ros2_ws/install/task_2' for CMake config files
[2.898s] Level 1:colcon.colcon_core.environment:checking '/home/lucifer/ros2_ws/install/task_2/lib'
[2.898s] Level 1:colcon.colcon_core.environment:checking '/home/lucifer/ros2_ws/install/task_2/bin'
[2.898s] Level 1:colcon.colcon_core.environment:checking '/home/lucifer/ros2_ws/install/task_2/lib/pkgconfig/task_2.pc'
[2.899s] Level 1:colcon.colcon_core.environment:checking '/home/lucifer/ros2_ws/install/task_2/lib/python3.10/site-packages'
[2.899s] Level 1:colcon.colcon_core.shell:create_environment_hook('task_2', 'pythonpath')
[2.899s] INFO:colcon.colcon_core.shell:Creating environment hook '/home/lucifer/ros2_ws/install/task_2/share/task_2/hook/pythonpath.ps1'
[2.900s] INFO:colcon.colcon_core.shell:Creating environment descriptor '/home/lucifer/ros2_ws/install/task_2/share/task_2/hook/pythonpath.dsv'
[2.901s] INFO:colcon.colcon_core.shell:Creating environment hook '/home/lucifer/ros2_ws/install/task_2/share/task_2/hook/pythonpath.sh'
[2.902s] Level 1:colcon.colcon_core.environment:checking '/home/lucifer/ros2_ws/install/task_2/bin'
[2.902s] Level 1:colcon.colcon_core.environment:create_environment_scripts_only(task_2)
[2.903s] INFO:colcon.colcon_core.shell:Creating package script '/home/lucifer/ros2_ws/install/task_2/share/task_2/package.ps1'
[2.904s] INFO:colcon.colcon_core.shell:Creating package descriptor '/home/lucifer/ros2_ws/install/task_2/share/task_2/package.dsv'
[2.905s] INFO:colcon.colcon_core.shell:Creating package script '/home/lucifer/ros2_ws/install/task_2/share/task_2/package.sh'
[2.906s] INFO:colcon.colcon_core.shell:Creating package script '/home/lucifer/ros2_ws/install/task_2/share/task_2/package.bash'
[2.906s] INFO:colcon.colcon_core.shell:Creating package script '/home/lucifer/ros2_ws/install/task_2/share/task_2/package.zsh'
[2.907s] Level 1:colcon.colcon_core.environment:create_file_with_runtime_dependencies(/home/lucifer/ros2_ws/install/task_2/share/colcon-core/packages/task_2)
[2.908s] DEBUG:colcon.colcon_parallel_executor.executor.parallel:closing loop
[2.909s] DEBUG:colcon.colcon_parallel_executor.executor.parallel:loop closed
[2.909s] DEBUG:colcon.colcon_parallel_executor.executor.parallel:run_until_complete finished with '0'
[2.909s] DEBUG:colcon.colcon_core.event_reactor:joining thread
[2.920s] INFO:colcon.colcon_core.plugin_system:Skipping extension 'colcon_notification.desktop_notification.terminal_notifier': Not used on non-Darwin systems
[2.920s] INFO:colcon.colcon_core.plugin_system:Skipping extension 'colcon_notification.desktop_notification.win32': Not used on non-Windows systems
[2.920s] INFO:colcon.colcon_notification.desktop_notification:Sending desktop notification using 'notify2'
[2.944s] DEBUG:colcon.colcon_core.event_reactor:joined thread
[2.944s] INFO:colcon.colcon_core.shell:Creating prefix script '/home/lucifer/ros2_ws/install/local_setup.ps1'
[2.946s] INFO:colcon.colcon_core.shell:Creating prefix util module '/home/lucifer/ros2_ws/install/_local_setup_util_ps1.py'
[2.949s] INFO:colcon.colcon_core.shell:Creating prefix chain script '/home/lucifer/ros2_ws/install/setup.ps1'
[2.952s] INFO:colcon.colcon_core.shell:Creating prefix script '/home/lucifer/ros2_ws/install/local_setup.sh'
[2.953s] INFO:colcon.colcon_core.shell:Creating prefix util module '/home/lucifer/ros2_ws/install/_local_setup_util_sh.py'
[2.954s] INFO:colcon.colcon_core.shell:Creating prefix chain script '/home/lucifer/ros2_ws/install/setup.sh'
[2.957s] INFO:colcon.colcon_core.shell:Creating prefix script '/home/lucifer/ros2_ws/install/local_setup.bash'
[2.958s] INFO:colcon.colcon_core.shell:Creating prefix chain script '/home/lucifer/ros2_ws/install/setup.bash'
[2.960s] INFO:colcon.colcon_core.shell:Creating prefix script '/home/lucifer/ros2_ws/install/local_setup.zsh'
[2.962s] INFO:colcon.colcon_core.shell:Creating prefix chain script '/home/lucifer/ros2_ws/install/setup.zsh'
