[1.628s] Invoking command in '/home/lucifer/ros2_ws/src/task_1': PYTHONPATH=/home/lucifer/ros2_ws/build/task_1/prefix_override:/usr/lib/python3/dist-packages/colcon_core/task/python/colcon_distutils_commands:/home/lucifer/ros2_ws/install/task_1/lib/python3.10/site-packages:${PYTHONPATH} /usr/bin/python3 -W ignore:setup.py install is deprecated setup.py egg_info --egg-base ../../build/task_1 build --build-base /home/lucifer/ros2_ws/build/task_1/build install --record /home/lucifer/ros2_ws/build/task_1/install.log --single-version-externally-managed install_data
[2.007s] running egg_info
[2.032s] writing ../../build/task_1/task_1.egg-info/PKG-INFO
[2.032s] writing dependency_links to ../../build/task_1/task_1.egg-info/dependency_links.txt
[2.033s] writing entry points to ../../build/task_1/task_1.egg-info/entry_points.txt
[2.033s] writing requirements to ../../build/task_1/task_1.egg-info/requires.txt
[2.033s] writing top-level names to ../../build/task_1/task_1.egg-info/top_level.txt
[2.084s] reading manifest file '../../build/task_1/task_1.egg-info/SOURCES.txt'
[2.085s] adding license file 'LICENSE'
[2.085s] writing manifest file '../../build/task_1/task_1.egg-info/SOURCES.txt'
[2.086s] running build
[2.086s] running build_py
[2.086s] copying task_1/publisher_member_function.py -> /home/lucifer/ros2_ws/build/task_1/build/lib/task_1
[2.086s] copying task_1/subscriber_member_function.py -> /home/lucifer/ros2_ws/build/task_1/build/lib/task_1
[2.087s] copying task_1/__init__.py -> /home/lucifer/ros2_ws/build/task_1/build/lib/task_1
[2.087s] running install
[2.094s] running install_lib
[2.120s] running install_data
[2.120s] copying resource/task_1 -> /home/lucifer/ros2_ws/install/task_1/share/ament_index/resource_index/packages
[2.120s] copying package.xml -> /home/lucifer/ros2_ws/install/task_1/share/task_1
[2.120s] copying launch/pub_sub_launch.py -> /home/lucifer/ros2_ws/install/task_1/share/task_1
[2.121s] running install_egg_info
[2.147s] removing '/home/lucifer/ros2_ws/install/task_1/lib/python3.10/site-packages/task_1-0.0.0-py3.10.egg-info' (and everything under it)
[2.148s] Copying ../../build/task_1/task_1.egg-info to /home/lucifer/ros2_ws/install/task_1/lib/python3.10/site-packages/task_1-0.0.0-py3.10.egg-info
[2.149s] running install_scripts
[2.367s] Installing listener script to /home/lucifer/ros2_ws/install/task_1/lib/task_1
[2.368s] Installing talker script to /home/lucifer/ros2_ws/install/task_1/lib/task_1
[2.368s] writing list of installed files to '/home/lucifer/ros2_ws/build/task_1/install.log'
[2.411s] Invoked command in '/home/lucifer/ros2_ws/src/task_1' returned '0': PYTHONPATH=/home/lucifer/ros2_ws/build/task_1/prefix_override:/usr/lib/python3/dist-packages/colcon_core/task/python/colcon_distutils_commands:/home/lucifer/ros2_ws/install/task_1/lib/python3.10/site-packages:${PYTHONPATH} /usr/bin/python3 -W ignore:setup.py install is deprecated setup.py egg_info --egg-base ../../build/task_1 build --build-base /home/lucifer/ros2_ws/build/task_1/build install --record /home/lucifer/ros2_ws/build/task_1/install.log --single-version-externally-managed install_data
