-- The C compiler identification is GNU 11.4.0
-- The CXX compiler identification is GNU 11.4.0
-- Detecting C compiler ABI info
-- Detecting C compiler ABI info - done
-- Check for working C compiler: /usr/lib/ccache/cc - skipped
-- Detecting C compile features
-- Detecting C compile features - done
-- Detecting CXX compiler ABI info
-- Detecting CXX compiler ABI info - done
-- Check for working CXX compiler: /usr/lib/ccache/c++ - skipped
-- Detecting CXX compile features
-- Detecting CXX compile features - done
-- Found ament_cmake: 1.3.10 (/opt/ros/humble/share/ament_cmake/cmake)
-- Found Python3: /usr/bin/python3 (found version "3.10.12") found components: Interpreter 
-- Override CMake install command with custom implementation using symlinks instead of copying resources
-- Found ament_lint_auto: 0.12.11 (/opt/ros/humble/share/ament_lint_auto/cmake)
-- Added test 'lint_cmake' to check CMake code style
-- Added test 'xmllint' to check XML markup files
-- Configuring done
-- Generating done
-- Build files have been written to: /home/lucifer/ros2_ws/build/task_2_interface
-- Install configuration: ""
-- Execute custom install script
-- Symlinking: /home/lucifer/ros2_ws/install/task_2_interface/share/ament_index/resource_index/package_run_dependencies/task_2_interface
-- Symlinking: /home/lucifer/ros2_ws/install/task_2_interface/share/ament_index/resource_index/parent_prefix_path/task_2_interface
-- Symlinking: /home/lucifer/ros2_ws/install/task_2_interface/share/task_2_interface/environment/ament_prefix_path.sh
-- Symlinking: /home/lucifer/ros2_ws/install/task_2_interface/share/task_2_interface/environment/ament_prefix_path.dsv
-- Symlinking: /home/lucifer/ros2_ws/install/task_2_interface/share/task_2_interface/environment/path.sh
-- Symlinking: /home/lucifer/ros2_ws/install/task_2_interface/share/task_2_interface/environment/path.dsv
-- Symlinking: /home/lucifer/ros2_ws/install/task_2_interface/share/task_2_interface/local_setup.bash
-- Symlinking: /home/lucifer/ros2_ws/install/task_2_interface/share/task_2_interface/local_setup.sh
-- Symlinking: /home/lucifer/ros2_ws/install/task_2_interface/share/task_2_interface/local_setup.zsh
-- Symlinking: /home/lucifer/ros2_ws/install/task_2_interface/share/task_2_interface/local_setup.dsv
-- Symlinking: /home/lucifer/ros2_ws/install/task_2_interface/share/task_2_interface/package.dsv
-- Symlinking: /home/lucifer/ros2_ws/install/task_2_interface/share/ament_index/resource_index/packages/task_2_interface
-- Symlinking: /home/lucifer/ros2_ws/install/task_2_interface/share/task_2_interface/cmake/task_2_interfaceConfig.cmake
-- Symlinking: /home/lucifer/ros2_ws/install/task_2_interface/share/task_2_interface/cmake/task_2_interfaceConfig-version.cmake
-- Symlinking: /home/lucifer/ros2_ws/install/task_2_interface/share/task_2_interface/package.xml
