[0.048s] Invoking command in '/home/lucifer/ros2_ws/build/task_2_interface': CMAKE_PREFIX_PATH=/opt/ros/humble /usr/bin/cmake /home/lucifer/ros2_ws/src/task_2_interface -DAMENT_CMAKE_SYMLINK_INSTALL=1 -DCMAKE_INSTALL_PREFIX=/home/lucifer/ros2_ws/install/task_2_interface
[1.048s] -- The C compiler identification is GNU 11.4.0
[1.725s] -- The CXX compiler identification is GNU 11.4.0
[1.791s] -- Detecting C compiler ABI info
[2.008s] -- Detecting C compiler ABI info - done
[2.028s] -- Check for working C compiler: /usr/lib/ccache/cc - skipped
[2.029s] -- Detecting C compile features
[2.043s] -- Detecting C compile features - done
[2.054s] -- Detecting CXX compiler ABI info
[2.309s] -- Detecting CXX compiler ABI info - done
[2.328s] -- Check for working CXX compiler: /usr/lib/ccache/c++ - skipped
[2.329s] -- Detecting CXX compile features
[2.330s] -- Detecting CXX compile features - done
[2.379s] -- Found ament_cmake: 1.3.10 (/opt/ros/humble/share/ament_cmake/cmake)
[3.143s] -- Found Python3: /usr/bin/python3 (found version "3.10.12") found components: Interpreter 
[3.356s] -- Override CMake install command with custom implementation using symlinks instead of copying resources
[3.593s] -- Found ament_lint_auto: 0.12.11 (/opt/ros/humble/share/ament_lint_auto/cmake)
[3.866s] -- Added test 'lint_cmake' to check CMake code style
[3.888s] -- Added test 'xmllint' to check XML markup files
[3.893s] -- Configuring done
[3.901s] -- Generating done
[3.904s] -- Build files have been written to: /home/lucifer/ros2_ws/build/task_2_interface
[3.914s] Invoked command in '/home/lucifer/ros2_ws/build/task_2_interface' returned '0': CMAKE_PREFIX_PATH=/opt/ros/humble /usr/bin/cmake /home/lucifer/ros2_ws/src/task_2_interface -DAMENT_CMAKE_SYMLINK_INSTALL=1 -DCMAKE_INSTALL_PREFIX=/home/lucifer/ros2_ws/install/task_2_interface
[3.918s] Invoking command in '/home/lucifer/ros2_ws/build/task_2_interface': CMAKE_PREFIX_PATH=/opt/ros/humble /usr/bin/cmake --build /home/lucifer/ros2_ws/build/task_2_interface -- -j12 -l12
[3.995s] Invoked command in '/home/lucifer/ros2_ws/build/task_2_interface' returned '0': CMAKE_PREFIX_PATH=/opt/ros/humble /usr/bin/cmake --build /home/lucifer/ros2_ws/build/task_2_interface -- -j12 -l12
[4.056s] Invoking command in '/home/lucifer/ros2_ws/build/task_2_interface': CMAKE_PREFIX_PATH=/opt/ros/humble /usr/bin/cmake --install /home/lucifer/ros2_ws/build/task_2_interface
[4.069s] -- Install configuration: ""
[4.070s] -- Execute custom install script
[4.070s] -- Symlinking: /home/lucifer/ros2_ws/install/task_2_interface/share/ament_index/resource_index/package_run_dependencies/task_2_interface
[4.094s] -- Symlinking: /home/lucifer/ros2_ws/install/task_2_interface/share/ament_index/resource_index/parent_prefix_path/task_2_interface
[4.109s] -- Symlinking: /home/lucifer/ros2_ws/install/task_2_interface/share/task_2_interface/environment/ament_prefix_path.sh
[4.124s] -- Symlinking: /home/lucifer/ros2_ws/install/task_2_interface/share/task_2_interface/environment/ament_prefix_path.dsv
[4.139s] -- Symlinking: /home/lucifer/ros2_ws/install/task_2_interface/share/task_2_interface/environment/path.sh
[4.155s] -- Symlinking: /home/lucifer/ros2_ws/install/task_2_interface/share/task_2_interface/environment/path.dsv
[4.170s] -- Symlinking: /home/lucifer/ros2_ws/install/task_2_interface/share/task_2_interface/local_setup.bash
[4.186s] -- Symlinking: /home/lucifer/ros2_ws/install/task_2_interface/share/task_2_interface/local_setup.sh
[4.201s] -- Symlinking: /home/lucifer/ros2_ws/install/task_2_interface/share/task_2_interface/local_setup.zsh
[4.216s] -- Symlinking: /home/lucifer/ros2_ws/install/task_2_interface/share/task_2_interface/local_setup.dsv
[4.232s] -- Symlinking: /home/lucifer/ros2_ws/install/task_2_interface/share/task_2_interface/package.dsv
[4.247s] -- Symlinking: /home/lucifer/ros2_ws/install/task_2_interface/share/ament_index/resource_index/packages/task_2_interface
[4.271s] -- Symlinking: /home/lucifer/ros2_ws/install/task_2_interface/share/task_2_interface/cmake/task_2_interfaceConfig.cmake
[4.286s] -- Symlinking: /home/lucifer/ros2_ws/install/task_2_interface/share/task_2_interface/cmake/task_2_interfaceConfig-version.cmake
[4.301s] -- Symlinking: /home/lucifer/ros2_ws/install/task_2_interface/share/task_2_interface/package.xml
[4.320s] Invoked command in '/home/lucifer/ros2_ws/build/task_2_interface' returned '0': CMAKE_PREFIX_PATH=/opt/ros/humble /usr/bin/cmake --install /home/lucifer/ros2_ws/build/task_2_interface
