[0.838s] Invoking command in '/home/lucifer/ros2_ws/build/task_1': PYTHONPATH=/home/lucifer/ros2_ws/build/task_1/prefix_override:/usr/lib/python3/dist-packages/colcon_core/task/python/colcon_distutils_commands:/home/lucifer/ros2_ws/install/task_1/lib/python3.10/site-packages:${PYTHONPATH} /usr/bin/python3 -W ignore:setup.py install is deprecated setup.py develop --uninstall --editable --build-directory /home/lucifer/ros2_ws/build/task_1/build
[1.150s] running develop
[1.150s] /home/lucifer/.local/lib/python3.10/site-packages/setuptools/command/develop.py:40: EasyInstallDeprecationWarning: easy_install command is deprecated.
[1.150s] !!
[1.150s] 
[1.150s]         ********************************************************************************
[1.150s]         Please avoid running ``setup.py`` and ``easy_install``.
[1.151s]         Instead, use pypa/build, pypa/installer or other
[1.151s]         standards-based tools.
[1.151s] 
[1.151s]         See https://github.com/pypa/setuptools/issues/917 for details.
[1.151s]         ********************************************************************************
[1.151s] 
[1.151s] !!
[1.152s]   easy_install.initialize_options(self)
[1.361s] Removing /home/lucifer/ros2_ws/install/task_1/lib/python3.10/site-packages/task-1.egg-link (link to .)
[1.400s] Invoked command in '/home/lucifer/ros2_ws/build/task_1' returned '0': PYTHONPATH=/home/lucifer/ros2_ws/build/task_1/prefix_override:/usr/lib/python3/dist-packages/colcon_core/task/python/colcon_distutils_commands:/home/lucifer/ros2_ws/install/task_1/lib/python3.10/site-packages:${PYTHONPATH} /usr/bin/python3 -W ignore:setup.py install is deprecated setup.py develop --uninstall --editable --build-directory /home/lucifer/ros2_ws/build/task_1/build
[1.403s] Invoking command in '/home/lucifer/ros2_ws/src/task_1': PYTHONPATH=/home/lucifer/ros2_ws/build/task_1/prefix_override:/usr/lib/python3/dist-packages/colcon_core/task/python/colcon_distutils_commands:/home/lucifer/ros2_ws/install/task_1/lib/python3.10/site-packages:${PYTHONPATH} /usr/bin/python3 -W ignore:setup.py install is deprecated setup.py egg_info --egg-base ../../build/task_1 build --build-base /home/lucifer/ros2_ws/build/task_1/build install --record /home/lucifer/ros2_ws/build/task_1/install.log --single-version-externally-managed install_data --force
[1.658s] running egg_info
[1.673s] writing ../../build/task_1/task_1.egg-info/PKG-INFO
[1.673s] writing dependency_links to ../../build/task_1/task_1.egg-info/dependency_links.txt
[1.674s] writing entry points to ../../build/task_1/task_1.egg-info/entry_points.txt
[1.674s] writing requirements to ../../build/task_1/task_1.egg-info/requires.txt
[1.674s] writing top-level names to ../../build/task_1/task_1.egg-info/top_level.txt
[1.705s] reading manifest file '../../build/task_1/task_1.egg-info/SOURCES.txt'
[1.705s] adding license file 'LICENSE'
[1.705s] writing manifest file '../../build/task_1/task_1.egg-info/SOURCES.txt'
[1.705s] running build
[1.705s] running build_py
[1.706s] copying task_1/publisher_member_function.py -> /home/lucifer/ros2_ws/build/task_1/build/lib/task_1
[1.706s] copying task_1/subscriber_member_function.py -> /home/lucifer/ros2_ws/build/task_1/build/lib/task_1
[1.706s] copying task_1/__init__.py -> /home/lucifer/ros2_ws/build/task_1/build/lib/task_1
[1.706s] running install
[1.711s] running install_lib
[1.727s] creating /home/lucifer/ros2_ws/install/task_1/lib/python3.10/site-packages/task_1
[1.727s] copying /home/lucifer/ros2_ws/build/task_1/build/lib/task_1/publisher_member_function.py -> /home/lucifer/ros2_ws/install/task_1/lib/python3.10/site-packages/task_1
[1.727s] copying /home/lucifer/ros2_ws/build/task_1/build/lib/task_1/subscriber_member_function.py -> /home/lucifer/ros2_ws/install/task_1/lib/python3.10/site-packages/task_1
[1.728s] copying /home/lucifer/ros2_ws/build/task_1/build/lib/task_1/__init__.py -> /home/lucifer/ros2_ws/install/task_1/lib/python3.10/site-packages/task_1
[1.728s] byte-compiling /home/lucifer/ros2_ws/install/task_1/lib/python3.10/site-packages/task_1/publisher_member_function.py to publisher_member_function.cpython-310.pyc
[1.728s] byte-compiling /home/lucifer/ros2_ws/install/task_1/lib/python3.10/site-packages/task_1/subscriber_member_function.py to subscriber_member_function.cpython-310.pyc
[1.728s] byte-compiling /home/lucifer/ros2_ws/install/task_1/lib/python3.10/site-packages/task_1/__init__.py to __init__.cpython-310.pyc
[1.729s] running install_data
[1.729s] copying resource/task_1 -> /home/lucifer/ros2_ws/install/task_1/share/ament_index/resource_index/packages
[1.729s] copying package.xml -> /home/lucifer/ros2_ws/install/task_1/share/task_1
[1.729s] running install_egg_info
[1.747s] Copying ../../build/task_1/task_1.egg-info to /home/lucifer/ros2_ws/install/task_1/lib/python3.10/site-packages/task_1-0.0.0-py3.10.egg-info
[1.747s] running install_scripts
[1.883s] Installing listener script to /home/lucifer/ros2_ws/install/task_1/lib/task_1
[1.884s] Installing talker script to /home/lucifer/ros2_ws/install/task_1/lib/task_1
[1.884s] writing list of installed files to '/home/lucifer/ros2_ws/build/task_1/install.log'
[1.918s] Invoked command in '/home/lucifer/ros2_ws/src/task_1' returned '0': PYTHONPATH=/home/lucifer/ros2_ws/build/task_1/prefix_override:/usr/lib/python3/dist-packages/colcon_core/task/python/colcon_distutils_commands:/home/lucifer/ros2_ws/install/task_1/lib/python3.10/site-packages:${PYTHONPATH} /usr/bin/python3 -W ignore:setup.py install is deprecated setup.py egg_info --egg-base ../../build/task_1 build --build-base /home/lucifer/ros2_ws/build/task_1/build install --record /home/lucifer/ros2_ws/build/task_1/install.log --single-version-externally-managed install_data --force
