[1.744s] Invoking command in '/home/lucifer/ros2_ws/src/task_1': PYTHONPATH=/home/lucifer/ros2_ws/build/task_1/prefix_override:/usr/lib/python3/dist-packages/colcon_core/task/python/colcon_distutils_commands:/home/lucifer/ros2_ws/install/task_1/lib/python3.10/site-packages:${PYTHONPATH} /usr/bin/python3 -W ignore:setup.py install is deprecated setup.py egg_info --egg-base ../../build/task_1 build --build-base /home/lucifer/ros2_ws/build/task_1/build install --record /home/lucifer/ros2_ws/build/task_1/install.log --single-version-externally-managed install_data
[2.110s] running egg_info
[2.134s] writing ../../build/task_1/task_1.egg-info/PKG-INFO
[2.135s] writing dependency_links to ../../build/task_1/task_1.egg-info/dependency_links.txt
[2.136s] writing entry points to ../../build/task_1/task_1.egg-info/entry_points.txt
[2.136s] writing requirements to ../../build/task_1/task_1.egg-info/requires.txt
[2.136s] writing top-level names to ../../build/task_1/task_1.egg-info/top_level.txt
[2.189s] reading manifest file '../../build/task_1/task_1.egg-info/SOURCES.txt'
[2.189s] adding license file 'LICENSE'
[2.190s] writing manifest file '../../build/task_1/task_1.egg-info/SOURCES.txt'
[2.190s] running build
[2.191s] running build_py
[2.191s] copying task_1/publisher_member_function.py -> /home/lucifer/ros2_ws/build/task_1/build/lib/task_1
[2.191s] copying task_1/subscriber_member_function.py -> /home/lucifer/ros2_ws/build/task_1/build/lib/task_1
[2.191s] copying task_1/__init__.py -> /home/lucifer/ros2_ws/build/task_1/build/lib/task_1
[2.192s] running install
[2.201s] running install_lib
[2.228s] running install_data
[2.228s] copying resource/task_1 -> /home/lucifer/ros2_ws/install/task_1/share/ament_index/resource_index/packages
[2.228s] copying package.xml -> /home/lucifer/ros2_ws/install/task_1/share/task_1
[2.229s] copying launch/pub_sub_launch.py -> /home/lucifer/ros2_ws/install/task_1/share/task_1
[2.229s] running install_egg_info
[2.257s] removing '/home/lucifer/ros2_ws/install/task_1/lib/python3.10/site-packages/task_1-0.0.0-py3.10.egg-info' (and everything under it)
[2.257s] Copying ../../build/task_1/task_1.egg-info to /home/lucifer/ros2_ws/install/task_1/lib/python3.10/site-packages/task_1-0.0.0-py3.10.egg-info
[2.259s] running install_scripts
[2.471s] Installing listener script to /home/lucifer/ros2_ws/install/task_1/lib/task_1
[2.471s] Installing talker script to /home/lucifer/ros2_ws/install/task_1/lib/task_1
[2.472s] writing list of installed files to '/home/lucifer/ros2_ws/build/task_1/install.log'
[2.516s] Invoked command in '/home/lucifer/ros2_ws/src/task_1' returned '0': PYTHONPATH=/home/lucifer/ros2_ws/build/task_1/prefix_override:/usr/lib/python3/dist-packages/colcon_core/task/python/colcon_distutils_commands:/home/lucifer/ros2_ws/install/task_1/lib/python3.10/site-packages:${PYTHONPATH} /usr/bin/python3 -W ignore:setup.py install is deprecated setup.py egg_info --egg-base ../../build/task_1 build --build-base /home/lucifer/ros2_ws/build/task_1/build install --record /home/lucifer/ros2_ws/build/task_1/install.log --single-version-externally-managed install_data
