[0.027s] Invoking command in '/home/lucifer/ros2_ws/build/task_2_interface': CMAKE_PREFIX_PATH=${CMAKE_PREFIX_PATH}:/home/lucifer/ros2_ws/install/task_2:/home/lucifer/ros2_ws/install/task_1:/opt/ros/humble /usr/bin/cmake --build /home/lucifer/ros2_ws/build/task_2_interface -- -j12 -l12
[0.085s] -- Found ament_cmake: 1.3.10 (/opt/ros/humble/share/ament_cmake/cmake)
[0.316s] -- Override CMake install command with custom implementation using symlinks instead of copying resources
[0.327s] -- Found ament_lint_auto: 0.12.11 (/opt/ros/humble/share/ament_lint_auto/cmake)
[0.455s] -- Found geometry_msgs: 4.2.4 (/opt/ros/humble/share/geometry_msgs/cmake)
[0.523s] -- Found rosidl_generator_c: 3.1.5 (/opt/ros/humble/share/rosidl_generator_c/cmake)
[0.527s] -- Found rosidl_adapter: 3.1.5 (/opt/ros/humble/share/rosidl_adapter/cmake)
[0.537s] -- Found rosidl_generator_cpp: 3.1.5 (/opt/ros/humble/share/rosidl_generator_cpp/cmake)
[0.552s] -- Using all available rosidl_typesupport_c: rosidl_typesupport_fastrtps_c;rosidl_typesupport_introspection_c
[0.570s] -- Using all available rosidl_typesupport_cpp: rosidl_typesupport_fastrtps_cpp;rosidl_typesupport_introspection_cpp
[0.623s] -- Found rosidl_default_generators: 1.2.0 (/opt/ros/humble/share/rosidl_default_generators/cmake)
[1.205s] -- Found ament_cmake_ros: 0.10.0 (/opt/ros/humble/share/ament_cmake_ros/cmake)
[2.190s] -- Using all available rosidl_typesupport_c: rosidl_typesupport_fastrtps_c;rosidl_typesupport_introspection_c
[2.629s] -- Using all available rosidl_typesupport_cpp: rosidl_typesupport_fastrtps_cpp;rosidl_typesupport_introspection_cpp
[2.788s] -- Found PythonInterp: /usr/bin/python3 (found suitable version "3.10.12", minimum required is "3.6") 
[2.836s] -- Found python_cmake_module: 0.10.0 (/opt/ros/humble/share/python_cmake_module/cmake)
[2.951s] -- Found PythonLibs: /usr/lib/x86_64-linux-gnu/libpython3.10.so (found suitable version "3.10.12", minimum required is "3.5") 
[2.951s] -- Using PYTHON_EXECUTABLE: /usr/bin/python3
[2.951s] -- Using PYTHON_INCLUDE_DIRS: /usr/include/python3.10
[2.951s] -- Using PYTHON_LIBRARIES: /usr/lib/x86_64-linux-gnu/libpython3.10.so
[2.995s] -- Found PythonExtra: .so  
[3.162s] -- Added test 'lint_cmake' to check CMake code style
[3.164s] -- Added test 'xmllint' to check XML markup files
[3.299s] -- Configuring done
[3.379s] -- Generating done
[3.384s] -- Build files have been written to: /home/lucifer/ros2_ws/build/task_2_interface
[3.439s] [  2%] [34m[1mGenerating C code for ROS interfaces[0m
[3.455s] [  5%] [34m[1mGenerating C++ code for ROS interfaces[0m
[3.484s] [  5%] Built target ament_cmake_python_symlink_task_2_interface
[3.813s] running egg_info
[3.814s] creating task_2_interface.egg-info
[3.839s] writing task_2_interface.egg-info/PKG-INFO
[3.839s] writing dependency_links to task_2_interface.egg-info/dependency_links.txt
[3.840s] writing top-level names to task_2_interface.egg-info/top_level.txt
[3.840s] writing manifest file 'task_2_interface.egg-info/SOURCES.txt'
[3.914s] reading manifest file 'task_2_interface.egg-info/SOURCES.txt'
[3.915s] writing manifest file 'task_2_interface.egg-info/SOURCES.txt'
[3.958s] [  5%] Built target task_2_interface__cpp
[3.968s] [  5%] Built target ament_cmake_python_build_task_2_interface_egg
[3.982s] [  7%] [34m[1mGenerating C++ type support dispatch for ROS interfaces[0m
[3.982s] [ 10%] [34m[1mGenerating C++ type support for eProsima Fast-RTPS[0m
[3.985s] [ 12%] [34m[1mGenerating C++ introspection for ROS interfaces[0m
[4.009s] [ 17%] [32mBuilding C object CMakeFiles/task_2_interface__rosidl_generator_c.dir/rosidl_generator_c/task_2_interface/srv/detail/joint_data__functions.c.o[0m
[4.009s] [ 17%] [32mBuilding C object CMakeFiles/task_2_interface__rosidl_generator_c.dir/rosidl_generator_c/task_2_interface/msg/detail/joint_data__functions.c.o[0m
[4.372s] [ 20%] [32mBuilding CXX object CMakeFiles/task_2_interface__rosidl_typesupport_cpp.dir/rosidl_typesupport_cpp/task_2_interface/srv/joint_data__type_support.cpp.o[0m
[4.382s] [ 23%] [32mBuilding CXX object CMakeFiles/task_2_interface__rosidl_typesupport_cpp.dir/rosidl_typesupport_cpp/task_2_interface/msg/joint_data__type_support.cpp.o[0m
[4.408s] [ 28%] [32mBuilding CXX object CMakeFiles/task_2_interface__rosidl_typesupport_introspection_cpp.dir/rosidl_typesupport_introspection_cpp/task_2_interface/msg/detail/joint_data__type_support.cpp.o[0m
[4.408s] [ 28%] [32mBuilding CXX object CMakeFiles/task_2_interface__rosidl_typesupport_introspection_cpp.dir/rosidl_typesupport_introspection_cpp/task_2_interface/srv/detail/joint_data__type_support.cpp.o[0m
[4.472s] [ 30%] [32mBuilding CXX object CMakeFiles/task_2_interface__rosidl_typesupport_fastrtps_cpp.dir/rosidl_typesupport_fastrtps_cpp/task_2_interface/srv/detail/dds_fastrtps/joint_data__type_support.cpp.o[0m
[4.473s] [ 33%] [32mBuilding CXX object CMakeFiles/task_2_interface__rosidl_typesupport_fastrtps_cpp.dir/rosidl_typesupport_fastrtps_cpp/task_2_interface/msg/detail/dds_fastrtps/joint_data__type_support.cpp.o[0m
[5.124s] [ 35%] [32m[1mLinking C shared library libtask_2_interface__rosidl_generator_c.so[0m
[5.350s] [ 35%] Built target task_2_interface__rosidl_generator_c
[5.373s] [ 41%] [34m[1mGenerating C introspection for ROS interfaces[0m
[5.374s] [ 41%] [34m[1mGenerating C type support for eProsima Fast-RTPS[0m
[5.374s] [ 43%] [34m[1mGenerating C type support dispatch for ROS interfaces[0m
[5.808s] [ 46%] [32mBuilding CXX object CMakeFiles/task_2_interface__rosidl_typesupport_c.dir/rosidl_typesupport_c/task_2_interface/srv/joint_data__type_support.cpp.o[0m
[5.813s] [ 48%] [32mBuilding CXX object CMakeFiles/task_2_interface__rosidl_typesupport_c.dir/rosidl_typesupport_c/task_2_interface/msg/joint_data__type_support.cpp.o[0m
[5.886s] [ 51%] [32m[1mLinking CXX shared library libtask_2_interface__rosidl_typesupport_cpp.so[0m
[5.892s] [ 53%] [32mBuilding C object CMakeFiles/task_2_interface__rosidl_typesupport_introspection_c.dir/rosidl_typesupport_introspection_c/task_2_interface/msg/detail/joint_data__type_support.c.o[0m
[5.897s] [ 56%] [32mBuilding C object CMakeFiles/task_2_interface__rosidl_typesupport_introspection_c.dir/rosidl_typesupport_introspection_c/task_2_interface/srv/detail/joint_data__type_support.c.o[0m
[5.952s] [ 58%] [32m[1mLinking CXX shared library libtask_2_interface__rosidl_typesupport_c.so[0m
[6.009s] [ 64%] [32mBuilding CXX object CMakeFiles/task_2_interface__rosidl_typesupport_fastrtps_c.dir/rosidl_typesupport_fastrtps_c/task_2_interface/msg/detail/joint_data__type_support_c.cpp.o[0m
[6.009s] [ 64%] [32mBuilding CXX object CMakeFiles/task_2_interface__rosidl_typesupport_fastrtps_c.dir/rosidl_typesupport_fastrtps_c/task_2_interface/srv/detail/joint_data__type_support_c.cpp.o[0m
[6.032s] [ 64%] Built target task_2_interface__rosidl_typesupport_cpp
[6.038s] [ 64%] Built target task_2_interface__rosidl_typesupport_c
[6.038s] [ 66%] [32m[1mLinking C shared library libtask_2_interface__rosidl_typesupport_introspection_c.so[0m
[6.090s] [ 69%] [32m[1mLinking CXX shared library libtask_2_interface__rosidl_typesupport_introspection_cpp.so[0m
[6.094s] [ 69%] Built target task_2_interface__rosidl_typesupport_introspection_c
[6.211s] [ 69%] Built target task_2_interface__rosidl_typesupport_introspection_cpp
[6.270s] [ 71%] [32m[1mLinking CXX shared library libtask_2_interface__rosidl_typesupport_fastrtps_cpp.so[0m
[6.428s] [ 71%] Built target task_2_interface__rosidl_typesupport_fastrtps_cpp
[6.654s] [ 74%] [32m[1mLinking CXX shared library libtask_2_interface__rosidl_typesupport_fastrtps_c.so[0m
[6.855s] [ 74%] Built target task_2_interface__rosidl_typesupport_fastrtps_c
[6.897s] [ 74%] Built target task_2_interface
[6.951s] [ 76%] [34m[1mGenerating Python code for ROS interfaces[0m
[7.622s] [ 76%] Built target task_2_interface__py
[7.674s] [ 79%] [32mBuilding C object CMakeFiles/task_2_interface__rosidl_generator_py.dir/rosidl_generator_py/task_2_interface/msg/_joint_data_s.c.o[0m
[7.675s] [ 82%] [32mBuilding C object CMakeFiles/task_2_interface__rosidl_generator_py.dir/rosidl_generator_py/task_2_interface/srv/_joint_data_s.c.o[0m
[8.509s] [ 84%] [32m[1mLinking C shared library rosidl_generator_py/task_2_interface/libtask_2_interface__rosidl_generator_py.so[0m
[8.634s] [ 84%] Built target task_2_interface__rosidl_generator_py
[8.675s] [ 87%] [32mBuilding C object CMakeFiles/task_2_interface__rosidl_typesupport_fastrtps_c__pyext.dir/rosidl_generator_py/task_2_interface/_task_2_interface_s.ep.rosidl_typesupport_fastrtps_c.c.o[0m
[8.682s] [ 89%] [32mBuilding C object CMakeFiles/task_2_interface__rosidl_typesupport_introspection_c__pyext.dir/rosidl_generator_py/task_2_interface/_task_2_interface_s.ep.rosidl_typesupport_introspection_c.c.o[0m
[8.689s] [ 92%] [32mBuilding C object CMakeFiles/task_2_interface__rosidl_typesupport_c__pyext.dir/rosidl_generator_py/task_2_interface/_task_2_interface_s.ep.rosidl_typesupport_c.c.o[0m
[9.003s] [ 94%] [32m[1mLinking C shared library rosidl_generator_py/task_2_interface/task_2_interface_s__rosidl_typesupport_c.cpython-310-x86_64-linux-gnu.so[0m
[9.003s] [ 97%] [32m[1mLinking C shared library rosidl_generator_py/task_2_interface/task_2_interface_s__rosidl_typesupport_fastrtps_c.cpython-310-x86_64-linux-gnu.so[0m
[9.037s] [100%] [32m[1mLinking C shared library rosidl_generator_py/task_2_interface/task_2_interface_s__rosidl_typesupport_introspection_c.cpython-310-x86_64-linux-gnu.so[0m
[9.081s] [100%] Built target task_2_interface__rosidl_typesupport_c__pyext
[9.083s] [100%] Built target task_2_interface__rosidl_typesupport_fastrtps_c__pyext
[9.132s] [100%] Built target task_2_interface__rosidl_typesupport_introspection_c__pyext
[9.156s] Invoked command in '/home/lucifer/ros2_ws/build/task_2_interface' returned '0': CMAKE_PREFIX_PATH=${CMAKE_PREFIX_PATH}:/home/lucifer/ros2_ws/install/task_2:/home/lucifer/ros2_ws/install/task_1:/opt/ros/humble /usr/bin/cmake --build /home/lucifer/ros2_ws/build/task_2_interface -- -j12 -l12
[9.320s] Invoking command in '/home/lucifer/ros2_ws/build/task_2_interface': CMAKE_PREFIX_PATH=${CMAKE_PREFIX_PATH}:/home/lucifer/ros2_ws/install/task_2:/home/lucifer/ros2_ws/install/task_1:/opt/ros/humble /usr/bin/cmake --install /home/lucifer/ros2_ws/build/task_2_interface
[9.339s] -- Install configuration: ""
[9.341s] -- Execute custom install script
[9.341s] -- Symlinking: /home/lucifer/ros2_ws/install/task_2_interface/share/ament_index/resource_index/rosidl_interfaces/task_2_interface
[9.367s] -- Symlinking: /home/lucifer/ros2_ws/install/task_2_interface/include/task_2_interface/task_2_interface/msg/detail/joint_data__functions.h
[9.391s] -- Symlinking: /home/lucifer/ros2_ws/install/task_2_interface/include/task_2_interface/task_2_interface/msg/detail/joint_data__struct.h
[9.414s] -- Symlinking: /home/lucifer/ros2_ws/install/task_2_interface/include/task_2_interface/task_2_interface/msg/detail/joint_data__type_support.h
[9.438s] -- Symlinking: /home/lucifer/ros2_ws/install/task_2_interface/include/task_2_interface/task_2_interface/msg/joint_data.h
[9.463s] -- Symlinking: /home/lucifer/ros2_ws/install/task_2_interface/include/task_2_interface/task_2_interface/msg/rosidl_generator_c__visibility_control.h
[9.487s] -- Symlinking: /home/lucifer/ros2_ws/install/task_2_interface/include/task_2_interface/task_2_interface/srv/detail/joint_data__functions.h
[9.510s] -- Symlinking: /home/lucifer/ros2_ws/install/task_2_interface/include/task_2_interface/task_2_interface/srv/detail/joint_data__struct.h
[9.533s] -- Symlinking: /home/lucifer/ros2_ws/install/task_2_interface/include/task_2_interface/task_2_interface/srv/detail/joint_data__type_support.h
[9.557s] -- Symlinking: /home/lucifer/ros2_ws/install/task_2_interface/include/task_2_interface/task_2_interface/srv/joint_data.h
[9.580s] -- Symlinking: /home/lucifer/ros2_ws/install/task_2_interface/share/task_2_interface/environment/library_path.sh
[9.604s] -- Symlinking: /home/lucifer/ros2_ws/install/task_2_interface/share/task_2_interface/environment/library_path.dsv
[9.629s] -- Symlinking: /home/lucifer/ros2_ws/install/task_2_interface/include/task_2_interface/task_2_interface/msg/detail/joint_data__rosidl_typesupport_fastrtps_c.h
[9.652s] -- Symlinking: /home/lucifer/ros2_ws/install/task_2_interface/include/task_2_interface/task_2_interface/msg/rosidl_typesupport_fastrtps_c__visibility_control.h
[9.678s] -- Symlinking: /home/lucifer/ros2_ws/install/task_2_interface/include/task_2_interface/task_2_interface/srv/detail/joint_data__rosidl_typesupport_fastrtps_c.h
[9.702s] -- Symlinking: /home/lucifer/ros2_ws/install/task_2_interface/include/task_2_interface/task_2_interface/msg/detail/joint_data__builder.hpp
[9.725s] -- Symlinking: /home/lucifer/ros2_ws/install/task_2_interface/include/task_2_interface/task_2_interface/msg/detail/joint_data__struct.hpp
[9.749s] -- Symlinking: /home/lucifer/ros2_ws/install/task_2_interface/include/task_2_interface/task_2_interface/msg/detail/joint_data__traits.hpp
[9.771s] -- Symlinking: /home/lucifer/ros2_ws/install/task_2_interface/include/task_2_interface/task_2_interface/msg/joint_data.hpp
[9.786s] -- Symlinking: /home/lucifer/ros2_ws/install/task_2_interface/include/task_2_interface/task_2_interface/srv/detail/joint_data__builder.hpp
[9.801s] -- Symlinking: /home/lucifer/ros2_ws/install/task_2_interface/include/task_2_interface/task_2_interface/srv/detail/joint_data__struct.hpp
[9.817s] -- Symlinking: /home/lucifer/ros2_ws/install/task_2_interface/include/task_2_interface/task_2_interface/srv/detail/joint_data__traits.hpp
[9.832s] -- Symlinking: /home/lucifer/ros2_ws/install/task_2_interface/include/task_2_interface/task_2_interface/srv/joint_data.hpp
[9.856s] -- Symlinking: /home/lucifer/ros2_ws/install/task_2_interface/include/task_2_interface/task_2_interface/msg/detail/joint_data__rosidl_typesupport_fastrtps_cpp.hpp
[9.880s] -- Symlinking: /home/lucifer/ros2_ws/install/task_2_interface/include/task_2_interface/task_2_interface/msg/rosidl_typesupport_fastrtps_cpp__visibility_control.h
[9.904s] -- Symlinking: /home/lucifer/ros2_ws/install/task_2_interface/include/task_2_interface/task_2_interface/srv/detail/joint_data__rosidl_typesupport_fastrtps_cpp.hpp
[9.928s] -- Symlinking: /home/lucifer/ros2_ws/install/task_2_interface/include/task_2_interface/task_2_interface/msg/detail/joint_data__rosidl_typesupport_introspection_c.h
[9.952s] -- Symlinking: /home/lucifer/ros2_ws/install/task_2_interface/include/task_2_interface/task_2_interface/msg/rosidl_typesupport_introspection_c__visibility_control.h
[9.975s] -- Symlinking: /home/lucifer/ros2_ws/install/task_2_interface/include/task_2_interface/task_2_interface/srv/detail/joint_data__rosidl_typesupport_introspection_c.h
[9.998s] -- Symlinking: /home/lucifer/ros2_ws/install/task_2_interface/include/task_2_interface/task_2_interface/msg/detail/joint_data__rosidl_typesupport_introspection_cpp.hpp
[10.022s] -- Symlinking: /home/lucifer/ros2_ws/install/task_2_interface/include/task_2_interface/task_2_interface/srv/detail/joint_data__rosidl_typesupport_introspection_cpp.hpp
[10.046s] -- Symlinking: /home/lucifer/ros2_ws/install/task_2_interface/share/task_2_interface/environment/pythonpath.sh
[10.069s] -- Symlinking: /home/lucifer/ros2_ws/install/task_2_interface/share/task_2_interface/environment/pythonpath.dsv
[10.094s] -- Symlinking: /home/lucifer/ros2_ws/install/task_2_interface/local/lib/python3.10/dist-packages/task_2_interface-0.0.0-py3.10.egg-info/PKG-INFO
[10.117s] -- Symlinking: /home/lucifer/ros2_ws/install/task_2_interface/local/lib/python3.10/dist-packages/task_2_interface-0.0.0-py3.10.egg-info/SOURCES.txt
[10.141s] -- Symlinking: /home/lucifer/ros2_ws/install/task_2_interface/local/lib/python3.10/dist-packages/task_2_interface-0.0.0-py3.10.egg-info/dependency_links.txt
[10.165s] -- Symlinking: /home/lucifer/ros2_ws/install/task_2_interface/local/lib/python3.10/dist-packages/task_2_interface-0.0.0-py3.10.egg-info/top_level.txt
[10.190s] -- Symlinking: /home/lucifer/ros2_ws/install/task_2_interface/local/lib/python3.10/dist-packages/task_2_interface/__init__.py
[10.214s] -- Symlinking: /home/lucifer/ros2_ws/install/task_2_interface/local/lib/python3.10/dist-packages/task_2_interface/_task_2_interface_s.ep.rosidl_typesupport_c.c
[10.237s] -- Symlinking: /home/lucifer/ros2_ws/install/task_2_interface/local/lib/python3.10/dist-packages/task_2_interface/_task_2_interface_s.ep.rosidl_typesupport_fastrtps_c.c
[10.260s] -- Symlinking: /home/lucifer/ros2_ws/install/task_2_interface/local/lib/python3.10/dist-packages/task_2_interface/_task_2_interface_s.ep.rosidl_typesupport_introspection_c.c
[10.285s] -- Symlinking: /home/lucifer/ros2_ws/install/task_2_interface/local/lib/python3.10/dist-packages/task_2_interface/libtask_2_interface__rosidl_generator_py.so
[10.309s] -- Symlinking: /home/lucifer/ros2_ws/install/task_2_interface/local/lib/python3.10/dist-packages/task_2_interface/msg/__init__.py
[10.332s] -- Symlinking: /home/lucifer/ros2_ws/install/task_2_interface/local/lib/python3.10/dist-packages/task_2_interface/msg/_joint_data.py
[10.355s] -- Symlinking: /home/lucifer/ros2_ws/install/task_2_interface/local/lib/python3.10/dist-packages/task_2_interface/msg/_joint_data_s.c
[10.379s] -- Symlinking: /home/lucifer/ros2_ws/install/task_2_interface/local/lib/python3.10/dist-packages/task_2_interface/srv/__init__.py
[10.403s] -- Symlinking: /home/lucifer/ros2_ws/install/task_2_interface/local/lib/python3.10/dist-packages/task_2_interface/srv/_joint_data.py
[10.427s] -- Symlinking: /home/lucifer/ros2_ws/install/task_2_interface/local/lib/python3.10/dist-packages/task_2_interface/srv/_joint_data_s.c
[10.451s] -- Symlinking: /home/lucifer/ros2_ws/install/task_2_interface/local/lib/python3.10/dist-packages/task_2_interface/task_2_interface_s__rosidl_typesupport_c.cpython-310-x86_64-linux-gnu.so
[10.474s] -- Symlinking: /home/lucifer/ros2_ws/install/task_2_interface/local/lib/python3.10/dist-packages/task_2_interface/task_2_interface_s__rosidl_typesupport_fastrtps_c.cpython-310-x86_64-linux-gnu.so
[10.498s] -- Symlinking: /home/lucifer/ros2_ws/install/task_2_interface/local/lib/python3.10/dist-packages/task_2_interface/task_2_interface_s__rosidl_typesupport_introspection_c.cpython-310-x86_64-linux-gnu.so
[10.522s] -- Up-to-date symlink: /home/lucifer/ros2_ws/install/task_2_interface/local/lib/python3.10/dist-packages/task_2_interface/task_2_interface_s__rosidl_typesupport_fastrtps_c.cpython-310-x86_64-linux-gnu.so
[10.522s] -- Up-to-date symlink: /home/lucifer/ros2_ws/install/task_2_interface/local/lib/python3.10/dist-packages/task_2_interface/task_2_interface_s__rosidl_typesupport_introspection_c.cpython-310-x86_64-linux-gnu.so
[10.523s] -- Up-to-date symlink: /home/lucifer/ros2_ws/install/task_2_interface/local/lib/python3.10/dist-packages/task_2_interface/task_2_interface_s__rosidl_typesupport_c.cpython-310-x86_64-linux-gnu.so
[10.523s] -- Symlinking: /home/lucifer/ros2_ws/install/task_2_interface/share/task_2_interface/msg/JointData.idl
[10.547s] -- Symlinking: /home/lucifer/ros2_ws/install/task_2_interface/share/task_2_interface/srv/JointData.idl
[10.564s] -- Symlinking: /home/lucifer/ros2_ws/install/task_2_interface/share/task_2_interface/msg/JointData.msg
[10.587s] -- Symlinking: /home/lucifer/ros2_ws/install/task_2_interface/share/task_2_interface/srv/JointData.srv
[10.603s] -- Symlinking: /home/lucifer/ros2_ws/install/task_2_interface/share/task_2_interface/srv/JointData_Request.msg
[10.619s] -- Symlinking: /home/lucifer/ros2_ws/install/task_2_interface/share/task_2_interface/srv/JointData_Response.msg
[10.635s] -- Up-to-date symlink: /home/lucifer/ros2_ws/install/task_2_interface/share/ament_index/resource_index/package_run_dependencies/task_2_interface
[10.635s] -- Up-to-date symlink: /home/lucifer/ros2_ws/install/task_2_interface/share/ament_index/resource_index/parent_prefix_path/task_2_interface
[10.636s] -- Up-to-date symlink: /home/lucifer/ros2_ws/install/task_2_interface/share/task_2_interface/environment/ament_prefix_path.sh
[10.636s] -- Up-to-date symlink: /home/lucifer/ros2_ws/install/task_2_interface/share/task_2_interface/environment/ament_prefix_path.dsv
[10.637s] -- Up-to-date symlink: /home/lucifer/ros2_ws/install/task_2_interface/share/task_2_interface/environment/path.sh
[10.637s] -- Up-to-date symlink: /home/lucifer/ros2_ws/install/task_2_interface/share/task_2_interface/environment/path.dsv
[10.637s] -- Up-to-date symlink: /home/lucifer/ros2_ws/install/task_2_interface/share/task_2_interface/local_setup.bash
[10.638s] -- Up-to-date symlink: /home/lucifer/ros2_ws/install/task_2_interface/share/task_2_interface/local_setup.sh
[10.638s] -- Up-to-date symlink: /home/lucifer/ros2_ws/install/task_2_interface/share/task_2_interface/local_setup.zsh
[10.638s] -- Up-to-date symlink: /home/lucifer/ros2_ws/install/task_2_interface/share/task_2_interface/local_setup.dsv
[10.639s] -- Symlinking: /home/lucifer/ros2_ws/install/task_2_interface/share/task_2_interface/package.dsv
[10.663s] -- Up-to-date symlink: /home/lucifer/ros2_ws/install/task_2_interface/share/ament_index/resource_index/packages/task_2_interface
[10.663s] -- Symlinking: /home/lucifer/ros2_ws/install/task_2_interface/share/task_2_interface/cmake/rosidl_cmake-extras.cmake
[10.687s] -- Symlinking: /home/lucifer/ros2_ws/install/task_2_interface/share/task_2_interface/cmake/ament_cmake_export_dependencies-extras.cmake
[10.704s] -- Symlinking: /home/lucifer/ros2_ws/install/task_2_interface/share/task_2_interface/cmake/ament_cmake_export_include_directories-extras.cmake
[10.719s] -- Symlinking: /home/lucifer/ros2_ws/install/task_2_interface/share/task_2_interface/cmake/ament_cmake_export_libraries-extras.cmake
[10.735s] -- Symlinking: /home/lucifer/ros2_ws/install/task_2_interface/share/task_2_interface/cmake/ament_cmake_export_targets-extras.cmake
[10.759s] -- Symlinking: /home/lucifer/ros2_ws/install/task_2_interface/share/task_2_interface/cmake/rosidl_cmake_export_typesupport_targets-extras.cmake
[10.776s] -- Symlinking: /home/lucifer/ros2_ws/install/task_2_interface/share/task_2_interface/cmake/rosidl_cmake_export_typesupport_libraries-extras.cmake
[10.791s] -- Up-to-date symlink: /home/lucifer/ros2_ws/install/task_2_interface/share/task_2_interface/cmake/task_2_interfaceConfig.cmake
[10.792s] -- Up-to-date symlink: /home/lucifer/ros2_ws/install/task_2_interface/share/task_2_interface/cmake/task_2_interfaceConfig-version.cmake
[10.792s] -- Up-to-date symlink: /home/lucifer/ros2_ws/install/task_2_interface/share/task_2_interface/package.xml
[10.793s] -- Installing: /home/lucifer/ros2_ws/install/task_2_interface/lib/libtask_2_interface__rosidl_generator_c.so
[10.794s] -- Set runtime path of "/home/lucifer/ros2_ws/install/task_2_interface/lib/libtask_2_interface__rosidl_generator_c.so" to ""
[10.794s] -- Installing: /home/lucifer/ros2_ws/install/task_2_interface/lib/libtask_2_interface__rosidl_typesupport_fastrtps_c.so
[10.795s] -- Set runtime path of "/home/lucifer/ros2_ws/install/task_2_interface/lib/libtask_2_interface__rosidl_typesupport_fastrtps_c.so" to ""
[10.795s] -- Installing: /home/lucifer/ros2_ws/install/task_2_interface/lib/libtask_2_interface__rosidl_typesupport_fastrtps_cpp.so
[10.797s] -- Set runtime path of "/home/lucifer/ros2_ws/install/task_2_interface/lib/libtask_2_interface__rosidl_typesupport_fastrtps_cpp.so" to ""
[10.797s] -- Installing: /home/lucifer/ros2_ws/install/task_2_interface/lib/libtask_2_interface__rosidl_typesupport_introspection_c.so
[10.798s] -- Set runtime path of "/home/lucifer/ros2_ws/install/task_2_interface/lib/libtask_2_interface__rosidl_typesupport_introspection_c.so" to ""
[10.798s] -- Installing: /home/lucifer/ros2_ws/install/task_2_interface/lib/libtask_2_interface__rosidl_typesupport_c.so
[10.799s] -- Set runtime path of "/home/lucifer/ros2_ws/install/task_2_interface/lib/libtask_2_interface__rosidl_typesupport_c.so" to ""
[10.799s] -- Installing: /home/lucifer/ros2_ws/install/task_2_interface/lib/libtask_2_interface__rosidl_typesupport_introspection_cpp.so
[10.801s] -- Set runtime path of "/home/lucifer/ros2_ws/install/task_2_interface/lib/libtask_2_interface__rosidl_typesupport_introspection_cpp.so" to ""
[10.801s] -- Installing: /home/lucifer/ros2_ws/install/task_2_interface/lib/libtask_2_interface__rosidl_typesupport_cpp.so
[10.802s] -- Set runtime path of "/home/lucifer/ros2_ws/install/task_2_interface/lib/libtask_2_interface__rosidl_typesupport_cpp.so" to ""
[11.037s] Listing '/home/lucifer/ros2_ws/install/task_2_interface/local/lib/python3.10/dist-packages/task_2_interface'...
[11.037s] Compiling '/home/lucifer/ros2_ws/install/task_2_interface/local/lib/python3.10/dist-packages/task_2_interface/__init__.py'...
[11.037s] Listing '/home/lucifer/ros2_ws/install/task_2_interface/local/lib/python3.10/dist-packages/task_2_interface/msg'...
[11.038s] Compiling '/home/lucifer/ros2_ws/install/task_2_interface/local/lib/python3.10/dist-packages/task_2_interface/msg/__init__.py'...
[11.038s] Compiling '/home/lucifer/ros2_ws/install/task_2_interface/local/lib/python3.10/dist-packages/task_2_interface/msg/_joint_data.py'...
[11.038s] Listing '/home/lucifer/ros2_ws/install/task_2_interface/local/lib/python3.10/dist-packages/task_2_interface/srv'...
[11.038s] Compiling '/home/lucifer/ros2_ws/install/task_2_interface/local/lib/python3.10/dist-packages/task_2_interface/srv/__init__.py'...
[11.038s] Compiling '/home/lucifer/ros2_ws/install/task_2_interface/local/lib/python3.10/dist-packages/task_2_interface/srv/_joint_data.py'...
[11.050s] -- Installing: /home/lucifer/ros2_ws/install/task_2_interface/lib/libtask_2_interface__rosidl_generator_py.so
[11.051s] -- Set runtime path of "/home/lucifer/ros2_ws/install/task_2_interface/lib/libtask_2_interface__rosidl_generator_py.so" to ""
[11.051s] -- Installing: /home/lucifer/ros2_ws/install/task_2_interface/share/task_2_interface/cmake/export_task_2_interface__rosidl_generator_cExport.cmake
[11.052s] -- Installing: /home/lucifer/ros2_ws/install/task_2_interface/share/task_2_interface/cmake/export_task_2_interface__rosidl_generator_cExport-noconfig.cmake
[11.052s] -- Installing: /home/lucifer/ros2_ws/install/task_2_interface/share/task_2_interface/cmake/export_task_2_interface__rosidl_typesupport_fastrtps_cExport.cmake
[11.052s] -- Installing: /home/lucifer/ros2_ws/install/task_2_interface/share/task_2_interface/cmake/export_task_2_interface__rosidl_typesupport_fastrtps_cExport-noconfig.cmake
[11.053s] -- Installing: /home/lucifer/ros2_ws/install/task_2_interface/share/task_2_interface/cmake/export_task_2_interface__rosidl_generator_cppExport.cmake
[11.053s] -- Installing: /home/lucifer/ros2_ws/install/task_2_interface/share/task_2_interface/cmake/export_task_2_interface__rosidl_typesupport_fastrtps_cppExport.cmake
[11.054s] -- Installing: /home/lucifer/ros2_ws/install/task_2_interface/share/task_2_interface/cmake/export_task_2_interface__rosidl_typesupport_fastrtps_cppExport-noconfig.cmake
[11.054s] -- Installing: /home/lucifer/ros2_ws/install/task_2_interface/share/task_2_interface/cmake/task_2_interface__rosidl_typesupport_introspection_cExport.cmake
[11.055s] -- Installing: /home/lucifer/ros2_ws/install/task_2_interface/share/task_2_interface/cmake/task_2_interface__rosidl_typesupport_introspection_cExport-noconfig.cmake
[11.055s] -- Installing: /home/lucifer/ros2_ws/install/task_2_interface/share/task_2_interface/cmake/task_2_interface__rosidl_typesupport_cExport.cmake
[11.055s] -- Installing: /home/lucifer/ros2_ws/install/task_2_interface/share/task_2_interface/cmake/task_2_interface__rosidl_typesupport_cExport-noconfig.cmake
[11.056s] -- Installing: /home/lucifer/ros2_ws/install/task_2_interface/share/task_2_interface/cmake/task_2_interface__rosidl_typesupport_introspection_cppExport.cmake
[11.056s] -- Installing: /home/lucifer/ros2_ws/install/task_2_interface/share/task_2_interface/cmake/task_2_interface__rosidl_typesupport_introspection_cppExport-noconfig.cmake
[11.057s] -- Installing: /home/lucifer/ros2_ws/install/task_2_interface/share/task_2_interface/cmake/task_2_interface__rosidl_typesupport_cppExport.cmake
[11.057s] -- Installing: /home/lucifer/ros2_ws/install/task_2_interface/share/task_2_interface/cmake/task_2_interface__rosidl_typesupport_cppExport-noconfig.cmake
[11.058s] -- Installing: /home/lucifer/ros2_ws/install/task_2_interface/share/task_2_interface/cmake/export_task_2_interface__rosidl_generator_pyExport.cmake
[11.058s] -- Installing: /home/lucifer/ros2_ws/install/task_2_interface/share/task_2_interface/cmake/export_task_2_interface__rosidl_generator_pyExport-noconfig.cmake
[11.066s] Invoked command in '/home/lucifer/ros2_ws/build/task_2_interface' returned '0': CMAKE_PREFIX_PATH=${CMAKE_PREFIX_PATH}:/home/lucifer/ros2_ws/install/task_2:/home/lucifer/ros2_ws/install/task_1:/opt/ros/humble /usr/bin/cmake --install /home/lucifer/ros2_ws/build/task_2_interface
