[1.531s] Invoking command in '/home/lucifer/ros2_ws/src/task_1': PYTHONPATH=/home/lucifer/ros2_ws/build/task_1/prefix_override:/usr/lib/python3/dist-packages/colcon_core/task/python/colcon_distutils_commands:/home/lucifer/ros2_ws/install/task_1/lib/python3.10/site-packages:${PYTHONPATH} /usr/bin/python3 -W ignore:setup.py install is deprecated setup.py egg_info --egg-base ../../build/task_1 build --build-base /home/lucifer/ros2_ws/build/task_1/build install --record /home/lucifer/ros2_ws/build/task_1/install.log --single-version-externally-managed install_data
[1.912s] running egg_info
[1.937s] writing ../../build/task_1/task_1.egg-info/PKG-INFO
[1.937s] writing dependency_links to ../../build/task_1/task_1.egg-info/dependency_links.txt
[1.938s] writing entry points to ../../build/task_1/task_1.egg-info/entry_points.txt
[1.938s] writing requirements to ../../build/task_1/task_1.egg-info/requires.txt
[1.938s] writing top-level names to ../../build/task_1/task_1.egg-info/top_level.txt
[1.988s] reading manifest file '../../build/task_1/task_1.egg-info/SOURCES.txt'
[1.988s] adding license file 'LICENSE'
[1.989s] writing manifest file '../../build/task_1/task_1.egg-info/SOURCES.txt'
[1.990s] running build
[1.990s] running build_py
[1.990s] copying task_1/publisher_member_function.py -> /home/lucifer/ros2_ws/build/task_1/build/lib/task_1
[1.990s] copying task_1/subscriber_member_function.py -> /home/lucifer/ros2_ws/build/task_1/build/lib/task_1
[1.990s] copying task_1/__init__.py -> /home/lucifer/ros2_ws/build/task_1/build/lib/task_1
[1.991s] running install
[1.999s] running install_lib
[2.024s] running install_data
[2.025s] copying resource/task_1 -> /home/lucifer/ros2_ws/install/task_1/share/ament_index/resource_index/packages
[2.025s] copying package.xml -> /home/lucifer/ros2_ws/install/task_1/share/task_1
[2.025s] copying launch/pub_sub_launch.py -> /home/lucifer/ros2_ws/install/task_1/share/task_1
[2.025s] running install_egg_info
[2.052s] removing '/home/lucifer/ros2_ws/install/task_1/lib/python3.10/site-packages/task_1-0.0.0-py3.10.egg-info' (and everything under it)
[2.052s] Copying ../../build/task_1/task_1.egg-info to /home/lucifer/ros2_ws/install/task_1/lib/python3.10/site-packages/task_1-0.0.0-py3.10.egg-info
[2.054s] running install_scripts
[2.270s] Installing listener script to /home/lucifer/ros2_ws/install/task_1/lib/task_1
[2.270s] Installing talker script to /home/lucifer/ros2_ws/install/task_1/lib/task_1
[2.271s] writing list of installed files to '/home/lucifer/ros2_ws/build/task_1/install.log'
[2.313s] Invoked command in '/home/lucifer/ros2_ws/src/task_1' returned '0': PYTHONPATH=/home/lucifer/ros2_ws/build/task_1/prefix_override:/usr/lib/python3/dist-packages/colcon_core/task/python/colcon_distutils_commands:/home/lucifer/ros2_ws/install/task_1/lib/python3.10/site-packages:${PYTHONPATH} /usr/bin/python3 -W ignore:setup.py install is deprecated setup.py egg_info --egg-base ../../build/task_1 build --build-base /home/lucifer/ros2_ws/build/task_1/build install --record /home/lucifer/ros2_ws/build/task_1/install.log --single-version-externally-managed install_data
