[2.115s] Invoking command in '/home/lucifer/ros2_ws/src/task_2': PYTHONPATH=/home/lucifer/ros2_ws/build/task_2/prefix_override:/usr/lib/python3/dist-packages/colcon_core/task/python/colcon_distutils_commands:/home/lucifer/ros2_ws/install/task_2/lib/python3.10/site-packages:${PYTHONPATH} /usr/bin/python3 -W ignore:setup.py install is deprecated setup.py egg_info --egg-base ../../build/task_2 build --build-base /home/lucifer/ros2_ws/build/task_2/build install --record /home/lucifer/ros2_ws/build/task_2/install.log --single-version-externally-managed install_data
[2.484s] running egg_info
[2.509s] writing ../../build/task_2/task_2.egg-info/PKG-INFO
[2.510s] writing dependency_links to ../../build/task_2/task_2.egg-info/dependency_links.txt
[2.510s] writing entry points to ../../build/task_2/task_2.egg-info/entry_points.txt
[2.510s] writing requirements to ../../build/task_2/task_2.egg-info/requires.txt
[2.510s] writing top-level names to ../../build/task_2/task_2.egg-info/top_level.txt
[2.563s] reading manifest file '../../build/task_2/task_2.egg-info/SOURCES.txt'
[2.564s] writing manifest file '../../build/task_2/task_2.egg-info/SOURCES.txt'
[2.564s] running build
[2.564s] running build_py
[2.565s] copying task_2/publisher.py -> /home/lucifer/ros2_ws/build/task_2/build/lib/task_2
[2.565s] copying task_2/subscriber.py -> /home/lucifer/ros2_ws/build/task_2/build/lib/task_2
[2.565s] copying task_2/client.py -> /home/lucifer/ros2_ws/build/task_2/build/lib/task_2
[2.565s] copying task_2/service.py -> /home/lucifer/ros2_ws/build/task_2/build/lib/task_2
[2.566s] copying task_2/__init__.py -> /home/lucifer/ros2_ws/build/task_2/build/lib/task_2
[2.566s] running install
[2.573s] running install_lib
[2.599s] running install_data
[2.599s] copying resource/task_2 -> /home/lucifer/ros2_ws/install/task_2/share/ament_index/resource_index/packages
[2.600s] copying package.xml -> /home/lucifer/ros2_ws/install/task_2/share/task_2
[2.600s] running install_egg_info
[2.626s] removing '/home/lucifer/ros2_ws/install/task_2/lib/python3.10/site-packages/task_2-0.0.0-py3.10.egg-info' (and everything under it)
[2.626s] Copying ../../build/task_2/task_2.egg-info to /home/lucifer/ros2_ws/install/task_2/lib/python3.10/site-packages/task_2-0.0.0-py3.10.egg-info
[2.628s] running install_scripts
[2.844s] Installing client script to /home/lucifer/ros2_ws/install/task_2/lib/task_2
[2.844s] Installing listener script to /home/lucifer/ros2_ws/install/task_2/lib/task_2
[2.844s] Installing service script to /home/lucifer/ros2_ws/install/task_2/lib/task_2
[2.844s] Installing talker script to /home/lucifer/ros2_ws/install/task_2/lib/task_2
[2.844s] writing list of installed files to '/home/lucifer/ros2_ws/build/task_2/install.log'
[2.889s] Invoked command in '/home/lucifer/ros2_ws/src/task_2' returned '0': PYTHONPATH=/home/lucifer/ros2_ws/build/task_2/prefix_override:/usr/lib/python3/dist-packages/colcon_core/task/python/colcon_distutils_commands:/home/lucifer/ros2_ws/install/task_2/lib/python3.10/site-packages:${PYTHONPATH} /usr/bin/python3 -W ignore:setup.py install is deprecated setup.py egg_info --egg-base ../../build/task_2 build --build-base /home/lucifer/ros2_ws/build/task_2/build install --record /home/lucifer/ros2_ws/build/task_2/install.log --single-version-externally-managed install_data
