[0.028s] Invoking command in '/home/lucifer/ros2_ws/build/task_2_interface': CMAKE_PREFIX_PATH=${CMAKE_PREFIX_PATH}:/home/lucifer/ros2_ws/install/task_2:/home/lucifer/ros2_ws/install/task_1:/opt/ros/humble /usr/bin/cmake --build /home/lucifer/ros2_ws/build/task_2_interface -- -j12 -l12
[0.142s] [ 10%] Built target task_2_interface__rosidl_generator_c
[0.145s] [ 12%] Built target task_2_interface__cpp
[0.154s] [ 12%] Built target ament_cmake_python_symlink_task_2_interface
[0.188s] [ 23%] Built target task_2_interface__rosidl_typesupport_introspection_c
[0.191s] [ 33%] Built target task_2_interface__rosidl_typesupport_fastrtps_c
[0.193s] [ 43%] Built target task_2_interface__rosidl_typesupport_cpp
[0.194s] [ 53%] Built target task_2_interface__rosidl_typesupport_c
[0.199s] [ 64%] Built target task_2_interface__rosidl_typesupport_fastrtps_cpp
[0.200s] [ 74%] Built target task_2_interface__rosidl_typesupport_introspection_cpp
[0.242s] [ 74%] Built target task_2_interface
[0.282s] [ 76%] Built target task_2_interface__py
[0.327s] [ 84%] Built target task_2_interface__rosidl_generator_py
[0.370s] [ 94%] Built target task_2_interface__rosidl_typesupport_c__pyext
[0.370s] [ 94%] Built target task_2_interface__rosidl_typesupport_fastrtps_c__pyext
[0.372s] [100%] Built target task_2_interface__rosidl_typesupport_introspection_c__pyext
[0.526s] running egg_info
[0.553s] writing task_2_interface.egg-info/PKG-INFO
[0.554s] writing dependency_links to task_2_interface.egg-info/dependency_links.txt
[0.555s] writing top-level names to task_2_interface.egg-info/top_level.txt
[0.630s] reading manifest file 'task_2_interface.egg-info/SOURCES.txt'
[0.631s] writing manifest file 'task_2_interface.egg-info/SOURCES.txt'
[0.701s] [100%] Built target ament_cmake_python_build_task_2_interface_egg
[0.735s] Invoked command in '/home/lucifer/ros2_ws/build/task_2_interface' returned '0': CMAKE_PREFIX_PATH=${CMAKE_PREFIX_PATH}:/home/lucifer/ros2_ws/install/task_2:/home/lucifer/ros2_ws/install/task_1:/opt/ros/humble /usr/bin/cmake --build /home/lucifer/ros2_ws/build/task_2_interface -- -j12 -l12
[0.911s] Invoking command in '/home/lucifer/ros2_ws/build/task_2_interface': CMAKE_PREFIX_PATH=${CMAKE_PREFIX_PATH}:/home/lucifer/ros2_ws/install/task_2:/home/lucifer/ros2_ws/install/task_1:/opt/ros/humble /usr/bin/cmake --install /home/lucifer/ros2_ws/build/task_2_interface
[0.925s] -- Install configuration: ""
[0.925s] -- Execute custom install script
[0.926s] -- Up-to-date symlink: /home/lucifer/ros2_ws/install/task_2_interface/share/ament_index/resource_index/rosidl_interfaces/task_2_interface
[0.927s] -- Up-to-date symlink: /home/lucifer/ros2_ws/install/task_2_interface/include/task_2_interface/task_2_interface/msg/detail/joint_data__functions.h
[0.927s] -- Up-to-date symlink: /home/lucifer/ros2_ws/install/task_2_interface/include/task_2_interface/task_2_interface/msg/detail/joint_data__struct.h
[0.927s] -- Up-to-date symlink: /home/lucifer/ros2_ws/install/task_2_interface/include/task_2_interface/task_2_interface/msg/detail/joint_data__type_support.h
[0.928s] -- Up-to-date symlink: /home/lucifer/ros2_ws/install/task_2_interface/include/task_2_interface/task_2_interface/msg/joint_data.h
[0.928s] -- Up-to-date symlink: /home/lucifer/ros2_ws/install/task_2_interface/include/task_2_interface/task_2_interface/msg/rosidl_generator_c__visibility_control.h
[0.928s] -- Up-to-date symlink: /home/lucifer/ros2_ws/install/task_2_interface/include/task_2_interface/task_2_interface/srv/detail/joint_data__functions.h
[0.929s] -- Up-to-date symlink: /home/lucifer/ros2_ws/install/task_2_interface/include/task_2_interface/task_2_interface/srv/detail/joint_data__struct.h
[0.929s] -- Up-to-date symlink: /home/lucifer/ros2_ws/install/task_2_interface/include/task_2_interface/task_2_interface/srv/detail/joint_data__type_support.h
[0.929s] -- Up-to-date symlink: /home/lucifer/ros2_ws/install/task_2_interface/include/task_2_interface/task_2_interface/srv/joint_data.h
[0.929s] -- Up-to-date symlink: /home/lucifer/ros2_ws/install/task_2_interface/share/task_2_interface/environment/library_path.sh
[0.930s] -- Up-to-date symlink: /home/lucifer/ros2_ws/install/task_2_interface/share/task_2_interface/environment/library_path.dsv
[0.930s] -- Up-to-date symlink: /home/lucifer/ros2_ws/install/task_2_interface/include/task_2_interface/task_2_interface/msg/detail/joint_data__rosidl_typesupport_fastrtps_c.h
[0.930s] -- Up-to-date symlink: /home/lucifer/ros2_ws/install/task_2_interface/include/task_2_interface/task_2_interface/msg/rosidl_typesupport_fastrtps_c__visibility_control.h
[0.931s] -- Up-to-date symlink: /home/lucifer/ros2_ws/install/task_2_interface/include/task_2_interface/task_2_interface/srv/detail/joint_data__rosidl_typesupport_fastrtps_c.h
[0.931s] -- Up-to-date symlink: /home/lucifer/ros2_ws/install/task_2_interface/include/task_2_interface/task_2_interface/msg/detail/joint_data__builder.hpp
[0.931s] -- Up-to-date symlink: /home/lucifer/ros2_ws/install/task_2_interface/include/task_2_interface/task_2_interface/msg/detail/joint_data__struct.hpp
[0.931s] -- Up-to-date symlink: /home/lucifer/ros2_ws/install/task_2_interface/include/task_2_interface/task_2_interface/msg/detail/joint_data__traits.hpp
[0.932s] -- Up-to-date symlink: /home/lucifer/ros2_ws/install/task_2_interface/include/task_2_interface/task_2_interface/msg/joint_data.hpp
[0.932s] -- Up-to-date symlink: /home/lucifer/ros2_ws/install/task_2_interface/include/task_2_interface/task_2_interface/srv/detail/joint_data__builder.hpp
[0.933s] -- Up-to-date symlink: /home/lucifer/ros2_ws/install/task_2_interface/include/task_2_interface/task_2_interface/srv/detail/joint_data__struct.hpp
[0.933s] -- Up-to-date symlink: /home/lucifer/ros2_ws/install/task_2_interface/include/task_2_interface/task_2_interface/srv/detail/joint_data__traits.hpp
[0.933s] -- Up-to-date symlink: /home/lucifer/ros2_ws/install/task_2_interface/include/task_2_interface/task_2_interface/srv/joint_data.hpp
[0.933s] -- Up-to-date symlink: /home/lucifer/ros2_ws/install/task_2_interface/include/task_2_interface/task_2_interface/msg/detail/joint_data__rosidl_typesupport_fastrtps_cpp.hpp
[0.934s] -- Up-to-date symlink: /home/lucifer/ros2_ws/install/task_2_interface/include/task_2_interface/task_2_interface/msg/rosidl_typesupport_fastrtps_cpp__visibility_control.h
[0.934s] -- Up-to-date symlink: /home/lucifer/ros2_ws/install/task_2_interface/include/task_2_interface/task_2_interface/srv/detail/joint_data__rosidl_typesupport_fastrtps_cpp.hpp
[0.934s] -- Up-to-date symlink: /home/lucifer/ros2_ws/install/task_2_interface/include/task_2_interface/task_2_interface/msg/detail/joint_data__rosidl_typesupport_introspection_c.h
[0.935s] -- Up-to-date symlink: /home/lucifer/ros2_ws/install/task_2_interface/include/task_2_interface/task_2_interface/msg/rosidl_typesupport_introspection_c__visibility_control.h
[0.935s] -- Up-to-date symlink: /home/lucifer/ros2_ws/install/task_2_interface/include/task_2_interface/task_2_interface/srv/detail/joint_data__rosidl_typesupport_introspection_c.h
[0.935s] -- Up-to-date symlink: /home/lucifer/ros2_ws/install/task_2_interface/include/task_2_interface/task_2_interface/msg/detail/joint_data__rosidl_typesupport_introspection_cpp.hpp
[0.935s] -- Up-to-date symlink: /home/lucifer/ros2_ws/install/task_2_interface/include/task_2_interface/task_2_interface/srv/detail/joint_data__rosidl_typesupport_introspection_cpp.hpp
[0.935s] -- Up-to-date symlink: /home/lucifer/ros2_ws/install/task_2_interface/share/task_2_interface/environment/pythonpath.sh
[0.936s] -- Up-to-date symlink: /home/lucifer/ros2_ws/install/task_2_interface/share/task_2_interface/environment/pythonpath.dsv
[0.936s] -- Up-to-date symlink: /home/lucifer/ros2_ws/install/task_2_interface/local/lib/python3.10/dist-packages/task_2_interface-0.0.0-py3.10.egg-info/PKG-INFO
[0.936s] -- Up-to-date symlink: /home/lucifer/ros2_ws/install/task_2_interface/local/lib/python3.10/dist-packages/task_2_interface-0.0.0-py3.10.egg-info/SOURCES.txt
[0.937s] -- Up-to-date symlink: /home/lucifer/ros2_ws/install/task_2_interface/local/lib/python3.10/dist-packages/task_2_interface-0.0.0-py3.10.egg-info/dependency_links.txt
[0.937s] -- Up-to-date symlink: /home/lucifer/ros2_ws/install/task_2_interface/local/lib/python3.10/dist-packages/task_2_interface-0.0.0-py3.10.egg-info/top_level.txt
[0.937s] -- Up-to-date symlink: /home/lucifer/ros2_ws/install/task_2_interface/local/lib/python3.10/dist-packages/task_2_interface/__init__.py
[0.937s] -- Up-to-date symlink: /home/lucifer/ros2_ws/install/task_2_interface/local/lib/python3.10/dist-packages/task_2_interface/_task_2_interface_s.ep.rosidl_typesupport_c.c
[0.938s] -- Up-to-date symlink: /home/lucifer/ros2_ws/install/task_2_interface/local/lib/python3.10/dist-packages/task_2_interface/_task_2_interface_s.ep.rosidl_typesupport_fastrtps_c.c
[0.938s] -- Up-to-date symlink: /home/lucifer/ros2_ws/install/task_2_interface/local/lib/python3.10/dist-packages/task_2_interface/_task_2_interface_s.ep.rosidl_typesupport_introspection_c.c
[0.939s] -- Up-to-date symlink: /home/lucifer/ros2_ws/install/task_2_interface/local/lib/python3.10/dist-packages/task_2_interface/libtask_2_interface__rosidl_generator_py.so
[0.939s] -- Up-to-date symlink: /home/lucifer/ros2_ws/install/task_2_interface/local/lib/python3.10/dist-packages/task_2_interface/msg/__init__.py
[0.939s] -- Up-to-date symlink: /home/lucifer/ros2_ws/install/task_2_interface/local/lib/python3.10/dist-packages/task_2_interface/msg/_joint_data.py
[0.940s] -- Up-to-date symlink: /home/lucifer/ros2_ws/install/task_2_interface/local/lib/python3.10/dist-packages/task_2_interface/msg/_joint_data_s.c
[0.940s] -- Up-to-date symlink: /home/lucifer/ros2_ws/install/task_2_interface/local/lib/python3.10/dist-packages/task_2_interface/srv/__init__.py
[0.940s] -- Up-to-date symlink: /home/lucifer/ros2_ws/install/task_2_interface/local/lib/python3.10/dist-packages/task_2_interface/srv/_joint_data.py
[0.940s] -- Up-to-date symlink: /home/lucifer/ros2_ws/install/task_2_interface/local/lib/python3.10/dist-packages/task_2_interface/srv/_joint_data_s.c
[0.940s] -- Up-to-date symlink: /home/lucifer/ros2_ws/install/task_2_interface/local/lib/python3.10/dist-packages/task_2_interface/task_2_interface_s__rosidl_typesupport_c.cpython-310-x86_64-linux-gnu.so
[0.941s] -- Up-to-date symlink: /home/lucifer/ros2_ws/install/task_2_interface/local/lib/python3.10/dist-packages/task_2_interface/task_2_interface_s__rosidl_typesupport_fastrtps_c.cpython-310-x86_64-linux-gnu.so
[0.941s] -- Up-to-date symlink: /home/lucifer/ros2_ws/install/task_2_interface/local/lib/python3.10/dist-packages/task_2_interface/task_2_interface_s__rosidl_typesupport_introspection_c.cpython-310-x86_64-linux-gnu.so
[0.941s] -- Up-to-date symlink: /home/lucifer/ros2_ws/install/task_2_interface/local/lib/python3.10/dist-packages/task_2_interface/task_2_interface_s__rosidl_typesupport_fastrtps_c.cpython-310-x86_64-linux-gnu.so
[0.942s] -- Up-to-date symlink: /home/lucifer/ros2_ws/install/task_2_interface/local/lib/python3.10/dist-packages/task_2_interface/task_2_interface_s__rosidl_typesupport_introspection_c.cpython-310-x86_64-linux-gnu.so
[0.942s] -- Up-to-date symlink: /home/lucifer/ros2_ws/install/task_2_interface/local/lib/python3.10/dist-packages/task_2_interface/task_2_interface_s__rosidl_typesupport_c.cpython-310-x86_64-linux-gnu.so
[0.942s] -- Up-to-date symlink: /home/lucifer/ros2_ws/install/task_2_interface/share/task_2_interface/msg/JointData.idl
[0.942s] -- Up-to-date symlink: /home/lucifer/ros2_ws/install/task_2_interface/share/task_2_interface/srv/JointData.idl
[0.943s] -- Up-to-date symlink: /home/lucifer/ros2_ws/install/task_2_interface/share/task_2_interface/msg/JointData.msg
[0.943s] -- Up-to-date symlink: /home/lucifer/ros2_ws/install/task_2_interface/share/task_2_interface/srv/JointData.srv
[0.943s] -- Up-to-date symlink: /home/lucifer/ros2_ws/install/task_2_interface/share/task_2_interface/srv/JointData_Request.msg
[0.943s] -- Up-to-date symlink: /home/lucifer/ros2_ws/install/task_2_interface/share/task_2_interface/srv/JointData_Response.msg
[0.944s] -- Up-to-date symlink: /home/lucifer/ros2_ws/install/task_2_interface/share/ament_index/resource_index/package_run_dependencies/task_2_interface
[0.944s] -- Up-to-date symlink: /home/lucifer/ros2_ws/install/task_2_interface/share/ament_index/resource_index/parent_prefix_path/task_2_interface
[0.944s] -- Up-to-date symlink: /home/lucifer/ros2_ws/install/task_2_interface/share/task_2_interface/environment/ament_prefix_path.sh
[0.945s] -- Up-to-date symlink: /home/lucifer/ros2_ws/install/task_2_interface/share/task_2_interface/environment/ament_prefix_path.dsv
[0.945s] -- Up-to-date symlink: /home/lucifer/ros2_ws/install/task_2_interface/share/task_2_interface/environment/path.sh
[0.945s] -- Up-to-date symlink: /home/lucifer/ros2_ws/install/task_2_interface/share/task_2_interface/environment/path.dsv
[0.945s] -- Up-to-date symlink: /home/lucifer/ros2_ws/install/task_2_interface/share/task_2_interface/local_setup.bash
[0.946s] -- Up-to-date symlink: /home/lucifer/ros2_ws/install/task_2_interface/share/task_2_interface/local_setup.sh
[0.946s] -- Up-to-date symlink: /home/lucifer/ros2_ws/install/task_2_interface/share/task_2_interface/local_setup.zsh
[0.946s] -- Up-to-date symlink: /home/lucifer/ros2_ws/install/task_2_interface/share/task_2_interface/local_setup.dsv
[0.946s] -- Symlinking: /home/lucifer/ros2_ws/install/task_2_interface/share/task_2_interface/package.dsv
[0.970s] -- Up-to-date symlink: /home/lucifer/ros2_ws/install/task_2_interface/share/ament_index/resource_index/packages/task_2_interface
[0.971s] -- Up-to-date symlink: /home/lucifer/ros2_ws/install/task_2_interface/share/task_2_interface/cmake/rosidl_cmake-extras.cmake
[0.971s] -- Up-to-date symlink: /home/lucifer/ros2_ws/install/task_2_interface/share/task_2_interface/cmake/ament_cmake_export_dependencies-extras.cmake
[0.971s] -- Up-to-date symlink: /home/lucifer/ros2_ws/install/task_2_interface/share/task_2_interface/cmake/ament_cmake_export_include_directories-extras.cmake
[0.972s] -- Up-to-date symlink: /home/lucifer/ros2_ws/install/task_2_interface/share/task_2_interface/cmake/ament_cmake_export_libraries-extras.cmake
[0.972s] -- Up-to-date symlink: /home/lucifer/ros2_ws/install/task_2_interface/share/task_2_interface/cmake/ament_cmake_export_targets-extras.cmake
[0.972s] -- Up-to-date symlink: /home/lucifer/ros2_ws/install/task_2_interface/share/task_2_interface/cmake/rosidl_cmake_export_typesupport_targets-extras.cmake
[0.973s] -- Up-to-date symlink: /home/lucifer/ros2_ws/install/task_2_interface/share/task_2_interface/cmake/rosidl_cmake_export_typesupport_libraries-extras.cmake
[0.973s] -- Up-to-date symlink: /home/lucifer/ros2_ws/install/task_2_interface/share/task_2_interface/cmake/task_2_interfaceConfig.cmake
[0.973s] -- Up-to-date symlink: /home/lucifer/ros2_ws/install/task_2_interface/share/task_2_interface/cmake/task_2_interfaceConfig-version.cmake
[0.973s] -- Up-to-date symlink: /home/lucifer/ros2_ws/install/task_2_interface/share/task_2_interface/package.xml
[0.974s] -- Up-to-date: /home/lucifer/ros2_ws/install/task_2_interface/lib/libtask_2_interface__rosidl_generator_c.so
[0.974s] -- Up-to-date: /home/lucifer/ros2_ws/install/task_2_interface/lib/libtask_2_interface__rosidl_typesupport_fastrtps_c.so
[0.974s] -- Up-to-date: /home/lucifer/ros2_ws/install/task_2_interface/lib/libtask_2_interface__rosidl_typesupport_fastrtps_cpp.so
[0.975s] -- Up-to-date: /home/lucifer/ros2_ws/install/task_2_interface/lib/libtask_2_interface__rosidl_typesupport_introspection_c.so
[0.975s] -- Up-to-date: /home/lucifer/ros2_ws/install/task_2_interface/lib/libtask_2_interface__rosidl_typesupport_c.so
[0.976s] -- Up-to-date: /home/lucifer/ros2_ws/install/task_2_interface/lib/libtask_2_interface__rosidl_typesupport_introspection_cpp.so
[0.976s] -- Up-to-date: /home/lucifer/ros2_ws/install/task_2_interface/lib/libtask_2_interface__rosidl_typesupport_cpp.so
[1.046s] Listing '/home/lucifer/ros2_ws/install/task_2_interface/local/lib/python3.10/dist-packages/task_2_interface'...
[1.046s] Listing '/home/lucifer/ros2_ws/install/task_2_interface/local/lib/python3.10/dist-packages/task_2_interface/msg'...
[1.046s] Listing '/home/lucifer/ros2_ws/install/task_2_interface/local/lib/python3.10/dist-packages/task_2_interface/srv'...
[1.055s] -- Up-to-date: /home/lucifer/ros2_ws/install/task_2_interface/lib/libtask_2_interface__rosidl_generator_py.so
[1.055s] -- Up-to-date: /home/lucifer/ros2_ws/install/task_2_interface/share/task_2_interface/cmake/export_task_2_interface__rosidl_generator_cExport.cmake
[1.056s] -- Up-to-date: /home/lucifer/ros2_ws/install/task_2_interface/share/task_2_interface/cmake/export_task_2_interface__rosidl_generator_cExport-noconfig.cmake
[1.056s] -- Up-to-date: /home/lucifer/ros2_ws/install/task_2_interface/share/task_2_interface/cmake/export_task_2_interface__rosidl_typesupport_fastrtps_cExport.cmake
[1.056s] -- Up-to-date: /home/lucifer/ros2_ws/install/task_2_interface/share/task_2_interface/cmake/export_task_2_interface__rosidl_typesupport_fastrtps_cExport-noconfig.cmake
[1.057s] -- Up-to-date: /home/lucifer/ros2_ws/install/task_2_interface/share/task_2_interface/cmake/export_task_2_interface__rosidl_generator_cppExport.cmake
[1.057s] -- Up-to-date: /home/lucifer/ros2_ws/install/task_2_interface/share/task_2_interface/cmake/export_task_2_interface__rosidl_typesupport_fastrtps_cppExport.cmake
[1.057s] -- Up-to-date: /home/lucifer/ros2_ws/install/task_2_interface/share/task_2_interface/cmake/export_task_2_interface__rosidl_typesupport_fastrtps_cppExport-noconfig.cmake
[1.057s] -- Up-to-date: /home/lucifer/ros2_ws/install/task_2_interface/share/task_2_interface/cmake/task_2_interface__rosidl_typesupport_introspection_cExport.cmake
[1.058s] -- Up-to-date: /home/lucifer/ros2_ws/install/task_2_interface/share/task_2_interface/cmake/task_2_interface__rosidl_typesupport_introspection_cExport-noconfig.cmake
[1.058s] -- Up-to-date: /home/lucifer/ros2_ws/install/task_2_interface/share/task_2_interface/cmake/task_2_interface__rosidl_typesupport_cExport.cmake
[1.058s] -- Up-to-date: /home/lucifer/ros2_ws/install/task_2_interface/share/task_2_interface/cmake/task_2_interface__rosidl_typesupport_cExport-noconfig.cmake
[1.058s] -- Up-to-date: /home/lucifer/ros2_ws/install/task_2_interface/share/task_2_interface/cmake/task_2_interface__rosidl_typesupport_introspection_cppExport.cmake
[1.058s] -- Up-to-date: /home/lucifer/ros2_ws/install/task_2_interface/share/task_2_interface/cmake/task_2_interface__rosidl_typesupport_introspection_cppExport-noconfig.cmake
[1.058s] -- Up-to-date: /home/lucifer/ros2_ws/install/task_2_interface/share/task_2_interface/cmake/task_2_interface__rosidl_typesupport_cppExport.cmake
[1.059s] -- Up-to-date: /home/lucifer/ros2_ws/install/task_2_interface/share/task_2_interface/cmake/task_2_interface__rosidl_typesupport_cppExport-noconfig.cmake
[1.059s] -- Up-to-date: /home/lucifer/ros2_ws/install/task_2_interface/share/task_2_interface/cmake/export_task_2_interface__rosidl_generator_pyExport.cmake
[1.059s] -- Up-to-date: /home/lucifer/ros2_ws/install/task_2_interface/share/task_2_interface/cmake/export_task_2_interface__rosidl_generator_pyExport-noconfig.cmake
[1.064s] Invoked command in '/home/lucifer/ros2_ws/build/task_2_interface' returned '0': CMAKE_PREFIX_PATH=${CMAKE_PREFIX_PATH}:/home/lucifer/ros2_ws/install/task_2:/home/lucifer/ros2_ws/install/task_1:/opt/ros/humble /usr/bin/cmake --install /home/lucifer/ros2_ws/build/task_2_interface
