[0.024s] Invoking command in '/home/lucifer/ros2_ws/build/task_2_interface': CMAKE_PREFIX_PATH=${CMAKE_PREFIX_PATH}:/home/lucifer/ros2_ws/install/task_2:/home/lucifer/ros2_ws/install/task_1:/opt/ros/humble /usr/bin/cmake --build /home/lucifer/ros2_ws/build/task_2_interface -- -j12 -l12
[0.061s] [33mCMake Warning (dev) at CMakeLists.txt:30:
[0.061s]   Syntax Warning in cmake code at column 22
[0.061s] 
[0.061s]   Argument not separated from preceding token by whitespace.
[0.061s] This warning is for project developers.  Use -Wno-dev to suppress it.
[0.061s] [0m
[0.061s] [33mCMake Warning (dev) at CMakeLists.txt:31:
[0.062s]   Syntax Warning in cmake code at column 22
[0.062s] 
[0.062s]   Argument not separated from preceding token by whitespace.
[0.062s] This warning is for project developers.  Use -Wno-dev to suppress it.
[0.062s] [0m
[0.072s] -- Found ament_cmake: 1.3.10 (/opt/ros/humble/share/ament_cmake/cmake)
[0.264s] -- Override CMake install command with custom implementation using symlinks instead of copying resources
[0.281s] -- Found ament_lint_auto: 0.12.11 (/opt/ros/humble/share/ament_lint_auto/cmake)
[0.438s] -- Found geometry_msgs: 4.2.4 (/opt/ros/humble/share/geometry_msgs/cmake)
[0.815s] -- Found rosidl_generator_c: 3.1.5 (/opt/ros/humble/share/rosidl_generator_c/cmake)
[0.876s] -- Found rosidl_adapter: 3.1.5 (/opt/ros/humble/share/rosidl_adapter/cmake)
[0.927s] -- Found rosidl_generator_cpp: 3.1.5 (/opt/ros/humble/share/rosidl_generator_cpp/cmake)
[1.023s] -- Using all available rosidl_typesupport_c: rosidl_typesupport_fastrtps_c;rosidl_typesupport_introspection_c
[1.071s] -- Using all available rosidl_typesupport_cpp: rosidl_typesupport_fastrtps_cpp;rosidl_typesupport_introspection_cpp
[1.193s] -- Found rosidl_default_generators: 1.2.0 (/opt/ros/humble/share/rosidl_default_generators/cmake)
[1.227s] [31mCMake Error at /opt/ros/humble/share/rosidl_cmake/cmake/rosidl_generate_interfaces.cmake:93 (message):
[1.227s]   rosidl_generate_interfaces() the passed file ',' doesn't exist relative to
[1.227s]   the CMAKE_CURRENT_SOURCE_DIR '/home/lucifer/ros2_ws/src/task_2_interface'
[1.228s] Call Stack (most recent call first):
[1.228s]   CMakeLists.txt:29 (rosidl_generate_interfaces)
[1.228s] 
[1.228s] [0m
[1.229s] -- Configuring incomplete, errors occurred!
[1.229s] See also "/home/lucifer/ros2_ws/build/task_2_interface/CMakeFiles/CMakeOutput.log".
[1.235s] gmake: *** [Makefile:226: cmake_check_build_system] Error 1
[1.239s] Invoked command in '/home/lucifer/ros2_ws/build/task_2_interface' returned '2': CMAKE_PREFIX_PATH=${CMAKE_PREFIX_PATH}:/home/lucifer/ros2_ws/install/task_2:/home/lucifer/ros2_ws/install/task_1:/opt/ros/humble /usr/bin/cmake --build /home/lucifer/ros2_ws/build/task_2_interface -- -j12 -l12
