[4.362s] Invoking command in '/home/lucifer/ros2_ws/src/task_1': PYTHONPATH=/home/lucifer/ros2_ws/build/task_1/prefix_override:/usr/lib/python3/dist-packages/colcon_core/task/python/colcon_distutils_commands:/home/lucifer/ros2_ws/install/task_1/lib/python3.10/site-packages:${PYTHONPATH} /usr/bin/python3 -W ignore:setup.py install is deprecated setup.py egg_info --egg-base ../../build/task_1 build --build-base /home/lucifer/ros2_ws/build/task_1/build install --record /home/lucifer/ros2_ws/build/task_1/install.log --single-version-externally-managed install_data
[4.749s] running egg_info
[4.776s] writing ../../build/task_1/task_1.egg-info/PKG-INFO
[4.777s] writing dependency_links to ../../build/task_1/task_1.egg-info/dependency_links.txt
[4.777s] writing entry points to ../../build/task_1/task_1.egg-info/entry_points.txt
[4.777s] writing requirements to ../../build/task_1/task_1.egg-info/requires.txt
[4.778s] writing top-level names to ../../build/task_1/task_1.egg-info/top_level.txt
[4.831s] reading manifest file '../../build/task_1/task_1.egg-info/SOURCES.txt'
[4.902s] adding license file 'LICENSE'
[4.903s] writing manifest file '../../build/task_1/task_1.egg-info/SOURCES.txt'
[4.903s] running build
[4.903s] running build_py
[4.903s] copying task_1/publisher_member_function.py -> /home/lucifer/ros2_ws/build/task_1/build/lib/task_1
[4.904s] copying task_1/subscriber_member_function.py -> /home/lucifer/ros2_ws/build/task_1/build/lib/task_1
[4.904s] copying task_1/__init__.py -> /home/lucifer/ros2_ws/build/task_1/build/lib/task_1
[4.904s] running install
[4.912s] running install_lib
[4.937s] running install_data
[4.938s] copying resource/task_1 -> /home/lucifer/ros2_ws/install/task_1/share/ament_index/resource_index/packages
[4.938s] copying package.xml -> /home/lucifer/ros2_ws/install/task_1/share/task_1
[4.938s] copying launch/pub_sub_launch.py -> /home/lucifer/ros2_ws/install/task_1/share/task_1
[4.938s] running install_egg_info
[4.965s] removing '/home/lucifer/ros2_ws/install/task_1/lib/python3.10/site-packages/task_1-0.0.0-py3.10.egg-info' (and everything under it)
[4.965s] Copying ../../build/task_1/task_1.egg-info to /home/lucifer/ros2_ws/install/task_1/lib/python3.10/site-packages/task_1-0.0.0-py3.10.egg-info
[4.999s] running install_scripts
[5.220s] Installing listener script to /home/lucifer/ros2_ws/install/task_1/lib/task_1
[5.220s] Installing talker script to /home/lucifer/ros2_ws/install/task_1/lib/task_1
[5.220s] writing list of installed files to '/home/lucifer/ros2_ws/build/task_1/install.log'
[5.292s] Invoked command in '/home/lucifer/ros2_ws/src/task_1' returned '0': PYTHONPATH=/home/lucifer/ros2_ws/build/task_1/prefix_override:/usr/lib/python3/dist-packages/colcon_core/task/python/colcon_distutils_commands:/home/lucifer/ros2_ws/install/task_1/lib/python3.10/site-packages:${PYTHONPATH} /usr/bin/python3 -W ignore:setup.py install is deprecated setup.py egg_info --egg-base ../../build/task_1 build --build-base /home/lucifer/ros2_ws/build/task_1/build install --record /home/lucifer/ros2_ws/build/task_1/install.log --single-version-externally-managed install_data
