[0.166s] DEBUG:colcon:Command line arguments: ['/usr/bin/colcon', 'list', '-p', '--base-paths', '/home/lucifer/ros2_ws']
[0.166s] DEBUG:colcon:Parsed command line arguments: Namespace(log_base=None, log_level=None, verb_name='list', build_base='build', ignore_user_meta=False, metas=['./colcon.meta'], base_paths=['/home/lucifer/ros2_ws'], packages_ignore=None, packages_ignore_regex=None, paths=None, packages_up_to=None, packages_up_to_regex=None, packages_above=None, packages_above_and_dependencies=None, packages_above_depth=None, packages_select_by_dep=None, packages_skip_by_dep=None, packages_skip_up_to=None, packages_select_build_failed=False, packages_skip_build_finished=False, packages_select_test_failures=False, packages_skip_test_passed=False, packages_select=None, packages_skip=None, packages_select_regex=None, packages_skip_regex=None, packages_start=None, packages_end=None, allow_overriding=[], topological_order=False, names_only=False, paths_only=True, topological_graph=False, topological_graph_dot=False, topological_graph_density=False, topological_graph_legend=False, topological_graph_dot_cluster=False, topological_graph_dot_include_skipped=False, mixin_files=None, mixin=None, verb_parser=<colcon_mixin.mixin.mixin_argument.MixinArgumentDecorator object at 0x7ceb50584790>, verb_extension=<colcon_package_information.verb.list.ListVerb object at 0x7ceb506885e0>, main=<bound method ListVerb.main of <colcon_package_information.verb.list.ListVerb object at 0x7ceb506885e0>>, mixin_verb=('list',))
[0.240s] Level 1:colcon.colcon_core.package_discovery:discover_packages(colcon_meta) check parameters
[0.241s] Level 1:colcon.colcon_core.package_discovery:discover_packages(recursive) check parameters
[0.241s] Level 1:colcon.colcon_core.package_discovery:discover_packages(ignore) check parameters
[0.241s] Level 1:colcon.colcon_core.package_discovery:discover_packages(path) check parameters
[0.241s] Level 1:colcon.colcon_core.package_discovery:discover_packages(recursive) discover
[0.241s] INFO:colcon.colcon_core.package_discovery:Crawling recursively for packages in '/home/lucifer/ros2_ws'
[0.241s] Level 1:colcon.colcon_core.package_identification:_identify(/home/lucifer/ros2_ws) by extensions ['ignore', 'ignore_ament_install']
[0.242s] Level 1:colcon.colcon_core.package_identification:_identify(/home/lucifer/ros2_ws) by extension 'ignore'
[0.242s] Level 1:colcon.colcon_core.package_identification:_identify(/home/lucifer/ros2_ws) by extension 'ignore_ament_install'
[0.242s] Level 1:colcon.colcon_core.package_identification:_identify(/home/lucifer/ros2_ws) by extensions ['colcon_pkg']
[0.242s] Level 1:colcon.colcon_core.package_identification:_identify(/home/lucifer/ros2_ws) by extension 'colcon_pkg'
[0.242s] Level 1:colcon.colcon_core.package_identification:_identify(/home/lucifer/ros2_ws) by extensions ['colcon_meta']
[0.242s] Level 1:colcon.colcon_core.package_identification:_identify(/home/lucifer/ros2_ws) by extension 'colcon_meta'
[0.242s] Level 1:colcon.colcon_core.package_identification:_identify(/home/lucifer/ros2_ws) by extensions ['ros']
[0.242s] Level 1:colcon.colcon_core.package_identification:_identify(/home/lucifer/ros2_ws) by extension 'ros'
[0.266s] Level 1:colcon.colcon_core.package_identification:_identify(/home/lucifer/ros2_ws) by extensions ['cmake', 'python']
[0.267s] Level 1:colcon.colcon_core.package_identification:_identify(/home/lucifer/ros2_ws) by extension 'cmake'
[0.268s] Level 1:colcon.colcon_core.package_identification:_identify(/home/lucifer/ros2_ws) by extension 'python'
[0.268s] Level 1:colcon.colcon_core.package_identification:_identify(/home/lucifer/ros2_ws) by extensions ['python_setup_py']
[0.268s] Level 1:colcon.colcon_core.package_identification:_identify(/home/lucifer/ros2_ws) by extension 'python_setup_py'
[0.268s] Level 1:colcon.colcon_core.package_identification:_identify(/home/lucifer/ros2_ws/build) by extensions ['ignore', 'ignore_ament_install']
[0.268s] Level 1:colcon.colcon_core.package_identification:_identify(/home/lucifer/ros2_ws/build) by extension 'ignore'
[0.268s] Level 1:colcon.colcon_core.package_identification:_identify(/home/lucifer/ros2_ws/build) ignored
[0.269s] Level 1:colcon.colcon_core.package_identification:_identify(/home/lucifer/ros2_ws/install) by extensions ['ignore', 'ignore_ament_install']
[0.269s] Level 1:colcon.colcon_core.package_identification:_identify(/home/lucifer/ros2_ws/install) by extension 'ignore'
[0.269s] Level 1:colcon.colcon_core.package_identification:_identify(/home/lucifer/ros2_ws/install) ignored
[0.269s] Level 1:colcon.colcon_core.package_identification:_identify(/home/lucifer/ros2_ws/log) by extensions ['ignore', 'ignore_ament_install']
[0.269s] Level 1:colcon.colcon_core.package_identification:_identify(/home/lucifer/ros2_ws/log) by extension 'ignore'
[0.269s] Level 1:colcon.colcon_core.package_identification:_identify(/home/lucifer/ros2_ws/log) ignored
[0.270s] Level 1:colcon.colcon_core.package_identification:_identify(/home/lucifer/ros2_ws/rosbag) by extensions ['ignore', 'ignore_ament_install']
[0.270s] Level 1:colcon.colcon_core.package_identification:_identify(/home/lucifer/ros2_ws/rosbag) by extension 'ignore'
[0.270s] Level 1:colcon.colcon_core.package_identification:_identify(/home/lucifer/ros2_ws/rosbag) by extension 'ignore_ament_install'
[0.270s] Level 1:colcon.colcon_core.package_identification:_identify(/home/lucifer/ros2_ws/rosbag) by extensions ['colcon_pkg']
[0.270s] Level 1:colcon.colcon_core.package_identification:_identify(/home/lucifer/ros2_ws/rosbag) by extension 'colcon_pkg'
[0.270s] Level 1:colcon.colcon_core.package_identification:_identify(/home/lucifer/ros2_ws/rosbag) by extensions ['colcon_meta']
[0.270s] Level 1:colcon.colcon_core.package_identification:_identify(/home/lucifer/ros2_ws/rosbag) by extension 'colcon_meta'
[0.270s] Level 1:colcon.colcon_core.package_identification:_identify(/home/lucifer/ros2_ws/rosbag) by extensions ['ros']
[0.270s] Level 1:colcon.colcon_core.package_identification:_identify(/home/lucifer/ros2_ws/rosbag) by extension 'ros'
[0.270s] Level 1:colcon.colcon_core.package_identification:_identify(/home/lucifer/ros2_ws/rosbag) by extensions ['cmake', 'python']
[0.270s] Level 1:colcon.colcon_core.package_identification:_identify(/home/lucifer/ros2_ws/rosbag) by extension 'cmake'
[0.271s] Level 1:colcon.colcon_core.package_identification:_identify(/home/lucifer/ros2_ws/rosbag) by extension 'python'
[0.271s] Level 1:colcon.colcon_core.package_identification:_identify(/home/lucifer/ros2_ws/rosbag) by extensions ['python_setup_py']
[0.271s] Level 1:colcon.colcon_core.package_identification:_identify(/home/lucifer/ros2_ws/rosbag) by extension 'python_setup_py'
[0.271s] Level 1:colcon.colcon_core.package_identification:_identify(/home/lucifer/ros2_ws/rosbag/rosbag2_Task1) by extensions ['ignore', 'ignore_ament_install']
[0.271s] Level 1:colcon.colcon_core.package_identification:_identify(/home/lucifer/ros2_ws/rosbag/rosbag2_Task1) by extension 'ignore'
[0.271s] Level 1:colcon.colcon_core.package_identification:_identify(/home/lucifer/ros2_ws/rosbag/rosbag2_Task1) by extension 'ignore_ament_install'
[0.271s] Level 1:colcon.colcon_core.package_identification:_identify(/home/lucifer/ros2_ws/rosbag/rosbag2_Task1) by extensions ['colcon_pkg']
[0.271s] Level 1:colcon.colcon_core.package_identification:_identify(/home/lucifer/ros2_ws/rosbag/rosbag2_Task1) by extension 'colcon_pkg'
[0.271s] Level 1:colcon.colcon_core.package_identification:_identify(/home/lucifer/ros2_ws/rosbag/rosbag2_Task1) by extensions ['colcon_meta']
[0.271s] Level 1:colcon.colcon_core.package_identification:_identify(/home/lucifer/ros2_ws/rosbag/rosbag2_Task1) by extension 'colcon_meta'
[0.272s] Level 1:colcon.colcon_core.package_identification:_identify(/home/lucifer/ros2_ws/rosbag/rosbag2_Task1) by extensions ['ros']
[0.272s] Level 1:colcon.colcon_core.package_identification:_identify(/home/lucifer/ros2_ws/rosbag/rosbag2_Task1) by extension 'ros'
[0.272s] Level 1:colcon.colcon_core.package_identification:_identify(/home/lucifer/ros2_ws/rosbag/rosbag2_Task1) by extensions ['cmake', 'python']
[0.272s] Level 1:colcon.colcon_core.package_identification:_identify(/home/lucifer/ros2_ws/rosbag/rosbag2_Task1) by extension 'cmake'
[0.272s] Level 1:colcon.colcon_core.package_identification:_identify(/home/lucifer/ros2_ws/rosbag/rosbag2_Task1) by extension 'python'
[0.272s] Level 1:colcon.colcon_core.package_identification:_identify(/home/lucifer/ros2_ws/rosbag/rosbag2_Task1) by extensions ['python_setup_py']
[0.272s] Level 1:colcon.colcon_core.package_identification:_identify(/home/lucifer/ros2_ws/rosbag/rosbag2_Task1) by extension 'python_setup_py'
[0.272s] Level 1:colcon.colcon_core.package_identification:_identify(/home/lucifer/ros2_ws/src) by extensions ['ignore', 'ignore_ament_install']
[0.272s] Level 1:colcon.colcon_core.package_identification:_identify(/home/lucifer/ros2_ws/src) by extension 'ignore'
[0.273s] Level 1:colcon.colcon_core.package_identification:_identify(/home/lucifer/ros2_ws/src) by extension 'ignore_ament_install'
[0.273s] Level 1:colcon.colcon_core.package_identification:_identify(/home/lucifer/ros2_ws/src) by extensions ['colcon_pkg']
[0.273s] Level 1:colcon.colcon_core.package_identification:_identify(/home/lucifer/ros2_ws/src) by extension 'colcon_pkg'
[0.273s] Level 1:colcon.colcon_core.package_identification:_identify(/home/lucifer/ros2_ws/src) by extensions ['colcon_meta']
[0.273s] Level 1:colcon.colcon_core.package_identification:_identify(/home/lucifer/ros2_ws/src) by extension 'colcon_meta'
[0.273s] Level 1:colcon.colcon_core.package_identification:_identify(/home/lucifer/ros2_ws/src) by extensions ['ros']
[0.273s] Level 1:colcon.colcon_core.package_identification:_identify(/home/lucifer/ros2_ws/src) by extension 'ros'
[0.273s] Level 1:colcon.colcon_core.package_identification:_identify(/home/lucifer/ros2_ws/src) by extensions ['cmake', 'python']
[0.273s] Level 1:colcon.colcon_core.package_identification:_identify(/home/lucifer/ros2_ws/src) by extension 'cmake'
[0.273s] Level 1:colcon.colcon_core.package_identification:_identify(/home/lucifer/ros2_ws/src) by extension 'python'
[0.273s] Level 1:colcon.colcon_core.package_identification:_identify(/home/lucifer/ros2_ws/src) by extensions ['python_setup_py']
[0.273s] Level 1:colcon.colcon_core.package_identification:_identify(/home/lucifer/ros2_ws/src) by extension 'python_setup_py'
[0.274s] Level 1:colcon.colcon_core.package_identification:_identify(/home/lucifer/ros2_ws/src/task_1) by extensions ['ignore', 'ignore_ament_install']
[0.274s] Level 1:colcon.colcon_core.package_identification:_identify(/home/lucifer/ros2_ws/src/task_1) by extension 'ignore'
[0.274s] Level 1:colcon.colcon_core.package_identification:_identify(/home/lucifer/ros2_ws/src/task_1) by extension 'ignore_ament_install'
[0.274s] Level 1:colcon.colcon_core.package_identification:_identify(/home/lucifer/ros2_ws/src/task_1) by extensions ['colcon_pkg']
[0.274s] Level 1:colcon.colcon_core.package_identification:_identify(/home/lucifer/ros2_ws/src/task_1) by extension 'colcon_pkg'
[0.274s] Level 1:colcon.colcon_core.package_identification:_identify(/home/lucifer/ros2_ws/src/task_1) by extensions ['colcon_meta']
[0.274s] Level 1:colcon.colcon_core.package_identification:_identify(/home/lucifer/ros2_ws/src/task_1) by extension 'colcon_meta'
[0.274s] Level 1:colcon.colcon_core.package_identification:_identify(/home/lucifer/ros2_ws/src/task_1) by extensions ['ros']
[0.275s] Level 1:colcon.colcon_core.package_identification:_identify(/home/lucifer/ros2_ws/src/task_1) by extension 'ros'
[0.278s] DEBUG:colcon.colcon_core.package_identification:Package '/home/lucifer/ros2_ws/src/task_1' with type 'ros.ament_python' and name 'task_1'
[0.278s] Level 1:colcon.colcon_core.package_identification:_identify(/home/lucifer/ros2_ws/src/task_2) by extensions ['ignore', 'ignore_ament_install']
[0.279s] Level 1:colcon.colcon_core.package_identification:_identify(/home/lucifer/ros2_ws/src/task_2) by extension 'ignore'
[0.279s] Level 1:colcon.colcon_core.package_identification:_identify(/home/lucifer/ros2_ws/src/task_2) by extension 'ignore_ament_install'
[0.279s] Level 1:colcon.colcon_core.package_identification:_identify(/home/lucifer/ros2_ws/src/task_2) by extensions ['colcon_pkg']
[0.279s] Level 1:colcon.colcon_core.package_identification:_identify(/home/lucifer/ros2_ws/src/task_2) by extension 'colcon_pkg'
[0.279s] Level 1:colcon.colcon_core.package_identification:_identify(/home/lucifer/ros2_ws/src/task_2) by extensions ['colcon_meta']
[0.279s] Level 1:colcon.colcon_core.package_identification:_identify(/home/lucifer/ros2_ws/src/task_2) by extension 'colcon_meta'
[0.279s] Level 1:colcon.colcon_core.package_identification:_identify(/home/lucifer/ros2_ws/src/task_2) by extensions ['ros']
[0.279s] Level 1:colcon.colcon_core.package_identification:_identify(/home/lucifer/ros2_ws/src/task_2) by extension 'ros'
[0.280s] DEBUG:colcon.colcon_core.package_identification:Package '/home/lucifer/ros2_ws/src/task_2' with type 'ros.ament_python' and name 'task_2'
[0.281s] Level 1:colcon.colcon_core.package_identification:_identify(/home/lucifer/ros2_ws/src/task_2_interface) by extensions ['ignore', 'ignore_ament_install']
[0.281s] Level 1:colcon.colcon_core.package_identification:_identify(/home/lucifer/ros2_ws/src/task_2_interface) by extension 'ignore'
[0.281s] Level 1:colcon.colcon_core.package_identification:_identify(/home/lucifer/ros2_ws/src/task_2_interface) by extension 'ignore_ament_install'
[0.281s] Level 1:colcon.colcon_core.package_identification:_identify(/home/lucifer/ros2_ws/src/task_2_interface) by extensions ['colcon_pkg']
[0.281s] Level 1:colcon.colcon_core.package_identification:_identify(/home/lucifer/ros2_ws/src/task_2_interface) by extension 'colcon_pkg'
[0.281s] Level 1:colcon.colcon_core.package_identification:_identify(/home/lucifer/ros2_ws/src/task_2_interface) by extensions ['colcon_meta']
[0.281s] Level 1:colcon.colcon_core.package_identification:_identify(/home/lucifer/ros2_ws/src/task_2_interface) by extension 'colcon_meta'
[0.281s] Level 1:colcon.colcon_core.package_identification:_identify(/home/lucifer/ros2_ws/src/task_2_interface) by extensions ['ros']
[0.281s] Level 1:colcon.colcon_core.package_identification:_identify(/home/lucifer/ros2_ws/src/task_2_interface) by extension 'ros'
[0.282s] DEBUG:colcon.colcon_core.package_identification:Package '/home/lucifer/ros2_ws/src/task_2_interface' with type 'ros.ament_cmake' and name 'task_2_interface'
[0.282s] Level 1:colcon.colcon_core.package_discovery:discover_packages(recursive) using defaults
