[4.388s] Invoking command in '/home/lucifer/ros2_ws/src/task_2': PYTHONPATH=/home/lucifer/ros2_ws/build/task_2/prefix_override:/usr/lib/python3/dist-packages/colcon_core/task/python/colcon_distutils_commands:/home/lucifer/ros2_ws/install/task_2/lib/python3.10/site-packages:${PYTHONPATH} /usr/bin/python3 -W ignore:setup.py install is deprecated setup.py egg_info --egg-base ../../build/task_2 build --build-base /home/lucifer/ros2_ws/build/task_2/build install --record /home/lucifer/ros2_ws/build/task_2/install.log --single-version-externally-managed install_data
[4.770s] running egg_info
[4.795s] writing ../../build/task_2/task_2.egg-info/PKG-INFO
[4.858s] writing dependency_links to ../../build/task_2/task_2.egg-info/dependency_links.txt
[4.865s] writing entry points to ../../build/task_2/task_2.egg-info/entry_points.txt
[4.865s] writing requirements to ../../build/task_2/task_2.egg-info/requires.txt
[4.865s] writing top-level names to ../../build/task_2/task_2.egg-info/top_level.txt
[4.917s] reading manifest file '../../build/task_2/task_2.egg-info/SOURCES.txt'
[4.919s] writing manifest file '../../build/task_2/task_2.egg-info/SOURCES.txt'
[4.919s] running build
[4.919s] running build_py
[4.919s] copying task_2/publisher.py -> /home/lucifer/ros2_ws/build/task_2/build/lib/task_2
[4.920s] copying task_2/subscriber.py -> /home/lucifer/ros2_ws/build/task_2/build/lib/task_2
[4.920s] copying task_2/client.py -> /home/lucifer/ros2_ws/build/task_2/build/lib/task_2
[4.920s] copying task_2/service.py -> /home/lucifer/ros2_ws/build/task_2/build/lib/task_2
[4.920s] copying task_2/__init__.py -> /home/lucifer/ros2_ws/build/task_2/build/lib/task_2
[4.921s] running install
[4.928s] running install_lib
[4.954s] copying /home/lucifer/ros2_ws/build/task_2/build/lib/task_2/subscriber.py -> /home/lucifer/ros2_ws/install/task_2/lib/python3.10/site-packages/task_2
[5.079s] copying /home/lucifer/ros2_ws/build/task_2/build/lib/task_2/client.py -> /home/lucifer/ros2_ws/install/task_2/lib/python3.10/site-packages/task_2
[5.080s] copying /home/lucifer/ros2_ws/build/task_2/build/lib/task_2/service.py -> /home/lucifer/ros2_ws/install/task_2/lib/python3.10/site-packages/task_2
[5.081s] byte-compiling /home/lucifer/ros2_ws/install/task_2/lib/python3.10/site-packages/task_2/subscriber.py to subscriber.cpython-310.pyc
[5.111s] byte-compiling /home/lucifer/ros2_ws/install/task_2/lib/python3.10/site-packages/task_2/client.py to client.cpython-310.pyc
[5.113s] byte-compiling /home/lucifer/ros2_ws/install/task_2/lib/python3.10/site-packages/task_2/service.py to service.cpython-310.pyc
[5.113s] running install_data
[5.113s] copying resource/task_2 -> /home/lucifer/ros2_ws/install/task_2/share/ament_index/resource_index/packages
[5.120s] copying package.xml -> /home/lucifer/ros2_ws/install/task_2/share/task_2
[5.380s] running install_egg_info
[5.418s] removing '/home/lucifer/ros2_ws/install/task_2/lib/python3.10/site-packages/task_2-0.0.0-py3.10.egg-info' (and everything under it)
[5.419s] Copying ../../build/task_2/task_2.egg-info to /home/lucifer/ros2_ws/install/task_2/lib/python3.10/site-packages/task_2-0.0.0-py3.10.egg-info
[5.434s] running install_scripts
[5.651s] Installing client script to /home/lucifer/ros2_ws/install/task_2/lib/task_2
[5.651s] Installing listener script to /home/lucifer/ros2_ws/install/task_2/lib/task_2
[5.651s] Installing service script to /home/lucifer/ros2_ws/install/task_2/lib/task_2
[5.652s] Installing talker script to /home/lucifer/ros2_ws/install/task_2/lib/task_2
[5.652s] writing list of installed files to '/home/lucifer/ros2_ws/build/task_2/install.log'
[5.702s] Invoked command in '/home/lucifer/ros2_ws/src/task_2' returned '0': PYTHONPATH=/home/lucifer/ros2_ws/build/task_2/prefix_override:/usr/lib/python3/dist-packages/colcon_core/task/python/colcon_distutils_commands:/home/lucifer/ros2_ws/install/task_2/lib/python3.10/site-packages:${PYTHONPATH} /usr/bin/python3 -W ignore:setup.py install is deprecated setup.py egg_info --egg-base ../../build/task_2 build --build-base /home/lucifer/ros2_ws/build/task_2/build install --record /home/lucifer/ros2_ws/build/task_2/install.log --single-version-externally-managed install_data
