[1.009s] Invoking command in '/home/lucifer/ros2_ws/src/task_1': PYTHONPATH=/home/lucifer/ros2_ws/build/task_1/prefix_override:/usr/lib/python3/dist-packages/colcon_core/task/python/colcon_distutils_commands:/home/lucifer/ros2_ws/install/task_1/lib/python3.10/site-packages:${PYTHONPATH} /usr/bin/python3 -W ignore:setup.py install is deprecated setup.py egg_info --egg-base ../../build/task_1 build --build-base /home/lucifer/ros2_ws/build/task_1/build install --record /home/lucifer/ros2_ws/build/task_1/install.log --single-version-externally-managed install_data
[1.245s] running egg_info
[1.261s] writing ../../build/task_1/task_1.egg-info/PKG-INFO
[1.261s] writing dependency_links to ../../build/task_1/task_1.egg-info/dependency_links.txt
[1.261s] writing entry points to ../../build/task_1/task_1.egg-info/entry_points.txt
[1.262s] writing requirements to ../../build/task_1/task_1.egg-info/requires.txt
[1.262s] writing top-level names to ../../build/task_1/task_1.egg-info/top_level.txt
[1.295s] reading manifest file '../../build/task_1/task_1.egg-info/SOURCES.txt'
[1.295s] adding license file 'LICENSE'
[1.295s] writing manifest file '../../build/task_1/task_1.egg-info/SOURCES.txt'
[1.295s] running build
[1.296s] running build_py
[1.296s] copying task_1/publisher_member_function.py -> /home/lucifer/ros2_ws/build/task_1/build/lib/task_1
[1.296s] copying task_1/subscriber_member_function.py -> /home/lucifer/ros2_ws/build/task_1/build/lib/task_1
[1.296s] copying task_1/__init__.py -> /home/lucifer/ros2_ws/build/task_1/build/lib/task_1
[1.297s] running install
[1.301s] running install_lib
[1.318s] running install_data
[1.318s] copying resource/task_1 -> /home/lucifer/ros2_ws/install/task_1/share/ament_index/resource_index/packages
[1.318s] copying package.xml -> /home/lucifer/ros2_ws/install/task_1/share/task_1
[1.318s] copying launch/pub_sub_launch.py -> /home/lucifer/ros2_ws/install/task_1/share/task_1
[1.319s] running install_egg_info
[1.336s] removing '/home/lucifer/ros2_ws/install/task_1/lib/python3.10/site-packages/task_1-0.0.0-py3.10.egg-info' (and everything under it)
[1.336s] Copying ../../build/task_1/task_1.egg-info to /home/lucifer/ros2_ws/install/task_1/lib/python3.10/site-packages/task_1-0.0.0-py3.10.egg-info
[1.337s] running install_scripts
[1.476s] Installing listener script to /home/lucifer/ros2_ws/install/task_1/lib/task_1
[1.476s] Installing talker script to /home/lucifer/ros2_ws/install/task_1/lib/task_1
[1.477s] writing list of installed files to '/home/lucifer/ros2_ws/build/task_1/install.log'
[1.511s] Invoked command in '/home/lucifer/ros2_ws/src/task_1' returned '0': PYTHONPATH=/home/lucifer/ros2_ws/build/task_1/prefix_override:/usr/lib/python3/dist-packages/colcon_core/task/python/colcon_distutils_commands:/home/lucifer/ros2_ws/install/task_1/lib/python3.10/site-packages:${PYTHONPATH} /usr/bin/python3 -W ignore:setup.py install is deprecated setup.py egg_info --egg-base ../../build/task_1 build --build-base /home/lucifer/ros2_ws/build/task_1/build install --record /home/lucifer/ros2_ws/build/task_1/install.log --single-version-externally-managed install_data
