[0.095s] DEBUG:colcon:Command line arguments: ['/usr/bin/colcon', 'build']
[0.095s] DEBUG:colcon:Parsed command line arguments: Namespace(log_base=None, log_level=None, verb_name='build', build_base='build', install_base='install', merge_install=False, symlink_install=False, test_result_base=None, continue_on_error=False, executor='parallel', parallel_workers=12, event_handlers=None, ignore_user_meta=False, metas=['./colcon.meta'], base_paths=['.'], packages_ignore=None, packages_ignore_regex=None, paths=None, packages_up_to=None, packages_up_to_regex=None, packages_above=None, packages_above_and_dependencies=None, packages_above_depth=None, packages_select_by_dep=None, packages_skip_by_dep=None, packages_skip_up_to=None, packages_select_build_failed=False, packages_skip_build_finished=False, packages_select_test_failures=False, packages_skip_test_passed=False, packages_select=None, packages_skip=None, packages_select_regex=None, packages_skip_regex=None, packages_start=None, packages_end=None, allow_overriding=[], cmake_args=None, cmake_target=None, cmake_target_skip_unavailable=False, cmake_clean_cache=False, cmake_clean_first=False, cmake_force_configure=False, ament_cmake_args=None, catkin_cmake_args=None, catkin_skip_building_tests=False, mixin_files=None, mixin=None, verb_parser=<colcon_mixin.mixin.mixin_argument.MixinArgumentDecorator object at 0x73a34ed47700>, verb_extension=<colcon_core.verb.build.BuildVerb object at 0x73a34eef05b0>, main=<bound method BuildVerb.main of <colcon_core.verb.build.BuildVerb object at 0x73a34eef05b0>>, mixin_verb=('build',))
[0.130s] Level 1:colcon.colcon_core.package_discovery:discover_packages(colcon_meta) check parameters
[0.130s] Level 1:colcon.colcon_core.package_discovery:discover_packages(recursive) check parameters
[0.130s] Level 1:colcon.colcon_core.package_discovery:discover_packages(ignore) check parameters
[0.130s] Level 1:colcon.colcon_core.package_discovery:discover_packages(path) check parameters
[0.130s] Level 1:colcon.colcon_core.package_discovery:discover_packages(colcon_meta) discover
[0.130s] Level 1:colcon.colcon_core.package_discovery:discover_packages(recursive) discover
[0.130s] INFO:colcon.colcon_core.package_discovery:Crawling recursively for packages in '/home/lucifer/ros2_ws'
[0.130s] Level 1:colcon.colcon_core.package_identification:_identify(.) by extensions ['ignore', 'ignore_ament_install']
[0.130s] Level 1:colcon.colcon_core.package_identification:_identify(.) by extension 'ignore'
[0.130s] Level 1:colcon.colcon_core.package_identification:_identify(.) by extension 'ignore_ament_install'
[0.130s] Level 1:colcon.colcon_core.package_identification:_identify(.) by extensions ['colcon_pkg']
[0.130s] Level 1:colcon.colcon_core.package_identification:_identify(.) by extension 'colcon_pkg'
[0.130s] Level 1:colcon.colcon_core.package_identification:_identify(.) by extensions ['colcon_meta']
[0.131s] Level 1:colcon.colcon_core.package_identification:_identify(.) by extension 'colcon_meta'
[0.131s] Level 1:colcon.colcon_core.package_identification:_identify(.) by extensions ['ros']
[0.131s] Level 1:colcon.colcon_core.package_identification:_identify(.) by extension 'ros'
[0.143s] Level 1:colcon.colcon_core.package_identification:_identify(.) by extensions ['cmake', 'python']
[0.144s] Level 1:colcon.colcon_core.package_identification:_identify(.) by extension 'cmake'
[0.144s] Level 1:colcon.colcon_core.package_identification:_identify(.) by extension 'python'
[0.144s] Level 1:colcon.colcon_core.package_identification:_identify(.) by extensions ['python_setup_py']
[0.144s] Level 1:colcon.colcon_core.package_identification:_identify(.) by extension 'python_setup_py'
[0.144s] Level 1:colcon.colcon_core.package_identification:_identify(build) by extensions ['ignore', 'ignore_ament_install']
[0.144s] Level 1:colcon.colcon_core.package_identification:_identify(build) by extension 'ignore'
[0.144s] Level 1:colcon.colcon_core.package_identification:_identify(build) ignored
[0.144s] Level 1:colcon.colcon_core.package_identification:_identify(install) by extensions ['ignore', 'ignore_ament_install']
[0.144s] Level 1:colcon.colcon_core.package_identification:_identify(install) by extension 'ignore'
[0.144s] Level 1:colcon.colcon_core.package_identification:_identify(install) ignored
[0.144s] Level 1:colcon.colcon_core.package_identification:_identify(log) by extensions ['ignore', 'ignore_ament_install']
[0.144s] Level 1:colcon.colcon_core.package_identification:_identify(log) by extension 'ignore'
[0.144s] Level 1:colcon.colcon_core.package_identification:_identify(log) ignored
[0.144s] Level 1:colcon.colcon_core.package_identification:_identify(rosbag) by extensions ['ignore', 'ignore_ament_install']
[0.144s] Level 1:colcon.colcon_core.package_identification:_identify(rosbag) by extension 'ignore'
[0.145s] Level 1:colcon.colcon_core.package_identification:_identify(rosbag) by extension 'ignore_ament_install'
[0.145s] Level 1:colcon.colcon_core.package_identification:_identify(rosbag) by extensions ['colcon_pkg']
[0.145s] Level 1:colcon.colcon_core.package_identification:_identify(rosbag) by extension 'colcon_pkg'
[0.145s] Level 1:colcon.colcon_core.package_identification:_identify(rosbag) by extensions ['colcon_meta']
[0.145s] Level 1:colcon.colcon_core.package_identification:_identify(rosbag) by extension 'colcon_meta'
[0.145s] Level 1:colcon.colcon_core.package_identification:_identify(rosbag) by extensions ['ros']
[0.145s] Level 1:colcon.colcon_core.package_identification:_identify(rosbag) by extension 'ros'
[0.145s] Level 1:colcon.colcon_core.package_identification:_identify(rosbag) by extensions ['cmake', 'python']
[0.145s] Level 1:colcon.colcon_core.package_identification:_identify(rosbag) by extension 'cmake'
[0.145s] Level 1:colcon.colcon_core.package_identification:_identify(rosbag) by extension 'python'
[0.145s] Level 1:colcon.colcon_core.package_identification:_identify(rosbag) by extensions ['python_setup_py']
[0.145s] Level 1:colcon.colcon_core.package_identification:_identify(rosbag) by extension 'python_setup_py'
[0.145s] Level 1:colcon.colcon_core.package_identification:_identify(rosbag/rosbag2_Task1) by extensions ['ignore', 'ignore_ament_install']
[0.145s] Level 1:colcon.colcon_core.package_identification:_identify(rosbag/rosbag2_Task1) by extension 'ignore'
[0.145s] Level 1:colcon.colcon_core.package_identification:_identify(rosbag/rosbag2_Task1) by extension 'ignore_ament_install'
[0.145s] Level 1:colcon.colcon_core.package_identification:_identify(rosbag/rosbag2_Task1) by extensions ['colcon_pkg']
[0.145s] Level 1:colcon.colcon_core.package_identification:_identify(rosbag/rosbag2_Task1) by extension 'colcon_pkg'
[0.145s] Level 1:colcon.colcon_core.package_identification:_identify(rosbag/rosbag2_Task1) by extensions ['colcon_meta']
[0.145s] Level 1:colcon.colcon_core.package_identification:_identify(rosbag/rosbag2_Task1) by extension 'colcon_meta'
[0.145s] Level 1:colcon.colcon_core.package_identification:_identify(rosbag/rosbag2_Task1) by extensions ['ros']
[0.145s] Level 1:colcon.colcon_core.package_identification:_identify(rosbag/rosbag2_Task1) by extension 'ros'
[0.145s] Level 1:colcon.colcon_core.package_identification:_identify(rosbag/rosbag2_Task1) by extensions ['cmake', 'python']
[0.145s] Level 1:colcon.colcon_core.package_identification:_identify(rosbag/rosbag2_Task1) by extension 'cmake'
[0.145s] Level 1:colcon.colcon_core.package_identification:_identify(rosbag/rosbag2_Task1) by extension 'python'
[0.145s] Level 1:colcon.colcon_core.package_identification:_identify(rosbag/rosbag2_Task1) by extensions ['python_setup_py']
[0.145s] Level 1:colcon.colcon_core.package_identification:_identify(rosbag/rosbag2_Task1) by extension 'python_setup_py'
[0.146s] Level 1:colcon.colcon_core.package_identification:_identify(src) by extensions ['ignore', 'ignore_ament_install']
[0.146s] Level 1:colcon.colcon_core.package_identification:_identify(src) by extension 'ignore'
[0.146s] Level 1:colcon.colcon_core.package_identification:_identify(src) by extension 'ignore_ament_install'
[0.146s] Level 1:colcon.colcon_core.package_identification:_identify(src) by extensions ['colcon_pkg']
[0.146s] Level 1:colcon.colcon_core.package_identification:_identify(src) by extension 'colcon_pkg'
[0.146s] Level 1:colcon.colcon_core.package_identification:_identify(src) by extensions ['colcon_meta']
[0.146s] Level 1:colcon.colcon_core.package_identification:_identify(src) by extension 'colcon_meta'
[0.146s] Level 1:colcon.colcon_core.package_identification:_identify(src) by extensions ['ros']
[0.146s] Level 1:colcon.colcon_core.package_identification:_identify(src) by extension 'ros'
[0.146s] Level 1:colcon.colcon_core.package_identification:_identify(src) by extensions ['cmake', 'python']
[0.146s] Level 1:colcon.colcon_core.package_identification:_identify(src) by extension 'cmake'
[0.146s] Level 1:colcon.colcon_core.package_identification:_identify(src) by extension 'python'
[0.146s] Level 1:colcon.colcon_core.package_identification:_identify(src) by extensions ['python_setup_py']
[0.146s] Level 1:colcon.colcon_core.package_identification:_identify(src) by extension 'python_setup_py'
[0.146s] Level 1:colcon.colcon_core.package_identification:_identify(src/task_1) by extensions ['ignore', 'ignore_ament_install']
[0.146s] Level 1:colcon.colcon_core.package_identification:_identify(src/task_1) by extension 'ignore'
[0.146s] Level 1:colcon.colcon_core.package_identification:_identify(src/task_1) by extension 'ignore_ament_install'
[0.146s] Level 1:colcon.colcon_core.package_identification:_identify(src/task_1) by extensions ['colcon_pkg']
[0.146s] Level 1:colcon.colcon_core.package_identification:_identify(src/task_1) by extension 'colcon_pkg'
[0.146s] Level 1:colcon.colcon_core.package_identification:_identify(src/task_1) by extensions ['colcon_meta']
[0.146s] Level 1:colcon.colcon_core.package_identification:_identify(src/task_1) by extension 'colcon_meta'
[0.146s] Level 1:colcon.colcon_core.package_identification:_identify(src/task_1) by extensions ['ros']
[0.146s] Level 1:colcon.colcon_core.package_identification:_identify(src/task_1) by extension 'ros'
[0.148s] DEBUG:colcon.colcon_core.package_identification:Package 'src/task_1' with type 'ros.ament_python' and name 'task_1'
[0.148s] Level 1:colcon.colcon_core.package_identification:_identify(src/task_2) by extensions ['ignore', 'ignore_ament_install']
[0.149s] Level 1:colcon.colcon_core.package_identification:_identify(src/task_2) by extension 'ignore'
[0.149s] Level 1:colcon.colcon_core.package_identification:_identify(src/task_2) by extension 'ignore_ament_install'
[0.149s] Level 1:colcon.colcon_core.package_identification:_identify(src/task_2) by extensions ['colcon_pkg']
[0.149s] Level 1:colcon.colcon_core.package_identification:_identify(src/task_2) by extension 'colcon_pkg'
[0.149s] Level 1:colcon.colcon_core.package_identification:_identify(src/task_2) by extensions ['colcon_meta']
[0.149s] Level 1:colcon.colcon_core.package_identification:_identify(src/task_2) by extension 'colcon_meta'
[0.149s] Level 1:colcon.colcon_core.package_identification:_identify(src/task_2) by extensions ['ros']
[0.149s] Level 1:colcon.colcon_core.package_identification:_identify(src/task_2) by extension 'ros'
[0.149s] DEBUG:colcon.colcon_core.package_identification:Package 'src/task_2' with type 'ros.ament_python' and name 'task_2'
[0.150s] Level 1:colcon.colcon_core.package_identification:_identify(src/task_2_interface) by extensions ['ignore', 'ignore_ament_install']
[0.150s] Level 1:colcon.colcon_core.package_identification:_identify(src/task_2_interface) by extension 'ignore'
[0.150s] Level 1:colcon.colcon_core.package_identification:_identify(src/task_2_interface) by extension 'ignore_ament_install'
[0.150s] Level 1:colcon.colcon_core.package_identification:_identify(src/task_2_interface) by extensions ['colcon_pkg']
[0.150s] Level 1:colcon.colcon_core.package_identification:_identify(src/task_2_interface) by extension 'colcon_pkg'
[0.150s] Level 1:colcon.colcon_core.package_identification:_identify(src/task_2_interface) by extensions ['colcon_meta']
[0.150s] Level 1:colcon.colcon_core.package_identification:_identify(src/task_2_interface) by extension 'colcon_meta'
[0.150s] Level 1:colcon.colcon_core.package_identification:_identify(src/task_2_interface) by extensions ['ros']
[0.150s] Level 1:colcon.colcon_core.package_identification:_identify(src/task_2_interface) by extension 'ros'
[0.150s] DEBUG:colcon.colcon_core.package_identification:Package 'src/task_2_interface' with type 'ros.ament_cmake' and name 'task_2_interface'
[0.150s] Level 1:colcon.colcon_core.package_discovery:discover_packages(recursive) using defaults
[0.151s] Level 1:colcon.colcon_core.package_discovery:discover_packages(ignore) discover
[0.151s] Level 1:colcon.colcon_core.package_discovery:discover_packages(ignore) using defaults
[0.151s] Level 1:colcon.colcon_core.package_discovery:discover_packages(path) discover
[0.151s] Level 1:colcon.colcon_core.package_discovery:discover_packages(path) using defaults
[0.168s] Level 1:colcon.colcon_core.package_discovery:discover_packages(prefix_path) check parameters
[0.168s] Level 1:colcon.colcon_core.package_discovery:discover_packages(prefix_path) discover
[0.169s] DEBUG:colcon.colcon_installed_package_information.package_discovery:Found 3 installed packages in /home/lucifer/ros2_ws/install
[0.171s] DEBUG:colcon.colcon_installed_package_information.package_discovery:Found 348 installed packages in /opt/ros/humble
[0.172s] Level 1:colcon.colcon_core.package_discovery:discover_packages(prefix_path) using defaults
[0.211s] Level 5:colcon.colcon_core.verb:set package 'task_1' build argument 'cmake_args' from command line to 'None'
[0.211s] Level 5:colcon.colcon_core.verb:set package 'task_1' build argument 'cmake_target' from command line to 'None'
[0.211s] Level 5:colcon.colcon_core.verb:set package 'task_1' build argument 'cmake_target_skip_unavailable' from command line to 'False'
[0.211s] Level 5:colcon.colcon_core.verb:set package 'task_1' build argument 'cmake_clean_cache' from command line to 'False'
[0.211s] Level 5:colcon.colcon_core.verb:set package 'task_1' build argument 'cmake_clean_first' from command line to 'False'
[0.211s] Level 5:colcon.colcon_core.verb:set package 'task_1' build argument 'cmake_force_configure' from command line to 'False'
[0.211s] Level 5:colcon.colcon_core.verb:set package 'task_1' build argument 'ament_cmake_args' from command line to 'None'
[0.211s] Level 5:colcon.colcon_core.verb:set package 'task_1' build argument 'catkin_cmake_args' from command line to 'None'
[0.211s] Level 5:colcon.colcon_core.verb:set package 'task_1' build argument 'catkin_skip_building_tests' from command line to 'False'
[0.211s] DEBUG:colcon.colcon_core.verb:Building package 'task_1' with the following arguments: {'ament_cmake_args': None, 'build_base': '/home/lucifer/ros2_ws/build/task_1', 'catkin_cmake_args': None, 'catkin_skip_building_tests': False, 'cmake_args': None, 'cmake_clean_cache': False, 'cmake_clean_first': False, 'cmake_force_configure': False, 'cmake_target': None, 'cmake_target_skip_unavailable': False, 'install_base': '/home/lucifer/ros2_ws/install/task_1', 'merge_install': False, 'path': '/home/lucifer/ros2_ws/src/task_1', 'symlink_install': False, 'test_result_base': None}
[0.212s] Level 5:colcon.colcon_core.verb:set package 'task_2_interface' build argument 'cmake_args' from command line to 'None'
[0.212s] Level 5:colcon.colcon_core.verb:set package 'task_2_interface' build argument 'cmake_target' from command line to 'None'
[0.212s] Level 5:colcon.colcon_core.verb:set package 'task_2_interface' build argument 'cmake_target_skip_unavailable' from command line to 'False'
[0.212s] Level 5:colcon.colcon_core.verb:set package 'task_2_interface' build argument 'cmake_clean_cache' from command line to 'False'
[0.212s] Level 5:colcon.colcon_core.verb:set package 'task_2_interface' build argument 'cmake_clean_first' from command line to 'False'
[0.212s] Level 5:colcon.colcon_core.verb:set package 'task_2_interface' build argument 'cmake_force_configure' from command line to 'False'
[0.212s] Level 5:colcon.colcon_core.verb:set package 'task_2_interface' build argument 'ament_cmake_args' from command line to 'None'
[0.212s] Level 5:colcon.colcon_core.verb:set package 'task_2_interface' build argument 'catkin_cmake_args' from command line to 'None'
[0.212s] Level 5:colcon.colcon_core.verb:set package 'task_2_interface' build argument 'catkin_skip_building_tests' from command line to 'False'
[0.212s] DEBUG:colcon.colcon_core.verb:Building package 'task_2_interface' with the following arguments: {'ament_cmake_args': None, 'build_base': '/home/lucifer/ros2_ws/build/task_2_interface', 'catkin_cmake_args': None, 'catkin_skip_building_tests': False, 'cmake_args': None, 'cmake_clean_cache': False, 'cmake_clean_first': False, 'cmake_force_configure': False, 'cmake_target': None, 'cmake_target_skip_unavailable': False, 'install_base': '/home/lucifer/ros2_ws/install/task_2_interface', 'merge_install': False, 'path': '/home/lucifer/ros2_ws/src/task_2_interface', 'symlink_install': False, 'test_result_base': None}
[0.212s] Level 5:colcon.colcon_core.verb:set package 'task_2' build argument 'cmake_args' from command line to 'None'
[0.212s] Level 5:colcon.colcon_core.verb:set package 'task_2' build argument 'cmake_target' from command line to 'None'
[0.212s] Level 5:colcon.colcon_core.verb:set package 'task_2' build argument 'cmake_target_skip_unavailable' from command line to 'False'
[0.212s] Level 5:colcon.colcon_core.verb:set package 'task_2' build argument 'cmake_clean_cache' from command line to 'False'
[0.212s] Level 5:colcon.colcon_core.verb:set package 'task_2' build argument 'cmake_clean_first' from command line to 'False'
[0.212s] Level 5:colcon.colcon_core.verb:set package 'task_2' build argument 'cmake_force_configure' from command line to 'False'
[0.212s] Level 5:colcon.colcon_core.verb:set package 'task_2' build argument 'ament_cmake_args' from command line to 'None'
[0.212s] Level 5:colcon.colcon_core.verb:set package 'task_2' build argument 'catkin_cmake_args' from command line to 'None'
[0.212s] Level 5:colcon.colcon_core.verb:set package 'task_2' build argument 'catkin_skip_building_tests' from command line to 'False'
[0.212s] DEBUG:colcon.colcon_core.verb:Building package 'task_2' with the following arguments: {'ament_cmake_args': None, 'build_base': '/home/lucifer/ros2_ws/build/task_2', 'catkin_cmake_args': None, 'catkin_skip_building_tests': False, 'cmake_args': None, 'cmake_clean_cache': False, 'cmake_clean_first': False, 'cmake_force_configure': False, 'cmake_target': None, 'cmake_target_skip_unavailable': False, 'install_base': '/home/lucifer/ros2_ws/install/task_2', 'merge_install': False, 'path': '/home/lucifer/ros2_ws/src/task_2', 'symlink_install': False, 'test_result_base': None}
[0.212s] INFO:colcon.colcon_core.executor:Executing jobs using 'parallel' executor
[0.213s] DEBUG:colcon.colcon_parallel_executor.executor.parallel:run_until_complete
[0.214s] INFO:colcon.colcon_ros.task.ament_cmake.build:Building ROS package in '/home/lucifer/ros2_ws/src/task_2_interface' with build type 'ament_cmake'
[0.214s] INFO:colcon.colcon_cmake.task.cmake.build:Building CMake package in '/home/lucifer/ros2_ws/src/task_2_interface'
[0.216s] INFO:colcon.colcon_core.plugin_system:Skipping extension 'colcon_core.shell.bat': Not used on non-Windows systems
[0.216s] INFO:colcon.colcon_core.shell:Skip shell extension 'powershell' for command environment: Not usable outside of PowerShell
[0.216s] DEBUG:colcon.colcon_core.shell:Skip shell extension 'dsv' for command environment
[0.220s] INFO:colcon.colcon_ros.task.ament_python.build:Building ROS package in '/home/lucifer/ros2_ws/src/task_1' with build type 'ament_python'
[0.220s] Level 1:colcon.colcon_core.shell:create_environment_hook('task_1', 'ament_prefix_path')
[0.220s] INFO:colcon.colcon_core.shell:Creating environment hook '/home/lucifer/ros2_ws/install/task_1/share/task_1/hook/ament_prefix_path.ps1'
[0.221s] INFO:colcon.colcon_core.shell:Creating environment descriptor '/home/lucifer/ros2_ws/install/task_1/share/task_1/hook/ament_prefix_path.dsv'
[0.221s] INFO:colcon.colcon_core.shell:Creating environment hook '/home/lucifer/ros2_ws/install/task_1/share/task_1/hook/ament_prefix_path.sh'
[0.222s] INFO:colcon.colcon_core.shell:Skip shell extension 'powershell' for command environment: Not usable outside of PowerShell
[0.222s] DEBUG:colcon.colcon_core.shell:Skip shell extension 'dsv' for command environment
[0.233s] DEBUG:colcon.colcon_core.event_handler.log_command:Invoking command in '/home/lucifer/ros2_ws/build/task_2_interface': CMAKE_PREFIX_PATH=${CMAKE_PREFIX_PATH}:/home/lucifer/ros2_ws/install/task_2:/home/lucifer/ros2_ws/install/task_1:/opt/ros/humble /usr/bin/cmake --build /home/lucifer/ros2_ws/build/task_2_interface -- -j12 -l12
[0.454s] INFO:colcon.colcon_core.task.python.build:Building Python package in '/home/lucifer/ros2_ws/src/task_1'
[0.455s] INFO:colcon.colcon_core.shell:Skip shell extension 'powershell' for command environment: Not usable outside of PowerShell
[0.455s] DEBUG:colcon.colcon_core.shell:Skip shell extension 'dsv' for command environment
[0.652s] DEBUG:colcon.colcon_core.event_handler.log_command:Invoked command in '/home/lucifer/ros2_ws/build/task_2_interface' returned '0': CMAKE_PREFIX_PATH=${CMAKE_PREFIX_PATH}:/home/lucifer/ros2_ws/install/task_2:/home/lucifer/ros2_ws/install/task_1:/opt/ros/humble /usr/bin/cmake --build /home/lucifer/ros2_ws/build/task_2_interface -- -j12 -l12
[0.787s] DEBUG:colcon.colcon_core.event_handler.log_command:Invoking command in '/home/lucifer/ros2_ws/build/task_2_interface': CMAKE_PREFIX_PATH=${CMAKE_PREFIX_PATH}:/home/lucifer/ros2_ws/install/task_2:/home/lucifer/ros2_ws/install/task_1:/opt/ros/humble /usr/bin/cmake --install /home/lucifer/ros2_ws/build/task_2_interface
[0.906s] Level 1:colcon.colcon_core.environment:create_environment_scripts_only(task_2_interface)
[0.907s] DEBUG:colcon.colcon_core.event_handler.log_command:Invoked command in '/home/lucifer/ros2_ws/build/task_2_interface' returned '0': CMAKE_PREFIX_PATH=${CMAKE_PREFIX_PATH}:/home/lucifer/ros2_ws/install/task_2:/home/lucifer/ros2_ws/install/task_1:/opt/ros/humble /usr/bin/cmake --install /home/lucifer/ros2_ws/build/task_2_interface
[0.909s] Level 1:colcon.colcon_core.environment:checking '/home/lucifer/ros2_ws/install/task_2_interface' for CMake module files
[0.909s] Level 1:colcon.colcon_core.environment:checking '/home/lucifer/ros2_ws/install/task_2_interface' for CMake config files
[0.910s] Level 1:colcon.colcon_core.shell:create_environment_hook('task_2_interface', 'cmake_prefix_path')
[0.910s] INFO:colcon.colcon_core.shell:Creating environment hook '/home/lucifer/ros2_ws/install/task_2_interface/share/task_2_interface/hook/cmake_prefix_path.ps1'
[0.911s] INFO:colcon.colcon_core.shell:Creating environment descriptor '/home/lucifer/ros2_ws/install/task_2_interface/share/task_2_interface/hook/cmake_prefix_path.dsv'
[0.911s] INFO:colcon.colcon_core.shell:Creating environment hook '/home/lucifer/ros2_ws/install/task_2_interface/share/task_2_interface/hook/cmake_prefix_path.sh'
[0.911s] Level 1:colcon.colcon_core.environment:checking '/home/lucifer/ros2_ws/install/task_2_interface/lib'
[0.912s] Level 1:colcon.colcon_core.shell:create_environment_hook('task_2_interface', 'ld_library_path_lib')
[0.912s] INFO:colcon.colcon_core.shell:Creating environment hook '/home/lucifer/ros2_ws/install/task_2_interface/share/task_2_interface/hook/ld_library_path_lib.ps1'
[0.912s] INFO:colcon.colcon_core.shell:Creating environment descriptor '/home/lucifer/ros2_ws/install/task_2_interface/share/task_2_interface/hook/ld_library_path_lib.dsv'
[0.912s] INFO:colcon.colcon_core.shell:Creating environment hook '/home/lucifer/ros2_ws/install/task_2_interface/share/task_2_interface/hook/ld_library_path_lib.sh'
[0.913s] Level 1:colcon.colcon_core.environment:checking '/home/lucifer/ros2_ws/install/task_2_interface/bin'
[0.913s] Level 1:colcon.colcon_core.environment:checking '/home/lucifer/ros2_ws/install/task_2_interface/lib/pkgconfig/task_2_interface.pc'
[0.913s] Level 1:colcon.colcon_core.environment:checking '/home/lucifer/ros2_ws/install/task_2_interface/lib/python3.10/site-packages'
[0.913s] Level 1:colcon.colcon_core.environment:checking '/home/lucifer/ros2_ws/install/task_2_interface/bin'
[0.914s] INFO:colcon.colcon_core.shell:Creating package script '/home/lucifer/ros2_ws/install/task_2_interface/share/task_2_interface/package.ps1'
[0.914s] INFO:colcon.colcon_core.shell:Creating package descriptor '/home/lucifer/ros2_ws/install/task_2_interface/share/task_2_interface/package.dsv'
[0.915s] INFO:colcon.colcon_core.shell:Creating package script '/home/lucifer/ros2_ws/install/task_2_interface/share/task_2_interface/package.sh'
[0.916s] INFO:colcon.colcon_core.shell:Creating package script '/home/lucifer/ros2_ws/install/task_2_interface/share/task_2_interface/package.bash'
[0.916s] INFO:colcon.colcon_core.shell:Creating package script '/home/lucifer/ros2_ws/install/task_2_interface/share/task_2_interface/package.zsh'
[0.917s] Level 1:colcon.colcon_core.environment:create_file_with_runtime_dependencies(/home/lucifer/ros2_ws/install/task_2_interface/share/colcon-core/packages/task_2_interface)
[1.048s] Level 1:colcon.colcon_core.environment:create_environment_scripts_only(task_2_interface)
[1.048s] Level 1:colcon.colcon_core.environment:checking '/home/lucifer/ros2_ws/install/task_2_interface' for CMake module files
[1.049s] Level 1:colcon.colcon_core.environment:checking '/home/lucifer/ros2_ws/install/task_2_interface' for CMake config files
[1.050s] Level 1:colcon.colcon_core.shell:create_environment_hook('task_2_interface', 'cmake_prefix_path')
[1.050s] INFO:colcon.colcon_core.shell:Creating environment hook '/home/lucifer/ros2_ws/install/task_2_interface/share/task_2_interface/hook/cmake_prefix_path.ps1'
[1.051s] INFO:colcon.colcon_core.shell:Creating environment descriptor '/home/lucifer/ros2_ws/install/task_2_interface/share/task_2_interface/hook/cmake_prefix_path.dsv'
[1.051s] INFO:colcon.colcon_core.shell:Creating environment hook '/home/lucifer/ros2_ws/install/task_2_interface/share/task_2_interface/hook/cmake_prefix_path.sh'
[1.051s] Level 1:colcon.colcon_core.environment:checking '/home/lucifer/ros2_ws/install/task_2_interface/lib'
[1.052s] Level 1:colcon.colcon_core.shell:create_environment_hook('task_2_interface', 'ld_library_path_lib')
[1.052s] INFO:colcon.colcon_core.shell:Creating environment hook '/home/lucifer/ros2_ws/install/task_2_interface/share/task_2_interface/hook/ld_library_path_lib.ps1'
[1.052s] INFO:colcon.colcon_core.shell:Creating environment descriptor '/home/lucifer/ros2_ws/install/task_2_interface/share/task_2_interface/hook/ld_library_path_lib.dsv'
[1.053s] INFO:colcon.colcon_core.shell:Creating environment hook '/home/lucifer/ros2_ws/install/task_2_interface/share/task_2_interface/hook/ld_library_path_lib.sh'
[1.053s] Level 1:colcon.colcon_core.environment:checking '/home/lucifer/ros2_ws/install/task_2_interface/bin'
[1.053s] Level 1:colcon.colcon_core.environment:checking '/home/lucifer/ros2_ws/install/task_2_interface/lib/pkgconfig/task_2_interface.pc'
[1.053s] Level 1:colcon.colcon_core.environment:checking '/home/lucifer/ros2_ws/install/task_2_interface/lib/python3.10/site-packages'
[1.053s] Level 1:colcon.colcon_core.environment:checking '/home/lucifer/ros2_ws/install/task_2_interface/bin'
[1.054s] INFO:colcon.colcon_core.shell:Creating package script '/home/lucifer/ros2_ws/install/task_2_interface/share/task_2_interface/package.ps1'
[1.054s] INFO:colcon.colcon_core.shell:Creating package descriptor '/home/lucifer/ros2_ws/install/task_2_interface/share/task_2_interface/package.dsv'
[1.055s] INFO:colcon.colcon_core.shell:Creating package script '/home/lucifer/ros2_ws/install/task_2_interface/share/task_2_interface/package.sh'
[1.055s] INFO:colcon.colcon_core.shell:Creating package script '/home/lucifer/ros2_ws/install/task_2_interface/share/task_2_interface/package.bash'
[1.056s] INFO:colcon.colcon_core.shell:Creating package script '/home/lucifer/ros2_ws/install/task_2_interface/share/task_2_interface/package.zsh'
[1.056s] Level 1:colcon.colcon_core.environment:create_file_with_runtime_dependencies(/home/lucifer/ros2_ws/install/task_2_interface/share/colcon-core/packages/task_2_interface)
[1.057s] INFO:colcon.colcon_ros.task.ament_python.build:Building ROS package in '/home/lucifer/ros2_ws/src/task_2' with build type 'ament_python'
[1.057s] Level 1:colcon.colcon_core.shell:create_environment_hook('task_2', 'ament_prefix_path')
[1.057s] INFO:colcon.colcon_core.shell:Creating environment hook '/home/lucifer/ros2_ws/install/task_2/share/task_2/hook/ament_prefix_path.ps1'
[1.058s] INFO:colcon.colcon_core.shell:Creating environment descriptor '/home/lucifer/ros2_ws/install/task_2/share/task_2/hook/ament_prefix_path.dsv'
[1.058s] INFO:colcon.colcon_core.shell:Creating environment hook '/home/lucifer/ros2_ws/install/task_2/share/task_2/hook/ament_prefix_path.sh'
[1.059s] INFO:colcon.colcon_core.shell:Skip shell extension 'powershell' for command environment: Not usable outside of PowerShell
[1.059s] DEBUG:colcon.colcon_core.shell:Skip shell extension 'dsv' for command environment
[1.070s] DEBUG:colcon.colcon_core.event_handler.log_command:Invoking command in '/home/lucifer/ros2_ws/src/task_1': PYTHONPATH=/home/lucifer/ros2_ws/build/task_1/prefix_override:/usr/lib/python3/dist-packages/colcon_core/task/python/colcon_distutils_commands:/home/lucifer/ros2_ws/install/task_1/lib/python3.10/site-packages:${PYTHONPATH} /usr/bin/python3 -W ignore:setup.py install is deprecated setup.py egg_info --egg-base ../../build/task_1 build --build-base /home/lucifer/ros2_ws/build/task_1/build install --record /home/lucifer/ros2_ws/build/task_1/install.log --single-version-externally-managed install_data
[1.304s] INFO:colcon.colcon_core.task.python.build:Building Python package in '/home/lucifer/ros2_ws/src/task_2'
[1.305s] INFO:colcon.colcon_core.shell:Skip shell extension 'powershell' for command environment: Not usable outside of PowerShell
[1.305s] DEBUG:colcon.colcon_core.shell:Skip shell extension 'dsv' for command environment
[1.559s] Level 1:colcon.colcon_core.environment:checking '/home/lucifer/ros2_ws/install/task_1' for CMake module files
[1.559s] DEBUG:colcon.colcon_core.event_handler.log_command:Invoked command in '/home/lucifer/ros2_ws/src/task_1' returned '0': PYTHONPATH=/home/lucifer/ros2_ws/build/task_1/prefix_override:/usr/lib/python3/dist-packages/colcon_core/task/python/colcon_distutils_commands:/home/lucifer/ros2_ws/install/task_1/lib/python3.10/site-packages:${PYTHONPATH} /usr/bin/python3 -W ignore:setup.py install is deprecated setup.py egg_info --egg-base ../../build/task_1 build --build-base /home/lucifer/ros2_ws/build/task_1/build install --record /home/lucifer/ros2_ws/build/task_1/install.log --single-version-externally-managed install_data
[1.560s] Level 1:colcon.colcon_core.environment:checking '/home/lucifer/ros2_ws/install/task_1' for CMake config files
[1.561s] Level 1:colcon.colcon_core.environment:checking '/home/lucifer/ros2_ws/install/task_1/lib'
[1.561s] Level 1:colcon.colcon_core.environment:checking '/home/lucifer/ros2_ws/install/task_1/bin'
[1.561s] Level 1:colcon.colcon_core.environment:checking '/home/lucifer/ros2_ws/install/task_1/lib/pkgconfig/task_1.pc'
[1.561s] Level 1:colcon.colcon_core.environment:checking '/home/lucifer/ros2_ws/install/task_1/lib/python3.10/site-packages'
[1.561s] Level 1:colcon.colcon_core.shell:create_environment_hook('task_1', 'pythonpath')
[1.561s] INFO:colcon.colcon_core.shell:Creating environment hook '/home/lucifer/ros2_ws/install/task_1/share/task_1/hook/pythonpath.ps1'
[1.562s] INFO:colcon.colcon_core.shell:Creating environment descriptor '/home/lucifer/ros2_ws/install/task_1/share/task_1/hook/pythonpath.dsv'
[1.562s] INFO:colcon.colcon_core.shell:Creating environment hook '/home/lucifer/ros2_ws/install/task_1/share/task_1/hook/pythonpath.sh'
[1.563s] Level 1:colcon.colcon_core.environment:checking '/home/lucifer/ros2_ws/install/task_1/bin'
[1.563s] Level 1:colcon.colcon_core.environment:create_environment_scripts_only(task_1)
[1.563s] INFO:colcon.colcon_core.shell:Creating package script '/home/lucifer/ros2_ws/install/task_1/share/task_1/package.ps1'
[1.564s] INFO:colcon.colcon_core.shell:Creating package descriptor '/home/lucifer/ros2_ws/install/task_1/share/task_1/package.dsv'
[1.565s] INFO:colcon.colcon_core.shell:Creating package script '/home/lucifer/ros2_ws/install/task_1/share/task_1/package.sh'
[1.565s] INFO:colcon.colcon_core.shell:Creating package script '/home/lucifer/ros2_ws/install/task_1/share/task_1/package.bash'
[1.566s] INFO:colcon.colcon_core.shell:Creating package script '/home/lucifer/ros2_ws/install/task_1/share/task_1/package.zsh'
[1.566s] Level 1:colcon.colcon_core.environment:create_file_with_runtime_dependencies(/home/lucifer/ros2_ws/install/task_1/share/colcon-core/packages/task_1)
[1.932s] DEBUG:colcon.colcon_core.event_handler.log_command:Invoking command in '/home/lucifer/ros2_ws/src/task_2': PYTHONPATH=/home/lucifer/ros2_ws/build/task_2/prefix_override:/usr/lib/python3/dist-packages/colcon_core/task/python/colcon_distutils_commands:/home/lucifer/ros2_ws/install/task_2/lib/python3.10/site-packages:${PYTHONPATH} /usr/bin/python3 -W ignore:setup.py install is deprecated setup.py egg_info --egg-base ../../build/task_2 build --build-base /home/lucifer/ros2_ws/build/task_2/build install --record /home/lucifer/ros2_ws/build/task_2/install.log --single-version-externally-managed install_data
[2.449s] Level 1:colcon.colcon_core.environment:checking '/home/lucifer/ros2_ws/install/task_2' for CMake module files
[2.450s] DEBUG:colcon.colcon_core.event_handler.log_command:Invoked command in '/home/lucifer/ros2_ws/src/task_2' returned '0': PYTHONPATH=/home/lucifer/ros2_ws/build/task_2/prefix_override:/usr/lib/python3/dist-packages/colcon_core/task/python/colcon_distutils_commands:/home/lucifer/ros2_ws/install/task_2/lib/python3.10/site-packages:${PYTHONPATH} /usr/bin/python3 -W ignore:setup.py install is deprecated setup.py egg_info --egg-base ../../build/task_2 build --build-base /home/lucifer/ros2_ws/build/task_2/build install --record /home/lucifer/ros2_ws/build/task_2/install.log --single-version-externally-managed install_data
[2.451s] Level 1:colcon.colcon_core.environment:checking '/home/lucifer/ros2_ws/install/task_2' for CMake config files
[2.452s] Level 1:colcon.colcon_core.environment:checking '/home/lucifer/ros2_ws/install/task_2/lib'
[2.452s] Level 1:colcon.colcon_core.environment:checking '/home/lucifer/ros2_ws/install/task_2/bin'
[2.453s] Level 1:colcon.colcon_core.environment:checking '/home/lucifer/ros2_ws/install/task_2/lib/pkgconfig/task_2.pc'
[2.453s] Level 1:colcon.colcon_core.environment:checking '/home/lucifer/ros2_ws/install/task_2/lib/python3.10/site-packages'
[2.453s] Level 1:colcon.colcon_core.shell:create_environment_hook('task_2', 'pythonpath')
[2.454s] INFO:colcon.colcon_core.shell:Creating environment hook '/home/lucifer/ros2_ws/install/task_2/share/task_2/hook/pythonpath.ps1'
[2.454s] INFO:colcon.colcon_core.shell:Creating environment descriptor '/home/lucifer/ros2_ws/install/task_2/share/task_2/hook/pythonpath.dsv'
[2.455s] INFO:colcon.colcon_core.shell:Creating environment hook '/home/lucifer/ros2_ws/install/task_2/share/task_2/hook/pythonpath.sh'
[2.456s] Level 1:colcon.colcon_core.environment:checking '/home/lucifer/ros2_ws/install/task_2/bin'
[2.456s] Level 1:colcon.colcon_core.environment:create_environment_scripts_only(task_2)
[2.456s] INFO:colcon.colcon_core.shell:Creating package script '/home/lucifer/ros2_ws/install/task_2/share/task_2/package.ps1'
[2.457s] INFO:colcon.colcon_core.shell:Creating package descriptor '/home/lucifer/ros2_ws/install/task_2/share/task_2/package.dsv'
[2.458s] INFO:colcon.colcon_core.shell:Creating package script '/home/lucifer/ros2_ws/install/task_2/share/task_2/package.sh'
[2.458s] INFO:colcon.colcon_core.shell:Creating package script '/home/lucifer/ros2_ws/install/task_2/share/task_2/package.bash'
[2.459s] INFO:colcon.colcon_core.shell:Creating package script '/home/lucifer/ros2_ws/install/task_2/share/task_2/package.zsh'
[2.459s] Level 1:colcon.colcon_core.environment:create_file_with_runtime_dependencies(/home/lucifer/ros2_ws/install/task_2/share/colcon-core/packages/task_2)
[2.460s] DEBUG:colcon.colcon_parallel_executor.executor.parallel:closing loop
[2.461s] DEBUG:colcon.colcon_parallel_executor.executor.parallel:loop closed
[2.461s] DEBUG:colcon.colcon_parallel_executor.executor.parallel:run_until_complete finished with '0'
[2.461s] DEBUG:colcon.colcon_core.event_reactor:joining thread
[2.471s] INFO:colcon.colcon_core.plugin_system:Skipping extension 'colcon_notification.desktop_notification.terminal_notifier': Not used on non-Darwin systems
[2.471s] INFO:colcon.colcon_core.plugin_system:Skipping extension 'colcon_notification.desktop_notification.win32': Not used on non-Windows systems
[2.471s] INFO:colcon.colcon_notification.desktop_notification:Sending desktop notification using 'notify2'
[2.491s] DEBUG:colcon.colcon_core.event_reactor:joined thread
[2.492s] INFO:colcon.colcon_core.shell:Creating prefix script '/home/lucifer/ros2_ws/install/local_setup.ps1'
[2.493s] INFO:colcon.colcon_core.shell:Creating prefix util module '/home/lucifer/ros2_ws/install/_local_setup_util_ps1.py'
[2.496s] INFO:colcon.colcon_core.shell:Creating prefix chain script '/home/lucifer/ros2_ws/install/setup.ps1'
[2.497s] INFO:colcon.colcon_core.shell:Creating prefix script '/home/lucifer/ros2_ws/install/local_setup.sh'
[2.498s] INFO:colcon.colcon_core.shell:Creating prefix util module '/home/lucifer/ros2_ws/install/_local_setup_util_sh.py'
[2.498s] INFO:colcon.colcon_core.shell:Creating prefix chain script '/home/lucifer/ros2_ws/install/setup.sh'
[2.499s] INFO:colcon.colcon_core.shell:Creating prefix script '/home/lucifer/ros2_ws/install/local_setup.bash'
[2.500s] INFO:colcon.colcon_core.shell:Creating prefix chain script '/home/lucifer/ros2_ws/install/setup.bash'
[2.501s] INFO:colcon.colcon_core.shell:Creating prefix script '/home/lucifer/ros2_ws/install/local_setup.zsh'
[2.501s] INFO:colcon.colcon_core.shell:Creating prefix chain script '/home/lucifer/ros2_ws/install/setup.zsh'
