[0.017s] Invoking command in '/home/lucifer/ros2_ws/build/task_2_interface': CMAKE_PREFIX_PATH=${CMAKE_PREFIX_PATH}:/home/lucifer/ros2_ws/install/task_2:/home/lucifer/ros2_ws/install/task_1:/opt/ros/humble /usr/bin/cmake --build /home/lucifer/ros2_ws/build/task_2_interface -- -j12 -l12
[0.105s] [  2%] Built target task_2_interface__cpp
[0.110s] [  2%] Built target ament_cmake_python_symlink_task_2_interface
[0.111s] [ 12%] Built target task_2_interface__rosidl_generator_c
[0.133s] [ 28%] Built target task_2_interface__rosidl_typesupport_introspection_cpp
[0.133s] [ 33%] Built target task_2_interface__rosidl_typesupport_cpp
[0.136s] [ 43%] Built target task_2_interface__rosidl_typesupport_c
[0.139s] [ 53%] Built target task_2_interface__rosidl_typesupport_fastrtps_cpp
[0.141s] [ 74%] Built target task_2_interface__rosidl_typesupport_fastrtps_c
[0.141s] [ 74%] Built target task_2_interface__rosidl_typesupport_introspection_c
[0.164s] [ 74%] Built target task_2_interface
[0.189s] [ 76%] Built target task_2_interface__py
[0.216s] [ 84%] Built target task_2_interface__rosidl_generator_py
[0.242s] [ 89%] Built target task_2_interface__rosidl_typesupport_introspection_c__pyext
[0.242s] [ 94%] Built target task_2_interface__rosidl_typesupport_c__pyext
[0.246s] [100%] Built target task_2_interface__rosidl_typesupport_fastrtps_c__pyext
[0.319s] running egg_info
[0.336s] writing task_2_interface.egg-info/PKG-INFO
[0.337s] writing dependency_links to task_2_interface.egg-info/dependency_links.txt
[0.337s] writing top-level names to task_2_interface.egg-info/top_level.txt
[0.385s] reading manifest file 'task_2_interface.egg-info/SOURCES.txt'
[0.385s] writing manifest file 'task_2_interface.egg-info/SOURCES.txt'
[0.427s] [100%] Built target ament_cmake_python_build_task_2_interface_egg
[0.444s] Invoked command in '/home/lucifer/ros2_ws/build/task_2_interface' returned '0': CMAKE_PREFIX_PATH=${CMAKE_PREFIX_PATH}:/home/lucifer/ros2_ws/install/task_2:/home/lucifer/ros2_ws/install/task_1:/opt/ros/humble /usr/bin/cmake --build /home/lucifer/ros2_ws/build/task_2_interface -- -j12 -l12
[0.602s] Invoking command in '/home/lucifer/ros2_ws/build/task_2_interface': CMAKE_PREFIX_PATH=${CMAKE_PREFIX_PATH}:/home/lucifer/ros2_ws/install/task_2:/home/lucifer/ros2_ws/install/task_1:/opt/ros/humble /usr/bin/cmake --install /home/lucifer/ros2_ws/build/task_2_interface
[0.610s] -- Install configuration: ""
[0.610s] -- Execute custom install script
[0.611s] -- Up-to-date symlink: /home/lucifer/ros2_ws/install/task_2_interface/share/ament_index/resource_index/rosidl_interfaces/task_2_interface
[0.611s] -- Up-to-date symlink: /home/lucifer/ros2_ws/install/task_2_interface/include/task_2_interface/task_2_interface/msg/detail/joint_data__functions.h
[0.611s] -- Up-to-date symlink: /home/lucifer/ros2_ws/install/task_2_interface/include/task_2_interface/task_2_interface/msg/detail/joint_data__struct.h
[0.611s] -- Up-to-date symlink: /home/lucifer/ros2_ws/install/task_2_interface/include/task_2_interface/task_2_interface/msg/detail/joint_data__type_support.h
[0.612s] -- Up-to-date symlink: /home/lucifer/ros2_ws/install/task_2_interface/include/task_2_interface/task_2_interface/msg/joint_data.h
[0.612s] -- Up-to-date symlink: /home/lucifer/ros2_ws/install/task_2_interface/include/task_2_interface/task_2_interface/msg/rosidl_generator_c__visibility_control.h
[0.612s] -- Up-to-date symlink: /home/lucifer/ros2_ws/install/task_2_interface/include/task_2_interface/task_2_interface/srv/detail/joint_data__functions.h
[0.612s] -- Up-to-date symlink: /home/lucifer/ros2_ws/install/task_2_interface/include/task_2_interface/task_2_interface/srv/detail/joint_data__struct.h
[0.612s] -- Up-to-date symlink: /home/lucifer/ros2_ws/install/task_2_interface/include/task_2_interface/task_2_interface/srv/detail/joint_data__type_support.h
[0.612s] -- Up-to-date symlink: /home/lucifer/ros2_ws/install/task_2_interface/include/task_2_interface/task_2_interface/srv/joint_data.h
[0.613s] -- Up-to-date symlink: /home/lucifer/ros2_ws/install/task_2_interface/share/task_2_interface/environment/library_path.sh
[0.613s] -- Up-to-date symlink: /home/lucifer/ros2_ws/install/task_2_interface/share/task_2_interface/environment/library_path.dsv
[0.613s] -- Up-to-date symlink: /home/lucifer/ros2_ws/install/task_2_interface/include/task_2_interface/task_2_interface/msg/detail/joint_data__rosidl_typesupport_fastrtps_c.h
[0.613s] -- Up-to-date symlink: /home/lucifer/ros2_ws/install/task_2_interface/include/task_2_interface/task_2_interface/msg/rosidl_typesupport_fastrtps_c__visibility_control.h
[0.614s] -- Up-to-date symlink: /home/lucifer/ros2_ws/install/task_2_interface/include/task_2_interface/task_2_interface/srv/detail/joint_data__rosidl_typesupport_fastrtps_c.h
[0.614s] -- Up-to-date symlink: /home/lucifer/ros2_ws/install/task_2_interface/include/task_2_interface/task_2_interface/msg/detail/joint_data__builder.hpp
[0.614s] -- Up-to-date symlink: /home/lucifer/ros2_ws/install/task_2_interface/include/task_2_interface/task_2_interface/msg/detail/joint_data__struct.hpp
[0.614s] -- Up-to-date symlink: /home/lucifer/ros2_ws/install/task_2_interface/include/task_2_interface/task_2_interface/msg/detail/joint_data__traits.hpp
[0.615s] -- Up-to-date symlink: /home/lucifer/ros2_ws/install/task_2_interface/include/task_2_interface/task_2_interface/msg/joint_data.hpp
[0.615s] -- Up-to-date symlink: /home/lucifer/ros2_ws/install/task_2_interface/include/task_2_interface/task_2_interface/srv/detail/joint_data__builder.hpp
[0.615s] -- Up-to-date symlink: /home/lucifer/ros2_ws/install/task_2_interface/include/task_2_interface/task_2_interface/srv/detail/joint_data__struct.hpp
[0.615s] -- Up-to-date symlink: /home/lucifer/ros2_ws/install/task_2_interface/include/task_2_interface/task_2_interface/srv/detail/joint_data__traits.hpp
[0.615s] -- Up-to-date symlink: /home/lucifer/ros2_ws/install/task_2_interface/include/task_2_interface/task_2_interface/srv/joint_data.hpp
[0.616s] -- Up-to-date symlink: /home/lucifer/ros2_ws/install/task_2_interface/include/task_2_interface/task_2_interface/msg/detail/joint_data__rosidl_typesupport_fastrtps_cpp.hpp
[0.616s] -- Up-to-date symlink: /home/lucifer/ros2_ws/install/task_2_interface/include/task_2_interface/task_2_interface/msg/rosidl_typesupport_fastrtps_cpp__visibility_control.h
[0.616s] -- Up-to-date symlink: /home/lucifer/ros2_ws/install/task_2_interface/include/task_2_interface/task_2_interface/srv/detail/joint_data__rosidl_typesupport_fastrtps_cpp.hpp
[0.616s] -- Up-to-date symlink: /home/lucifer/ros2_ws/install/task_2_interface/include/task_2_interface/task_2_interface/msg/detail/joint_data__rosidl_typesupport_introspection_c.h
[0.617s] -- Up-to-date symlink: /home/lucifer/ros2_ws/install/task_2_interface/include/task_2_interface/task_2_interface/msg/rosidl_typesupport_introspection_c__visibility_control.h
[0.617s] -- Up-to-date symlink: /home/lucifer/ros2_ws/install/task_2_interface/include/task_2_interface/task_2_interface/srv/detail/joint_data__rosidl_typesupport_introspection_c.h
[0.617s] -- Up-to-date symlink: /home/lucifer/ros2_ws/install/task_2_interface/include/task_2_interface/task_2_interface/msg/detail/joint_data__rosidl_typesupport_introspection_cpp.hpp
[0.617s] -- Up-to-date symlink: /home/lucifer/ros2_ws/install/task_2_interface/include/task_2_interface/task_2_interface/srv/detail/joint_data__rosidl_typesupport_introspection_cpp.hpp
[0.617s] -- Up-to-date symlink: /home/lucifer/ros2_ws/install/task_2_interface/share/task_2_interface/environment/pythonpath.sh
[0.618s] -- Up-to-date symlink: /home/lucifer/ros2_ws/install/task_2_interface/share/task_2_interface/environment/pythonpath.dsv
[0.618s] -- Up-to-date symlink: /home/lucifer/ros2_ws/install/task_2_interface/local/lib/python3.10/dist-packages/task_2_interface-0.0.0-py3.10.egg-info/PKG-INFO
[0.618s] -- Up-to-date symlink: /home/lucifer/ros2_ws/install/task_2_interface/local/lib/python3.10/dist-packages/task_2_interface-0.0.0-py3.10.egg-info/SOURCES.txt
[0.618s] -- Up-to-date symlink: /home/lucifer/ros2_ws/install/task_2_interface/local/lib/python3.10/dist-packages/task_2_interface-0.0.0-py3.10.egg-info/dependency_links.txt
[0.618s] -- Up-to-date symlink: /home/lucifer/ros2_ws/install/task_2_interface/local/lib/python3.10/dist-packages/task_2_interface-0.0.0-py3.10.egg-info/top_level.txt
[0.619s] -- Up-to-date symlink: /home/lucifer/ros2_ws/install/task_2_interface/local/lib/python3.10/dist-packages/task_2_interface/__init__.py
[0.619s] -- Up-to-date symlink: /home/lucifer/ros2_ws/install/task_2_interface/local/lib/python3.10/dist-packages/task_2_interface/_task_2_interface_s.ep.rosidl_typesupport_c.c
[0.619s] -- Up-to-date symlink: /home/lucifer/ros2_ws/install/task_2_interface/local/lib/python3.10/dist-packages/task_2_interface/_task_2_interface_s.ep.rosidl_typesupport_fastrtps_c.c
[0.620s] -- Up-to-date symlink: /home/lucifer/ros2_ws/install/task_2_interface/local/lib/python3.10/dist-packages/task_2_interface/_task_2_interface_s.ep.rosidl_typesupport_introspection_c.c
[0.620s] -- Up-to-date symlink: /home/lucifer/ros2_ws/install/task_2_interface/local/lib/python3.10/dist-packages/task_2_interface/libtask_2_interface__rosidl_generator_py.so
[0.620s] -- Up-to-date symlink: /home/lucifer/ros2_ws/install/task_2_interface/local/lib/python3.10/dist-packages/task_2_interface/msg/__init__.py
[0.620s] -- Up-to-date symlink: /home/lucifer/ros2_ws/install/task_2_interface/local/lib/python3.10/dist-packages/task_2_interface/msg/_joint_data.py
[0.620s] -- Up-to-date symlink: /home/lucifer/ros2_ws/install/task_2_interface/local/lib/python3.10/dist-packages/task_2_interface/msg/_joint_data_s.c
[0.620s] -- Up-to-date symlink: /home/lucifer/ros2_ws/install/task_2_interface/local/lib/python3.10/dist-packages/task_2_interface/srv/__init__.py
[0.621s] -- Up-to-date symlink: /home/lucifer/ros2_ws/install/task_2_interface/local/lib/python3.10/dist-packages/task_2_interface/srv/_joint_data.py
[0.621s] -- Up-to-date symlink: /home/lucifer/ros2_ws/install/task_2_interface/local/lib/python3.10/dist-packages/task_2_interface/srv/_joint_data_s.c
[0.621s] -- Up-to-date symlink: /home/lucifer/ros2_ws/install/task_2_interface/local/lib/python3.10/dist-packages/task_2_interface/task_2_interface_s__rosidl_typesupport_c.cpython-310-x86_64-linux-gnu.so
[0.621s] -- Up-to-date symlink: /home/lucifer/ros2_ws/install/task_2_interface/local/lib/python3.10/dist-packages/task_2_interface/task_2_interface_s__rosidl_typesupport_fastrtps_c.cpython-310-x86_64-linux-gnu.so
[0.621s] -- Up-to-date symlink: /home/lucifer/ros2_ws/install/task_2_interface/local/lib/python3.10/dist-packages/task_2_interface/task_2_interface_s__rosidl_typesupport_introspection_c.cpython-310-x86_64-linux-gnu.so
[0.622s] -- Up-to-date symlink: /home/lucifer/ros2_ws/install/task_2_interface/local/lib/python3.10/dist-packages/task_2_interface/task_2_interface_s__rosidl_typesupport_fastrtps_c.cpython-310-x86_64-linux-gnu.so
[0.622s] -- Up-to-date symlink: /home/lucifer/ros2_ws/install/task_2_interface/local/lib/python3.10/dist-packages/task_2_interface/task_2_interface_s__rosidl_typesupport_introspection_c.cpython-310-x86_64-linux-gnu.so
[0.622s] -- Up-to-date symlink: /home/lucifer/ros2_ws/install/task_2_interface/local/lib/python3.10/dist-packages/task_2_interface/task_2_interface_s__rosidl_typesupport_c.cpython-310-x86_64-linux-gnu.so
[0.622s] -- Up-to-date symlink: /home/lucifer/ros2_ws/install/task_2_interface/share/task_2_interface/msg/JointData.idl
[0.622s] -- Up-to-date symlink: /home/lucifer/ros2_ws/install/task_2_interface/share/task_2_interface/srv/JointData.idl
[0.623s] -- Up-to-date symlink: /home/lucifer/ros2_ws/install/task_2_interface/share/task_2_interface/msg/JointData.msg
[0.623s] -- Up-to-date symlink: /home/lucifer/ros2_ws/install/task_2_interface/share/task_2_interface/srv/JointData.srv
[0.623s] -- Up-to-date symlink: /home/lucifer/ros2_ws/install/task_2_interface/share/task_2_interface/srv/JointData_Request.msg
[0.623s] -- Up-to-date symlink: /home/lucifer/ros2_ws/install/task_2_interface/share/task_2_interface/srv/JointData_Response.msg
[0.623s] -- Up-to-date symlink: /home/lucifer/ros2_ws/install/task_2_interface/share/ament_index/resource_index/package_run_dependencies/task_2_interface
[0.624s] -- Up-to-date symlink: /home/lucifer/ros2_ws/install/task_2_interface/share/ament_index/resource_index/parent_prefix_path/task_2_interface
[0.624s] -- Up-to-date symlink: /home/lucifer/ros2_ws/install/task_2_interface/share/task_2_interface/environment/ament_prefix_path.sh
[0.624s] -- Up-to-date symlink: /home/lucifer/ros2_ws/install/task_2_interface/share/task_2_interface/environment/ament_prefix_path.dsv
[0.624s] -- Up-to-date symlink: /home/lucifer/ros2_ws/install/task_2_interface/share/task_2_interface/environment/path.sh
[0.624s] -- Up-to-date symlink: /home/lucifer/ros2_ws/install/task_2_interface/share/task_2_interface/environment/path.dsv
[0.625s] -- Up-to-date symlink: /home/lucifer/ros2_ws/install/task_2_interface/share/task_2_interface/local_setup.bash
[0.625s] -- Up-to-date symlink: /home/lucifer/ros2_ws/install/task_2_interface/share/task_2_interface/local_setup.sh
[0.625s] -- Up-to-date symlink: /home/lucifer/ros2_ws/install/task_2_interface/share/task_2_interface/local_setup.zsh
[0.625s] -- Up-to-date symlink: /home/lucifer/ros2_ws/install/task_2_interface/share/task_2_interface/local_setup.dsv
[0.625s] -- Symlinking: /home/lucifer/ros2_ws/install/task_2_interface/share/task_2_interface/package.dsv
[0.636s] -- Up-to-date symlink: /home/lucifer/ros2_ws/install/task_2_interface/share/ament_index/resource_index/packages/task_2_interface
[0.637s] -- Up-to-date symlink: /home/lucifer/ros2_ws/install/task_2_interface/share/task_2_interface/cmake/rosidl_cmake-extras.cmake
[0.637s] -- Up-to-date symlink: /home/lucifer/ros2_ws/install/task_2_interface/share/task_2_interface/cmake/ament_cmake_export_dependencies-extras.cmake
[0.637s] -- Up-to-date symlink: /home/lucifer/ros2_ws/install/task_2_interface/share/task_2_interface/cmake/ament_cmake_export_include_directories-extras.cmake
[0.638s] -- Up-to-date symlink: /home/lucifer/ros2_ws/install/task_2_interface/share/task_2_interface/cmake/ament_cmake_export_libraries-extras.cmake
[0.638s] -- Up-to-date symlink: /home/lucifer/ros2_ws/install/task_2_interface/share/task_2_interface/cmake/ament_cmake_export_targets-extras.cmake
[0.638s] -- Up-to-date symlink: /home/lucifer/ros2_ws/install/task_2_interface/share/task_2_interface/cmake/rosidl_cmake_export_typesupport_targets-extras.cmake
[0.638s] -- Up-to-date symlink: /home/lucifer/ros2_ws/install/task_2_interface/share/task_2_interface/cmake/rosidl_cmake_export_typesupport_libraries-extras.cmake
[0.638s] -- Up-to-date symlink: /home/lucifer/ros2_ws/install/task_2_interface/share/task_2_interface/cmake/task_2_interfaceConfig.cmake
[0.638s] -- Up-to-date symlink: /home/lucifer/ros2_ws/install/task_2_interface/share/task_2_interface/cmake/task_2_interfaceConfig-version.cmake
[0.638s] -- Up-to-date symlink: /home/lucifer/ros2_ws/install/task_2_interface/share/task_2_interface/package.xml
[0.639s] -- Up-to-date: /home/lucifer/ros2_ws/install/task_2_interface/lib/libtask_2_interface__rosidl_generator_c.so
[0.639s] -- Up-to-date: /home/lucifer/ros2_ws/install/task_2_interface/lib/libtask_2_interface__rosidl_typesupport_fastrtps_c.so
[0.639s] -- Up-to-date: /home/lucifer/ros2_ws/install/task_2_interface/lib/libtask_2_interface__rosidl_typesupport_fastrtps_cpp.so
[0.640s] -- Up-to-date: /home/lucifer/ros2_ws/install/task_2_interface/lib/libtask_2_interface__rosidl_typesupport_introspection_c.so
[0.640s] -- Up-to-date: /home/lucifer/ros2_ws/install/task_2_interface/lib/libtask_2_interface__rosidl_typesupport_c.so
[0.640s] -- Up-to-date: /home/lucifer/ros2_ws/install/task_2_interface/lib/libtask_2_interface__rosidl_typesupport_introspection_cpp.so
[0.640s] -- Up-to-date: /home/lucifer/ros2_ws/install/task_2_interface/lib/libtask_2_interface__rosidl_typesupport_cpp.so
[0.694s] Listing '/home/lucifer/ros2_ws/install/task_2_interface/local/lib/python3.10/dist-packages/task_2_interface'...
[0.694s] Listing '/home/lucifer/ros2_ws/install/task_2_interface/local/lib/python3.10/dist-packages/task_2_interface/msg'...
[0.694s] Listing '/home/lucifer/ros2_ws/install/task_2_interface/local/lib/python3.10/dist-packages/task_2_interface/srv'...
[0.698s] -- Up-to-date: /home/lucifer/ros2_ws/install/task_2_interface/lib/libtask_2_interface__rosidl_generator_py.so
[0.699s] -- Up-to-date: /home/lucifer/ros2_ws/install/task_2_interface/share/task_2_interface/cmake/export_task_2_interface__rosidl_generator_cExport.cmake
[0.699s] -- Up-to-date: /home/lucifer/ros2_ws/install/task_2_interface/share/task_2_interface/cmake/export_task_2_interface__rosidl_generator_cExport-noconfig.cmake
[0.699s] -- Up-to-date: /home/lucifer/ros2_ws/install/task_2_interface/share/task_2_interface/cmake/export_task_2_interface__rosidl_typesupport_fastrtps_cExport.cmake
[0.699s] -- Up-to-date: /home/lucifer/ros2_ws/install/task_2_interface/share/task_2_interface/cmake/export_task_2_interface__rosidl_typesupport_fastrtps_cExport-noconfig.cmake
[0.700s] -- Up-to-date: /home/lucifer/ros2_ws/install/task_2_interface/share/task_2_interface/cmake/export_task_2_interface__rosidl_generator_cppExport.cmake
[0.700s] -- Up-to-date: /home/lucifer/ros2_ws/install/task_2_interface/share/task_2_interface/cmake/export_task_2_interface__rosidl_typesupport_fastrtps_cppExport.cmake
[0.700s] -- Up-to-date: /home/lucifer/ros2_ws/install/task_2_interface/share/task_2_interface/cmake/export_task_2_interface__rosidl_typesupport_fastrtps_cppExport-noconfig.cmake
[0.700s] -- Up-to-date: /home/lucifer/ros2_ws/install/task_2_interface/share/task_2_interface/cmake/task_2_interface__rosidl_typesupport_introspection_cExport.cmake
[0.700s] -- Up-to-date: /home/lucifer/ros2_ws/install/task_2_interface/share/task_2_interface/cmake/task_2_interface__rosidl_typesupport_introspection_cExport-noconfig.cmake
[0.700s] -- Up-to-date: /home/lucifer/ros2_ws/install/task_2_interface/share/task_2_interface/cmake/task_2_interface__rosidl_typesupport_cExport.cmake
[0.700s] -- Up-to-date: /home/lucifer/ros2_ws/install/task_2_interface/share/task_2_interface/cmake/task_2_interface__rosidl_typesupport_cExport-noconfig.cmake
[0.700s] -- Up-to-date: /home/lucifer/ros2_ws/install/task_2_interface/share/task_2_interface/cmake/task_2_interface__rosidl_typesupport_introspection_cppExport.cmake
[0.700s] -- Up-to-date: /home/lucifer/ros2_ws/install/task_2_interface/share/task_2_interface/cmake/task_2_interface__rosidl_typesupport_introspection_cppExport-noconfig.cmake
[0.701s] -- Up-to-date: /home/lucifer/ros2_ws/install/task_2_interface/share/task_2_interface/cmake/task_2_interface__rosidl_typesupport_cppExport.cmake
[0.701s] -- Up-to-date: /home/lucifer/ros2_ws/install/task_2_interface/share/task_2_interface/cmake/task_2_interface__rosidl_typesupport_cppExport-noconfig.cmake
[0.701s] -- Up-to-date: /home/lucifer/ros2_ws/install/task_2_interface/share/task_2_interface/cmake/export_task_2_interface__rosidl_generator_pyExport.cmake
[0.701s] -- Up-to-date: /home/lucifer/ros2_ws/install/task_2_interface/share/task_2_interface/cmake/export_task_2_interface__rosidl_generator_pyExport-noconfig.cmake
[0.706s] Invoked command in '/home/lucifer/ros2_ws/build/task_2_interface' returned '0': CMAKE_PREFIX_PATH=${CMAKE_PREFIX_PATH}:/home/lucifer/ros2_ws/install/task_2:/home/lucifer/ros2_ws/install/task_1:/opt/ros/humble /usr/bin/cmake --install /home/lucifer/ros2_ws/build/task_2_interface
