-- Found ament_cmake: 1.3.10 (/opt/ros/humble/share/ament_cmake/cmake)
-- Override CMake install command with custom implementation using symlinks instead of copying resources
-- Found ament_lint_auto: 0.12.11 (/opt/ros/humble/share/ament_lint_auto/cmake)
-- Added test 'lint_cmake' to check CMake code style
-- Added test 'xmllint' to check XML markup files
-- Configuring done
-- Generating done
-- Build files have been written to: /home/lucifer/ros2_ws/build/task_2_interface
-- Install configuration: ""
-- Execute custom install script
-- Up-to-date symlink: /home/lucifer/ros2_ws/install/task_2_interface/share/ament_index/resource_index/package_run_dependencies/task_2_interface
-- Up-to-date symlink: /home/lucifer/ros2_ws/install/task_2_interface/share/ament_index/resource_index/parent_prefix_path/task_2_interface
-- Up-to-date symlink: /home/lucifer/ros2_ws/install/task_2_interface/share/task_2_interface/environment/ament_prefix_path.sh
-- Up-to-date symlink: /home/lucifer/ros2_ws/install/task_2_interface/share/task_2_interface/environment/ament_prefix_path.dsv
-- Up-to-date symlink: /home/lucifer/ros2_ws/install/task_2_interface/share/task_2_interface/environment/path.sh
-- Up-to-date symlink: /home/lucifer/ros2_ws/install/task_2_interface/share/task_2_interface/environment/path.dsv
-- Up-to-date symlink: /home/lucifer/ros2_ws/install/task_2_interface/share/task_2_interface/local_setup.bash
-- Up-to-date symlink: /home/lucifer/ros2_ws/install/task_2_interface/share/task_2_interface/local_setup.sh
-- Up-to-date symlink: /home/lucifer/ros2_ws/install/task_2_interface/share/task_2_interface/local_setup.zsh
-- Up-to-date symlink: /home/lucifer/ros2_ws/install/task_2_interface/share/task_2_interface/local_setup.dsv
-- Symlinking: /home/lucifer/ros2_ws/install/task_2_interface/share/task_2_interface/package.dsv
-- Up-to-date symlink: /home/lucifer/ros2_ws/install/task_2_interface/share/ament_index/resource_index/packages/task_2_interface
-- Up-to-date symlink: /home/lucifer/ros2_ws/install/task_2_interface/share/task_2_interface/cmake/task_2_interfaceConfig.cmake
-- Up-to-date symlink: /home/lucifer/ros2_ws/install/task_2_interface/share/task_2_interface/cmake/task_2_interfaceConfig-version.cmake
-- Up-to-date symlink: /home/lucifer/ros2_ws/install/task_2_interface/share/task_2_interface/package.xml
