running develop
/home/lucifer/.local/lib/python3.10/site-packages/setuptools/command/develop.py:40: EasyInstallDeprecationWarning: easy_install command is deprecated.
!!

        ********************************************************************************
        Please avoid running ``setup.py`` and ``easy_install``.
        Instead, use pypa/build, pypa/installer or other
        standards-based tools.

        See https://github.com/pypa/setuptools/issues/917 for details.
        ********************************************************************************

!!
  easy_install.initialize_options(self)
running egg_info
writing task_1.egg-info/PKG-INFO
writing dependency_links to task_1.egg-info/dependency_links.txt
writing entry points to task_1.egg-info/entry_points.txt
writing requirements to task_1.egg-info/requires.txt
writing top-level names to task_1.egg-info/top_level.txt
reading manifest file 'task_1.egg-info/SOURCES.txt'
writing manifest file 'task_1.egg-info/SOURCES.txt'
running build_ext
Creating /home/lucifer/ros2_ws/install/task_1/lib/python3.10/site-packages/task-1.egg-link (link to .)
Installing listener script to /home/lucifer/ros2_ws/install/task_1/lib/task_1
Installing talker script to /home/lucifer/ros2_ws/install/task_1/lib/task_1

Installed /home/lucifer/ros2_ws/build/task_1
running symlink_data
symbolically linking /home/lucifer/ros2_ws/build/task_1/resource/task_1 -> /home/lucifer/ros2_ws/install/task_1/share/ament_index/resource_index/packages
symbolically linking /home/lucifer/ros2_ws/build/task_1/package.xml -> /home/lucifer/ros2_ws/install/task_1/share/task_1
