[0.790s] Invoking command in '/home/lucifer/ros2_ws/build/task_1': PYTHONPATH=/home/lucifer/ros2_ws/build/task_1/prefix_override:/usr/lib/python3/dist-packages/colcon_core/task/python/colcon_distutils_commands:/home/lucifer/ros2_ws/install/task_1/lib/python3.10/site-packages:${PYTHONPATH} /usr/bin/python3 -W ignore:setup.py install is deprecated setup.py develop --editable --build-directory /home/lucifer/ros2_ws/build/task_1/build --no-deps symlink_data --force
[1.123s] running develop
[1.154s] /home/lucifer/.local/lib/python3.10/site-packages/setuptools/command/develop.py:40: EasyInstallDeprecationWarning: easy_install command is deprecated.
[1.154s] !!
[1.155s] 
[1.155s]         ********************************************************************************
[1.155s]         Please avoid running ``setup.py`` and ``easy_install``.
[1.155s]         Instead, use pypa/build, pypa/installer or other
[1.155s]         standards-based tools.
[1.155s] 
[1.155s]         See https://github.com/pypa/setuptools/issues/917 for details.
[1.155s]         ********************************************************************************
[1.155s] 
[1.155s] !!
[1.156s]   easy_install.initialize_options(self)
[1.363s] running egg_info
[1.378s] writing task_1.egg-info/PKG-INFO
[1.378s] writing dependency_links to task_1.egg-info/dependency_links.txt
[1.378s] writing entry points to task_1.egg-info/entry_points.txt
[1.379s] writing requirements to task_1.egg-info/requires.txt
[1.379s] writing top-level names to task_1.egg-info/top_level.txt
[1.410s] reading manifest file 'task_1.egg-info/SOURCES.txt'
[1.411s] writing manifest file 'task_1.egg-info/SOURCES.txt'
[1.427s] running build_ext
[1.427s] Creating /home/lucifer/ros2_ws/install/task_1/lib/python3.10/site-packages/task-1.egg-link (link to .)
[1.428s] Installing listener script to /home/lucifer/ros2_ws/install/task_1/lib/task_1
[1.428s] Installing talker script to /home/lucifer/ros2_ws/install/task_1/lib/task_1
[1.428s] 
[1.428s] Installed /home/lucifer/ros2_ws/build/task_1
[1.428s] running symlink_data
[1.429s] symbolically linking /home/lucifer/ros2_ws/build/task_1/resource/task_1 -> /home/lucifer/ros2_ws/install/task_1/share/ament_index/resource_index/packages
[1.429s] symbolically linking /home/lucifer/ros2_ws/build/task_1/package.xml -> /home/lucifer/ros2_ws/install/task_1/share/task_1
[1.469s] Invoked command in '/home/lucifer/ros2_ws/build/task_1' returned '0': PYTHONPATH=/home/lucifer/ros2_ws/build/task_1/prefix_override:/usr/lib/python3/dist-packages/colcon_core/task/python/colcon_distutils_commands:/home/lucifer/ros2_ws/install/task_1/lib/python3.10/site-packages:${PYTHONPATH} /usr/bin/python3 -W ignore:setup.py install is deprecated setup.py develop --editable --build-directory /home/lucifer/ros2_ws/build/task_1/build --no-deps symlink_data --force
