[6.304s] Invoking command in '/home/lucifer/ros2_ws/src/task_1': PYTHONPATH=/home/lucifer/ros2_ws/build/task_1/prefix_override:/usr/lib/python3/dist-packages/colcon_core/task/python/colcon_distutils_commands:/home/lucifer/ros2_ws/install/task_1/lib/python3.10/site-packages:${PYTHONPATH} /usr/bin/python3 -W ignore:setup.py install is deprecated setup.py egg_info --egg-base ../../build/task_1 build --build-base /home/lucifer/ros2_ws/build/task_1/build install --record /home/lucifer/ros2_ws/build/task_1/install.log --single-version-externally-managed install_data
[6.683s] running egg_info
[6.709s] writing ../../build/task_1/task_1.egg-info/PKG-INFO
[6.731s] writing dependency_links to ../../build/task_1/task_1.egg-info/dependency_links.txt
[6.732s] writing entry points to ../../build/task_1/task_1.egg-info/entry_points.txt
[6.732s] writing requirements to ../../build/task_1/task_1.egg-info/requires.txt
[6.732s] writing top-level names to ../../build/task_1/task_1.egg-info/top_level.txt
[6.788s] reading manifest file '../../build/task_1/task_1.egg-info/SOURCES.txt'
[6.789s] adding license file 'LICENSE'
[6.790s] writing manifest file '../../build/task_1/task_1.egg-info/SOURCES.txt'
[6.790s] running build
[6.790s] running build_py
[6.790s] copying task_1/publisher_member_function.py -> /home/lucifer/ros2_ws/build/task_1/build/lib/task_1
[6.791s] copying task_1/subscriber_member_function.py -> /home/lucifer/ros2_ws/build/task_1/build/lib/task_1
[6.791s] copying task_1/__init__.py -> /home/lucifer/ros2_ws/build/task_1/build/lib/task_1
[6.791s] running install
[6.799s] running install_lib
[7.035s] running install_data
[7.035s] copying resource/task_1 -> /home/lucifer/ros2_ws/install/task_1/share/ament_index/resource_index/packages
[7.062s] copying package.xml -> /home/lucifer/ros2_ws/install/task_1/share/task_1
[7.065s] copying launch/pub_sub_launch.py -> /home/lucifer/ros2_ws/install/task_1/share/task_1
[7.065s] running install_egg_info
[7.093s] removing '/home/lucifer/ros2_ws/install/task_1/lib/python3.10/site-packages/task_1-0.0.0-py3.10.egg-info' (and everything under it)
[7.093s] Copying ../../build/task_1/task_1.egg-info to /home/lucifer/ros2_ws/install/task_1/lib/python3.10/site-packages/task_1-0.0.0-py3.10.egg-info
[7.315s] running install_scripts
[7.537s] Installing listener script to /home/lucifer/ros2_ws/install/task_1/lib/task_1
[7.537s] Installing talker script to /home/lucifer/ros2_ws/install/task_1/lib/task_1
[7.537s] writing list of installed files to '/home/lucifer/ros2_ws/build/task_1/install.log'
[7.579s] Invoked command in '/home/lucifer/ros2_ws/src/task_1' returned '0': PYTHONPATH=/home/lucifer/ros2_ws/build/task_1/prefix_override:/usr/lib/python3/dist-packages/colcon_core/task/python/colcon_distutils_commands:/home/lucifer/ros2_ws/install/task_1/lib/python3.10/site-packages:${PYTHONPATH} /usr/bin/python3 -W ignore:setup.py install is deprecated setup.py egg_info --egg-base ../../build/task_1 build --build-base /home/lucifer/ros2_ws/build/task_1/build install --record /home/lucifer/ros2_ws/build/task_1/install.log --single-version-externally-managed install_data
