[4.354s] Invoking command in '/home/lucifer/ros2_ws/src/task_2': PYTHONPATH=/home/lucifer/ros2_ws/build/task_2/prefix_override:/usr/lib/python3/dist-packages/colcon_core/task/python/colcon_distutils_commands:/home/lucifer/ros2_ws/install/task_2/lib/python3.10/site-packages:${PYTHONPATH} /usr/bin/python3 -W ignore:setup.py install is deprecated setup.py egg_info --egg-base ../../build/task_2 build --build-base /home/lucifer/ros2_ws/build/task_2/build install --record /home/lucifer/ros2_ws/build/task_2/install.log --single-version-externally-managed install_data
[4.723s] running egg_info
[4.724s] creating ../../build/task_2/task_2.egg-info
[4.749s] writing ../../build/task_2/task_2.egg-info/PKG-INFO
[4.749s] writing dependency_links to ../../build/task_2/task_2.egg-info/dependency_links.txt
[4.749s] writing entry points to ../../build/task_2/task_2.egg-info/entry_points.txt
[4.750s] writing requirements to ../../build/task_2/task_2.egg-info/requires.txt
[4.750s] writing top-level names to ../../build/task_2/task_2.egg-info/top_level.txt
[4.750s] writing manifest file '../../build/task_2/task_2.egg-info/SOURCES.txt'
[4.799s] reading manifest file '../../build/task_2/task_2.egg-info/SOURCES.txt'
[4.800s] writing manifest file '../../build/task_2/task_2.egg-info/SOURCES.txt'
[4.801s] running build
[4.801s] running build_py
[4.801s] creating /home/lucifer/ros2_ws/build/task_2/build
[4.802s] creating /home/lucifer/ros2_ws/build/task_2/build/lib
[4.802s] creating /home/lucifer/ros2_ws/build/task_2/build/lib/task_2
[4.802s] copying task_2/publisher.py -> /home/lucifer/ros2_ws/build/task_2/build/lib/task_2
[4.802s] copying task_2/subscriber.py -> /home/lucifer/ros2_ws/build/task_2/build/lib/task_2
[4.802s] copying task_2/client.py -> /home/lucifer/ros2_ws/build/task_2/build/lib/task_2
[4.802s] copying task_2/service.py -> /home/lucifer/ros2_ws/build/task_2/build/lib/task_2
[4.803s] copying task_2/__init__.py -> /home/lucifer/ros2_ws/build/task_2/build/lib/task_2
[4.803s] running install
[4.811s] running install_lib
[4.836s] creating /home/lucifer/ros2_ws/install/task_2/lib/python3.10/site-packages/task_2
[4.836s] copying /home/lucifer/ros2_ws/build/task_2/build/lib/task_2/publisher.py -> /home/lucifer/ros2_ws/install/task_2/lib/python3.10/site-packages/task_2
[4.836s] copying /home/lucifer/ros2_ws/build/task_2/build/lib/task_2/subscriber.py -> /home/lucifer/ros2_ws/install/task_2/lib/python3.10/site-packages/task_2
[4.836s] copying /home/lucifer/ros2_ws/build/task_2/build/lib/task_2/client.py -> /home/lucifer/ros2_ws/install/task_2/lib/python3.10/site-packages/task_2
[4.837s] copying /home/lucifer/ros2_ws/build/task_2/build/lib/task_2/service.py -> /home/lucifer/ros2_ws/install/task_2/lib/python3.10/site-packages/task_2
[4.837s] copying /home/lucifer/ros2_ws/build/task_2/build/lib/task_2/__init__.py -> /home/lucifer/ros2_ws/install/task_2/lib/python3.10/site-packages/task_2
[4.837s] byte-compiling /home/lucifer/ros2_ws/install/task_2/lib/python3.10/site-packages/task_2/publisher.py to publisher.cpython-310.pyc
[4.838s] byte-compiling /home/lucifer/ros2_ws/install/task_2/lib/python3.10/site-packages/task_2/subscriber.py to subscriber.cpython-310.pyc
[4.838s] byte-compiling /home/lucifer/ros2_ws/install/task_2/lib/python3.10/site-packages/task_2/client.py to client.cpython-310.pyc
[4.839s] /home/lucifer/ros2_ws/install/task_2/lib/python3.10/site-packages/task_2/client.py:28: SyntaxWarning: 'str' object is not callable; perhaps you missed a comma?
[4.840s]   mini_client.get_logger().info('Result of CheckSum is' (response.Valid))
[4.840s] byte-compiling /home/lucifer/ros2_ws/install/task_2/lib/python3.10/site-packages/task_2/service.py to service.cpython-310.pyc
[4.840s] byte-compiling /home/lucifer/ros2_ws/install/task_2/lib/python3.10/site-packages/task_2/__init__.py to __init__.cpython-310.pyc
[4.841s] running install_data
[4.841s] creating /home/lucifer/ros2_ws/install/task_2/share/ament_index
[4.841s] creating /home/lucifer/ros2_ws/install/task_2/share/ament_index/resource_index
[4.841s] creating /home/lucifer/ros2_ws/install/task_2/share/ament_index/resource_index/packages
[4.842s] copying resource/task_2 -> /home/lucifer/ros2_ws/install/task_2/share/ament_index/resource_index/packages
[4.842s] copying package.xml -> /home/lucifer/ros2_ws/install/task_2/share/task_2
[4.842s] running install_egg_info
[4.868s] Copying ../../build/task_2/task_2.egg-info to /home/lucifer/ros2_ws/install/task_2/lib/python3.10/site-packages/task_2-0.0.0-py3.10.egg-info
[4.870s] running install_scripts
[5.090s] Installing client script to /home/lucifer/ros2_ws/install/task_2/lib/task_2
[5.090s] Installing service script to /home/lucifer/ros2_ws/install/task_2/lib/task_2
[5.090s] writing list of installed files to '/home/lucifer/ros2_ws/build/task_2/install.log'
[5.158s] Invoked command in '/home/lucifer/ros2_ws/src/task_2' returned '0': PYTHONPATH=/home/lucifer/ros2_ws/build/task_2/prefix_override:/usr/lib/python3/dist-packages/colcon_core/task/python/colcon_distutils_commands:/home/lucifer/ros2_ws/install/task_2/lib/python3.10/site-packages:${PYTHONPATH} /usr/bin/python3 -W ignore:setup.py install is deprecated setup.py egg_info --egg-base ../../build/task_2 build --build-base /home/lucifer/ros2_ws/build/task_2/build install --record /home/lucifer/ros2_ws/build/task_2/install.log --single-version-externally-managed install_data
