[0.027s] Invoking command in '/home/lucifer/ros2_ws/build/task_2_interface': CMAKE_PREFIX_PATH=${CMAKE_PREFIX_PATH}:/home/lucifer/ros2_ws/install/task_2:/home/lucifer/ros2_ws/install/task_1:/opt/ros/humble /usr/bin/cmake --build /home/lucifer/ros2_ws/build/task_2_interface -- -j12 -l12
[0.374s] Invoked command in '/home/lucifer/ros2_ws/build/task_2_interface' returned '0': CMAKE_PREFIX_PATH=${CMAKE_PREFIX_PATH}:/home/lucifer/ros2_ws/install/task_2:/home/lucifer/ros2_ws/install/task_1:/opt/ros/humble /usr/bin/cmake --build /home/lucifer/ros2_ws/build/task_2_interface -- -j12 -l12
[0.468s] Invoking command in '/home/lucifer/ros2_ws/build/task_2_interface': CMAKE_PREFIX_PATH=${CMAKE_PREFIX_PATH}:/home/lucifer/ros2_ws/install/task_2:/home/lucifer/ros2_ws/install/task_1:/opt/ros/humble /usr/bin/cmake --install /home/lucifer/ros2_ws/build/task_2_interface
[0.488s] -- Install configuration: ""
[0.488s] -- Execute custom install script
[0.488s] -- Up-to-date symlink: /home/lucifer/ros2_ws/install/task_2_interface/share/ament_index/resource_index/package_run_dependencies/task_2_interface
[0.488s] -- Up-to-date symlink: /home/lucifer/ros2_ws/install/task_2_interface/share/ament_index/resource_index/parent_prefix_path/task_2_interface
[0.488s] -- Up-to-date symlink: /home/lucifer/ros2_ws/install/task_2_interface/share/task_2_interface/environment/ament_prefix_path.sh
[0.489s] -- Up-to-date symlink: /home/lucifer/ros2_ws/install/task_2_interface/share/task_2_interface/environment/ament_prefix_path.dsv
[0.489s] -- Up-to-date symlink: /home/lucifer/ros2_ws/install/task_2_interface/share/task_2_interface/environment/path.sh
[0.489s] -- Up-to-date symlink: /home/lucifer/ros2_ws/install/task_2_interface/share/task_2_interface/environment/path.dsv
[0.489s] -- Up-to-date symlink: /home/lucifer/ros2_ws/install/task_2_interface/share/task_2_interface/local_setup.bash
[0.490s] -- Up-to-date symlink: /home/lucifer/ros2_ws/install/task_2_interface/share/task_2_interface/local_setup.sh
[0.490s] -- Up-to-date symlink: /home/lucifer/ros2_ws/install/task_2_interface/share/task_2_interface/local_setup.zsh
[0.490s] -- Up-to-date symlink: /home/lucifer/ros2_ws/install/task_2_interface/share/task_2_interface/local_setup.dsv
[0.490s] -- Symlinking: /home/lucifer/ros2_ws/install/task_2_interface/share/task_2_interface/package.dsv
[0.515s] -- Up-to-date symlink: /home/lucifer/ros2_ws/install/task_2_interface/share/ament_index/resource_index/packages/task_2_interface
[0.515s] -- Up-to-date symlink: /home/lucifer/ros2_ws/install/task_2_interface/share/task_2_interface/cmake/task_2_interfaceConfig.cmake
[0.516s] -- Up-to-date symlink: /home/lucifer/ros2_ws/install/task_2_interface/share/task_2_interface/cmake/task_2_interfaceConfig-version.cmake
[0.516s] -- Up-to-date symlink: /home/lucifer/ros2_ws/install/task_2_interface/share/task_2_interface/package.xml
[0.522s] Invoked command in '/home/lucifer/ros2_ws/build/task_2_interface' returned '0': CMAKE_PREFIX_PATH=${CMAKE_PREFIX_PATH}:/home/lucifer/ros2_ws/install/task_2:/home/lucifer/ros2_ws/install/task_1:/opt/ros/humble /usr/bin/cmake --install /home/lucifer/ros2_ws/build/task_2_interface
